<?xml version="1.0" encoding="UTF-8"?>
<coverage generated="1761238607656" clover="3.2.0">
  <project timestamp="1761238607656" name="All files">
    <metrics statements="2580" coveredstatements="0" conditionals="3834" coveredconditionals="0" methods="515" coveredmethods="0" elements="6929" coveredelements="0" complexity="0" loc="2580" ncloc="2580" packages="1" files="18" classes="18"/>
    <file name="auth.controller.js" path="/Users/surakshanigade/Downloads/FayaazTravelsmain/FTnewproj/FT (1)/FT/backend/controllers/auth.controller.js">
      <metrics statements="40" coveredstatements="0" conditionals="23" coveredconditionals="0" methods="5" coveredmethods="0"/>
      <line num="1" count="0" type="stmt"/>
      <line num="2" count="0" type="stmt"/>
      <line num="3" count="0" type="stmt"/>
      <line num="5" count="0" type="cond" truecount="0" falsecount="2"/>
      <line num="6" count="0" type="stmt"/>
      <line num="8" count="0" type="stmt"/>
      <line num="9" count="0" type="stmt"/>
      <line num="11" count="0" type="cond" truecount="0" falsecount="5"/>
      <line num="12" count="0" type="stmt"/>
      <line num="16" count="0" type="stmt"/>
      <line num="17" count="0" type="cond" truecount="0" falsecount="2"/>
      <line num="18" count="0" type="stmt"/>
      <line num="21" count="0" type="cond" truecount="0" falsecount="2"/>
      <line num="22" count="0" type="stmt"/>
      <line num="25" count="0" type="stmt"/>
      <line num="27" count="0" type="stmt"/>
      <line num="30" count="0" type="stmt"/>
      <line num="31" count="0" type="stmt"/>
      <line num="32" count="0" type="cond" truecount="0" falsecount="2"/>
      <line num="33" count="0" type="stmt"/>
      <line num="37" count="0" type="stmt"/>
      <line num="39" count="0" type="stmt"/>
      <line num="45" count="0" type="stmt"/>
      <line num="50" count="0" type="stmt"/>
      <line num="51" count="0" type="stmt"/>
      <line num="53" count="0" type="cond" truecount="0" falsecount="4"/>
      <line num="54" count="0" type="stmt"/>
      <line num="57" count="0" type="stmt"/>
      <line num="58" count="0" type="cond" truecount="0" falsecount="2"/>
      <line num="59" count="0" type="stmt"/>
      <line num="62" count="0" type="cond" truecount="0" falsecount="2"/>
      <line num="63" count="0" type="stmt"/>
      <line num="66" count="0" type="stmt"/>
      <line num="68" count="0" type="stmt"/>
      <line num="69" count="0" type="stmt"/>
      <line num="71" count="0" type="cond" truecount="0" falsecount="2"/>
      <line num="72" count="0" type="stmt"/>
      <line num="76" count="0" type="stmt"/>
      <line num="78" count="0" type="stmt"/>
      <line num="83" count="0" type="stmt"/>
    </file>
    <file name="booking.controller.js" path="/Users/surakshanigade/Downloads/FayaazTravelsmain/FTnewproj/FT (1)/FT/backend/controllers/booking.controller.js">
      <metrics statements="93" coveredstatements="0" conditionals="92" coveredconditionals="0" methods="18" coveredmethods="0"/>
      <line num="2" count="0" type="stmt"/>
      <line num="4" count="0" type="stmt"/>
      <line num="6" count="0" type="stmt"/>
      <line num="8" count="0" type="cond" truecount="0" falsecount="4"/>
      <line num="9" count="0" type="stmt"/>
      <line num="16" count="0" type="stmt"/>
      <line num="17" count="0" type="stmt"/>
      <line num="19" count="0" type="cond" truecount="0" falsecount="4"/>
      <line num="20" count="0" type="stmt"/>
      <line num="21" count="0" type="stmt"/>
      <line num="22" count="0" type="cond" truecount="0" falsecount="2"/>
      <line num="23" count="0" type="stmt"/>
      <line num="24" count="0" type="stmt"/>
      <line num="27" count="0" type="stmt"/>
      <line num="34" count="0" type="stmt"/>
      <line num="60" count="0" type="stmt"/>
      <line num="61" count="0" type="cond" truecount="0" falsecount="2"/>
      <line num="62" count="0" type="stmt"/>
      <line num="63" count="0" type="stmt"/>
      <line num="70" count="0" type="stmt"/>
      <line num="77" count="0" type="stmt"/>
      <line num="86" count="0" type="stmt"/>
      <line num="87" count="0" type="cond" truecount="0" falsecount="2"/>
      <line num="90" count="0" type="cond" truecount="0" falsecount="4"/>
      <line num="91" count="0" type="stmt"/>
      <line num="97" count="0" type="stmt"/>
      <line num="98" count="0" type="stmt"/>
      <line num="101" count="0" type="cond" truecount="0" falsecount="4"/>
      <line num="102" count="0" type="stmt"/>
      <line num="103" count="0" type="stmt"/>
      <line num="104" count="0" type="cond" truecount="0" falsecount="2"/>
      <line num="105" count="0" type="stmt"/>
      <line num="106" count="0" type="stmt"/>
      <line num="109" count="0" type="stmt"/>
      <line num="116" count="0" type="cond" truecount="0" falsecount="4"/>
      <line num="117" count="0" type="stmt"/>
      <line num="118" count="0" type="stmt"/>
      <line num="119" count="0" type="cond" truecount="0" falsecount="2"/>
      <line num="123" count="0" type="cond" truecount="0" falsecount="2"/>
      <line num="124" count="0" type="stmt"/>
      <line num="125" count="0" type="stmt"/>
      <line num="126" count="0" type="stmt"/>
      <line num="129" count="0" type="stmt"/>
      <line num="158" count="0" type="stmt"/>
      <line num="161" count="0" type="stmt"/>
      <line num="169" count="0" type="stmt"/>
      <line num="170" count="0" type="cond" truecount="0" falsecount="2"/>
      <line num="171" count="0" type="stmt"/>
      <line num="172" count="0" type="stmt"/>
      <line num="178" count="0" type="stmt"/>
      <line num="181" count="0" type="stmt"/>
      <line num="182" count="0" type="cond" truecount="0" falsecount="2"/>
      <line num="183" count="0" type="stmt"/>
      <line num="184" count="0" type="stmt"/>
      <line num="191" count="0" type="stmt"/>
      <line num="197" count="0" type="stmt"/>
      <line num="209" count="0" type="stmt"/>
      <line num="210" count="0" type="stmt"/>
      <line num="211" count="0" type="cond" truecount="0" falsecount="2"/>
      <line num="212" count="0" type="cond" truecount="0" falsecount="2"/>
      <line num="213" count="0" type="stmt"/>
      <line num="217" count="0" type="stmt"/>
      <line num="229" count="0" type="stmt"/>
      <line num="232" count="0" type="cond" truecount="0" falsecount="7"/>
      <line num="233" count="0" type="stmt"/>
      <line num="239" count="0" type="stmt"/>
      <line num="240" count="0" type="cond" truecount="0" falsecount="2"/>
      <line num="241" count="0" type="cond" truecount="0" falsecount="2"/>
      <line num="244" count="0" type="stmt"/>
      <line num="245" count="0" type="stmt"/>
      <line num="247" count="0" type="stmt"/>
      <line num="248" count="0" type="cond" truecount="0" falsecount="4"/>
      <line num="249" count="0" type="stmt"/>
      <line num="251" count="0" type="cond" truecount="0" falsecount="4"/>
      <line num="252" count="0" type="stmt"/>
      <line num="255" count="0" type="stmt"/>
      <line num="259" count="0" type="cond" truecount="0" falsecount="3"/>
      <line num="260" count="0" type="cond" truecount="0" falsecount="2"/>
      <line num="261" count="0" type="cond" truecount="0" falsecount="2"/>
      <line num="264" count="0" type="stmt"/>
      <line num="296" count="0" type="stmt"/>
      <line num="297" count="0" type="cond" truecount="0" falsecount="2"/>
      <line num="298" count="0" type="stmt"/>
      <line num="299" count="0" type="stmt"/>
      <line num="302" count="0" type="stmt"/>
      <line num="310" count="0" type="stmt"/>
      <line num="311" count="0" type="stmt"/>
      <line num="312" count="0" type="cond" truecount="0" falsecount="2"/>
      <line num="313" count="0" type="stmt"/>
      <line num="317" count="0" type="stmt"/>
      <line num="318" count="0" type="stmt"/>
      <line num="319" count="0" type="cond" truecount="0" falsecount="2"/>
      <line num="320" count="0" type="stmt"/>
    </file>
    <file name="bookingDetails.controller.js" path="/Users/surakshanigade/Downloads/FayaazTravelsmain/FTnewproj/FT (1)/FT/backend/controllers/bookingDetails.controller.js">
      <metrics statements="22" coveredstatements="0" conditionals="12" coveredconditionals="0" methods="10" coveredmethods="0"/>
      <line num="1" count="0" type="stmt"/>
      <line num="2" count="0" type="stmt"/>
      <line num="3" count="0" type="stmt"/>
      <line num="4" count="0" type="cond" truecount="0" falsecount="2"/>
      <line num="5" count="0" type="stmt"/>
      <line num="8" count="0" type="stmt"/>
      <line num="9" count="0" type="stmt"/>
      <line num="10" count="0" type="cond" truecount="0" falsecount="2"/>
      <line num="11" count="0" type="cond" truecount="0" falsecount="2"/>
      <line num="12" count="0" type="stmt"/>
      <line num="15" count="0" type="stmt"/>
      <line num="16" count="0" type="stmt"/>
      <line num="17" count="0" type="cond" truecount="0" falsecount="2"/>
      <line num="18" count="0" type="stmt"/>
      <line num="21" count="0" type="stmt"/>
      <line num="22" count="0" type="stmt"/>
      <line num="23" count="0" type="cond" truecount="0" falsecount="2"/>
      <line num="24" count="0" type="stmt"/>
      <line num="27" count="0" type="stmt"/>
      <line num="28" count="0" type="stmt"/>
      <line num="29" count="0" type="cond" truecount="0" falsecount="2"/>
      <line num="30" count="0" type="stmt"/>
    </file>
    <file name="bookingRooms.controller.js" path="/Users/surakshanigade/Downloads/FayaazTravelsmain/FTnewproj/FT (1)/FT/backend/controllers/bookingRooms.controller.js">
      <metrics statements="22" coveredstatements="0" conditionals="12" coveredconditionals="0" methods="10" coveredmethods="0"/>
      <line num="1" count="0" type="stmt"/>
      <line num="2" count="0" type="stmt"/>
      <line num="3" count="0" type="stmt"/>
      <line num="4" count="0" type="cond" truecount="0" falsecount="2"/>
      <line num="5" count="0" type="stmt"/>
      <line num="8" count="0" type="stmt"/>
      <line num="9" count="0" type="stmt"/>
      <line num="10" count="0" type="cond" truecount="0" falsecount="2"/>
      <line num="11" count="0" type="cond" truecount="0" falsecount="2"/>
      <line num="12" count="0" type="stmt"/>
      <line num="15" count="0" type="stmt"/>
      <line num="16" count="0" type="stmt"/>
      <line num="17" count="0" type="cond" truecount="0" falsecount="2"/>
      <line num="18" count="0" type="stmt"/>
      <line num="21" count="0" type="stmt"/>
      <line num="22" count="0" type="stmt"/>
      <line num="23" count="0" type="cond" truecount="0" falsecount="2"/>
      <line num="24" count="0" type="stmt"/>
      <line num="27" count="0" type="stmt"/>
      <line num="28" count="0" type="stmt"/>
      <line num="29" count="0" type="cond" truecount="0" falsecount="2"/>
      <line num="30" count="0" type="stmt"/>
    </file>
    <file name="categories.controller.js" path="/Users/surakshanigade/Downloads/FayaazTravelsmain/FTnewproj/FT (1)/FT/backend/controllers/categories.controller.js">
      <metrics statements="22" coveredstatements="0" conditionals="12" coveredconditionals="0" methods="10" coveredmethods="0"/>
      <line num="1" count="0" type="stmt"/>
      <line num="2" count="0" type="stmt"/>
      <line num="3" count="0" type="stmt"/>
      <line num="4" count="0" type="cond" truecount="0" falsecount="2"/>
      <line num="5" count="0" type="stmt"/>
      <line num="8" count="0" type="stmt"/>
      <line num="9" count="0" type="stmt"/>
      <line num="10" count="0" type="cond" truecount="0" falsecount="2"/>
      <line num="11" count="0" type="cond" truecount="0" falsecount="2"/>
      <line num="12" count="0" type="stmt"/>
      <line num="15" count="0" type="stmt"/>
      <line num="16" count="0" type="stmt"/>
      <line num="17" count="0" type="cond" truecount="0" falsecount="2"/>
      <line num="18" count="0" type="stmt"/>
      <line num="21" count="0" type="stmt"/>
      <line num="22" count="0" type="stmt"/>
      <line num="23" count="0" type="cond" truecount="0" falsecount="2"/>
      <line num="24" count="0" type="stmt"/>
      <line num="27" count="0" type="stmt"/>
      <line num="28" count="0" type="stmt"/>
      <line num="29" count="0" type="cond" truecount="0" falsecount="2"/>
      <line num="30" count="0" type="stmt"/>
    </file>
    <file name="cities.controller.js" path="/Users/surakshanigade/Downloads/FayaazTravelsmain/FTnewproj/FT (1)/FT/backend/controllers/cities.controller.js">
      <metrics statements="25" coveredstatements="0" conditionals="12" coveredconditionals="0" methods="11" coveredmethods="0"/>
      <line num="1" count="0" type="stmt"/>
      <line num="2" count="0" type="stmt"/>
      <line num="3" count="0" type="stmt"/>
      <line num="4" count="0" type="cond" truecount="0" falsecount="2"/>
      <line num="5" count="0" type="stmt"/>
      <line num="9" count="0" type="stmt"/>
      <line num="11" count="0" type="stmt"/>
      <line num="21" count="0" type="stmt"/>
      <line num="23" count="0" type="stmt"/>
      <line num="24" count="0" type="stmt"/>
      <line num="25" count="0" type="cond" truecount="0" falsecount="2"/>
      <line num="26" count="0" type="cond" truecount="0" falsecount="2"/>
      <line num="27" count="0" type="stmt"/>
      <line num="30" count="0" type="stmt"/>
      <line num="31" count="0" type="stmt"/>
      <line num="32" count="0" type="cond" truecount="0" falsecount="2"/>
      <line num="33" count="0" type="stmt"/>
      <line num="36" count="0" type="stmt"/>
      <line num="37" count="0" type="stmt"/>
      <line num="38" count="0" type="cond" truecount="0" falsecount="2"/>
      <line num="39" count="0" type="stmt"/>
      <line num="42" count="0" type="stmt"/>
      <line num="43" count="0" type="stmt"/>
      <line num="44" count="0" type="cond" truecount="0" falsecount="2"/>
      <line num="45" count="0" type="stmt"/>
    </file>
    <file name="corporateEnquiry.controller.js" path="/Users/surakshanigade/Downloads/FayaazTravelsmain/FTnewproj/FT (1)/FT/backend/controllers/corporateEnquiry.controller.js">
      <metrics statements="16" coveredstatements="0" conditionals="16" coveredconditionals="0" methods="2" coveredmethods="0"/>
      <line num="2" count="0" type="stmt"/>
      <line num="3" count="0" type="stmt"/>
      <line num="6" count="0" type="stmt"/>
      <line num="15" count="0" type="stmt"/>
      <line num="18" count="0" type="cond" truecount="0" falsecount="6"/>
      <line num="19" count="0" type="stmt"/>
      <line num="24" count="0" type="stmt"/>
      <line num="37" count="0" type="stmt"/>
      <line num="38" count="0" type="cond" truecount="0" falsecount="2"/>
      <line num="39" count="0" type="stmt"/>
      <line num="40" count="0" type="stmt"/>
      <line num="44" count="0" type="stmt"/>
      <line num="45" count="0" type="stmt"/>
      <line num="46" count="0" type="stmt"/>
      <line num="48" count="0" type="stmt"/>
      <line num="52" count="0" type="stmt"/>
    </file>
    <file name="deals.controller.js" path="/Users/surakshanigade/Downloads/FayaazTravelsmain/FTnewproj/FT (1)/FT/backend/controllers/deals.controller.js">
      <metrics statements="19" coveredstatements="0" conditionals="18" coveredconditionals="0" methods="6" coveredmethods="0"/>
      <line num="2" count="0" type="stmt"/>
      <line num="5" count="0" type="stmt"/>
      <line num="268" count="0" type="stmt"/>
      <line num="270" count="0" type="stmt"/>
      <line num="271" count="0" type="cond" truecount="0" falsecount="4"/>
      <line num="272" count="0" type="cond" truecount="0" falsecount="4"/>
      <line num="273" count="0" type="cond" truecount="0" falsecount="4"/>
      <line num="274" count="0" type="cond" truecount="0" falsecount="4"/>
      <line num="275" count="0" type="stmt"/>
      <line num="278" count="0" type="stmt"/>
      <line num="285" count="0" type="stmt"/>
      <line num="287" count="0" type="stmt"/>
      <line num="289" count="0" type="stmt"/>
      <line num="296" count="0" type="stmt"/>
      <line num="297" count="0" type="stmt"/>
      <line num="298" count="0" type="stmt"/>
      <line num="300" count="0" type="cond" truecount="0" falsecount="2"/>
      <line num="301" count="0" type="stmt"/>
      <line num="306" count="0" type="stmt"/>
    </file>
    <file name="destinations.controller.js" path="/Users/surakshanigade/Downloads/FayaazTravelsmain/FTnewproj/FT (1)/FT/backend/controllers/destinations.controller.js">
      <metrics statements="1860" coveredstatements="0" conditionals="3257" coveredconditionals="0" methods="388" coveredmethods="0"/>
      <line num="2" count="0" type="stmt"/>
      <line num="5" count="0" type="stmt"/>
      <line num="6" count="0" type="cond" truecount="0" falsecount="4"/>
      <line num="7" count="0" type="stmt"/>
      <line num="10" count="0" type="stmt"/>
      <line num="11" count="0" type="stmt"/>
      <line num="13" count="0" type="stmt"/>
      <line num="14" count="0" type="stmt"/>
      <line num="19" count="0" type="stmt"/>
      <line num="20" count="0" type="cond" truecount="0" falsecount="5"/>
      <line num="21" count="0" type="stmt"/>
      <line num="22" count="0" type="cond" truecount="0" falsecount="2"/>
      <line num="26" count="0" type="cond" truecount="0" falsecount="4"/>
      <line num="27" count="0" type="cond" truecount="0" falsecount="4"/>
      <line num="28" count="0" type="cond" truecount="0" falsecount="4"/>
      <line num="32" count="0" type="cond" truecount="0" falsecount="2"/>
      <line num="33" count="0" type="stmt"/>
      <line num="34" count="0" type="cond" truecount="0" falsecount="4"/>
      <line num="37" count="0" type="cond" truecount="0" falsecount="2"/>
      <line num="38" count="0" type="cond" truecount="0" falsecount="2"/>
      <line num="39" count="0" type="stmt"/>
      <line num="40" count="0" type="stmt"/>
      <line num="44" count="0" type="stmt"/>
      <line num="54" count="0" type="stmt"/>
      <line num="55" count="0" type="cond" truecount="0" falsecount="2"/>
      <line num="56" count="0" type="stmt"/>
      <line num="63" count="0" type="stmt"/>
      <line num="64" count="0" type="stmt"/>
      <line num="65" count="0" type="cond" truecount="0" falsecount="2"/>
      <line num="66" count="0" type="stmt"/>
      <line num="70" count="0" type="stmt"/>
      <line num="71" count="0" type="stmt"/>
      <line num="72" count="0" type="cond" truecount="0" falsecount="2"/>
      <line num="73" count="0" type="cond" truecount="0" falsecount="2"/>
      <line num="74" count="0" type="stmt"/>
      <line num="78" count="0" type="stmt"/>
      <line num="79" count="0" type="stmt"/>
      <line num="80" count="0" type="cond" truecount="0" falsecount="2"/>
      <line num="81" count="0" type="cond" truecount="0" falsecount="2"/>
      <line num="82" count="0" type="stmt"/>
      <line num="87" count="0" type="stmt"/>
      <line num="88" count="0" type="stmt"/>
      <line num="91" count="0" type="stmt"/>
      <line num="92" count="0" type="cond" truecount="0" falsecount="2"/>
      <line num="93" count="0" type="cond" truecount="0" falsecount="2"/>
      <line num="95" count="0" type="stmt"/>
      <line num="99" count="0" type="stmt"/>
      <line num="106" count="0" type="stmt"/>
      <line num="108" count="0" type="stmt"/>
      <line num="109" count="0" type="cond" truecount="0" falsecount="2"/>
      <line num="111" count="0" type="stmt"/>
      <line num="120" count="0" type="stmt"/>
      <line num="122" count="0" type="stmt"/>
      <line num="134" count="0" type="stmt"/>
      <line num="135" count="0" type="cond" truecount="0" falsecount="2"/>
      <line num="136" count="0" type="stmt"/>
      <line num="141" count="0" type="stmt"/>
      <line num="142" count="0" type="stmt"/>
      <line num="150" count="0" type="stmt"/>
      <line num="151" count="0" type="cond" truecount="0" falsecount="2"/>
      <line num="152" count="0" type="stmt"/>
      <line num="153" count="0" type="stmt"/>
      <line num="155" count="0" type="cond" truecount="0" falsecount="4"/>
      <line num="156" count="0" type="stmt"/>
      <line num="158" count="0" type="stmt"/>
      <line num="159" count="0" type="cond" truecount="0" falsecount="5"/>
      <line num="160" count="0" type="cond" truecount="0" falsecount="5"/>
      <line num="162" count="0" type="cond" truecount="0" falsecount="2"/>
      <line num="163" count="0" type="stmt"/>
      <line num="164" count="0" type="cond" truecount="0" falsecount="4"/>
      <line num="166" count="0" type="cond" truecount="0" falsecount="2"/>
      <line num="167" count="0" type="cond" truecount="0" falsecount="2"/>
      <line num="168" count="0" type="stmt"/>
      <line num="169" count="0" type="stmt"/>
      <line num="171" count="0" type="stmt"/>
      <line num="181" count="0" type="stmt"/>
      <line num="186" count="0" type="stmt"/>
      <line num="187" count="0" type="stmt"/>
      <line num="195" count="0" type="stmt"/>
      <line num="196" count="0" type="cond" truecount="0" falsecount="2"/>
      <line num="197" count="0" type="stmt"/>
      <line num="198" count="0" type="stmt"/>
      <line num="200" count="0" type="cond" truecount="0" falsecount="4"/>
      <line num="201" count="0" type="stmt"/>
      <line num="203" count="0" type="stmt"/>
      <line num="204" count="0" type="cond" truecount="0" falsecount="5"/>
      <line num="205" count="0" type="cond" truecount="0" falsecount="5"/>
      <line num="207" count="0" type="cond" truecount="0" falsecount="2"/>
      <line num="208" count="0" type="stmt"/>
      <line num="209" count="0" type="cond" truecount="0" falsecount="4"/>
      <line num="211" count="0" type="cond" truecount="0" falsecount="2"/>
      <line num="212" count="0" type="cond" truecount="0" falsecount="2"/>
      <line num="213" count="0" type="stmt"/>
      <line num="214" count="0" type="stmt"/>
      <line num="216" count="0" type="stmt"/>
      <line num="226" count="0" type="stmt"/>
      <line num="231" count="0" type="stmt"/>
      <line num="232" count="0" type="stmt"/>
      <line num="240" count="0" type="stmt"/>
      <line num="241" count="0" type="cond" truecount="0" falsecount="2"/>
      <line num="242" count="0" type="stmt"/>
      <line num="243" count="0" type="stmt"/>
      <line num="245" count="0" type="cond" truecount="0" falsecount="4"/>
      <line num="246" count="0" type="stmt"/>
      <line num="248" count="0" type="stmt"/>
      <line num="249" count="0" type="cond" truecount="0" falsecount="5"/>
      <line num="250" count="0" type="cond" truecount="0" falsecount="5"/>
      <line num="252" count="0" type="cond" truecount="0" falsecount="2"/>
      <line num="253" count="0" type="stmt"/>
      <line num="254" count="0" type="cond" truecount="0" falsecount="4"/>
      <line num="256" count="0" type="cond" truecount="0" falsecount="2"/>
      <line num="257" count="0" type="cond" truecount="0" falsecount="2"/>
      <line num="258" count="0" type="stmt"/>
      <line num="259" count="0" type="stmt"/>
      <line num="261" count="0" type="stmt"/>
      <line num="271" count="0" type="stmt"/>
      <line num="276" count="0" type="stmt"/>
      <line num="277" count="0" type="stmt"/>
      <line num="285" count="0" type="stmt"/>
      <line num="286" count="0" type="cond" truecount="0" falsecount="2"/>
      <line num="287" count="0" type="stmt"/>
      <line num="288" count="0" type="stmt"/>
      <line num="290" count="0" type="cond" truecount="0" falsecount="4"/>
      <line num="291" count="0" type="stmt"/>
      <line num="293" count="0" type="stmt"/>
      <line num="294" count="0" type="cond" truecount="0" falsecount="5"/>
      <line num="295" count="0" type="cond" truecount="0" falsecount="5"/>
      <line num="297" count="0" type="cond" truecount="0" falsecount="2"/>
      <line num="298" count="0" type="stmt"/>
      <line num="299" count="0" type="cond" truecount="0" falsecount="4"/>
      <line num="301" count="0" type="cond" truecount="0" falsecount="2"/>
      <line num="302" count="0" type="cond" truecount="0" falsecount="2"/>
      <line num="303" count="0" type="stmt"/>
      <line num="304" count="0" type="stmt"/>
      <line num="306" count="0" type="stmt"/>
      <line num="316" count="0" type="stmt"/>
      <line num="321" count="0" type="stmt"/>
      <line num="322" count="0" type="stmt"/>
      <line num="330" count="0" type="stmt"/>
      <line num="331" count="0" type="cond" truecount="0" falsecount="2"/>
      <line num="332" count="0" type="stmt"/>
      <line num="333" count="0" type="stmt"/>
      <line num="335" count="0" type="cond" truecount="0" falsecount="4"/>
      <line num="336" count="0" type="stmt"/>
      <line num="338" count="0" type="stmt"/>
      <line num="339" count="0" type="cond" truecount="0" falsecount="5"/>
      <line num="340" count="0" type="cond" truecount="0" falsecount="5"/>
      <line num="342" count="0" type="cond" truecount="0" falsecount="2"/>
      <line num="343" count="0" type="stmt"/>
      <line num="344" count="0" type="cond" truecount="0" falsecount="4"/>
      <line num="346" count="0" type="cond" truecount="0" falsecount="2"/>
      <line num="347" count="0" type="cond" truecount="0" falsecount="2"/>
      <line num="348" count="0" type="stmt"/>
      <line num="349" count="0" type="stmt"/>
      <line num="351" count="0" type="stmt"/>
      <line num="361" count="0" type="stmt"/>
      <line num="366" count="0" type="stmt"/>
      <line num="367" count="0" type="stmt"/>
      <line num="375" count="0" type="stmt"/>
      <line num="376" count="0" type="cond" truecount="0" falsecount="2"/>
      <line num="377" count="0" type="stmt"/>
      <line num="378" count="0" type="stmt"/>
      <line num="380" count="0" type="cond" truecount="0" falsecount="4"/>
      <line num="381" count="0" type="stmt"/>
      <line num="383" count="0" type="stmt"/>
      <line num="384" count="0" type="cond" truecount="0" falsecount="5"/>
      <line num="385" count="0" type="cond" truecount="0" falsecount="5"/>
      <line num="387" count="0" type="cond" truecount="0" falsecount="2"/>
      <line num="388" count="0" type="stmt"/>
      <line num="389" count="0" type="cond" truecount="0" falsecount="4"/>
      <line num="391" count="0" type="cond" truecount="0" falsecount="2"/>
      <line num="392" count="0" type="cond" truecount="0" falsecount="2"/>
      <line num="393" count="0" type="stmt"/>
      <line num="394" count="0" type="stmt"/>
      <line num="396" count="0" type="stmt"/>
      <line num="406" count="0" type="stmt"/>
      <line num="413" count="0" type="stmt"/>
      <line num="414" count="0" type="stmt"/>
      <line num="423" count="0" type="stmt"/>
      <line num="424" count="0" type="cond" truecount="0" falsecount="2"/>
      <line num="425" count="0" type="stmt"/>
      <line num="426" count="0" type="stmt"/>
      <line num="428" count="0" type="cond" truecount="0" falsecount="4"/>
      <line num="429" count="0" type="stmt"/>
      <line num="431" count="0" type="stmt"/>
      <line num="432" count="0" type="cond" truecount="0" falsecount="5"/>
      <line num="433" count="0" type="cond" truecount="0" falsecount="5"/>
      <line num="435" count="0" type="cond" truecount="0" falsecount="2"/>
      <line num="436" count="0" type="stmt"/>
      <line num="437" count="0" type="cond" truecount="0" falsecount="4"/>
      <line num="439" count="0" type="cond" truecount="0" falsecount="2"/>
      <line num="440" count="0" type="cond" truecount="0" falsecount="2"/>
      <line num="441" count="0" type="stmt"/>
      <line num="442" count="0" type="stmt"/>
      <line num="444" count="0" type="stmt"/>
      <line num="453" count="0" type="stmt"/>
      <line num="458" count="0" type="stmt"/>
      <line num="459" count="0" type="stmt"/>
      <line num="467" count="0" type="stmt"/>
      <line num="468" count="0" type="cond" truecount="0" falsecount="2"/>
      <line num="469" count="0" type="stmt"/>
      <line num="470" count="0" type="stmt"/>
      <line num="472" count="0" type="cond" truecount="0" falsecount="4"/>
      <line num="473" count="0" type="stmt"/>
      <line num="475" count="0" type="stmt"/>
      <line num="476" count="0" type="cond" truecount="0" falsecount="5"/>
      <line num="477" count="0" type="cond" truecount="0" falsecount="5"/>
      <line num="479" count="0" type="cond" truecount="0" falsecount="2"/>
      <line num="480" count="0" type="stmt"/>
      <line num="481" count="0" type="cond" truecount="0" falsecount="4"/>
      <line num="483" count="0" type="cond" truecount="0" falsecount="2"/>
      <line num="484" count="0" type="cond" truecount="0" falsecount="2"/>
      <line num="485" count="0" type="stmt"/>
      <line num="486" count="0" type="stmt"/>
      <line num="488" count="0" type="stmt"/>
      <line num="497" count="0" type="stmt"/>
      <line num="502" count="0" type="stmt"/>
      <line num="503" count="0" type="stmt"/>
      <line num="511" count="0" type="stmt"/>
      <line num="512" count="0" type="cond" truecount="0" falsecount="2"/>
      <line num="513" count="0" type="stmt"/>
      <line num="514" count="0" type="stmt"/>
      <line num="516" count="0" type="cond" truecount="0" falsecount="4"/>
      <line num="517" count="0" type="stmt"/>
      <line num="519" count="0" type="stmt"/>
      <line num="520" count="0" type="cond" truecount="0" falsecount="5"/>
      <line num="521" count="0" type="cond" truecount="0" falsecount="5"/>
      <line num="523" count="0" type="cond" truecount="0" falsecount="2"/>
      <line num="524" count="0" type="stmt"/>
      <line num="525" count="0" type="cond" truecount="0" falsecount="4"/>
      <line num="527" count="0" type="cond" truecount="0" falsecount="2"/>
      <line num="528" count="0" type="cond" truecount="0" falsecount="2"/>
      <line num="529" count="0" type="stmt"/>
      <line num="530" count="0" type="stmt"/>
      <line num="532" count="0" type="stmt"/>
      <line num="541" count="0" type="stmt"/>
      <line num="546" count="0" type="stmt"/>
      <line num="547" count="0" type="stmt"/>
      <line num="555" count="0" type="stmt"/>
      <line num="556" count="0" type="cond" truecount="0" falsecount="2"/>
      <line num="557" count="0" type="stmt"/>
      <line num="558" count="0" type="stmt"/>
      <line num="560" count="0" type="cond" truecount="0" falsecount="4"/>
      <line num="561" count="0" type="stmt"/>
      <line num="563" count="0" type="stmt"/>
      <line num="564" count="0" type="cond" truecount="0" falsecount="5"/>
      <line num="565" count="0" type="cond" truecount="0" falsecount="5"/>
      <line num="567" count="0" type="cond" truecount="0" falsecount="2"/>
      <line num="568" count="0" type="stmt"/>
      <line num="569" count="0" type="cond" truecount="0" falsecount="4"/>
      <line num="571" count="0" type="cond" truecount="0" falsecount="2"/>
      <line num="572" count="0" type="cond" truecount="0" falsecount="2"/>
      <line num="573" count="0" type="stmt"/>
      <line num="574" count="0" type="stmt"/>
      <line num="576" count="0" type="stmt"/>
      <line num="585" count="0" type="stmt"/>
      <line num="590" count="0" type="stmt"/>
      <line num="591" count="0" type="stmt"/>
      <line num="599" count="0" type="stmt"/>
      <line num="600" count="0" type="cond" truecount="0" falsecount="2"/>
      <line num="601" count="0" type="stmt"/>
      <line num="602" count="0" type="stmt"/>
      <line num="604" count="0" type="cond" truecount="0" falsecount="4"/>
      <line num="605" count="0" type="stmt"/>
      <line num="607" count="0" type="stmt"/>
      <line num="608" count="0" type="cond" truecount="0" falsecount="5"/>
      <line num="609" count="0" type="cond" truecount="0" falsecount="5"/>
      <line num="611" count="0" type="cond" truecount="0" falsecount="2"/>
      <line num="612" count="0" type="stmt"/>
      <line num="613" count="0" type="cond" truecount="0" falsecount="4"/>
      <line num="615" count="0" type="cond" truecount="0" falsecount="2"/>
      <line num="616" count="0" type="cond" truecount="0" falsecount="2"/>
      <line num="617" count="0" type="stmt"/>
      <line num="618" count="0" type="stmt"/>
      <line num="620" count="0" type="stmt"/>
      <line num="629" count="0" type="stmt"/>
      <line num="636" count="0" type="stmt"/>
      <line num="637" count="0" type="stmt"/>
      <line num="646" count="0" type="stmt"/>
      <line num="647" count="0" type="cond" truecount="0" falsecount="2"/>
      <line num="649" count="0" type="stmt"/>
      <line num="653" count="0" type="stmt"/>
      <line num="658" count="0" type="stmt"/>
      <line num="659" count="0" type="stmt"/>
      <line num="668" count="0" type="stmt"/>
      <line num="669" count="0" type="cond" truecount="0" falsecount="2"/>
      <line num="670" count="0" type="stmt"/>
      <line num="671" count="0" type="stmt"/>
      <line num="673" count="0" type="cond" truecount="0" falsecount="4"/>
      <line num="674" count="0" type="stmt"/>
      <line num="676" count="0" type="stmt"/>
      <line num="677" count="0" type="cond" truecount="0" falsecount="5"/>
      <line num="678" count="0" type="cond" truecount="0" falsecount="5"/>
      <line num="680" count="0" type="cond" truecount="0" falsecount="2"/>
      <line num="681" count="0" type="stmt"/>
      <line num="682" count="0" type="cond" truecount="0" falsecount="4"/>
      <line num="684" count="0" type="cond" truecount="0" falsecount="2"/>
      <line num="685" count="0" type="cond" truecount="0" falsecount="2"/>
      <line num="686" count="0" type="stmt"/>
      <line num="687" count="0" type="stmt"/>
      <line num="689" count="0" type="stmt"/>
      <line num="698" count="0" type="stmt"/>
      <line num="703" count="0" type="stmt"/>
      <line num="704" count="0" type="stmt"/>
      <line num="713" count="0" type="stmt"/>
      <line num="714" count="0" type="cond" truecount="0" falsecount="2"/>
      <line num="715" count="0" type="stmt"/>
      <line num="716" count="0" type="stmt"/>
      <line num="718" count="0" type="cond" truecount="0" falsecount="4"/>
      <line num="719" count="0" type="stmt"/>
      <line num="721" count="0" type="stmt"/>
      <line num="722" count="0" type="cond" truecount="0" falsecount="5"/>
      <line num="723" count="0" type="cond" truecount="0" falsecount="5"/>
      <line num="725" count="0" type="cond" truecount="0" falsecount="2"/>
      <line num="726" count="0" type="stmt"/>
      <line num="727" count="0" type="cond" truecount="0" falsecount="4"/>
      <line num="729" count="0" type="cond" truecount="0" falsecount="2"/>
      <line num="730" count="0" type="cond" truecount="0" falsecount="2"/>
      <line num="731" count="0" type="stmt"/>
      <line num="732" count="0" type="stmt"/>
      <line num="734" count="0" type="stmt"/>
      <line num="743" count="0" type="stmt"/>
      <line num="748" count="0" type="stmt"/>
      <line num="749" count="0" type="stmt"/>
      <line num="760" count="0" type="stmt"/>
      <line num="761" count="0" type="cond" truecount="0" falsecount="2"/>
      <line num="763" count="0" type="stmt"/>
      <line num="767" count="0" type="stmt"/>
      <line num="772" count="0" type="stmt"/>
      <line num="773" count="0" type="stmt"/>
      <line num="787" count="0" type="stmt"/>
      <line num="788" count="0" type="cond" truecount="0" falsecount="2"/>
      <line num="790" count="0" type="stmt"/>
      <line num="794" count="0" type="stmt"/>
      <line num="799" count="0" type="stmt"/>
      <line num="800" count="0" type="stmt"/>
      <line num="815" count="0" type="stmt"/>
      <line num="816" count="0" type="cond" truecount="0" falsecount="2"/>
      <line num="818" count="0" type="stmt"/>
      <line num="822" count="0" type="stmt"/>
      <line num="827" count="0" type="stmt"/>
      <line num="828" count="0" type="stmt"/>
      <line num="843" count="0" type="stmt"/>
      <line num="844" count="0" type="cond" truecount="0" falsecount="2"/>
      <line num="846" count="0" type="stmt"/>
      <line num="850" count="0" type="stmt"/>
      <line num="855" count="0" type="stmt"/>
      <line num="856" count="0" type="stmt"/>
      <line num="871" count="0" type="stmt"/>
      <line num="872" count="0" type="cond" truecount="0" falsecount="2"/>
      <line num="874" count="0" type="stmt"/>
      <line num="878" count="0" type="stmt"/>
      <line num="883" count="0" type="stmt"/>
      <line num="884" count="0" type="stmt"/>
      <line num="894" count="0" type="stmt"/>
      <line num="895" count="0" type="cond" truecount="0" falsecount="2"/>
      <line num="896" count="0" type="stmt"/>
      <line num="897" count="0" type="stmt"/>
      <line num="899" count="0" type="cond" truecount="0" falsecount="4"/>
      <line num="900" count="0" type="stmt"/>
      <line num="902" count="0" type="stmt"/>
      <line num="903" count="0" type="cond" truecount="0" falsecount="5"/>
      <line num="904" count="0" type="cond" truecount="0" falsecount="5"/>
      <line num="906" count="0" type="cond" truecount="0" falsecount="2"/>
      <line num="907" count="0" type="stmt"/>
      <line num="908" count="0" type="cond" truecount="0" falsecount="4"/>
      <line num="910" count="0" type="cond" truecount="0" falsecount="2"/>
      <line num="911" count="0" type="cond" truecount="0" falsecount="2"/>
      <line num="912" count="0" type="stmt"/>
      <line num="913" count="0" type="stmt"/>
      <line num="915" count="0" type="stmt"/>
      <line num="924" count="0" type="stmt"/>
      <line num="929" count="0" type="stmt"/>
      <line num="930" count="0" type="stmt"/>
      <line num="938" count="0" type="stmt"/>
      <line num="939" count="0" type="cond" truecount="0" falsecount="2"/>
      <line num="940" count="0" type="stmt"/>
      <line num="945" count="0" type="stmt"/>
      <line num="946" count="0" type="stmt"/>
      <line num="954" count="0" type="stmt"/>
      <line num="955" count="0" type="cond" truecount="0" falsecount="2"/>
      <line num="956" count="0" type="stmt"/>
      <line num="961" count="0" type="stmt"/>
      <line num="962" count="0" type="stmt"/>
      <line num="971" count="0" type="stmt"/>
      <line num="972" count="0" type="cond" truecount="0" falsecount="2"/>
      <line num="973" count="0" type="stmt"/>
      <line num="974" count="0" type="stmt"/>
      <line num="976" count="0" type="cond" truecount="0" falsecount="4"/>
      <line num="977" count="0" type="stmt"/>
      <line num="979" count="0" type="stmt"/>
      <line num="980" count="0" type="cond" truecount="0" falsecount="5"/>
      <line num="981" count="0" type="cond" truecount="0" falsecount="5"/>
      <line num="983" count="0" type="cond" truecount="0" falsecount="2"/>
      <line num="984" count="0" type="stmt"/>
      <line num="985" count="0" type="cond" truecount="0" falsecount="4"/>
      <line num="987" count="0" type="cond" truecount="0" falsecount="2"/>
      <line num="988" count="0" type="cond" truecount="0" falsecount="2"/>
      <line num="989" count="0" type="stmt"/>
      <line num="990" count="0" type="stmt"/>
      <line num="992" count="0" type="stmt"/>
      <line num="1001" count="0" type="stmt"/>
      <line num="1006" count="0" type="stmt"/>
      <line num="1007" count="0" type="stmt"/>
      <line num="1016" count="0" type="stmt"/>
      <line num="1017" count="0" type="cond" truecount="0" falsecount="2"/>
      <line num="1018" count="0" type="stmt"/>
      <line num="1019" count="0" type="stmt"/>
      <line num="1021" count="0" type="cond" truecount="0" falsecount="4"/>
      <line num="1022" count="0" type="stmt"/>
      <line num="1024" count="0" type="stmt"/>
      <line num="1025" count="0" type="cond" truecount="0" falsecount="5"/>
      <line num="1026" count="0" type="cond" truecount="0" falsecount="5"/>
      <line num="1028" count="0" type="cond" truecount="0" falsecount="2"/>
      <line num="1029" count="0" type="stmt"/>
      <line num="1030" count="0" type="cond" truecount="0" falsecount="4"/>
      <line num="1032" count="0" type="cond" truecount="0" falsecount="2"/>
      <line num="1033" count="0" type="cond" truecount="0" falsecount="2"/>
      <line num="1034" count="0" type="stmt"/>
      <line num="1035" count="0" type="stmt"/>
      <line num="1037" count="0" type="stmt"/>
      <line num="1046" count="0" type="stmt"/>
      <line num="1051" count="0" type="stmt"/>
      <line num="1052" count="0" type="stmt"/>
      <line num="1060" count="0" type="stmt"/>
      <line num="1061" count="0" type="cond" truecount="0" falsecount="2"/>
      <line num="1062" count="0" type="stmt"/>
      <line num="1067" count="0" type="stmt"/>
      <line num="1068" count="0" type="stmt"/>
      <line num="1080" count="0" type="stmt"/>
      <line num="1081" count="0" type="cond" truecount="0" falsecount="2"/>
      <line num="1083" count="0" type="stmt"/>
      <line num="1087" count="0" type="stmt"/>
      <line num="1092" count="0" type="stmt"/>
      <line num="1093" count="0" type="stmt"/>
      <line num="1104" count="0" type="stmt"/>
      <line num="1105" count="0" type="cond" truecount="0" falsecount="2"/>
      <line num="1107" count="0" type="stmt"/>
      <line num="1111" count="0" type="stmt"/>
      <line num="1116" count="0" type="stmt"/>
      <line num="1117" count="0" type="stmt"/>
      <line num="1131" count="0" type="stmt"/>
      <line num="1132" count="0" type="cond" truecount="0" falsecount="2"/>
      <line num="1134" count="0" type="stmt"/>
      <line num="1138" count="0" type="stmt"/>
      <line num="1143" count="0" type="stmt"/>
      <line num="1144" count="0" type="stmt"/>
      <line num="1159" count="0" type="stmt"/>
      <line num="1160" count="0" type="cond" truecount="0" falsecount="2"/>
      <line num="1162" count="0" type="stmt"/>
      <line num="1166" count="0" type="stmt"/>
      <line num="1171" count="0" type="stmt"/>
      <line num="1172" count="0" type="stmt"/>
      <line num="1182" count="0" type="stmt"/>
      <line num="1183" count="0" type="cond" truecount="0" falsecount="2"/>
      <line num="1184" count="0" type="stmt"/>
      <line num="1185" count="0" type="stmt"/>
      <line num="1187" count="0" type="cond" truecount="0" falsecount="4"/>
      <line num="1188" count="0" type="stmt"/>
      <line num="1190" count="0" type="stmt"/>
      <line num="1191" count="0" type="cond" truecount="0" falsecount="5"/>
      <line num="1192" count="0" type="cond" truecount="0" falsecount="5"/>
      <line num="1194" count="0" type="cond" truecount="0" falsecount="2"/>
      <line num="1195" count="0" type="stmt"/>
      <line num="1196" count="0" type="cond" truecount="0" falsecount="4"/>
      <line num="1198" count="0" type="cond" truecount="0" falsecount="2"/>
      <line num="1199" count="0" type="cond" truecount="0" falsecount="2"/>
      <line num="1200" count="0" type="stmt"/>
      <line num="1201" count="0" type="stmt"/>
      <line num="1203" count="0" type="stmt"/>
      <line num="1212" count="0" type="stmt"/>
      <line num="1217" count="0" type="stmt"/>
      <line num="1218" count="0" type="stmt"/>
      <line num="1233" count="0" type="stmt"/>
      <line num="1234" count="0" type="cond" truecount="0" falsecount="2"/>
      <line num="1236" count="0" type="stmt"/>
      <line num="1240" count="0" type="stmt"/>
      <line num="1245" count="0" type="stmt"/>
      <line num="1246" count="0" type="stmt"/>
      <line num="1260" count="0" type="stmt"/>
      <line num="1261" count="0" type="cond" truecount="0" falsecount="2"/>
      <line num="1263" count="0" type="stmt"/>
      <line num="1267" count="0" type="stmt"/>
      <line num="1272" count="0" type="stmt"/>
      <line num="1273" count="0" type="stmt"/>
      <line num="1288" count="0" type="stmt"/>
      <line num="1289" count="0" type="cond" truecount="0" falsecount="2"/>
      <line num="1291" count="0" type="stmt"/>
      <line num="1295" count="0" type="stmt"/>
      <line num="1300" count="0" type="stmt"/>
      <line num="1301" count="0" type="stmt"/>
      <line num="1311" count="0" type="stmt"/>
      <line num="1312" count="0" type="cond" truecount="0" falsecount="2"/>
      <line num="1313" count="0" type="stmt"/>
      <line num="1318" count="0" type="stmt"/>
      <line num="1319" count="0" type="stmt"/>
      <line num="1330" count="0" type="stmt"/>
      <line num="1331" count="0" type="cond" truecount="0" falsecount="2"/>
      <line num="1332" count="0" type="stmt"/>
      <line num="1337" count="0" type="stmt"/>
      <line num="1338" count="0" type="stmt"/>
      <line num="1347" count="0" type="stmt"/>
      <line num="1348" count="0" type="cond" truecount="0" falsecount="2"/>
      <line num="1349" count="0" type="stmt"/>
      <line num="1354" count="0" type="stmt"/>
      <line num="1355" count="0" type="stmt"/>
      <line num="1370" count="0" type="stmt"/>
      <line num="1371" count="0" type="cond" truecount="0" falsecount="2"/>
      <line num="1372" count="0" type="stmt"/>
      <line num="1373" count="0" type="cond" truecount="0" falsecount="5"/>
      <line num="1374" count="0" type="cond" truecount="0" falsecount="5"/>
      <line num="1376" count="0" type="cond" truecount="0" falsecount="2"/>
      <line num="1377" count="0" type="stmt"/>
      <line num="1378" count="0" type="cond" truecount="0" falsecount="4"/>
      <line num="1380" count="0" type="cond" truecount="0" falsecount="2"/>
      <line num="1381" count="0" type="cond" truecount="0" falsecount="2"/>
      <line num="1382" count="0" type="stmt"/>
      <line num="1383" count="0" type="stmt"/>
      <line num="1385" count="0" type="stmt"/>
      <line num="1403" count="0" type="stmt"/>
      <line num="1408" count="0" type="stmt"/>
      <line num="1409" count="0" type="stmt"/>
      <line num="1420" count="0" type="stmt"/>
      <line num="1421" count="0" type="cond" truecount="0" falsecount="2"/>
      <line num="1422" count="0" type="stmt"/>
      <line num="1427" count="0" type="stmt"/>
      <line num="1428" count="0" type="stmt"/>
      <line num="1443" count="0" type="stmt"/>
      <line num="1444" count="0" type="cond" truecount="0" falsecount="2"/>
      <line num="1445" count="0" type="stmt"/>
      <line num="1446" count="0" type="cond" truecount="0" falsecount="5"/>
      <line num="1447" count="0" type="cond" truecount="0" falsecount="5"/>
      <line num="1449" count="0" type="cond" truecount="0" falsecount="2"/>
      <line num="1450" count="0" type="stmt"/>
      <line num="1451" count="0" type="cond" truecount="0" falsecount="4"/>
      <line num="1453" count="0" type="cond" truecount="0" falsecount="2"/>
      <line num="1454" count="0" type="cond" truecount="0" falsecount="2"/>
      <line num="1455" count="0" type="stmt"/>
      <line num="1456" count="0" type="stmt"/>
      <line num="1458" count="0" type="stmt"/>
      <line num="1476" count="0" type="stmt"/>
      <line num="1481" count="0" type="stmt"/>
      <line num="1482" count="0" type="stmt"/>
      <line num="1493" count="0" type="stmt"/>
      <line num="1494" count="0" type="cond" truecount="0" falsecount="2"/>
      <line num="1495" count="0" type="stmt"/>
      <line num="1500" count="0" type="stmt"/>
      <line num="1501" count="0" type="stmt"/>
      <line num="1512" count="0" type="stmt"/>
      <line num="1513" count="0" type="cond" truecount="0" falsecount="2"/>
      <line num="1514" count="0" type="stmt"/>
      <line num="1519" count="0" type="stmt"/>
      <line num="1520" count="0" type="stmt"/>
      <line num="1534" count="0" type="stmt"/>
      <line num="1535" count="0" type="cond" truecount="0" falsecount="2"/>
      <line num="1536" count="0" type="stmt"/>
      <line num="1537" count="0" type="cond" truecount="0" falsecount="5"/>
      <line num="1538" count="0" type="cond" truecount="0" falsecount="5"/>
      <line num="1540" count="0" type="cond" truecount="0" falsecount="2"/>
      <line num="1541" count="0" type="stmt"/>
      <line num="1542" count="0" type="cond" truecount="0" falsecount="4"/>
      <line num="1544" count="0" type="cond" truecount="0" falsecount="2"/>
      <line num="1545" count="0" type="cond" truecount="0" falsecount="2"/>
      <line num="1546" count="0" type="stmt"/>
      <line num="1547" count="0" type="stmt"/>
      <line num="1549" count="0" type="stmt"/>
      <line num="1567" count="0" type="stmt"/>
      <line num="1572" count="0" type="stmt"/>
      <line num="1573" count="0" type="stmt"/>
      <line num="1587" count="0" type="stmt"/>
      <line num="1588" count="0" type="cond" truecount="0" falsecount="2"/>
      <line num="1589" count="0" type="stmt"/>
      <line num="1590" count="0" type="cond" truecount="0" falsecount="5"/>
      <line num="1591" count="0" type="cond" truecount="0" falsecount="5"/>
      <line num="1593" count="0" type="cond" truecount="0" falsecount="2"/>
      <line num="1594" count="0" type="stmt"/>
      <line num="1595" count="0" type="cond" truecount="0" falsecount="4"/>
      <line num="1597" count="0" type="cond" truecount="0" falsecount="2"/>
      <line num="1598" count="0" type="cond" truecount="0" falsecount="2"/>
      <line num="1599" count="0" type="stmt"/>
      <line num="1600" count="0" type="stmt"/>
      <line num="1602" count="0" type="stmt"/>
      <line num="1620" count="0" type="stmt"/>
      <line num="1625" count="0" type="stmt"/>
      <line num="1626" count="0" type="stmt"/>
      <line num="1640" count="0" type="stmt"/>
      <line num="1641" count="0" type="cond" truecount="0" falsecount="2"/>
      <line num="1642" count="0" type="stmt"/>
      <line num="1643" count="0" type="cond" truecount="0" falsecount="5"/>
      <line num="1644" count="0" type="cond" truecount="0" falsecount="5"/>
      <line num="1646" count="0" type="cond" truecount="0" falsecount="2"/>
      <line num="1647" count="0" type="stmt"/>
      <line num="1648" count="0" type="cond" truecount="0" falsecount="4"/>
      <line num="1650" count="0" type="cond" truecount="0" falsecount="2"/>
      <line num="1651" count="0" type="cond" truecount="0" falsecount="2"/>
      <line num="1652" count="0" type="stmt"/>
      <line num="1653" count="0" type="stmt"/>
      <line num="1655" count="0" type="stmt"/>
      <line num="1673" count="0" type="stmt"/>
      <line num="1678" count="0" type="stmt"/>
      <line num="1679" count="0" type="stmt"/>
      <line num="1693" count="0" type="stmt"/>
      <line num="1694" count="0" type="cond" truecount="0" falsecount="2"/>
      <line num="1695" count="0" type="stmt"/>
      <line num="1696" count="0" type="cond" truecount="0" falsecount="5"/>
      <line num="1697" count="0" type="cond" truecount="0" falsecount="5"/>
      <line num="1699" count="0" type="cond" truecount="0" falsecount="2"/>
      <line num="1700" count="0" type="stmt"/>
      <line num="1701" count="0" type="cond" truecount="0" falsecount="4"/>
      <line num="1703" count="0" type="cond" truecount="0" falsecount="2"/>
      <line num="1704" count="0" type="cond" truecount="0" falsecount="2"/>
      <line num="1705" count="0" type="stmt"/>
      <line num="1706" count="0" type="stmt"/>
      <line num="1708" count="0" type="stmt"/>
      <line num="1726" count="0" type="stmt"/>
      <line num="1731" count="0" type="stmt"/>
      <line num="1732" count="0" type="stmt"/>
      <line num="1746" count="0" type="stmt"/>
      <line num="1747" count="0" type="cond" truecount="0" falsecount="2"/>
      <line num="1748" count="0" type="stmt"/>
      <line num="1749" count="0" type="cond" truecount="0" falsecount="5"/>
      <line num="1750" count="0" type="cond" truecount="0" falsecount="5"/>
      <line num="1752" count="0" type="cond" truecount="0" falsecount="2"/>
      <line num="1753" count="0" type="stmt"/>
      <line num="1754" count="0" type="cond" truecount="0" falsecount="4"/>
      <line num="1756" count="0" type="cond" truecount="0" falsecount="2"/>
      <line num="1757" count="0" type="cond" truecount="0" falsecount="2"/>
      <line num="1758" count="0" type="stmt"/>
      <line num="1759" count="0" type="stmt"/>
      <line num="1761" count="0" type="stmt"/>
      <line num="1779" count="0" type="stmt"/>
      <line num="1784" count="0" type="stmt"/>
      <line num="1785" count="0" type="stmt"/>
      <line num="1800" count="0" type="stmt"/>
      <line num="1801" count="0" type="cond" truecount="0" falsecount="2"/>
      <line num="1802" count="0" type="stmt"/>
      <line num="1803" count="0" type="cond" truecount="0" falsecount="5"/>
      <line num="1804" count="0" type="cond" truecount="0" falsecount="5"/>
      <line num="1806" count="0" type="cond" truecount="0" falsecount="2"/>
      <line num="1807" count="0" type="stmt"/>
      <line num="1808" count="0" type="cond" truecount="0" falsecount="4"/>
      <line num="1810" count="0" type="cond" truecount="0" falsecount="2"/>
      <line num="1811" count="0" type="cond" truecount="0" falsecount="2"/>
      <line num="1812" count="0" type="stmt"/>
      <line num="1813" count="0" type="stmt"/>
      <line num="1815" count="0" type="stmt"/>
      <line num="1833" count="0" type="stmt"/>
      <line num="1838" count="0" type="stmt"/>
      <line num="1839" count="0" type="stmt"/>
      <line num="1850" count="0" type="stmt"/>
      <line num="1851" count="0" type="cond" truecount="0" falsecount="2"/>
      <line num="1852" count="0" type="stmt"/>
      <line num="1857" count="0" type="stmt"/>
      <line num="1858" count="0" type="stmt"/>
      <line num="1873" count="0" type="stmt"/>
      <line num="1874" count="0" type="cond" truecount="0" falsecount="2"/>
      <line num="1875" count="0" type="stmt"/>
      <line num="1876" count="0" type="cond" truecount="0" falsecount="5"/>
      <line num="1877" count="0" type="cond" truecount="0" falsecount="5"/>
      <line num="1879" count="0" type="cond" truecount="0" falsecount="2"/>
      <line num="1880" count="0" type="stmt"/>
      <line num="1881" count="0" type="cond" truecount="0" falsecount="4"/>
      <line num="1883" count="0" type="cond" truecount="0" falsecount="2"/>
      <line num="1884" count="0" type="cond" truecount="0" falsecount="2"/>
      <line num="1885" count="0" type="stmt"/>
      <line num="1886" count="0" type="stmt"/>
      <line num="1888" count="0" type="stmt"/>
      <line num="1906" count="0" type="stmt"/>
      <line num="1911" count="0" type="stmt"/>
      <line num="1912" count="0" type="stmt"/>
      <line num="1927" count="0" type="stmt"/>
      <line num="1928" count="0" type="cond" truecount="0" falsecount="2"/>
      <line num="1929" count="0" type="stmt"/>
      <line num="1930" count="0" type="cond" truecount="0" falsecount="5"/>
      <line num="1931" count="0" type="cond" truecount="0" falsecount="5"/>
      <line num="1933" count="0" type="cond" truecount="0" falsecount="2"/>
      <line num="1934" count="0" type="stmt"/>
      <line num="1935" count="0" type="cond" truecount="0" falsecount="4"/>
      <line num="1937" count="0" type="cond" truecount="0" falsecount="2"/>
      <line num="1938" count="0" type="cond" truecount="0" falsecount="2"/>
      <line num="1939" count="0" type="stmt"/>
      <line num="1940" count="0" type="stmt"/>
      <line num="1942" count="0" type="stmt"/>
      <line num="1960" count="0" type="stmt"/>
      <line num="1965" count="0" type="stmt"/>
      <line num="1966" count="0" type="stmt"/>
      <line num="1982" count="0" type="stmt"/>
      <line num="1983" count="0" type="cond" truecount="0" falsecount="2"/>
      <line num="1984" count="0" type="stmt"/>
      <line num="1985" count="0" type="cond" truecount="0" falsecount="5"/>
      <line num="1986" count="0" type="cond" truecount="0" falsecount="5"/>
      <line num="1988" count="0" type="cond" truecount="0" falsecount="2"/>
      <line num="1989" count="0" type="stmt"/>
      <line num="1990" count="0" type="cond" truecount="0" falsecount="4"/>
      <line num="1992" count="0" type="cond" truecount="0" falsecount="2"/>
      <line num="1993" count="0" type="cond" truecount="0" falsecount="2"/>
      <line num="1994" count="0" type="stmt"/>
      <line num="1995" count="0" type="stmt"/>
      <line num="1997" count="0" type="stmt"/>
      <line num="2015" count="0" type="stmt"/>
      <line num="2020" count="0" type="stmt"/>
      <line num="2021" count="0" type="stmt"/>
      <line num="2036" count="0" type="stmt"/>
      <line num="2037" count="0" type="cond" truecount="0" falsecount="2"/>
      <line num="2038" count="0" type="stmt"/>
      <line num="2039" count="0" type="cond" truecount="0" falsecount="5"/>
      <line num="2040" count="0" type="cond" truecount="0" falsecount="5"/>
      <line num="2042" count="0" type="cond" truecount="0" falsecount="2"/>
      <line num="2043" count="0" type="stmt"/>
      <line num="2044" count="0" type="cond" truecount="0" falsecount="4"/>
      <line num="2046" count="0" type="cond" truecount="0" falsecount="2"/>
      <line num="2047" count="0" type="cond" truecount="0" falsecount="2"/>
      <line num="2048" count="0" type="stmt"/>
      <line num="2049" count="0" type="stmt"/>
      <line num="2051" count="0" type="stmt"/>
      <line num="2069" count="0" type="stmt"/>
      <line num="2074" count="0" type="stmt"/>
      <line num="2075" count="0" type="stmt"/>
      <line num="2086" count="0" type="stmt"/>
      <line num="2087" count="0" type="cond" truecount="0" falsecount="2"/>
      <line num="2088" count="0" type="stmt"/>
      <line num="2093" count="0" type="stmt"/>
      <line num="2094" count="0" type="stmt"/>
      <line num="2110" count="0" type="stmt"/>
      <line num="2111" count="0" type="cond" truecount="0" falsecount="2"/>
      <line num="2112" count="0" type="stmt"/>
      <line num="2113" count="0" type="cond" truecount="0" falsecount="5"/>
      <line num="2114" count="0" type="cond" truecount="0" falsecount="5"/>
      <line num="2116" count="0" type="cond" truecount="0" falsecount="2"/>
      <line num="2117" count="0" type="stmt"/>
      <line num="2118" count="0" type="cond" truecount="0" falsecount="4"/>
      <line num="2120" count="0" type="cond" truecount="0" falsecount="2"/>
      <line num="2121" count="0" type="cond" truecount="0" falsecount="2"/>
      <line num="2122" count="0" type="stmt"/>
      <line num="2123" count="0" type="stmt"/>
      <line num="2125" count="0" type="stmt"/>
      <line num="2143" count="0" type="stmt"/>
      <line num="2148" count="0" type="stmt"/>
      <line num="2149" count="0" type="stmt"/>
      <line num="2163" count="0" type="stmt"/>
      <line num="2164" count="0" type="cond" truecount="0" falsecount="2"/>
      <line num="2165" count="0" type="stmt"/>
      <line num="2166" count="0" type="cond" truecount="0" falsecount="5"/>
      <line num="2167" count="0" type="cond" truecount="0" falsecount="5"/>
      <line num="2169" count="0" type="cond" truecount="0" falsecount="2"/>
      <line num="2170" count="0" type="stmt"/>
      <line num="2171" count="0" type="cond" truecount="0" falsecount="4"/>
      <line num="2173" count="0" type="cond" truecount="0" falsecount="2"/>
      <line num="2174" count="0" type="cond" truecount="0" falsecount="2"/>
      <line num="2175" count="0" type="stmt"/>
      <line num="2176" count="0" type="stmt"/>
      <line num="2178" count="0" type="stmt"/>
      <line num="2196" count="0" type="stmt"/>
      <line num="2201" count="0" type="stmt"/>
      <line num="2202" count="0" type="stmt"/>
      <line num="2216" count="0" type="stmt"/>
      <line num="2217" count="0" type="cond" truecount="0" falsecount="2"/>
      <line num="2218" count="0" type="stmt"/>
      <line num="2219" count="0" type="cond" truecount="0" falsecount="5"/>
      <line num="2220" count="0" type="cond" truecount="0" falsecount="5"/>
      <line num="2222" count="0" type="cond" truecount="0" falsecount="2"/>
      <line num="2223" count="0" type="stmt"/>
      <line num="2224" count="0" type="cond" truecount="0" falsecount="4"/>
      <line num="2226" count="0" type="cond" truecount="0" falsecount="2"/>
      <line num="2227" count="0" type="cond" truecount="0" falsecount="2"/>
      <line num="2228" count="0" type="stmt"/>
      <line num="2229" count="0" type="stmt"/>
      <line num="2231" count="0" type="stmt"/>
      <line num="2249" count="0" type="stmt"/>
      <line num="2254" count="0" type="stmt"/>
      <line num="2255" count="0" type="stmt"/>
      <line num="2269" count="0" type="stmt"/>
      <line num="2270" count="0" type="cond" truecount="0" falsecount="2"/>
      <line num="2271" count="0" type="stmt"/>
      <line num="2272" count="0" type="cond" truecount="0" falsecount="5"/>
      <line num="2273" count="0" type="cond" truecount="0" falsecount="5"/>
      <line num="2275" count="0" type="cond" truecount="0" falsecount="2"/>
      <line num="2276" count="0" type="stmt"/>
      <line num="2277" count="0" type="cond" truecount="0" falsecount="4"/>
      <line num="2279" count="0" type="cond" truecount="0" falsecount="2"/>
      <line num="2280" count="0" type="cond" truecount="0" falsecount="2"/>
      <line num="2281" count="0" type="stmt"/>
      <line num="2282" count="0" type="stmt"/>
      <line num="2284" count="0" type="stmt"/>
      <line num="2302" count="0" type="stmt"/>
      <line num="2307" count="0" type="stmt"/>
      <line num="2308" count="0" type="stmt"/>
      <line num="2323" count="0" type="stmt"/>
      <line num="2324" count="0" type="cond" truecount="0" falsecount="2"/>
      <line num="2325" count="0" type="stmt"/>
      <line num="2326" count="0" type="cond" truecount="0" falsecount="5"/>
      <line num="2327" count="0" type="cond" truecount="0" falsecount="5"/>
      <line num="2329" count="0" type="cond" truecount="0" falsecount="2"/>
      <line num="2330" count="0" type="stmt"/>
      <line num="2331" count="0" type="cond" truecount="0" falsecount="4"/>
      <line num="2333" count="0" type="cond" truecount="0" falsecount="2"/>
      <line num="2334" count="0" type="cond" truecount="0" falsecount="2"/>
      <line num="2335" count="0" type="stmt"/>
      <line num="2336" count="0" type="stmt"/>
      <line num="2338" count="0" type="stmt"/>
      <line num="2356" count="0" type="stmt"/>
      <line num="2361" count="0" type="stmt"/>
      <line num="2362" count="0" type="stmt"/>
      <line num="2378" count="0" type="stmt"/>
      <line num="2379" count="0" type="cond" truecount="0" falsecount="2"/>
      <line num="2380" count="0" type="stmt"/>
      <line num="2381" count="0" type="cond" truecount="0" falsecount="5"/>
      <line num="2382" count="0" type="cond" truecount="0" falsecount="5"/>
      <line num="2384" count="0" type="cond" truecount="0" falsecount="2"/>
      <line num="2385" count="0" type="stmt"/>
      <line num="2386" count="0" type="cond" truecount="0" falsecount="4"/>
      <line num="2388" count="0" type="cond" truecount="0" falsecount="2"/>
      <line num="2389" count="0" type="cond" truecount="0" falsecount="2"/>
      <line num="2390" count="0" type="stmt"/>
      <line num="2391" count="0" type="stmt"/>
      <line num="2393" count="0" type="stmt"/>
      <line num="2411" count="0" type="stmt"/>
      <line num="2416" count="0" type="stmt"/>
      <line num="2417" count="0" type="stmt"/>
      <line num="2432" count="0" type="stmt"/>
      <line num="2433" count="0" type="cond" truecount="0" falsecount="2"/>
      <line num="2434" count="0" type="stmt"/>
      <line num="2435" count="0" type="cond" truecount="0" falsecount="5"/>
      <line num="2436" count="0" type="cond" truecount="0" falsecount="5"/>
      <line num="2438" count="0" type="cond" truecount="0" falsecount="2"/>
      <line num="2439" count="0" type="stmt"/>
      <line num="2440" count="0" type="cond" truecount="0" falsecount="4"/>
      <line num="2442" count="0" type="cond" truecount="0" falsecount="2"/>
      <line num="2443" count="0" type="cond" truecount="0" falsecount="2"/>
      <line num="2444" count="0" type="stmt"/>
      <line num="2445" count="0" type="stmt"/>
      <line num="2447" count="0" type="stmt"/>
      <line num="2465" count="0" type="stmt"/>
      <line num="2470" count="0" type="stmt"/>
      <line num="2471" count="0" type="stmt"/>
      <line num="2486" count="0" type="stmt"/>
      <line num="2487" count="0" type="cond" truecount="0" falsecount="2"/>
      <line num="2488" count="0" type="stmt"/>
      <line num="2489" count="0" type="cond" truecount="0" falsecount="5"/>
      <line num="2490" count="0" type="cond" truecount="0" falsecount="5"/>
      <line num="2492" count="0" type="cond" truecount="0" falsecount="2"/>
      <line num="2493" count="0" type="stmt"/>
      <line num="2494" count="0" type="cond" truecount="0" falsecount="4"/>
      <line num="2496" count="0" type="cond" truecount="0" falsecount="2"/>
      <line num="2497" count="0" type="cond" truecount="0" falsecount="2"/>
      <line num="2498" count="0" type="stmt"/>
      <line num="2499" count="0" type="stmt"/>
      <line num="2501" count="0" type="stmt"/>
      <line num="2519" count="0" type="stmt"/>
      <line num="2524" count="0" type="stmt"/>
      <line num="2525" count="0" type="stmt"/>
      <line num="2536" count="0" type="stmt"/>
      <line num="2537" count="0" type="cond" truecount="0" falsecount="2"/>
      <line num="2538" count="0" type="stmt"/>
      <line num="2543" count="0" type="stmt"/>
      <line num="2544" count="0" type="stmt"/>
      <line num="2556" count="0" type="stmt"/>
      <line num="2557" count="0" type="cond" truecount="0" falsecount="2"/>
      <line num="2558" count="0" type="stmt"/>
      <line num="2563" count="0" type="stmt"/>
      <line num="2564" count="0" type="stmt"/>
      <line num="2576" count="0" type="stmt"/>
      <line num="2577" count="0" type="cond" truecount="0" falsecount="2"/>
      <line num="2578" count="0" type="stmt"/>
      <line num="2583" count="0" type="stmt"/>
      <line num="2584" count="0" type="stmt"/>
      <line num="2597" count="0" type="stmt"/>
      <line num="2598" count="0" type="cond" truecount="0" falsecount="2"/>
      <line num="2599" count="0" type="stmt"/>
      <line num="2604" count="0" type="stmt"/>
      <line num="2605" count="0" type="stmt"/>
      <line num="2616" count="0" type="stmt"/>
      <line num="2617" count="0" type="cond" truecount="0" falsecount="2"/>
      <line num="2618" count="0" type="stmt"/>
      <line num="2619" count="0" type="stmt"/>
      <line num="2622" count="0" type="cond" truecount="0" falsecount="4"/>
      <line num="2623" count="0" type="stmt"/>
      <line num="2626" count="0" type="stmt"/>
      <line num="2627" count="0" type="cond" truecount="0" falsecount="5"/>
      <line num="2628" count="0" type="cond" truecount="0" falsecount="5"/>
      <line num="2631" count="0" type="cond" truecount="0" falsecount="2"/>
      <line num="2632" count="0" type="stmt"/>
      <line num="2633" count="0" type="cond" truecount="0" falsecount="4"/>
      <line num="2635" count="0" type="cond" truecount="0" falsecount="2"/>
      <line num="2636" count="0" type="cond" truecount="0" falsecount="2"/>
      <line num="2637" count="0" type="stmt"/>
      <line num="2638" count="0" type="stmt"/>
      <line num="2641" count="0" type="stmt"/>
      <line num="2659" count="0" type="stmt"/>
      <line num="2664" count="0" type="stmt"/>
      <line num="2665" count="0" type="stmt"/>
      <line num="2675" count="0" type="stmt"/>
      <line num="2676" count="0" type="cond" truecount="0" falsecount="2"/>
      <line num="2677" count="0" type="stmt"/>
      <line num="2678" count="0" type="stmt"/>
      <line num="2680" count="0" type="cond" truecount="0" falsecount="4"/>
      <line num="2681" count="0" type="stmt"/>
      <line num="2683" count="0" type="stmt"/>
      <line num="2684" count="0" type="cond" truecount="0" falsecount="5"/>
      <line num="2685" count="0" type="cond" truecount="0" falsecount="5"/>
      <line num="2687" count="0" type="cond" truecount="0" falsecount="2"/>
      <line num="2688" count="0" type="stmt"/>
      <line num="2689" count="0" type="cond" truecount="0" falsecount="4"/>
      <line num="2691" count="0" type="cond" truecount="0" falsecount="2"/>
      <line num="2692" count="0" type="cond" truecount="0" falsecount="2"/>
      <line num="2693" count="0" type="stmt"/>
      <line num="2694" count="0" type="stmt"/>
      <line num="2696" count="0" type="stmt"/>
      <line num="2705" count="0" type="stmt"/>
      <line num="2710" count="0" type="stmt"/>
      <line num="2711" count="0" type="stmt"/>
      <line num="2722" count="0" type="stmt"/>
      <line num="2723" count="0" type="cond" truecount="0" falsecount="2"/>
      <line num="2724" count="0" type="stmt"/>
      <line num="2725" count="0" type="stmt"/>
      <line num="2727" count="0" type="cond" truecount="0" falsecount="4"/>
      <line num="2728" count="0" type="stmt"/>
      <line num="2730" count="0" type="stmt"/>
      <line num="2731" count="0" type="cond" truecount="0" falsecount="5"/>
      <line num="2732" count="0" type="cond" truecount="0" falsecount="5"/>
      <line num="2734" count="0" type="cond" truecount="0" falsecount="2"/>
      <line num="2735" count="0" type="stmt"/>
      <line num="2736" count="0" type="cond" truecount="0" falsecount="4"/>
      <line num="2738" count="0" type="cond" truecount="0" falsecount="2"/>
      <line num="2739" count="0" type="cond" truecount="0" falsecount="2"/>
      <line num="2740" count="0" type="stmt"/>
      <line num="2741" count="0" type="stmt"/>
      <line num="2743" count="0" type="stmt"/>
      <line num="2752" count="0" type="stmt"/>
      <line num="2757" count="0" type="stmt"/>
      <line num="2758" count="0" type="stmt"/>
      <line num="2773" count="0" type="stmt"/>
      <line num="2774" count="0" type="cond" truecount="0" falsecount="2"/>
      <line num="2775" count="0" type="stmt"/>
      <line num="2780" count="0" type="stmt"/>
      <line num="2781" count="0" type="stmt"/>
      <line num="2796" count="0" type="stmt"/>
      <line num="2797" count="0" type="cond" truecount="0" falsecount="2"/>
      <line num="2798" count="0" type="stmt"/>
      <line num="2803" count="0" type="stmt"/>
      <line num="2804" count="0" type="stmt"/>
      <line num="2820" count="0" type="stmt"/>
      <line num="2821" count="0" type="cond" truecount="0" falsecount="2"/>
      <line num="2822" count="0" type="stmt"/>
      <line num="2827" count="0" type="stmt"/>
      <line num="2828" count="0" type="stmt"/>
      <line num="2842" count="0" type="stmt"/>
      <line num="2843" count="0" type="cond" truecount="0" falsecount="2"/>
      <line num="2844" count="0" type="stmt"/>
      <line num="2849" count="0" type="stmt"/>
      <line num="2850" count="0" type="stmt"/>
      <line num="2865" count="0" type="stmt"/>
      <line num="2866" count="0" type="cond" truecount="0" falsecount="2"/>
      <line num="2867" count="0" type="stmt"/>
      <line num="2872" count="0" type="stmt"/>
      <line num="2873" count="0" type="stmt"/>
      <line num="2888" count="0" type="stmt"/>
      <line num="2889" count="0" type="cond" truecount="0" falsecount="2"/>
      <line num="2891" count="0" type="stmt"/>
      <line num="2896" count="0" type="stmt"/>
      <line num="2901" count="0" type="stmt"/>
      <line num="2902" count="0" type="stmt"/>
      <line num="2919" count="0" type="stmt"/>
      <line num="2920" count="0" type="cond" truecount="0" falsecount="2"/>
      <line num="2921" count="0" type="stmt"/>
      <line num="2922" count="0" type="cond" truecount="0" falsecount="5"/>
      <line num="2923" count="0" type="cond" truecount="0" falsecount="5"/>
      <line num="2925" count="0" type="cond" truecount="0" falsecount="2"/>
      <line num="2926" count="0" type="stmt"/>
      <line num="2927" count="0" type="cond" truecount="0" falsecount="4"/>
      <line num="2929" count="0" type="cond" truecount="0" falsecount="2"/>
      <line num="2930" count="0" type="cond" truecount="0" falsecount="2"/>
      <line num="2931" count="0" type="stmt"/>
      <line num="2932" count="0" type="stmt"/>
      <line num="2934" count="0" type="cond" truecount="0" falsecount="10"/>
      <line num="2936" count="0" type="stmt"/>
      <line num="2941" count="0" type="stmt"/>
      <line num="2942" count="0" type="stmt"/>
      <line num="2958" count="0" type="stmt"/>
      <line num="2959" count="0" type="cond" truecount="0" falsecount="2"/>
      <line num="2960" count="0" type="stmt"/>
      <line num="2961" count="0" type="cond" truecount="0" falsecount="5"/>
      <line num="2962" count="0" type="cond" truecount="0" falsecount="5"/>
      <line num="2964" count="0" type="cond" truecount="0" falsecount="2"/>
      <line num="2965" count="0" type="stmt"/>
      <line num="2966" count="0" type="cond" truecount="0" falsecount="4"/>
      <line num="2968" count="0" type="cond" truecount="0" falsecount="2"/>
      <line num="2969" count="0" type="cond" truecount="0" falsecount="2"/>
      <line num="2970" count="0" type="stmt"/>
      <line num="2971" count="0" type="stmt"/>
      <line num="2973" count="0" type="cond" truecount="0" falsecount="10"/>
      <line num="2975" count="0" type="stmt"/>
      <line num="2980" count="0" type="stmt"/>
      <line num="2981" count="0" type="stmt"/>
      <line num="2996" count="0" type="stmt"/>
      <line num="2997" count="0" type="cond" truecount="0" falsecount="2"/>
      <line num="2998" count="0" type="stmt"/>
      <line num="2999" count="0" type="cond" truecount="0" falsecount="5"/>
      <line num="3000" count="0" type="cond" truecount="0" falsecount="5"/>
      <line num="3002" count="0" type="cond" truecount="0" falsecount="2"/>
      <line num="3003" count="0" type="stmt"/>
      <line num="3004" count="0" type="cond" truecount="0" falsecount="4"/>
      <line num="3006" count="0" type="cond" truecount="0" falsecount="2"/>
      <line num="3007" count="0" type="cond" truecount="0" falsecount="2"/>
      <line num="3008" count="0" type="stmt"/>
      <line num="3009" count="0" type="stmt"/>
      <line num="3011" count="0" type="cond" truecount="0" falsecount="10"/>
      <line num="3013" count="0" type="stmt"/>
      <line num="3018" count="0" type="stmt"/>
      <line num="3019" count="0" type="stmt"/>
      <line num="3032" count="0" type="stmt"/>
      <line num="3033" count="0" type="cond" truecount="0" falsecount="2"/>
      <line num="3034" count="0" type="stmt"/>
      <line num="3035" count="0" type="cond" truecount="0" falsecount="5"/>
      <line num="3036" count="0" type="cond" truecount="0" falsecount="5"/>
      <line num="3038" count="0" type="cond" truecount="0" falsecount="2"/>
      <line num="3039" count="0" type="stmt"/>
      <line num="3040" count="0" type="cond" truecount="0" falsecount="4"/>
      <line num="3042" count="0" type="cond" truecount="0" falsecount="2"/>
      <line num="3043" count="0" type="cond" truecount="0" falsecount="2"/>
      <line num="3044" count="0" type="stmt"/>
      <line num="3045" count="0" type="stmt"/>
      <line num="3047" count="0" type="cond" truecount="0" falsecount="10"/>
      <line num="3049" count="0" type="stmt"/>
      <line num="3054" count="0" type="stmt"/>
      <line num="3055" count="0" type="stmt"/>
      <line num="3068" count="0" type="stmt"/>
      <line num="3069" count="0" type="cond" truecount="0" falsecount="2"/>
      <line num="3070" count="0" type="stmt"/>
      <line num="3071" count="0" type="cond" truecount="0" falsecount="5"/>
      <line num="3072" count="0" type="cond" truecount="0" falsecount="5"/>
      <line num="3074" count="0" type="cond" truecount="0" falsecount="2"/>
      <line num="3075" count="0" type="stmt"/>
      <line num="3076" count="0" type="cond" truecount="0" falsecount="4"/>
      <line num="3078" count="0" type="cond" truecount="0" falsecount="2"/>
      <line num="3079" count="0" type="cond" truecount="0" falsecount="2"/>
      <line num="3080" count="0" type="stmt"/>
      <line num="3081" count="0" type="stmt"/>
      <line num="3083" count="0" type="cond" truecount="0" falsecount="10"/>
      <line num="3085" count="0" type="stmt"/>
      <line num="3090" count="0" type="stmt"/>
      <line num="3091" count="0" type="stmt"/>
      <line num="3104" count="0" type="stmt"/>
      <line num="3105" count="0" type="cond" truecount="0" falsecount="2"/>
      <line num="3106" count="0" type="stmt"/>
      <line num="3107" count="0" type="cond" truecount="0" falsecount="5"/>
      <line num="3108" count="0" type="cond" truecount="0" falsecount="5"/>
      <line num="3110" count="0" type="cond" truecount="0" falsecount="2"/>
      <line num="3111" count="0" type="stmt"/>
      <line num="3112" count="0" type="cond" truecount="0" falsecount="4"/>
      <line num="3114" count="0" type="cond" truecount="0" falsecount="2"/>
      <line num="3115" count="0" type="cond" truecount="0" falsecount="2"/>
      <line num="3116" count="0" type="stmt"/>
      <line num="3117" count="0" type="stmt"/>
      <line num="3119" count="0" type="cond" truecount="0" falsecount="10"/>
      <line num="3121" count="0" type="stmt"/>
      <line num="3126" count="0" type="stmt"/>
      <line num="3127" count="0" type="stmt"/>
      <line num="3140" count="0" type="stmt"/>
      <line num="3141" count="0" type="cond" truecount="0" falsecount="2"/>
      <line num="3142" count="0" type="stmt"/>
      <line num="3143" count="0" type="cond" truecount="0" falsecount="5"/>
      <line num="3144" count="0" type="cond" truecount="0" falsecount="5"/>
      <line num="3146" count="0" type="cond" truecount="0" falsecount="2"/>
      <line num="3147" count="0" type="stmt"/>
      <line num="3148" count="0" type="cond" truecount="0" falsecount="4"/>
      <line num="3150" count="0" type="cond" truecount="0" falsecount="2"/>
      <line num="3151" count="0" type="cond" truecount="0" falsecount="2"/>
      <line num="3152" count="0" type="stmt"/>
      <line num="3153" count="0" type="stmt"/>
      <line num="3155" count="0" type="cond" truecount="0" falsecount="10"/>
      <line num="3157" count="0" type="stmt"/>
      <line num="3162" count="0" type="stmt"/>
      <line num="3163" count="0" type="stmt"/>
      <line num="3176" count="0" type="stmt"/>
      <line num="3177" count="0" type="cond" truecount="0" falsecount="2"/>
      <line num="3178" count="0" type="stmt"/>
      <line num="3179" count="0" type="cond" truecount="0" falsecount="5"/>
      <line num="3180" count="0" type="cond" truecount="0" falsecount="5"/>
      <line num="3182" count="0" type="cond" truecount="0" falsecount="2"/>
      <line num="3183" count="0" type="stmt"/>
      <line num="3184" count="0" type="cond" truecount="0" falsecount="4"/>
      <line num="3186" count="0" type="cond" truecount="0" falsecount="2"/>
      <line num="3187" count="0" type="cond" truecount="0" falsecount="2"/>
      <line num="3188" count="0" type="stmt"/>
      <line num="3189" count="0" type="stmt"/>
      <line num="3191" count="0" type="cond" truecount="0" falsecount="10"/>
      <line num="3193" count="0" type="stmt"/>
      <line num="3198" count="0" type="stmt"/>
      <line num="3199" count="0" type="stmt"/>
      <line num="3211" count="0" type="stmt"/>
      <line num="3212" count="0" type="cond" truecount="0" falsecount="2"/>
      <line num="3213" count="0" type="stmt"/>
      <line num="3214" count="0" type="stmt"/>
      <line num="3218" count="0" type="cond" truecount="0" falsecount="4"/>
      <line num="3219" count="0" type="stmt"/>
[...]
      <line num="13" count="0" type="stmt"/>
      <line num="27" count="0" type="stmt"/>
      <line num="30" count="0" type="cond" truecount="0" falsecount="7"/>
      <line num="31" count="0" type="stmt"/>
      <line num="38" count="0" type="stmt"/>
      <line num="39" count="0" type="cond" truecount="0" falsecount="4"/>
      <line num="40" count="0" type="stmt"/>
      <line num="47" count="0" type="stmt"/>
      <line num="49" count="0" type="stmt"/>
      <line num="57" count="0" type="stmt"/>
      <line num="75" count="0" type="stmt"/>
      <line num="79" count="0" type="stmt"/>
      <line num="80" count="0" type="stmt"/>
      <line num="82" count="0" type="stmt"/>
      <line num="88" count="0" type="stmt"/>
      <line num="95" count="0" type="stmt"/>
      <line num="104" count="0" type="stmt"/>
      <line num="105" count="0" type="stmt"/>
      <line num="135" count="0" type="stmt"/>
      <line num="136" count="0" type="stmt"/>
      <line num="137" count="0" type="cond" truecount="0" falsecount="2"/>
      <line num="138" count="0" type="stmt"/>
      <line num="139" count="0" type="stmt"/>
      <line num="141" count="0" type="stmt"/>
      <line num="142" count="0" type="stmt"/>
      <line num="147" count="0" type="stmt"/>
      <line num="158" count="0" type="stmt"/>
      <line num="161" count="0" type="cond" truecount="0" falsecount="2"/>
      <line num="162" count="0" type="stmt"/>
      <line num="170" count="0" type="stmt"/>
      <line num="178" count="0" type="stmt"/>
      <line num="179" count="0" type="stmt"/>
      <line num="180" count="0" type="stmt"/>
      <line num="182" count="0" type="cond" truecount="0" falsecount="2"/>
      <line num="183" count="0" type="stmt"/>
      <line num="188" count="0" type="stmt"/>
      <line num="192" count="0" type="stmt"/>
      <line num="193" count="0" type="stmt"/>
      <line num="195" count="0" type="stmt"/>
      <line num="201" count="0" type="stmt"/>
      <line num="207" count="0" type="stmt"/>
      <line num="215" count="0" type="stmt"/>
      <line num="222" count="0" type="cond" truecount="0" falsecount="4"/>
      <line num="223" count="0" type="stmt"/>
      <line num="224" count="0" type="stmt"/>
      <line num="225" count="0" type="stmt"/>
      <line num="233" count="0" type="stmt"/>
      <line num="234" count="0" type="cond" truecount="0" falsecount="2"/>
      <line num="235" count="0" type="stmt"/>
      <line num="236" count="0" type="stmt"/>
      <line num="237" count="0" type="cond" truecount="0" falsecount="2"/>
      <line num="238" count="0" type="stmt"/>
      <line num="239" count="0" type="stmt"/>
      <line num="241" count="0" type="stmt"/>
      <line num="242" count="0" type="stmt"/>
      <line num="247" count="0" type="stmt"/>
      <line num="248" count="0" type="stmt"/>
      <line num="255" count="0" type="cond" truecount="0" falsecount="4"/>
      <line num="256" count="0" type="stmt"/>
      <line num="262" count="0" type="cond" truecount="0" falsecount="4"/>
      <line num="264" count="0" type="stmt"/>
      <line num="265" count="0" type="stmt"/>
      <line num="273" count="0" type="stmt"/>
      <line num="274" count="0" type="cond" truecount="0" falsecount="2"/>
      <line num="275" count="0" type="stmt"/>
      <line num="279" count="0" type="stmt"/>
      <line num="287" count="0" type="stmt"/>
      <line num="298" count="0" type="stmt"/>
      <line num="299" count="0" type="stmt"/>
      <line num="306" count="0" type="stmt"/>
      <line num="307" count="0" type="stmt"/>
      <line num="308" count="0" type="stmt"/>
      <line num="310" count="0" type="cond" truecount="0" falsecount="2"/>
      <line num="311" count="0" type="stmt"/>
      <line num="317" count="0" type="stmt"/>
      <line num="318" count="0" type="stmt"/>
      <line num="320" count="0" type="stmt"/>
      <line num="326" count="0" type="stmt"/>
      <line num="331" count="0" type="stmt"/>
      <line num="339" count="0" type="stmt"/>
      <line num="350" count="0" type="stmt"/>
      <line num="351" count="0" type="stmt"/>
    </file>
    <file name="subscription.controller.js" path="/Users/surakshanigade/Downloads/FayaazTravelsmain/FTnewproj/FT (1)/FT/backend/controllers/subscription.controller.js">
      <metrics statements="9" coveredstatements="0" conditionals="6" coveredconditionals="0" methods="2" coveredmethods="0"/>
      <line num="2" count="0" type="stmt"/>
      <line num="5" count="0" type="stmt"/>
      <line num="6" count="0" type="stmt"/>
      <line num="7" count="0" type="cond" truecount="0" falsecount="2"/>
      <line num="8" count="0" type="stmt"/>
      <line num="9" count="0" type="cond" truecount="0" falsecount="2"/>
      <line num="10" count="0" type="cond" truecount="0" falsecount="2"/>
      <line num="11" count="0" type="stmt"/>
      <line num="13" count="0" type="stmt"/>
    </file>
    <file name="tracking.controller.js" path="/Users/surakshanigade/Downloads/FayaazTravelsmain/FTnewproj/FT (1)/FT/backend/controllers/tracking.controller.js">
      <metrics statements="62" coveredstatements="0" conditionals="33" coveredconditionals="0" methods="9" coveredmethods="0"/>
      <line num="2" count="0" type="stmt"/>
      <line num="5" count="0" type="stmt"/>
      <line num="6" count="0" type="stmt"/>
      <line num="7" count="0" type="stmt"/>
      <line num="9" count="0" type="cond" truecount="0" falsecount="2"/>
      <line num="10" count="0" type="stmt"/>
      <line num="14" count="0" type="stmt"/>
      <line num="19" count="0" type="stmt"/>
      <line num="26" count="0" type="stmt"/>
      <line num="27" count="0" type="cond" truecount="0" falsecount="2"/>
      <line num="28" count="0" type="stmt"/>
      <line num="30" count="0" type="stmt"/>
      <line num="35" count="0" type="stmt"/>
      <line num="37" count="0" type="cond" truecount="0" falsecount="5"/>
      <line num="39" count="0" type="stmt"/>
      <line num="40" count="0" type="stmt"/>
      <line num="42" count="0" type="stmt"/>
      <line num="43" count="0" type="stmt"/>
      <line num="45" count="0" type="stmt"/>
      <line num="46" count="0" type="stmt"/>
      <line num="48" count="0" type="stmt"/>
      <line num="49" count="0" type="stmt"/>
      <line num="51" count="0" type="stmt"/>
      <line num="55" count="0" type="cond" truecount="0" falsecount="4"/>
      <line num="57" count="0" type="stmt"/>
      <line num="58" count="0" type="stmt"/>
      <line num="61" count="0" type="stmt"/>
      <line num="65" count="0" type="stmt"/>
      <line num="66" count="0" type="stmt"/>
      <line num="74" count="0" type="stmt"/>
      <line num="75" count="0" type="stmt"/>
      <line num="76" count="0" type="stmt"/>
      <line num="79" count="0" type="stmt"/>
      <line num="80" count="0" type="stmt"/>
      <line num="82" count="0" type="cond" truecount="0" falsecount="2"/>
      <line num="83" count="0" type="stmt"/>
      <line num="84" count="0" type="stmt"/>
      <line num="87" count="0" type="cond" truecount="0" falsecount="2"/>
      <line num="88" count="0" type="stmt"/>
      <line num="89" count="0" type="stmt"/>
      <line num="92" count="0" type="cond" truecount="0" falsecount="2"/>
      <line num="93" count="0" type="stmt"/>
      <line num="94" count="0" type="stmt"/>
      <line num="98" count="0" type="stmt"/>
      <line num="110" count="0" type="stmt"/>
      <line num="111" count="0" type="cond" truecount="0" falsecount="2"/>
      <line num="112" count="0" type="stmt"/>
      <line num="113" count="0" type="stmt"/>
      <line num="117" count="0" type="stmt"/>
      <line num="130" count="0" type="stmt"/>
      <line num="131" count="0" type="cond" truecount="0" falsecount="2"/>
      <line num="132" count="0" type="stmt"/>
      <line num="133" count="0" type="stmt"/>
      <line num="137" count="0" type="stmt"/>
      <line num="138" count="0" type="stmt"/>
      <line num="139" count="0" type="cond" truecount="0" falsecount="2"/>
      <line num="141" count="0" type="stmt"/>
      <line num="148" count="0" type="stmt"/>
      <line num="153" count="0" type="cond" truecount="0" falsecount="2"/>
      <line num="154" count="0" type="stmt"/>
      <line num="162" count="0" type="stmt"/>
      <line num="163" count="0" type="stmt"/>
    </file>
    <file name="user.controller.js" path="/Users/surakshanigade/Downloads/FayaazTravelsmain/FTnewproj/FT (1)/FT/backend/controllers/user.controller.js">
      <metrics statements="62" coveredstatements="0" conditionals="66" coveredconditionals="0" methods="6" coveredmethods="0"/>
      <line num="2" count="0" type="stmt"/>
      <line num="5" count="0" type="stmt"/>
      <line num="6" count="0" type="stmt"/>
      <line num="8" count="0" type="cond" truecount="0" falsecount="4"/>
      <line num="9" count="0" type="stmt"/>
      <line num="16" count="0" type="stmt"/>
      <line num="17" count="0" type="stmt"/>
      <line num="19" count="0" type="cond" truecount="0" falsecount="4"/>
      <line num="20" count="0" type="stmt"/>
      <line num="21" count="0" type="stmt"/>
      <line num="22" count="0" type="cond" truecount="0" falsecount="2"/>
      <line num="23" count="0" type="stmt"/>
      <line num="24" count="0" type="stmt"/>
      <line num="26" count="0" type="stmt"/>
      <line num="32" count="0" type="stmt"/>
      <line num="44" count="0" type="stmt"/>
      <line num="45" count="0" type="cond" truecount="0" falsecount="2"/>
      <line num="46" count="0" type="stmt"/>
      <line num="47" count="0" type="stmt"/>
      <line num="53" count="0" type="cond" truecount="0" falsecount="2"/>
      <line num="54" count="0" type="stmt"/>
      <line num="60" count="0" type="stmt"/>
      <line num="63" count="0" type="cond" truecount="0" falsecount="2"/>
      <line num="64" count="0" type="cond" truecount="0" falsecount="2"/>
      <line num="65" count="0" type="cond" truecount="0" falsecount="2"/>
      <line num="68" count="0" type="stmt"/>
      <line num="77" count="0" type="stmt"/>
      <line num="79" count="0" type="stmt"/>
      <line num="80" count="0" type="cond" truecount="0" falsecount="2"/>
      <line num="81" count="0" type="stmt"/>
      <line num="85" count="0" type="cond" truecount="0" falsecount="4"/>
      <line num="92" count="0" type="stmt"/>
      <line num="107" count="0" type="stmt"/>
      <line num="116" count="0" type="stmt"/>
      <line num="117" count="0" type="stmt"/>
      <line num="119" count="0" type="cond" truecount="0" falsecount="4"/>
      <line num="120" count="0" type="stmt"/>
      <line num="127" count="0" type="stmt"/>
      <line num="128" count="0" type="stmt"/>
      <line num="130" count="0" type="cond" truecount="0" falsecount="4"/>
      <line num="131" count="0" type="stmt"/>
      <line num="132" count="0" type="stmt"/>
      <line num="133" count="0" type="cond" truecount="0" falsecount="2"/>
      <line num="134" count="0" type="stmt"/>
      <line num="135" count="0" type="stmt"/>
      <line num="138" count="0" type="stmt"/>
      <line num="140" count="0" type="stmt"/>
      <line num="141" count="0" type="cond" truecount="0" falsecount="2"/>
      <line num="142" count="0" type="stmt"/>
      <line num="143" count="0" type="stmt"/>
      <line num="149" count="0" type="cond" truecount="0" falsecount="2"/>
      <line num="150" count="0" type="stmt"/>
      <line num="156" count="0" type="stmt"/>
      <line num="159" count="0" type="stmt"/>
      <line num="175" count="0" type="stmt"/>
      <line num="177" count="0" type="stmt"/>
      <line num="178" count="0" type="cond" truecount="0" falsecount="2"/>
      <line num="179" count="0" type="stmt"/>
      <line num="182" count="0" type="cond" truecount="0" falsecount="4"/>
      <line num="185" count="0" type="cond" truecount="0" falsecount="2"/>
      <line num="186" count="0" type="stmt"/>
      <line num="201" count="0" type="stmt"/>
    </file>
    <file name="userUpdate.controller.js" path="/Users/surakshanigade/Downloads/FayaazTravelsmain/FTnewproj/FT (1)/FT/backend/controllers/userUpdate.controller.js">
      <metrics statements="60" coveredstatements="0" conditionals="80" coveredconditionals="0" methods="6" coveredmethods="0"/>
      <line num="2" count="0" type="stmt"/>
      <line num="5" count="0" type="stmt"/>
      <line num="6" count="0" type="stmt"/>
      <line num="8" count="0" type="cond" truecount="0" falsecount="4"/>
      <line num="9" count="0" type="stmt"/>
      <line num="16" count="0" type="stmt"/>
      <line num="17" count="0" type="stmt"/>
      <line num="19" count="0" type="cond" truecount="0" falsecount="4"/>
      <line num="20" count="0" type="stmt"/>
      <line num="21" count="0" type="stmt"/>
      <line num="22" count="0" type="cond" truecount="0" falsecount="2"/>
      <line num="23" count="0" type="stmt"/>
      <line num="24" count="0" type="stmt"/>
      <line num="28" count="0" type="stmt"/>
      <line num="30" count="0" type="stmt"/>
      <line num="31" count="0" type="cond" truecount="0" falsecount="2"/>
      <line num="32" count="0" type="stmt"/>
      <line num="33" count="0" type="stmt"/>
      <line num="39" count="0" type="cond" truecount="0" falsecount="2"/>
      <line num="40" count="0" type="stmt"/>
      <line num="46" count="0" type="stmt"/>
      <line num="49" count="0" type="stmt"/>
      <line num="62" count="0" type="stmt"/>
      <line num="64" count="0" type="stmt"/>
      <line num="65" count="0" type="cond" truecount="0" falsecount="2"/>
      <line num="66" count="0" type="stmt"/>
      <line num="69" count="0" type="cond" truecount="0" falsecount="4"/>
      <line num="72" count="0" type="cond" truecount="0" falsecount="2"/>
      <line num="73" count="0" type="stmt"/>
      <line num="88" count="0" type="stmt"/>
      <line num="97" count="0" type="stmt"/>
      <line num="98" count="0" type="stmt"/>
      <line num="99" count="0" type="stmt"/>
      <line num="101" count="0" type="cond" truecount="0" falsecount="4"/>
      <line num="102" count="0" type="stmt"/>
      <line num="109" count="0" type="stmt"/>
      <line num="110" count="0" type="stmt"/>
      <line num="112" count="0" type="cond" truecount="0" falsecount="4"/>
      <line num="113" count="0" type="stmt"/>
      <line num="114" count="0" type="stmt"/>
      <line num="115" count="0" type="cond" truecount="0" falsecount="2"/>
      <line num="116" count="0" type="stmt"/>
      <line num="117" count="0" type="stmt"/>
      <line num="121" count="0" type="stmt"/>
      <line num="123" count="0" type="stmt"/>
      <line num="124" count="0" type="cond" truecount="0" falsecount="2"/>
      <line num="125" count="0" type="stmt"/>
      <line num="126" count="0" type="stmt"/>
      <line num="132" count="0" type="cond" truecount="0" falsecount="2"/>
      <line num="133" count="0" type="stmt"/>
      <line num="139" count="0" type="stmt"/>
      <line num="142" count="0" type="cond" truecount="0" falsecount="4"/>
      <line num="143" count="0" type="cond" truecount="0" falsecount="4"/>
      <line num="144" count="0" type="stmt"/>
      <line num="146" count="0" type="stmt"/>
      <line num="147" count="0" type="cond" truecount="0" falsecount="2"/>
      <line num="148" count="0" type="stmt"/>
      <line num="149" count="0" type="stmt"/>
      <line num="156" count="0" type="stmt"/>
      <line num="172" count="0" type="stmt"/>
    </file>
    <file name="webhook.controller.js" path="/Users/surakshanigade/Downloads/FayaazTravelsmain/FTnewproj/FT (1)/FT/backend/controllers/webhook.controller.js">
      <metrics statements="82" coveredstatements="0" conditionals="40" coveredconditionals="0" methods="13" coveredmethods="0"/>
      <line num="1" count="0" type="stmt"/>
      <line num="2" count="0" type="stmt"/>
      <line num="4" count="0" type="stmt"/>
      <line num="5" count="0" type="stmt"/>
      <line num="6" count="0" type="stmt"/>
      <line num="7" count="0" type="stmt"/>
      <line num="8" count="0" type="stmt"/>
      <line num="9" count="0" type="cond" truecount="0" falsecount="2"/>
      <line num="10" count="0" type="cond" truecount="0" falsecount="2"/>
      <line num="11" count="0" type="cond" truecount="0" falsecount="2"/>
      <line num="12" count="0" type="cond" truecount="0" falsecount="2"/>
      <line num="13" count="0" type="cond" truecount="0" falsecount="2"/>
      <line num="14" count="0" type="stmt"/>
      <line num="17" count="0" type="stmt"/>
      <line num="18" count="0" type="stmt"/>
      <line num="20" count="0" type="cond" truecount="0" falsecount="5"/>
      <line num="21" count="0" type="stmt"/>
      <line num="22" count="0" type="stmt"/>
      <line num="27" count="0" type="cond" truecount="0" falsecount="2"/>
      <line num="28" count="0" type="stmt"/>
      <line num="29" count="0" type="stmt"/>
      <line num="33" count="0" type="stmt"/>
      <line num="34" count="0" type="stmt"/>
      <line num="36" count="0" type="cond" truecount="0" falsecount="5"/>
      <line num="38" count="0" type="stmt"/>
      <line num="39" count="0" type="stmt"/>
      <line num="41" count="0" type="stmt"/>
      <line num="42" count="0" type="stmt"/>
      <line num="44" count="0" type="stmt"/>
      <line num="45" count="0" type="stmt"/>
      <line num="47" count="0" type="stmt"/>
      <line num="48" count="0" type="stmt"/>
      <line num="50" count="0" type="stmt"/>
      <line num="53" count="0" type="stmt"/>
      <line num="55" count="0" type="stmt"/>
      <line num="56" count="0" type="stmt"/>
      <line num="61" count="0" type="stmt"/>
      <line num="64" count="0" type="stmt"/>
      <line num="73" count="0" type="stmt"/>
      <line num="74" count="0" type="cond" truecount="0" falsecount="2"/>
      <line num="75" count="0" type="stmt"/>
      <line num="76" count="0" type="cond" truecount="0" falsecount="2"/>
      <line num="77" count="0" type="stmt"/>
      <line num="79" count="0" type="stmt"/>
      <line num="80" count="0" type="stmt"/>
      <line num="81" count="0" type="stmt"/>
      <line num="87" count="0" type="stmt"/>
      <line num="93" count="0" type="stmt"/>
      <line num="96" count="0" type="stmt"/>
      <line num="105" count="0" type="cond" truecount="0" falsecount="2"/>
      <line num="107" count="0" type="stmt"/>
      <line num="108" count="0" type="cond" truecount="0" falsecount="2"/>
      <line num="109" count="0" type="stmt"/>
      <line num="110" count="0" type="cond" truecount="0" falsecount="2"/>
      <line num="111" count="0" type="stmt"/>
      <line num="113" count="0" type="stmt"/>
      <line num="116" count="0" type="stmt"/>
      <line num="122" count="0" type="stmt"/>
      <line num="125" count="0" type="stmt"/>
      <line num="133" count="0" type="stmt"/>
      <line num="134" count="0" type="cond" truecount="0" falsecount="2"/>
      <line num="135" count="0" type="stmt"/>
      <line num="137" count="0" type="stmt"/>
      <line num="143" count="0" type="stmt"/>
      <line num="146" count="0" type="stmt"/>
      <line num="154" count="0" type="stmt"/>
      <line num="155" count="0" type="cond" truecount="0" falsecount="2"/>
      <line num="156" count="0" type="stmt"/>
      <line num="158" count="0" type="stmt"/>
      <line num="161" count="0" type="stmt"/>
      <line num="168" count="0" type="stmt"/>
      <line num="175" count="0" type="stmt"/>
      <line num="176" count="0" type="cond" truecount="0" falsecount="2"/>
      <line num="177" count="0" type="stmt"/>
      <line num="178" count="0" type="stmt"/>
      <line num="181" count="0" type="cond" truecount="0" falsecount="2"/>
      <line num="182" count="0" type="stmt"/>
      <line num="183" count="0" type="stmt"/>
      <line num="186" count="0" type="stmt"/>
      <line num="187" count="0" type="stmt"/>
      <line num="198" count="0" type="stmt"/>
      <line num="207" count="0" type="stmt"/>
    </file>
  </project>
</coverage>
