{"/Users/surakshanigade/Downloads/FayaazTravelsmain/FTnewproj/FT (1)/FT/backend/controllers/auth.controller.js": {"path":"/Users/surakshanigade/Downloads/FayaazTravelsmain/FTnewproj/FT (1)/FT/backend/controllers/auth.controller.js","statementMap":{"0":{"start":{"line":1,"column":15},"end":{"line":1,"column":32}},"1":{"start":{"line":2,"column":12},"end":{"line":2,"column":35}},"2":{"start":{"line":3,"column":11},"end":{"line":3,"column":27}},"3":{"start":{"line":5,"column":19},"end":{"line":5,"column":62}},"4":{"start":{"line":6,"column":20},"end":{"line":6,"column":22}},"5":{"start":{"line":8,"column":0},"end":{"line":48,"column":2}},"6":{"start":{"line":9,"column":36},"end":{"line":9,"column":44}},"7":{"start":{"line":11,"column":2},"end":{"line":13,"column":3}},"8":{"start":{"line":12,"column":4},"end":{"line":12,"column":86}},"9":{"start":{"line":16,"column":2},"end":{"line":47,"column":5}},"10":{"start":{"line":17,"column":4},"end":{"line":19,"column":5}},"11":{"start":{"line":18,"column":6},"end":{"line":18,"column":65}},"12":{"start":{"line":21,"column":4},"end":{"line":23,"column":5}},"13":{"start":{"line":22,"column":6},"end":{"line":22,"column":75}},"14":{"start":{"line":25,"column":4},"end":{"line":46,"column":5}},"15":{"start":{"line":27,"column":29},"end":{"line":27,"column":69}},"16":{"start":{"line":30,"column":19},"end":{"line":30,"column":60}},"17":{"start":{"line":31,"column":6},"end":{"line":43,"column":9}},"18":{"start":{"line":32,"column":8},"end":{"line":34,"column":9}},"19":{"start":{"line":33,"column":10},"end":{"line":33,"column":76}},"20":{"start":{"line":37,"column":22},"end":{"line":37,"column":95}},"21":{"start":{"line":39,"column":8},"end":{"line":42,"column":11}},"22":{"start":{"line":45,"column":6},"end":{"line":45,"column":55}},"23":{"start":{"line":50,"column":0},"end":{"line":86,"column":2}},"24":{"start":{"line":51,"column":30},"end":{"line":51,"column":38}},"25":{"start":{"line":53,"column":2},"end":{"line":55,"column":3}},"26":{"start":{"line":54,"column":4},"end":{"line":54,"column":80}},"27":{"start":{"line":57,"column":2},"end":{"line":85,"column":5}},"28":{"start":{"line":58,"column":4},"end":{"line":60,"column":5}},"29":{"start":{"line":59,"column":6},"end":{"line":59,"column":65}},"30":{"start":{"line":62,"column":4},"end":{"line":64,"column":5}},"31":{"start":{"line":63,"column":6},"end":{"line":63,"column":70}},"32":{"start":{"line":66,"column":17},"end":{"line":66,"column":27}},"33":{"start":{"line":68,"column":4},"end":{"line":84,"column":5}},"34":{"start":{"line":69,"column":22},"end":{"line":69,"column":67}},"35":{"start":{"line":71,"column":6},"end":{"line":73,"column":7}},"36":{"start":{"line":72,"column":8},"end":{"line":72,"column":72}},"37":{"start":{"line":76,"column":20},"end":{"line":76,"column":97}},"38":{"start":{"line":78,"column":6},"end":{"line":81,"column":9}},"39":{"start":{"line":83,"column":6},"end":{"line":83,"column":65}}},"fnMap":{"0":{"name":"(anonymous_0)","decl":{"start":{"line":8,"column":17},"end":{"line":8,"column":18}},"loc":{"start":{"line":8,"column":33},"end":{"line":48,"column":1}},"line":8},"1":{"name":"(anonymous_1)","decl":{"start":{"line":16,"column":64},"end":{"line":16,"column":65}},"loc":{"start":{"line":16,"column":88},"end":{"line":47,"column":3}},"line":16},"2":{"name":"(anonymous_2)","decl":{"start":{"line":31,"column":52},"end":{"line":31,"column":53}},"loc":{"start":{"line":31,"column":69},"end":{"line":43,"column":7}},"line":31},"3":{"name":"(anonymous_3)","decl":{"start":{"line":50,"column":16},"end":{"line":50,"column":17}},"loc":{"start":{"line":50,"column":32},"end":{"line":86,"column":1}},"line":50},"4":{"name":"(anonymous_4)","decl":{"start":{"line":57,"column":63},"end":{"line":57,"column":64}},"loc":{"start":{"line":57,"column":87},"end":{"line":85,"column":3}},"line":57}},"branchMap":{"0":{"loc":{"start":{"line":5,"column":19},"end":{"line":5,"column":62}},"type":"binary-expr","locations":[{"start":{"line":5,"column":19},"end":{"line":5,"column":41}},{"start":{"line":5,"column":45},"end":{"line":5,"column":62}}],"line":5},"1":{"loc":{"start":{"line":11,"column":2},"end":{"line":13,"column":3}},"type":"if","locations":[{"start":{"line":11,"column":2},"end":{"line":13,"column":3}},{"start":{},"end":{}}],"line":11},"2":{"loc":{"start":{"line":11,"column":6},"end":{"line":11,"column":34}},"type":"binary-expr","locations":[{"start":{"line":11,"column":6},"end":{"line":11,"column":11}},{"start":{"line":11,"column":15},"end":{"line":11,"column":21}},{"start":{"line":11,"column":25},"end":{"line":11,"column":34}}],"line":11},"3":{"loc":{"start":{"line":17,"column":4},"end":{"line":19,"column":5}},"type":"if","locations":[{"start":{"line":17,"column":4},"end":{"line":19,"column":5}},{"start":{},"end":{}}],"line":17},"4":{"loc":{"start":{"line":21,"column":4},"end":{"line":23,"column":5}},"type":"if","locations":[{"start":{"line":21,"column":4},"end":{"line":23,"column":5}},{"start":{},"end":{}}],"line":21},"5":{"loc":{"start":{"line":32,"column":8},"end":{"line":34,"column":9}},"type":"if","locations":[{"start":{"line":32,"column":8},"end":{"line":34,"column":9}},{"start":{},"end":{}}],"line":32},"6":{"loc":{"start":{"line":53,"column":2},"end":{"line":55,"column":3}},"type":"if","locations":[{"start":{"line":53,"column":2},"end":{"line":55,"column":3}},{"start":{},"end":{}}],"line":53},"7":{"loc":{"start":{"line":53,"column":6},"end":{"line":53,"column":25}},"type":"binary-expr","locations":[{"start":{"line":53,"column":6},"end":{"line":53,"column":12}},{"start":{"line":53,"column":16},"end":{"line":53,"column":25}}],"line":53},"8":{"loc":{"start":{"line":58,"column":4},"end":{"line":60,"column":5}},"type":"if","locations":[{"start":{"line":58,"column":4},"end":{"line":60,"column":5}},{"start":{},"end":{}}],"line":58},"9":{"loc":{"start":{"line":62,"column":4},"end":{"line":64,"column":5}},"type":"if","locations":[{"start":{"line":62,"column":4},"end":{"line":64,"column":5}},{"start":{},"end":{}}],"line":62},"10":{"loc":{"start":{"line":71,"column":6},"end":{"line":73,"column":7}},"type":"if","locations":[{"start":{"line":71,"column":6},"end":{"line":73,"column":7}},{"start":{},"end":{}}],"line":71}},"s":{"0":0,"1":0,"2":0,"3":0,"4":0,"5":0,"6":0,"7":0,"8":0,"9":0,"10":0,"11":0,"12":0,"13":0,"14":0,"15":0,"16":0,"17":0,"18":0,"19":0,"20":0,"21":0,"22":0,"23":0,"24":0,"25":0,"26":0,"27":0,"28":0,"29":0,"30":0,"31":0,"32":0,"33":0,"34":0,"35":0,"36":0,"37":0,"38":0,"39":0},"f":{"0":0,"1":0,"2":0,"3":0,"4":0},"b":{"0":[0,0],"1":[0,0],"2":[0,0,0],"3":[0,0],"4":[0,0],"5":[0,0],"6":[0,0],"7":[0,0],"8":[0,0],"9":[0,0],"10":[0,0]}}
,"/Users/surakshanigade/Downloads/FayaazTravelsmain/FTnewproj/FT (1)/FT/backend/controllers/booking.controller.js": {"path":"/Users/surakshanigade/Downloads/FayaazTravelsmain/FTnewproj/FT (1)/FT/backend/controllers/booking.controller.js","statementMap":{"0":{"start":{"line":2,"column":11},"end":{"line":2,"column":27}},"1":{"start":{"line":4,"column":0},"end":{"line":83,"column":2}},"2":{"start":{"line":6,"column":34},"end":{"line":6,"column":43}},"3":{"start":{"line":8,"column":2},"end":{"line":13,"column":3}},"4":{"start":{"line":9,"column":4},"end":{"line":12,"column":7}},"5":{"start":{"line":16,"column":20},"end":{"line":16,"column":22}},"6":{"start":{"line":17,"column":20},"end":{"line":17,"column":22}},"7":{"start":{"line":19,"column":2},"end":{"line":31,"column":3}},"8":{"start":{"line":20,"column":4},"end":{"line":20,"column":40}},"9":{"start":{"line":21,"column":4},"end":{"line":21,"column":40}},"10":{"start":{"line":22,"column":9},"end":{"line":31,"column":3}},"11":{"start":{"line":23,"column":4},"end":{"line":23,"column":46}},"12":{"start":{"line":24,"column":4},"end":{"line":24,"column":33}},"13":{"start":{"line":27,"column":4},"end":{"line":30,"column":7}},"14":{"start":{"line":34,"column":16},"end":{"line":58,"column":3}},"15":{"start":{"line":60,"column":2},"end":{"line":82,"column":5}},"16":{"start":{"line":61,"column":4},"end":{"line":67,"column":5}},"17":{"start":{"line":62,"column":6},"end":{"line":62,"column":60}},"18":{"start":{"line":63,"column":6},"end":{"line":66,"column":9}},"19":{"start":{"line":70,"column":29},"end":{"line":75,"column":7}},"20":{"start":{"line":70,"column":53},"end":{"line":75,"column":5}},"21":{"start":{"line":77,"column":4},"end":{"line":81,"column":7}},"22":{"start":{"line":86,"column":0},"end":{"line":207,"column":2}},"23":{"start":{"line":87,"column":74},"end":{"line":87,"column":83}},"24":{"start":{"line":90,"column":2},"end":{"line":95,"column":3}},"25":{"start":{"line":91,"column":4},"end":{"line":94,"column":7}},"26":{"start":{"line":97,"column":20},"end":{"line":97,"column":31}},"27":{"start":{"line":98,"column":22},"end":{"line":98,"column":24}},"28":{"start":{"line":101,"column":2},"end":{"line":113,"column":3}},"29":{"start":{"line":102,"column":4},"end":{"line":102,"column":40}},"30":{"start":{"line":103,"column":4},"end":{"line":103,"column":40}},"31":{"start":{"line":104,"column":9},"end":{"line":113,"column":3}},"32":{"start":{"line":105,"column":4},"end":{"line":105,"column":46}},"33":{"start":{"line":106,"column":4},"end":{"line":106,"column":33}},"34":{"start":{"line":109,"column":4},"end":{"line":112,"column":7}},"35":{"start":{"line":116,"column":2},"end":{"line":120,"column":3}},"36":{"start":{"line":117,"column":4},"end":{"line":117,"column":47}},"37":{"start":{"line":118,"column":22},"end":{"line":118,"column":70}},"38":{"start":{"line":119,"column":4},"end":{"line":119,"column":59}},"39":{"start":{"line":123,"column":2},"end":{"line":127,"column":3}},"40":{"start":{"line":124,"column":4},"end":{"line":124,"column":107}},"41":{"start":{"line":125,"column":23},"end":{"line":125,"column":36}},"42":{"start":{"line":126,"column":4},"end":{"line":126,"column":45}},"43":{"start":{"line":129,"column":16},"end":{"line":156,"column":3}},"44":{"start":{"line":158,"column":2},"end":{"line":158,"column":54}},"45":{"start":{"line":161,"column":21},"end":{"line":166,"column":3}},"46":{"start":{"line":169,"column":2},"end":{"line":206,"column":5}},"47":{"start":{"line":170,"column":4},"end":{"line":176,"column":5}},"48":{"start":{"line":171,"column":6},"end":{"line":171,"column":58}},"49":{"start":{"line":172,"column":6},"end":{"line":175,"column":9}},"50":{"start":{"line":178,"column":23},"end":{"line":178,"column":43}},"51":{"start":{"line":181,"column":4},"end":{"line":205,"column":7}},"52":{"start":{"line":182,"column":6},"end":{"line":188,"column":7}},"53":{"start":{"line":183,"column":8},"end":{"line":183,"column":75}},"54":{"start":{"line":184,"column":8},"end":{"line":187,"column":11}},"55":{"start":{"line":191,"column":31},"end":{"line":195,"column":9}},"56":{"start":{"line":191,"column":55},"end":{"line":195,"column":7}},"57":{"start":{"line":197,"column":6},"end":{"line":204,"column":9}},"58":{"start":{"line":209,"column":0},"end":{"line":215,"column":2}},"59":{"start":{"line":210,"column":2},"end":{"line":214,"column":5}},"60":{"start":{"line":211,"column":4},"end":{"line":211,"column":48}},"61":{"start":{"line":211,"column":13},"end":{"line":211,"column":48}},"62":{"start":{"line":212,"column":4},"end":{"line":212,"column":81}},"63":{"start":{"line":212,"column":25},"end":{"line":212,"column":81}},"64":{"start":{"line":213,"column":4},"end":{"line":213,"column":27}},"65":{"start":{"line":217,"column":0},"end":{"line":308,"column":2}},"66":{"start":{"line":229,"column":6},"end":{"line":229,"column":14}},"67":{"start":{"line":232,"column":2},"end":{"line":236,"column":3}},"68":{"start":{"line":233,"column":4},"end":{"line":235,"column":7}},"69":{"start":{"line":239,"column":20},"end":{"line":239,"column":51}},"70":{"start":{"line":240,"column":24},"end":{"line":240,"column":42}},"71":{"start":{"line":241,"column":24},"end":{"line":241,"column":58}},"72":{"start":{"line":244,"column":31},"end":{"line":244,"column":33}},"73":{"start":{"line":245,"column":29},"end":{"line":245,"column":33}},"74":{"start":{"line":247,"column":2},"end":{"line":256,"column":3}},"75":{"start":{"line":248,"column":4},"end":{"line":250,"column":5}},"76":{"start":{"line":249,"column":6},"end":{"line":249,"column":61}},"77":{"start":{"line":251,"column":4},"end":{"line":253,"column":5}},"78":{"start":{"line":252,"column":6},"end":{"line":252,"column":57}},"79":{"start":{"line":255,"column":4},"end":{"line":255,"column":69}},"80":{"start":{"line":259,"column":17},"end":{"line":259,"column":118}},"81":{"start":{"line":259,"column":52},"end":{"line":259,"column":70}},"82":{"start":{"line":260,"column":19},"end":{"line":260,"column":85}},"83":{"start":{"line":260,"column":54},"end":{"line":260,"column":72}},"84":{"start":{"line":261,"column":18},"end":{"line":261,"column":85}},"85":{"start":{"line":261,"column":53},"end":{"line":261,"column":72}},"86":{"start":{"line":264,"column":22},"end":{"line":294,"column":3}},"87":{"start":{"line":296,"column":2},"end":{"line":307,"column":5}},"88":{"start":{"line":297,"column":4},"end":{"line":300,"column":5}},"89":{"start":{"line":298,"column":6},"end":{"line":298,"column":44}},"90":{"start":{"line":299,"column":6},"end":{"line":299,"column":97}},"91":{"start":{"line":302,"column":4},"end":{"line":306,"column":7}},"92":{"start":{"line":310,"column":0},"end":{"line":315,"column":2}},"93":{"start":{"line":311,"column":2},"end":{"line":314,"column":5}},"94":{"start":{"line":312,"column":4},"end":{"line":312,"column":48}},"95":{"start":{"line":312,"column":13},"end":{"line":312,"column":48}},"96":{"start":{"line":313,"column":4},"end":{"line":313,"column":39}},"97":{"start":{"line":317,"column":0},"end":{"line":322,"column":2}},"98":{"start":{"line":318,"column":2},"end":{"line":321,"column":5}},"99":{"start":{"line":319,"column":4},"end":{"line":319,"column":48}},"100":{"start":{"line":319,"column":13},"end":{"line":319,"column":48}},"101":{"start":{"line":320,"column":4},"end":{"line":320,"column":39}}},"fnMap":{"0":{"name":"(anonymous_0)","decl":{"start":{"line":4,"column":17},"end":{"line":4,"column":18}},"loc":{"start":{"line":4,"column":33},"end":{"line":83,"column":1}},"line":4},"1":{"name":"(anonymous_1)","decl":{"start":{"line":60,"column":31},"end":{"line":60,"column":32}},"loc":{"start":{"line":60,"column":49},"end":{"line":82,"column":3}},"line":60},"2":{"name":"(anonymous_2)","decl":{"start":{"line":70,"column":41},"end":{"line":70,"column":42}},"loc":{"start":{"line":70,"column":53},"end":{"line":75,"column":5}},"line":70},"3":{"name":"(anonymous_3)","decl":{"start":{"line":86,"column":24},"end":{"line":86,"column":25}},"loc":{"start":{"line":86,"column":40},"end":{"line":207,"column":1}},"line":86},"4":{"name":"(anonymous_4)","decl":{"start":{"line":169,"column":49},"end":{"line":169,"column":50}},"loc":{"start":{"line":169,"column":71},"end":{"line":206,"column":3}},"line":169},"5":{"name":"(anonymous_5)","decl":{"start":{"line":181,"column":33},"end":{"line":181,"column":34}},"loc":{"start":{"line":181,"column":51},"end":{"line":205,"column":5}},"line":181},"6":{"name":"(anonymous_6)","decl":{"start":{"line":191,"column":43},"end":{"line":191,"column":44}},"loc":{"start":{"line":191,"column":55},"end":{"line":195,"column":7}},"line":191},"7":{"name":"(anonymous_7)","decl":{"start":{"line":209,"column":18},"end":{"line":209,"column":19}},"loc":{"start":{"line":209,"column":34},"end":{"line":215,"column":1}},"line":209},"8":{"name":"(anonymous_8)","decl":{"start":{"line":210,"column":70},"end":{"line":210,"column":71}},"loc":{"start":{"line":210,"column":88},"end":{"line":214,"column":3}},"line":210},"9":{"name":"(anonymous_9)","decl":{"start":{"line":217,"column":17},"end":{"line":217,"column":18}},"loc":{"start":{"line":217,"column":33},"end":{"line":308,"column":1}},"line":217},"10":{"name":"(anonymous_10)","decl":{"start":{"line":259,"column":47},"end":{"line":259,"column":48}},"loc":{"start":{"line":259,"column":52},"end":{"line":259,"column":70}},"line":259},"11":{"name":"(anonymous_11)","decl":{"start":{"line":260,"column":49},"end":{"line":260,"column":50}},"loc":{"start":{"line":260,"column":54},"end":{"line":260,"column":72}},"line":260},"12":{"name":"(anonymous_12)","decl":{"start":{"line":261,"column":48},"end":{"line":261,"column":49}},"loc":{"start":{"line":261,"column":53},"end":{"line":261,"column":72}},"line":261},"13":{"name":"(anonymous_13)","decl":{"start":{"line":296,"column":57},"end":{"line":296,"column":58}},"loc":{"start":{"line":296,"column":75},"end":{"line":307,"column":3}},"line":296},"14":{"name":"(anonymous_14)","decl":{"start":{"line":310,"column":17},"end":{"line":310,"column":18}},"loc":{"start":{"line":310,"column":33},"end":{"line":315,"column":1}},"line":310},"15":{"name":"(anonymous_15)","decl":{"start":{"line":311,"column":79},"end":{"line":311,"column":80}},"loc":{"start":{"line":311,"column":88},"end":{"line":314,"column":3}},"line":311},"16":{"name":"(anonymous_16)","decl":{"start":{"line":317,"column":17},"end":{"line":317,"column":18}},"loc":{"start":{"line":317,"column":33},"end":{"line":322,"column":1}},"line":317},"17":{"name":"(anonymous_17)","decl":{"start":{"line":318,"column":68},"end":{"line":318,"column":69}},"loc":{"start":{"line":318,"column":77},"end":{"line":321,"column":3}},"line":318}},"branchMap":{"0":{"loc":{"start":{"line":8,"column":2},"end":{"line":13,"column":3}},"type":"if","locations":[{"start":{"line":8,"column":2},"end":{"line":13,"column":3}},{"start":{},"end":{}}],"line":8},"1":{"loc":{"start":{"line":8,"column":6},"end":{"line":8,"column":29}},"type":"binary-expr","locations":[{"start":{"line":8,"column":6},"end":{"line":8,"column":14}},{"start":{"line":8,"column":18},"end":{"line":8,"column":29}}],"line":8},"2":{"loc":{"start":{"line":19,"column":2},"end":{"line":31,"column":3}},"type":"if","locations":[{"start":{"line":19,"column":2},"end":{"line":31,"column":3}},{"start":{"line":22,"column":9},"end":{"line":31,"column":3}}],"line":19},"3":{"loc":{"start":{"line":19,"column":6},"end":{"line":19,"column":32}},"type":"binary-expr","locations":[{"start":{"line":19,"column":6},"end":{"line":19,"column":13}},{"start":{"line":19,"column":17},"end":{"line":19,"column":32}}],"line":19},"4":{"loc":{"start":{"line":22,"column":9},"end":{"line":31,"column":3}},"type":"if","locations":[{"start":{"line":22,"column":9},"end":{"line":31,"column":3}},{"start":{"line":25,"column":9},"end":{"line":31,"column":3}}],"line":22},"5":{"loc":{"start":{"line":61,"column":4},"end":{"line":67,"column":5}},"type":"if","locations":[{"start":{"line":61,"column":4},"end":{"line":67,"column":5}},{"start":{},"end":{}}],"line":61},"6":{"loc":{"start":{"line":73,"column":24},"end":{"line":73,"column":42}},"type":"binary-expr","locations":[{"start":{"line":73,"column":24},"end":{"line":73,"column":37}},{"start":{"line":73,"column":41},"end":{"line":73,"column":42}}],"line":73},"7":{"loc":{"start":{"line":74,"column":20},"end":{"line":74,"column":108}},"type":"cond-expr","locations":[{"start":{"line":74,"column":43},"end":{"line":74,"column":101}},{"start":{"line":74,"column":104},"end":{"line":74,"column":108}}],"line":74},"8":{"loc":{"start":{"line":87,"column":18},"end":{"line":87,"column":28}},"type":"default-arg","locations":[{"start":{"line":87,"column":26},"end":{"line":87,"column":28}}],"line":87},"9":{"loc":{"start":{"line":87,"column":30},"end":{"line":87,"column":40}},"type":"default-arg","locations":[{"start":{"line":87,"column":39},"end":{"line":87,"column":40}}],"line":87},"10":{"loc":{"start":{"line":90,"column":2},"end":{"line":95,"column":3}},"type":"if","locations":[{"start":{"line":90,"column":2},"end":{"line":95,"column":3}},{"start":{},"end":{}}],"line":90},"11":{"loc":{"start":{"line":90,"column":6},"end":{"line":90,"column":29}},"type":"binary-expr","locations":[{"start":{"line":90,"column":6},"end":{"line":90,"column":14}},{"start":{"line":90,"column":18},"end":{"line":90,"column":29}}],"line":90},"12":{"loc":{"start":{"line":101,"column":2},"end":{"line":113,"column":3}},"type":"if","locations":[{"start":{"line":101,"column":2},"end":{"line":113,"column":3}},{"start":{"line":104,"column":9},"end":{"line":113,"column":3}}],"line":101},"13":{"loc":{"start":{"line":101,"column":6},"end":{"line":101,"column":32}},"type":"binary-expr","locations":[{"start":{"line":101,"column":6},"end":{"line":101,"column":13}},{"start":{"line":101,"column":17},"end":{"line":101,"column":32}}],"line":101},"14":{"loc":{"start":{"line":104,"column":9},"end":{"line":113,"column":3}},"type":"if","locations":[{"start":{"line":104,"column":9},"end":{"line":113,"column":3}},{"start":{"line":107,"column":9},"end":{"line":113,"column":3}}],"line":104},"15":{"loc":{"start":{"line":116,"column":2},"end":{"line":120,"column":3}},"type":"if","locations":[{"start":{"line":116,"column":2},"end":{"line":120,"column":3}},{"start":{},"end":{}}],"line":116},"16":{"loc":{"start":{"line":116,"column":6},"end":{"line":116,"column":32}},"type":"binary-expr","locations":[{"start":{"line":116,"column":6},"end":{"line":116,"column":12}},{"start":{"line":116,"column":16},"end":{"line":116,"column":32}}],"line":116},"17":{"loc":{"start":{"line":119,"column":21},"end":{"line":119,"column":57}},"type":"binary-expr","locations":[{"start":{"line":119,"column":21},"end":{"line":119,"column":52}},{"start":{"line":119,"column":56},"end":{"line":119,"column":57}}],"line":119},"18":{"loc":{"start":{"line":123,"column":2},"end":{"line":127,"column":3}},"type":"if","locations":[{"start":{"line":123,"column":2},"end":{"line":127,"column":3}},{"start":{},"end":{}}],"line":123},"19":{"loc":{"start":{"line":170,"column":4},"end":{"line":176,"column":5}},"type":"if","locations":[{"start":{"line":170,"column":4},"end":{"line":176,"column":5}},{"start":{},"end":{}}],"line":170},"20":{"loc":{"start":{"line":182,"column":6},"end":{"line":188,"column":7}},"type":"if","locations":[{"start":{"line":182,"column":6},"end":{"line":188,"column":7}},{"start":{},"end":{}}],"line":182},"21":{"loc":{"start":{"line":193,"column":26},"end":{"line":193,"column":44}},"type":"binary-expr","locations":[{"start":{"line":193,"column":26},"end":{"line":193,"column":39}},{"start":{"line":193,"column":43},"end":{"line":193,"column":44}}],"line":193},"22":{"loc":{"start":{"line":194,"column":35},"end":{"line":194,"column":62}},"type":"binary-expr","locations":[{"start":{"line":194,"column":35},"end":{"line":194,"column":57}},{"start":{"line":194,"column":61},"end":{"line":194,"column":62}}],"line":194},"23":{"loc":{"start":{"line":211,"column":4},"end":{"line":211,"column":48}},"type":"if","locations":[{"start":{"line":211,"column":4},"end":{"line":211,"column":48}},{"start":{},"end":{}}],"line":211},"24":{"loc":{"start":{"line":212,"column":4},"end":{"line":212,"column":81}},"type":"if","locations":[{"start":{"line":212,"column":4},"end":{"line":212,"column":81}},{"start":{},"end":{}}],"line":212},"25":{"loc":{"start":{"line":232,"column":2},"end":{"line":236,"column":3}},"type":"if","locations":[{"start":{"line":232,"column":2},"end":{"line":236,"column":3}},{"start":{},"end":{}}],"line":232},"26":{"loc":{"start":{"line":232,"column":6},"end":{"line":232,"column":78}},"type":"binary-expr","locations":[{"start":{"line":232,"column":6},"end":{"line":232,"column":17}},{"start":{"line":232,"column":21},"end":{"line":232,"column":35}},{"start":{"line":232,"column":39},"end":{"line":232,"column":54}},{"start":{"line":232,"column":58},"end":{"line":232,"column":70}},{"start":{"line":232,"column":74},"end":{"line":232,"column":78}}],"line":232},"27":{"loc":{"start":{"line":240,"column":24},"end":{"line":240,"column":42}},"type":"binary-expr","locations":[{"start":{"line":240,"column":24},"end":{"line":240,"column":36}},{"start":{"line":240,"column":40},"end":{"line":240,"column":42}}],"line":240},"28":{"loc":{"start":{"line":241,"column":24},"end":{"line":241,"column":58}},"type":"binary-expr","locations":[{"start":{"line":241,"column":24},"end":{"line":241,"column":52}},{"start":{"line":241,"column":56},"end":{"line":241,"column":58}}],"line":241},"29":{"loc":{"start":{"line":248,"column":4},"end":{"line":250,"column":5}},"type":"if","locations":[{"start":{"line":248,"column":4},"end":{"line":250,"column":5}},{"start":{},"end":{}}],"line":248},"30":{"loc":{"start":{"line":248,"column":8},"end":{"line":248,"column":66}},"type":"binary-expr","locations":[{"start":{"line":248,"column":8},"end":{"line":248,"column":25}},{"start":{"line":248,"column":29},"end":{"line":248,"column":66}}],"line":248},"31":{"loc":{"start":{"line":251,"column":4},"end":{"line":253,"column":5}},"type":"if","locations":[{"start":{"line":251,"column":4},"end":{"line":253,"column":5}},{"start":{},"end":{}}],"line":251},"32":{"loc":{"start":{"line":251,"column":8},"end":{"line":251,"column":62}},"type":"binary-expr","locations":[{"start":{"line":251,"column":8},"end":{"line":251,"column":23}},{"start":{"line":251,"column":27},"end":{"line":251,"column":62}}],"line":251},"33":{"loc":{"start":{"line":259,"column":17},"end":{"line":259,"column":118}},"type":"binary-expr","locations":[{"start":{"line":259,"column":17},"end":{"line":259,"column":78}},{"start":{"line":259,"column":82},"end":{"line":259,"column":113}},{"start":{"line":259,"column":117},"end":{"line":259,"column":118}}],"line":259},"34":{"loc":{"start":{"line":260,"column":19},"end":{"line":260,"column":85}},"type":"binary-expr","locations":[{"start":{"line":260,"column":19},"end":{"line":260,"column":80}},{"start":{"line":260,"column":84},"end":{"line":260,"column":85}}],"line":260},"35":{"loc":{"start":{"line":261,"column":18},"end":{"line":261,"column":85}},"type":"binary-expr","locations":[{"start":{"line":261,"column":18},"end":{"line":261,"column":80}},{"start":{"line":261,"column":84},"end":{"line":261,"column":85}}],"line":261},"36":{"loc":{"start":{"line":267,"column":20},"end":{"line":267,"column":49}},"type":"binary-expr","locations":[{"start":{"line":267,"column":20},"end":{"line":267,"column":44}},{"start":{"line":267,"column":48},"end":{"line":267,"column":49}}],"line":267},"37":{"loc":{"start":{"line":278,"column":22},"end":{"line":278,"column":44}},"type":"binary-expr","locations":[{"start":{"line":278,"column":22},"end":{"line":278,"column":38}},{"start":{"line":278,"column":42},"end":{"line":278,"column":44}}],"line":278},"38":{"loc":{"start":{"line":279,"column":19},"end":{"line":279,"column":71}},"type":"cond-expr","locations":[{"start":{"line":279,"column":62},"end":{"line":279,"column":66}},{"start":{"line":279,"column":69},"end":{"line":279,"column":71}}],"line":279},"39":{"loc":{"start":{"line":284,"column":19},"end":{"line":284,"column":39}},"type":"binary-expr","locations":[{"start":{"line":284,"column":19},"end":{"line":284,"column":33}},{"start":{"line":284,"column":37},"end":{"line":284,"column":39}}],"line":284},"40":{"loc":{"start":{"line":289,"column":23},"end":{"line":289,"column":48}},"type":"binary-expr","locations":[{"start":{"line":289,"column":23},"end":{"line":289,"column":40}},{"start":{"line":289,"column":44},"end":{"line":289,"column":48}}],"line":289},"41":{"loc":{"start":{"line":290,"column":21},"end":{"line":290,"column":44}},"type":"binary-expr","locations":[{"start":{"line":290,"column":21},"end":{"line":290,"column":36}},{"start":{"line":290,"column":40},"end":{"line":290,"column":44}}],"line":290},"42":{"loc":{"start":{"line":297,"column":4},"end":{"line":300,"column":5}},"type":"if","locations":[{"start":{"line":297,"column":4},"end":{"line":300,"column":5}},{"start":{},"end":{}}],"line":297},"43":{"loc":{"start":{"line":312,"column":4},"end":{"line":312,"column":48}},"type":"if","locations":[{"start":{"line":312,"column":4},"end":{"line":312,"column":48}},{"start":{},"end":{}}],"line":312},"44":{"loc":{"start":{"line":319,"column":4},"end":{"line":319,"column":48}},"type":"if","locations":[{"start":{"line":319,"column":4},"end":{"line":319,"column":48}},{"start":{},"end":{}}],"line":319}},"s":{"0":0,"1":0,"2":0,"3":0,"4":0,"5":0,"6":0,"7":0,"8":0,"9":0,"10":0,"11":0,"12":0,"13":0,"14":0,"15":0,"16":0,"17":0,"18":0,"19":0,"20":0,"21":0,"22":0,"23":0,"24":0,"25":0,"26":0,"27":0,"28":0,"29":0,"30":0,"31":0,"32":0,"33":0,"34":0,"35":0,"36":0,"37":0,"38":0,"39":0,"40":0,"41":0,"42":0,"43":0,"44":0,"45":0,"46":0,"47":0,"48":0,"49":0,"50":0,"51":0,"52":0,"53":0,"54":0,"55":0,"56":0,"57":0,"58":0,"59":0,"60":0,"61":0,"62":0,"63":0,"64":0,"65":0,"66":0,"67":0,"68":0,"69":0,"70":0,"71":0,"72":0,"73":0,"74":0,"75":0,"76":0,"77":0,"78":0,"79":0,"80":0,"81":0,"82":0,"83":0,"84":0,"85":0,"86":0,"87":0,"88":0,"89":0,"90":0,"91":0,"92":0,"93":0,"94":0,"95":0,"96":0,"97":0,"98":0,"99":0,"100":0,"101":0},"f":{"0":0,"1":0,"2":0,"3":0,"4":0,"5":0,"6":0,"7":0,"8":0,"9":0,"10":0,"11":0,"12":0,"13":0,"14":0,"15":0,"16":0,"17":0},"b":{"0":[0,0],"1":[0,0],"2":[0,0],"3":[0,0],"4":[0,0],"5":[0,0],"6":[0,0],"7":[0,0],"8":[0],"9":[0],"10":[0,0],"11":[0,0],"12":[0,0],"13":[0,0],"14":[0,0],"15":[0,0],"16":[0,0],"17":[0,0],"18":[0,0],"19":[0,0],"20":[0,0],"21":[0,0],"22":[0,0],"23":[0,0],"24":[0,0],"25":[0,0],"26":[0,0,0,0,0],"27":[0,0],"28":[0,0],"29":[0,0],"30":[0,0],"31":[0,0],"32":[0,0],"33":[0,0,0],"34":[0,0],"35":[0,0],"36":[0,0],"37":[0,0],"38":[0,0],"39":[0,0],"40":[0,0],"41":[0,0],"42":[0,0],"43":[0,0],"44":[0,0]}}
,"/Users/surakshanigade/Downloads/FayaazTravelsmain/FTnewproj/FT (1)/FT/backend/controllers/bookingDetails.controller.js": {"path":"/Users/surakshanigade/Downloads/FayaazTravelsmain/FTnewproj/FT (1)/FT/backend/controllers/bookingDetails.controller.js","statementMap":{"0":{"start":{"line":1,"column":11},"end":{"line":1,"column":27}},"1":{"start":{"line":2,"column":0},"end":{"line":7,"column":2}},"2":{"start":{"line":3,"column":2},"end":{"line":6,"column":5}},"3":{"start":{"line":4,"column":4},"end":{"line":4,"column":48}},"4":{"start":{"line":4,"column":13},"end":{"line":4,"column":48}},"5":{"start":{"line":5,"column":4},"end":{"line":5,"column":24}},"6":{"start":{"line":8,"column":0},"end":{"line":14,"column":2}},"7":{"start":{"line":9,"column":2},"end":{"line":13,"column":5}},"8":{"start":{"line":10,"column":4},"end":{"line":10,"column":48}},"9":{"start":{"line":10,"column":13},"end":{"line":10,"column":48}},"10":{"start":{"line":11,"column":4},"end":{"line":11,"column":81}},"11":{"start":{"line":11,"column":25},"end":{"line":11,"column":81}},"12":{"start":{"line":12,"column":4},"end":{"line":12,"column":27}},"13":{"start":{"line":15,"column":0},"end":{"line":20,"column":2}},"14":{"start":{"line":16,"column":2},"end":{"line":19,"column":5}},"15":{"start":{"line":17,"column":4},"end":{"line":17,"column":48}},"16":{"start":{"line":17,"column":13},"end":{"line":17,"column":48}},"17":{"start":{"line":18,"column":4},"end":{"line":18,"column":54}},"18":{"start":{"line":21,"column":0},"end":{"line":26,"column":2}},"19":{"start":{"line":22,"column":2},"end":{"line":25,"column":5}},"20":{"start":{"line":23,"column":4},"end":{"line":23,"column":48}},"21":{"start":{"line":23,"column":13},"end":{"line":23,"column":48}},"22":{"start":{"line":24,"column":4},"end":{"line":24,"column":39}},"23":{"start":{"line":27,"column":0},"end":{"line":32,"column":2}},"24":{"start":{"line":28,"column":2},"end":{"line":31,"column":5}},"25":{"start":{"line":29,"column":4},"end":{"line":29,"column":48}},"26":{"start":{"line":29,"column":13},"end":{"line":29,"column":48}},"27":{"start":{"line":30,"column":4},"end":{"line":30,"column":39}}},"fnMap":{"0":{"name":"(anonymous_0)","decl":{"start":{"line":2,"column":17},"end":{"line":2,"column":18}},"loc":{"start":{"line":2,"column":33},"end":{"line":7,"column":1}},"line":2},"1":{"name":"(anonymous_1)","decl":{"start":{"line":3,"column":48},"end":{"line":3,"column":49}},"loc":{"start":{"line":3,"column":66},"end":{"line":6,"column":3}},"line":3},"2":{"name":"(anonymous_2)","decl":{"start":{"line":8,"column":18},"end":{"line":8,"column":19}},"loc":{"start":{"line":8,"column":34},"end":{"line":14,"column":1}},"line":8},"3":{"name":"(anonymous_3)","decl":{"start":{"line":9,"column":78},"end":{"line":9,"column":79}},"loc":{"start":{"line":9,"column":96},"end":{"line":13,"column":3}},"line":9},"4":{"name":"(anonymous_4)","decl":{"start":{"line":15,"column":17},"end":{"line":15,"column":18}},"loc":{"start":{"line":15,"column":33},"end":{"line":20,"column":1}},"line":15},"5":{"name":"(anonymous_5)","decl":{"start":{"line":16,"column":62},"end":{"line":16,"column":63}},"loc":{"start":{"line":16,"column":80},"end":{"line":19,"column":3}},"line":16},"6":{"name":"(anonymous_6)","decl":{"start":{"line":21,"column":17},"end":{"line":21,"column":18}},"loc":{"start":{"line":21,"column":33},"end":{"line":26,"column":1}},"line":21},"7":{"name":"(anonymous_7)","decl":{"start":{"line":22,"column":87},"end":{"line":22,"column":88}},"loc":{"start":{"line":22,"column":96},"end":{"line":25,"column":3}},"line":22},"8":{"name":"(anonymous_8)","decl":{"start":{"line":27,"column":17},"end":{"line":27,"column":18}},"loc":{"start":{"line":27,"column":33},"end":{"line":32,"column":1}},"line":27},"9":{"name":"(anonymous_9)","decl":{"start":{"line":28,"column":76},"end":{"line":28,"column":77}},"loc":{"start":{"line":28,"column":85},"end":{"line":31,"column":3}},"line":28}},"branchMap":{"0":{"loc":{"start":{"line":4,"column":4},"end":{"line":4,"column":48}},"type":"if","locations":[{"start":{"line":4,"column":4},"end":{"line":4,"column":48}},{"start":{},"end":{}}],"line":4},"1":{"loc":{"start":{"line":10,"column":4},"end":{"line":10,"column":48}},"type":"if","locations":[{"start":{"line":10,"column":4},"end":{"line":10,"column":48}},{"start":{},"end":{}}],"line":10},"2":{"loc":{"start":{"line":11,"column":4},"end":{"line":11,"column":81}},"type":"if","locations":[{"start":{"line":11,"column":4},"end":{"line":11,"column":81}},{"start":{},"end":{}}],"line":11},"3":{"loc":{"start":{"line":17,"column":4},"end":{"line":17,"column":48}},"type":"if","locations":[{"start":{"line":17,"column":4},"end":{"line":17,"column":48}},{"start":{},"end":{}}],"line":17},"4":{"loc":{"start":{"line":23,"column":4},"end":{"line":23,"column":48}},"type":"if","locations":[{"start":{"line":23,"column":4},"end":{"line":23,"column":48}},{"start":{},"end":{}}],"line":23},"5":{"loc":{"start":{"line":29,"column":4},"end":{"line":29,"column":48}},"type":"if","locations":[{"start":{"line":29,"column":4},"end":{"line":29,"column":48}},{"start":{},"end":{}}],"line":29}},"s":{"0":0,"1":0,"2":0,"3":0,"4":0,"5":0,"6":0,"7":0,"8":0,"9":0,"10":0,"11":0,"12":0,"13":0,"14":0,"15":0,"16":0,"17":0,"18":0,"19":0,"20":0,"21":0,"22":0,"23":0,"24":0,"25":0,"26":0,"27":0},"f":{"0":0,"1":0,"2":0,"3":0,"4":0,"5":0,"6":0,"7":0,"8":0,"9":0},"b":{"0":[0,0],"1":[0,0],"2":[0,0],"3":[0,0],"4":[0,0],"5":[0,0]}}
,"/Users/surakshanigade/Downloads/FayaazTravelsmain/FTnewproj/FT (1)/FT/backend/controllers/bookingRooms.controller.js": {"path":"/Users/surakshanigade/Downloads/FayaazTravelsmain/FTnewproj/FT (1)/FT/backend/controllers/bookingRooms.controller.js","statementMap":{"0":{"start":{"line":1,"column":11},"end":{"line":1,"column":27}},"1":{"start":{"line":2,"column":0},"end":{"line":7,"column":2}},"2":{"start":{"line":3,"column":2},"end":{"line":6,"column":5}},"3":{"start":{"line":4,"column":4},"end":{"line":4,"column":48}},"4":{"start":{"line":4,"column":13},"end":{"line":4,"column":48}},"5":{"start":{"line":5,"column":4},"end":{"line":5,"column":24}},"6":{"start":{"line":8,"column":0},"end":{"line":14,"column":2}},"7":{"start":{"line":9,"column":2},"end":{"line":13,"column":5}},"8":{"start":{"line":10,"column":4},"end":{"line":10,"column":48}},"9":{"start":{"line":10,"column":13},"end":{"line":10,"column":48}},"10":{"start":{"line":11,"column":4},"end":{"line":11,"column":81}},"11":{"start":{"line":11,"column":25},"end":{"line":11,"column":81}},"12":{"start":{"line":12,"column":4},"end":{"line":12,"column":27}},"13":{"start":{"line":15,"column":0},"end":{"line":20,"column":2}},"14":{"start":{"line":16,"column":2},"end":{"line":19,"column":5}},"15":{"start":{"line":17,"column":4},"end":{"line":17,"column":48}},"16":{"start":{"line":17,"column":13},"end":{"line":17,"column":48}},"17":{"start":{"line":18,"column":4},"end":{"line":18,"column":54}},"18":{"start":{"line":21,"column":0},"end":{"line":26,"column":2}},"19":{"start":{"line":22,"column":2},"end":{"line":25,"column":5}},"20":{"start":{"line":23,"column":4},"end":{"line":23,"column":48}},"21":{"start":{"line":23,"column":13},"end":{"line":23,"column":48}},"22":{"start":{"line":24,"column":4},"end":{"line":24,"column":39}},"23":{"start":{"line":27,"column":0},"end":{"line":32,"column":2}},"24":{"start":{"line":28,"column":2},"end":{"line":31,"column":5}},"25":{"start":{"line":29,"column":4},"end":{"line":29,"column":48}},"26":{"start":{"line":29,"column":13},"end":{"line":29,"column":48}},"27":{"start":{"line":30,"column":4},"end":{"line":30,"column":39}}},"fnMap":{"0":{"name":"(anonymous_0)","decl":{"start":{"line":2,"column":17},"end":{"line":2,"column":18}},"loc":{"start":{"line":2,"column":33},"end":{"line":7,"column":1}},"line":2},"1":{"name":"(anonymous_1)","decl":{"start":{"line":3,"column":46},"end":{"line":3,"column":47}},"loc":{"start":{"line":3,"column":64},"end":{"line":6,"column":3}},"line":3},"2":{"name":"(anonymous_2)","decl":{"start":{"line":8,"column":18},"end":{"line":8,"column":19}},"loc":{"start":{"line":8,"column":34},"end":{"line":14,"column":1}},"line":8},"3":{"name":"(anonymous_3)","decl":{"start":{"line":9,"column":76},"end":{"line":9,"column":77}},"loc":{"start":{"line":9,"column":94},"end":{"line":13,"column":3}},"line":9},"4":{"name":"(anonymous_4)","decl":{"start":{"line":15,"column":17},"end":{"line":15,"column":18}},"loc":{"start":{"line":15,"column":33},"end":{"line":20,"column":1}},"line":15},"5":{"name":"(anonymous_5)","decl":{"start":{"line":16,"column":60},"end":{"line":16,"column":61}},"loc":{"start":{"line":16,"column":78},"end":{"line":19,"column":3}},"line":16},"6":{"name":"(anonymous_6)","decl":{"start":{"line":21,"column":17},"end":{"line":21,"column":18}},"loc":{"start":{"line":21,"column":33},"end":{"line":26,"column":1}},"line":21},"7":{"name":"(anonymous_7)","decl":{"start":{"line":22,"column":85},"end":{"line":22,"column":86}},"loc":{"start":{"line":22,"column":94},"end":{"line":25,"column":3}},"line":22},"8":{"name":"(anonymous_8)","decl":{"start":{"line":27,"column":17},"end":{"line":27,"column":18}},"loc":{"start":{"line":27,"column":33},"end":{"line":32,"column":1}},"line":27},"9":{"name":"(anonymous_9)","decl":{"start":{"line":28,"column":74},"end":{"line":28,"column":75}},"loc":{"start":{"line":28,"column":83},"end":{"line":31,"column":3}},"line":28}},"branchMap":{"0":{"loc":{"start":{"line":4,"column":4},"end":{"line":4,"column":48}},"type":"if","locations":[{"start":{"line":4,"column":4},"end":{"line":4,"column":48}},{"start":{},"end":{}}],"line":4},"1":{"loc":{"start":{"line":10,"column":4},"end":{"line":10,"column":48}},"type":"if","locations":[{"start":{"line":10,"column":4},"end":{"line":10,"column":48}},{"start":{},"end":{}}],"line":10},"2":{"loc":{"start":{"line":11,"column":4},"end":{"line":11,"column":81}},"type":"if","locations":[{"start":{"line":11,"column":4},"end":{"line":11,"column":81}},{"start":{},"end":{}}],"line":11},"3":{"loc":{"start":{"line":17,"column":4},"end":{"line":17,"column":48}},"type":"if","locations":[{"start":{"line":17,"column":4},"end":{"line":17,"column":48}},{"start":{},"end":{}}],"line":17},"4":{"loc":{"start":{"line":23,"column":4},"end":{"line":23,"column":48}},"type":"if","locations":[{"start":{"line":23,"column":4},"end":{"line":23,"column":48}},{"start":{},"end":{}}],"line":23},"5":{"loc":{"start":{"line":29,"column":4},"end":{"line":29,"column":48}},"type":"if","locations":[{"start":{"line":29,"column":4},"end":{"line":29,"column":48}},{"start":{},"end":{}}],"line":29}},"s":{"0":0,"1":0,"2":0,"3":0,"4":0,"5":0,"6":0,"7":0,"8":0,"9":0,"10":0,"11":0,"12":0,"13":0,"14":0,"15":0,"16":0,"17":0,"18":0,"19":0,"20":0,"21":0,"22":0,"23":0,"24":0,"25":0,"26":0,"27":0},"f":{"0":0,"1":0,"2":0,"3":0,"4":0,"5":0,"6":0,"7":0,"8":0,"9":0},"b":{"0":[0,0],"1":[0,0],"2":[0,0],"3":[0,0],"4":[0,0],"5":[0,0]}}
,"/Users/surakshanigade/Downloads/FayaazTravelsmain/FTnewproj/FT (1)/FT/backend/controllers/categories.controller.js": {"path":"/Users/surakshanigade/Downloads/FayaazTravelsmain/FTnewproj/FT (1)/FT/backend/controllers/categories.controller.js","statementMap":{"0":{"start":{"line":1,"column":11},"end":{"line":1,"column":27}},"1":{"start":{"line":2,"column":0},"end":{"line":7,"column":2}},"2":{"start":{"line":3,"column":2},"end":{"line":6,"column":5}},"3":{"start":{"line":4,"column":4},"end":{"line":4,"column":48}},"4":{"start":{"line":4,"column":13},"end":{"line":4,"column":48}},"5":{"start":{"line":5,"column":4},"end":{"line":5,"column":24}},"6":{"start":{"line":8,"column":0},"end":{"line":14,"column":2}},"7":{"start":{"line":9,"column":2},"end":{"line":13,"column":5}},"8":{"start":{"line":10,"column":4},"end":{"line":10,"column":48}},"9":{"start":{"line":10,"column":13},"end":{"line":10,"column":48}},"10":{"start":{"line":11,"column":4},"end":{"line":11,"column":81}},"11":{"start":{"line":11,"column":25},"end":{"line":11,"column":81}},"12":{"start":{"line":12,"column":4},"end":{"line":12,"column":27}},"13":{"start":{"line":15,"column":0},"end":{"line":20,"column":2}},"14":{"start":{"line":16,"column":2},"end":{"line":19,"column":5}},"15":{"start":{"line":17,"column":4},"end":{"line":17,"column":48}},"16":{"start":{"line":17,"column":13},"end":{"line":17,"column":48}},"17":{"start":{"line":18,"column":4},"end":{"line":18,"column":54}},"18":{"start":{"line":21,"column":0},"end":{"line":26,"column":2}},"19":{"start":{"line":22,"column":2},"end":{"line":25,"column":5}},"20":{"start":{"line":23,"column":4},"end":{"line":23,"column":48}},"21":{"start":{"line":23,"column":13},"end":{"line":23,"column":48}},"22":{"start":{"line":24,"column":4},"end":{"line":24,"column":39}},"23":{"start":{"line":27,"column":0},"end":{"line":32,"column":2}},"24":{"start":{"line":28,"column":2},"end":{"line":31,"column":5}},"25":{"start":{"line":29,"column":4},"end":{"line":29,"column":48}},"26":{"start":{"line":29,"column":13},"end":{"line":29,"column":48}},"27":{"start":{"line":30,"column":4},"end":{"line":30,"column":39}}},"fnMap":{"0":{"name":"(anonymous_0)","decl":{"start":{"line":2,"column":17},"end":{"line":2,"column":18}},"loc":{"start":{"line":2,"column":33},"end":{"line":7,"column":1}},"line":2},"1":{"name":"(anonymous_1)","decl":{"start":{"line":3,"column":43},"end":{"line":3,"column":44}},"loc":{"start":{"line":3,"column":61},"end":{"line":6,"column":3}},"line":3},"2":{"name":"(anonymous_2)","decl":{"start":{"line":8,"column":18},"end":{"line":8,"column":19}},"loc":{"start":{"line":8,"column":34},"end":{"line":14,"column":1}},"line":8},"3":{"name":"(anonymous_3)","decl":{"start":{"line":9,"column":73},"end":{"line":9,"column":74}},"loc":{"start":{"line":9,"column":91},"end":{"line":13,"column":3}},"line":9},"4":{"name":"(anonymous_4)","decl":{"start":{"line":15,"column":17},"end":{"line":15,"column":18}},"loc":{"start":{"line":15,"column":33},"end":{"line":20,"column":1}},"line":15},"5":{"name":"(anonymous_5)","decl":{"start":{"line":16,"column":57},"end":{"line":16,"column":58}},"loc":{"start":{"line":16,"column":75},"end":{"line":19,"column":3}},"line":16},"6":{"name":"(anonymous_6)","decl":{"start":{"line":21,"column":17},"end":{"line":21,"column":18}},"loc":{"start":{"line":21,"column":33},"end":{"line":26,"column":1}},"line":21},"7":{"name":"(anonymous_7)","decl":{"start":{"line":22,"column":82},"end":{"line":22,"column":83}},"loc":{"start":{"line":22,"column":91},"end":{"line":25,"column":3}},"line":22},"8":{"name":"(anonymous_8)","decl":{"start":{"line":27,"column":17},"end":{"line":27,"column":18}},"loc":{"start":{"line":27,"column":33},"end":{"line":32,"column":1}},"line":27},"9":{"name":"(anonymous_9)","decl":{"start":{"line":28,"column":71},"end":{"line":28,"column":72}},"loc":{"start":{"line":28,"column":80},"end":{"line":31,"column":3}},"line":28}},"branchMap":{"0":{"loc":{"start":{"line":4,"column":4},"end":{"line":4,"column":48}},"type":"if","locations":[{"start":{"line":4,"column":4},"end":{"line":4,"column":48}},{"start":{},"end":{}}],"line":4},"1":{"loc":{"start":{"line":10,"column":4},"end":{"line":10,"column":48}},"type":"if","locations":[{"start":{"line":10,"column":4},"end":{"line":10,"column":48}},{"start":{},"end":{}}],"line":10},"2":{"loc":{"start":{"line":11,"column":4},"end":{"line":11,"column":81}},"type":"if","locations":[{"start":{"line":11,"column":4},"end":{"line":11,"column":81}},{"start":{},"end":{}}],"line":11},"3":{"loc":{"start":{"line":17,"column":4},"end":{"line":17,"column":48}},"type":"if","locations":[{"start":{"line":17,"column":4},"end":{"line":17,"column":48}},{"start":{},"end":{}}],"line":17},"4":{"loc":{"start":{"line":23,"column":4},"end":{"line":23,"column":48}},"type":"if","locations":[{"start":{"line":23,"column":4},"end":{"line":23,"column":48}},{"start":{},"end":{}}],"line":23},"5":{"loc":{"start":{"line":29,"column":4},"end":{"line":29,"column":48}},"type":"if","locations":[{"start":{"line":29,"column":4},"end":{"line":29,"column":48}},{"start":{},"end":{}}],"line":29}},"s":{"0":0,"1":0,"2":0,"3":0,"4":0,"5":0,"6":0,"7":0,"8":0,"9":0,"10":0,"11":0,"12":0,"13":0,"14":0,"15":0,"16":0,"17":0,"18":0,"19":0,"20":0,"21":0,"22":0,"23":0,"24":0,"25":0,"26":0,"27":0},"f":{"0":0,"1":0,"2":0,"3":0,"4":0,"5":0,"6":0,"7":0,"8":0,"9":0},"b":{"0":[0,0],"1":[0,0],"2":[0,0],"3":[0,0],"4":[0,0],"5":[0,0]}}
,"/Users/surakshanigade/Downloads/FayaazTravelsmain/FTnewproj/FT (1)/FT/backend/controllers/cities.controller.js": {"path":"/Users/surakshanigade/Downloads/FayaazTravelsmain/FTnewproj/FT (1)/FT/backend/controllers/cities.controller.js","statementMap":{"0":{"start":{"line":1,"column":11},"end":{"line":1,"column":27}},"1":{"start":{"line":2,"column":0},"end":{"line":7,"column":2}},"2":{"start":{"line":3,"column":2},"end":{"line":6,"column":5}},"3":{"start":{"line":4,"column":4},"end":{"line":4,"column":48}},"4":{"start":{"line":4,"column":13},"end":{"line":4,"column":48}},"5":{"start":{"line":5,"column":4},"end":{"line":5,"column":24}},"6":{"start":{"line":9,"column":0},"end":{"line":22,"column":2}},"7":{"start":{"line":11,"column":20},"end":{"line":19,"column":3}},"8":{"start":{"line":21,"column":2},"end":{"line":21,"column":24}},"9":{"start":{"line":23,"column":0},"end":{"line":29,"column":2}},"10":{"start":{"line":24,"column":2},"end":{"line":28,"column":5}},"11":{"start":{"line":25,"column":4},"end":{"line":25,"column":48}},"12":{"start":{"line":25,"column":13},"end":{"line":25,"column":48}},"13":{"start":{"line":26,"column":4},"end":{"line":26,"column":81}},"14":{"start":{"line":26,"column":25},"end":{"line":26,"column":81}},"15":{"start":{"line":27,"column":4},"end":{"line":27,"column":27}},"16":{"start":{"line":30,"column":0},"end":{"line":35,"column":2}},"17":{"start":{"line":31,"column":2},"end":{"line":34,"column":5}},"18":{"start":{"line":32,"column":4},"end":{"line":32,"column":48}},"19":{"start":{"line":32,"column":13},"end":{"line":32,"column":48}},"20":{"start":{"line":33,"column":4},"end":{"line":33,"column":54}},"21":{"start":{"line":36,"column":0},"end":{"line":41,"column":2}},"22":{"start":{"line":37,"column":2},"end":{"line":40,"column":5}},"23":{"start":{"line":38,"column":4},"end":{"line":38,"column":48}},"24":{"start":{"line":38,"column":13},"end":{"line":38,"column":48}},"25":{"start":{"line":39,"column":4},"end":{"line":39,"column":39}},"26":{"start":{"line":42,"column":0},"end":{"line":47,"column":2}},"27":{"start":{"line":43,"column":2},"end":{"line":46,"column":5}},"28":{"start":{"line":44,"column":4},"end":{"line":44,"column":48}},"29":{"start":{"line":44,"column":13},"end":{"line":44,"column":48}},"30":{"start":{"line":45,"column":4},"end":{"line":45,"column":39}}},"fnMap":{"0":{"name":"(anonymous_0)","decl":{"start":{"line":2,"column":17},"end":{"line":2,"column":18}},"loc":{"start":{"line":2,"column":33},"end":{"line":7,"column":1}},"line":2},"1":{"name":"(anonymous_1)","decl":{"start":{"line":3,"column":38},"end":{"line":3,"column":39}},"loc":{"start":{"line":3,"column":56},"end":{"line":6,"column":3}},"line":3},"2":{"name":"(anonymous_2)","decl":{"start":{"line":9,"column":23},"end":{"line":9,"column":24}},"loc":{"start":{"line":9,"column":39},"end":{"line":22,"column":1}},"line":9},"3":{"name":"(anonymous_3)","decl":{"start":{"line":23,"column":18},"end":{"line":23,"column":19}},"loc":{"start":{"line":23,"column":34},"end":{"line":29,"column":1}},"line":23},"4":{"name":"(anonymous_4)","decl":{"start":{"line":24,"column":68},"end":{"line":24,"column":69}},"loc":{"start":{"line":24,"column":86},"end":{"line":28,"column":3}},"line":24},"5":{"name":"(anonymous_5)","decl":{"start":{"line":30,"column":17},"end":{"line":30,"column":18}},"loc":{"start":{"line":30,"column":33},"end":{"line":35,"column":1}},"line":30},"6":{"name":"(anonymous_6)","decl":{"start":{"line":31,"column":52},"end":{"line":31,"column":53}},"loc":{"start":{"line":31,"column":70},"end":{"line":34,"column":3}},"line":31},"7":{"name":"(anonymous_7)","decl":{"start":{"line":36,"column":17},"end":{"line":36,"column":18}},"loc":{"start":{"line":36,"column":33},"end":{"line":41,"column":1}},"line":36},"8":{"name":"(anonymous_8)","decl":{"start":{"line":37,"column":77},"end":{"line":37,"column":78}},"loc":{"start":{"line":37,"column":86},"end":{"line":40,"column":3}},"line":37},"9":{"name":"(anonymous_9)","decl":{"start":{"line":42,"column":17},"end":{"line":42,"column":18}},"loc":{"start":{"line":42,"column":33},"end":{"line":47,"column":1}},"line":42},"10":{"name":"(anonymous_10)","decl":{"start":{"line":43,"column":66},"end":{"line":43,"column":67}},"loc":{"start":{"line":43,"column":75},"end":{"line":46,"column":3}},"line":43}},"branchMap":{"0":{"loc":{"start":{"line":4,"column":4},"end":{"line":4,"column":48}},"type":"if","locations":[{"start":{"line":4,"column":4},"end":{"line":4,"column":48}},{"start":{},"end":{}}],"line":4},"1":{"loc":{"start":{"line":25,"column":4},"end":{"line":25,"column":48}},"type":"if","locations":[{"start":{"line":25,"column":4},"end":{"line":25,"column":48}},{"start":{},"end":{}}],"line":25},"2":{"loc":{"start":{"line":26,"column":4},"end":{"line":26,"column":81}},"type":"if","locations":[{"start":{"line":26,"column":4},"end":{"line":26,"column":81}},{"start":{},"end":{}}],"line":26},"3":{"loc":{"start":{"line":32,"column":4},"end":{"line":32,"column":48}},"type":"if","locations":[{"start":{"line":32,"column":4},"end":{"line":32,"column":48}},{"start":{},"end":{}}],"line":32},"4":{"loc":{"start":{"line":38,"column":4},"end":{"line":38,"column":48}},"type":"if","locations":[{"start":{"line":38,"column":4},"end":{"line":38,"column":48}},{"start":{},"end":{}}],"line":38},"5":{"loc":{"start":{"line":44,"column":4},"end":{"line":44,"column":48}},"type":"if","locations":[{"start":{"line":44,"column":4},"end":{"line":44,"column":48}},{"start":{},"end":{}}],"line":44}},"s":{"0":0,"1":0,"2":0,"3":0,"4":0,"5":0,"6":0,"7":0,"8":0,"9":0,"10":0,"11":0,"12":0,"13":0,"14":0,"15":0,"16":0,"17":0,"18":0,"19":0,"20":0,"21":0,"22":0,"23":0,"24":0,"25":0,"26":0,"27":0,"28":0,"29":0,"30":0},"f":{"0":0,"1":0,"2":0,"3":0,"4":0,"5":0,"6":0,"7":0,"8":0,"9":0,"10":0},"b":{"0":[0,0],"1":[0,0],"2":[0,0],"3":[0,0],"4":[0,0],"5":[0,0]}}
,"/Users/surakshanigade/Downloads/FayaazTravelsmain/FTnewproj/FT (1)/FT/backend/controllers/corporateEnquiry.controller.js": {"path":"/Users/surakshanigade/Downloads/FayaazTravelsmain/FTnewproj/FT (1)/FT/backend/controllers/corporateEnquiry.controller.js","statementMap":{"0":{"start":{"line":2,"column":11},"end":{"line":2,"column":27}},"1":{"start":{"line":3,"column":21},"end":{"line":3,"column":56}},"2":{"start":{"line":6,"column":0},"end":{"line":59,"column":2}},"3":{"start":{"line":15,"column":6},"end":{"line":15,"column":14}},"4":{"start":{"line":18,"column":2},"end":{"line":22,"column":3}},"5":{"start":{"line":19,"column":4},"end":{"line":21,"column":7}},"6":{"start":{"line":24,"column":17},"end":{"line":35,"column":3}},"7":{"start":{"line":37,"column":2},"end":{"line":58,"column":5}},"8":{"start":{"line":38,"column":4},"end":{"line":41,"column":5}},"9":{"start":{"line":39,"column":6},"end":{"line":39,"column":44}},"10":{"start":{"line":40,"column":6},"end":{"line":40,"column":107}},"11":{"start":{"line":44,"column":4},"end":{"line":50,"column":5}},"12":{"start":{"line":45,"column":26},"end":{"line":45,"column":85}},"13":{"start":{"line":46,"column":6},"end":{"line":46,"column":71}},"14":{"start":{"line":48,"column":6},"end":{"line":48,"column":70}},"15":{"start":{"line":52,"column":4},"end":{"line":57,"column":7}}},"fnMap":{"0":{"name":"(anonymous_0)","decl":{"start":{"line":6,"column":17},"end":{"line":6,"column":18}},"loc":{"start":{"line":6,"column":39},"end":{"line":59,"column":1}},"line":6},"1":{"name":"(anonymous_1)","decl":{"start":{"line":37,"column":64},"end":{"line":37,"column":65}},"loc":{"start":{"line":37,"column":84},"end":{"line":58,"column":3}},"line":37}},"branchMap":{"0":{"loc":{"start":{"line":18,"column":2},"end":{"line":22,"column":3}},"type":"if","locations":[{"start":{"line":18,"column":2},"end":{"line":22,"column":3}},{"start":{},"end":{}}],"line":18},"1":{"loc":{"start":{"line":18,"column":6},"end":{"line":18,"column":55}},"type":"binary-expr","locations":[{"start":{"line":18,"column":6},"end":{"line":18,"column":14}},{"start":{"line":18,"column":18},"end":{"line":18,"column":33}},{"start":{"line":18,"column":37},"end":{"line":18,"column":43}},{"start":{"line":18,"column":47},"end":{"line":18,"column":55}}],"line":18},"2":{"loc":{"start":{"line":28,"column":11},"end":{"line":28,"column":24}},"type":"binary-expr","locations":[{"start":{"line":28,"column":11},"end":{"line":28,"column":16}},{"start":{"line":28,"column":20},"end":{"line":28,"column":24}}],"line":28},"3":{"loc":{"start":{"line":29,"column":21},"end":{"line":29,"column":71}},"type":"cond-expr","locations":[{"start":{"line":29,"column":39},"end":{"line":29,"column":64}},{"start":{"line":29,"column":67},"end":{"line":29,"column":71}}],"line":29},"4":{"loc":{"start":{"line":30,"column":18},"end":{"line":30,"column":38}},"type":"binary-expr","locations":[{"start":{"line":30,"column":18},"end":{"line":30,"column":30}},{"start":{"line":30,"column":34},"end":{"line":30,"column":38}}],"line":30},"5":{"loc":{"start":{"line":31,"column":9},"end":{"line":31,"column":59}},"type":"cond-expr","locations":[{"start":{"line":31,"column":27},"end":{"line":31,"column":52}},{"start":{"line":31,"column":55},"end":{"line":31,"column":59}}],"line":31},"6":{"loc":{"start":{"line":38,"column":4},"end":{"line":41,"column":5}},"type":"if","locations":[{"start":{"line":38,"column":4},"end":{"line":41,"column":5}},{"start":{},"end":{}}],"line":38}},"s":{"0":0,"1":0,"2":0,"3":0,"4":0,"5":0,"6":0,"7":0,"8":0,"9":0,"10":0,"11":0,"12":0,"13":0,"14":0,"15":0},"f":{"0":0,"1":0},"b":{"0":[0,0],"1":[0,0,0,0],"2":[0,0],"3":[0,0],"4":[0,0],"5":[0,0],"6":[0,0]}}
,"/Users/surakshanigade/Downloads/FayaazTravelsmain/FTnewproj/FT (1)/FT/backend/controllers/deals.controller.js": {"path":"/Users/surakshanigade/Downloads/FayaazTravelsmain/FTnewproj/FT (1)/FT/backend/controllers/deals.controller.js","statementMap":{"0":{"start":{"line":2,"column":11},"end":{"line":2,"column":27}},"1":{"start":{"line":5,"column":18},"end":{"line":266,"column":1}},"2":{"start":{"line":268,"column":0},"end":{"line":283,"column":2}},"3":{"start":{"line":270,"column":22},"end":{"line":276,"column":4}},"4":{"start":{"line":271,"column":4},"end":{"line":271,"column":49}},"5":{"start":{"line":271,"column":39},"end":{"line":271,"column":49}},"6":{"start":{"line":272,"column":4},"end":{"line":272,"column":48}},"7":{"start":{"line":272,"column":39},"end":{"line":272,"column":48}},"8":{"start":{"line":273,"column":4},"end":{"line":273,"column":53}},"9":{"start":{"line":273,"column":43},"end":{"line":273,"column":53}},"10":{"start":{"line":274,"column":4},"end":{"line":274,"column":52}},"11":{"start":{"line":274,"column":43},"end":{"line":274,"column":52}},"12":{"start":{"line":275,"column":4},"end":{"line":275,"column":55}},"13":{"start":{"line":278,"column":2},"end":{"line":282,"column":5}},"14":{"start":{"line":285,"column":0},"end":{"line":294,"column":2}},"15":{"start":{"line":287,"column":24},"end":{"line":287,"column":65}},"16":{"start":{"line":287,"column":49},"end":{"line":287,"column":64}},"17":{"start":{"line":289,"column":2},"end":{"line":293,"column":5}},"18":{"start":{"line":296,"column":0},"end":{"line":310,"column":2}},"19":{"start":{"line":297,"column":17},"end":{"line":297,"column":27}},"20":{"start":{"line":298,"column":15},"end":{"line":298,"column":57}},"21":{"start":{"line":298,"column":35},"end":{"line":298,"column":56}},"22":{"start":{"line":300,"column":2},"end":{"line":304,"column":3}},"23":{"start":{"line":301,"column":4},"end":{"line":303,"column":7}},"24":{"start":{"line":306,"column":2},"end":{"line":309,"column":5}}},"fnMap":{"0":{"name":"(anonymous_0)","decl":{"start":{"line":268,"column":17},"end":{"line":268,"column":18}},"loc":{"start":{"line":268,"column":33},"end":{"line":283,"column":1}},"line":268},"1":{"name":"(anonymous_1)","decl":{"start":{"line":270,"column":42},"end":{"line":270,"column":43}},"loc":{"start":{"line":270,"column":52},"end":{"line":276,"column":3}},"line":270},"2":{"name":"(anonymous_2)","decl":{"start":{"line":285,"column":22},"end":{"line":285,"column":23}},"loc":{"start":{"line":285,"column":38},"end":{"line":294,"column":1}},"line":285},"3":{"name":"(anonymous_3)","decl":{"start":{"line":287,"column":41},"end":{"line":287,"column":42}},"loc":{"start":{"line":287,"column":49},"end":{"line":287,"column":64}},"line":287},"4":{"name":"(anonymous_4)","decl":{"start":{"line":296,"column":18},"end":{"line":296,"column":19}},"loc":{"start":{"line":296,"column":34},"end":{"line":310,"column":1}},"line":296},"5":{"name":"(anonymous_5)","decl":{"start":{"line":298,"column":30},"end":{"line":298,"column":31}},"loc":{"start":{"line":298,"column":35},"end":{"line":298,"column":56}},"line":298}},"branchMap":{"0":{"loc":{"start":{"line":271,"column":4},"end":{"line":271,"column":49}},"type":"if","locations":[{"start":{"line":271,"column":4},"end":{"line":271,"column":49}},{"start":{},"end":{}}],"line":271},"1":{"loc":{"start":{"line":271,"column":8},"end":{"line":271,"column":37}},"type":"binary-expr","locations":[{"start":{"line":271,"column":8},"end":{"line":271,"column":20}},{"start":{"line":271,"column":24},"end":{"line":271,"column":37}}],"line":271},"2":{"loc":{"start":{"line":272,"column":4},"end":{"line":272,"column":48}},"type":"if","locations":[{"start":{"line":272,"column":4},"end":{"line":272,"column":48}},{"start":{},"end":{}}],"line":272},"3":{"loc":{"start":{"line":272,"column":8},"end":{"line":272,"column":37}},"type":"binary-expr","locations":[{"start":{"line":272,"column":8},"end":{"line":272,"column":21}},{"start":{"line":272,"column":25},"end":{"line":272,"column":37}}],"line":272},"4":{"loc":{"start":{"line":273,"column":4},"end":{"line":273,"column":53}},"type":"if","locations":[{"start":{"line":273,"column":4},"end":{"line":273,"column":53}},{"start":{},"end":{}}],"line":273},"5":{"loc":{"start":{"line":273,"column":8},"end":{"line":273,"column":41}},"type":"binary-expr","locations":[{"start":{"line":273,"column":8},"end":{"line":273,"column":22}},{"start":{"line":273,"column":26},"end":{"line":273,"column":41}}],"line":273},"6":{"loc":{"start":{"line":274,"column":4},"end":{"line":274,"column":52}},"type":"if","locations":[{"start":{"line":274,"column":4},"end":{"line":274,"column":52}},{"start":{},"end":{}}],"line":274},"7":{"loc":{"start":{"line":274,"column":8},"end":{"line":274,"column":41}},"type":"binary-expr","locations":[{"start":{"line":274,"column":8},"end":{"line":274,"column":23}},{"start":{"line":274,"column":27},"end":{"line":274,"column":41}}],"line":274},"8":{"loc":{"start":{"line":300,"column":2},"end":{"line":304,"column":3}},"type":"if","locations":[{"start":{"line":300,"column":2},"end":{"line":304,"column":3}},{"start":{},"end":{}}],"line":300}},"s":{"0":0,"1":0,"2":0,"3":0,"4":0,"5":0,"6":0,"7":0,"8":0,"9":0,"10":0,"11":0,"12":0,"13":0,"14":0,"15":0,"16":0,"17":0,"18":0,"19":0,"20":0,"21":0,"22":0,"23":0,"24":0},"f":{"0":0,"1":0,"2":0,"3":0,"4":0,"5":0},"b":{"0":[0,0],"1":[0,0],"2":[0,0],"3":[0,0],"4":[0,0],"5":[0,0],"6":[0,0],"7":[0,0],"8":[0,0]}}
,"/Users/surakshanigade/Downloads/FayaazTravelsmain/FTnewproj/FT (1)/FT/backend/controllers/destinations.controller.js": {"path":"/Users/surakshanigade/Downloads/FayaazTravelsmain/FTnewproj/FT (1)/FT/backend/controllers/destinations.controller.js","statementMap":{"0":{"start":{"line":2,"column":11},"end":{"line":2,"column":27}},"1":{"start":{"line":5,"column":29},"end":{"line":61,"column":1}},"2":{"start":{"line":6,"column":2},"end":{"line":8,"column":3}},"3":{"start":{"line":7,"column":4},"end":{"line":7,"column":36}},"4":{"start":{"line":10,"column":23},"end":{"line":10,"column":24}},"5":{"start":{"line":11,"column":30},"end":{"line":11,"column":32}},"6":{"start":{"line":13,"column":2},"end":{"line":60,"column":5}},"7":{"start":{"line":14,"column":4},"end":{"line":59,"column":6}},"8":{"start":{"line":19,"column":27},"end":{"line":23,"column":9}},"9":{"start":{"line":20,"column":10},"end":{"line":20,"column":67}},"10":{"start":{"line":20,"column":55},"end":{"line":20,"column":67}},"11":{"start":{"line":21,"column":25},"end":{"line":21,"column":40}},"12":{"start":{"line":22,"column":10},"end":{"line":22,"column":47}},"13":{"start":{"line":26,"column":25},"end":{"line":26,"column":103}},"14":{"start":{"line":27,"column":25},"end":{"line":27,"column":103}},"15":{"start":{"line":28,"column":26},"end":{"line":28,"column":105}},"16":{"start":{"line":32,"column":8},"end":{"line":41,"column":9}},"17":{"start":{"line":33,"column":10},"end":{"line":33,"column":34}},"18":{"start":{"line":34,"column":10},"end":{"line":34,"column":106}},"19":{"start":{"line":37,"column":27},"end":{"line":37,"column":79}},"20":{"start":{"line":38,"column":23},"end":{"line":38,"column":59}},"21":{"start":{"line":39,"column":10},"end":{"line":39,"column":61}},"22":{"start":{"line":40,"column":10},"end":{"line":40,"column":51}},"23":{"start":{"line":44,"column":8},"end":{"line":52,"column":10}},"24":{"start":{"line":54,"column":8},"end":{"line":54,"column":25}},"25":{"start":{"line":55,"column":8},"end":{"line":57,"column":9}},"26":{"start":{"line":56,"column":10},"end":{"line":56,"column":46}},"27":{"start":{"line":63,"column":0},"end":{"line":68,"column":2}},"28":{"start":{"line":64,"column":2},"end":{"line":67,"column":5}},"29":{"start":{"line":65,"column":4},"end":{"line":65,"column":48}},"30":{"start":{"line":65,"column":13},"end":{"line":65,"column":48}},"31":{"start":{"line":66,"column":4},"end":{"line":66,"column":24}},"32":{"start":{"line":70,"column":0},"end":{"line":76,"column":2}},"33":{"start":{"line":71,"column":2},"end":{"line":75,"column":5}},"34":{"start":{"line":72,"column":4},"end":{"line":72,"column":48}},"35":{"start":{"line":72,"column":13},"end":{"line":72,"column":48}},"36":{"start":{"line":73,"column":4},"end":{"line":73,"column":93}},"37":{"start":{"line":73,"column":25},"end":{"line":73,"column":93}},"38":{"start":{"line":74,"column":4},"end":{"line":74,"column":27}},"39":{"start":{"line":78,"column":0},"end":{"line":84,"column":2}},"40":{"start":{"line":79,"column":2},"end":{"line":83,"column":5}},"41":{"start":{"line":80,"column":4},"end":{"line":80,"column":48}},"42":{"start":{"line":80,"column":13},"end":{"line":80,"column":48}},"43":{"start":{"line":81,"column":4},"end":{"line":81,"column":93}},"44":{"start":{"line":81,"column":25},"end":{"line":81,"column":93}},"45":{"start":{"line":82,"column":4},"end":{"line":82,"column":27}},"46":{"start":{"line":87,"column":0},"end":{"line":117,"column":2}},"47":{"start":{"line":88,"column":19},"end":{"line":88,"column":29}},"48":{"start":{"line":91,"column":2},"end":{"line":116,"column":5}},"49":{"start":{"line":92,"column":4},"end":{"line":92,"column":48}},"50":{"start":{"line":92,"column":13},"end":{"line":92,"column":48}},"51":{"start":{"line":93,"column":4},"end":{"line":93,"column":97}},"52":{"start":{"line":93,"column":29},"end":{"line":93,"column":97}},"53":{"start":{"line":95,"column":24},"end":{"line":95,"column":38}},"54":{"start":{"line":99,"column":24},"end":{"line":104,"column":5}},"55":{"start":{"line":106,"column":23},"end":{"line":106,"column":48}},"56":{"start":{"line":108,"column":4},"end":{"line":115,"column":7}},"57":{"start":{"line":109,"column":6},"end":{"line":109,"column":50}},"58":{"start":{"line":109,"column":15},"end":{"line":109,"column":50}},"59":{"start":{"line":111,"column":6},"end":{"line":114,"column":9}},"60":{"start":{"line":120,"column":0},"end":{"line":138,"column":2}},"61":{"start":{"line":122,"column":16},"end":{"line":132,"column":3}},"62":{"start":{"line":134,"column":2},"end":{"line":137,"column":5}},"63":{"start":{"line":135,"column":4},"end":{"line":135,"column":48}},"64":{"start":{"line":135,"column":13},"end":{"line":135,"column":48}},"65":{"start":{"line":136,"column":4},"end":{"line":136,"column":24}},"66":{"start":{"line":141,"column":0},"end":{"line":183,"column":2}},"67":{"start":{"line":142,"column":16},"end":{"line":148,"column":3}},"68":{"start":{"line":150,"column":2},"end":{"line":182,"column":5}},"69":{"start":{"line":151,"column":4},"end":{"line":154,"column":5}},"70":{"start":{"line":152,"column":6},"end":{"line":152,"column":82}},"71":{"start":{"line":153,"column":6},"end":{"line":153,"column":87}},"72":{"start":{"line":155,"column":4},"end":{"line":157,"column":5}},"73":{"start":{"line":156,"column":6},"end":{"line":156,"column":28}},"74":{"start":{"line":158,"column":30},"end":{"line":180,"column":6}},"75":{"start":{"line":159,"column":23},"end":{"line":159,"column":118}},"76":{"start":{"line":160,"column":24},"end":{"line":160,"column":123}},"77":{"start":{"line":162,"column":6},"end":{"line":170,"column":7}},"78":{"start":{"line":163,"column":8},"end":{"line":163,"column":31}},"79":{"start":{"line":164,"column":8},"end":{"line":164,"column":104}},"80":{"start":{"line":166,"column":25},"end":{"line":166,"column":77}},"81":{"start":{"line":167,"column":21},"end":{"line":167,"column":57}},"82":{"start":{"line":168,"column":8},"end":{"line":168,"column":58}},"83":{"start":{"line":169,"column":8},"end":{"line":169,"column":48}},"84":{"start":{"line":171,"column":6},"end":{"line":179,"column":8}},"85":{"start":{"line":181,"column":4},"end":{"line":181,"column":34}},"86":{"start":{"line":186,"column":0},"end":{"line":228,"column":2}},"87":{"start":{"line":187,"column":16},"end":{"line":193,"column":3}},"88":{"start":{"line":195,"column":2},"end":{"line":227,"column":5}},"89":{"start":{"line":196,"column":4},"end":{"line":199,"column":5}},"90":{"start":{"line":197,"column":6},"end":{"line":197,"column":81}},"91":{"start":{"line":198,"column":6},"end":{"line":198,"column":87}},"92":{"start":{"line":200,"column":4},"end":{"line":202,"column":5}},"93":{"start":{"line":201,"column":6},"end":{"line":201,"column":28}},"94":{"start":{"line":203,"column":30},"end":{"line":225,"column":6}},"95":{"start":{"line":204,"column":23},"end":{"line":204,"column":118}},"96":{"start":{"line":205,"column":24},"end":{"line":205,"column":123}},"97":{"start":{"line":207,"column":6},"end":{"line":215,"column":7}},"98":{"start":{"line":208,"column":8},"end":{"line":208,"column":31}},"99":{"start":{"line":209,"column":8},"end":{"line":209,"column":104}},"100":{"start":{"line":211,"column":25},"end":{"line":211,"column":77}},"101":{"start":{"line":212,"column":21},"end":{"line":212,"column":57}},"102":{"start":{"line":213,"column":8},"end":{"line":213,"column":58}},"103":{"start":{"line":214,"column":8},"end":{"line":214,"column":48}},"104":{"start":{"line":216,"column":6},"end":{"line":224,"column":8}},"105":{"start":{"line":226,"column":4},"end":{"line":226,"column":34}},"106":{"start":{"line":231,"column":0},"end":{"line":273,"column":2}},"107":{"start":{"line":232,"column":16},"end":{"line":238,"column":3}},"108":{"start":{"line":240,"column":2},"end":{"line":272,"column":5}},"109":{"start":{"line":241,"column":4},"end":{"line":244,"column":5}},"110":{"start":{"line":242,"column":6},"end":{"line":242,"column":77}},"111":{"start":{"line":243,"column":6},"end":{"line":243,"column":87}},"112":{"start":{"line":245,"column":4},"end":{"line":247,"column":5}},"113":{"start":{"line":246,"column":6},"end":{"line":246,"column":28}},"114":{"start":{"line":248,"column":30},"end":{"line":270,"column":6}},"115":{"start":{"line":249,"column":23},"end":{"line":249,"column":118}},"116":{"start":{"line":250,"column":24},"end":{"line":250,"column":123}},"117":{"start":{"line":252,"column":6},"end":{"line":260,"column":7}},"118":{"start":{"line":253,"column":8},"end":{"line":253,"column":31}},"119":{"start":{"line":254,"column":8},"end":{"line":254,"column":104}},"120":{"start":{"line":256,"column":25},"end":{"line":256,"column":77}},"121":{"start":{"line":257,"column":21},"end":{"line":257,"column":57}},"122":{"start":{"line":258,"column":8},"end":{"line":258,"column":58}},"123":{"start":{"line":259,"column":8},"end":{"line":259,"column":48}},"124":{"start":{"line":261,"column":6},"end":{"line":269,"column":8}},"125":{"start":{"line":271,"column":4},"end":{"line":271,"column":34}},"126":{"start":{"line":276,"column":0},"end":{"line":318,"column":2}},"127":{"start":{"line":277,"column":16},"end":{"line":283,"column":3}},"128":{"start":{"line":285,"column":2},"end":{"line":317,"column":5}},"129":{"start":{"line":286,"column":4},"end":{"line":289,"column":5}},"130":{"start":{"line":287,"column":6},"end":{"line":287,"column":78}},"131":{"start":{"line":288,"column":6},"end":{"line":288,"column":87}},"132":{"start":{"line":290,"column":4},"end":{"line":292,"column":5}},"133":{"start":{"line":291,"column":6},"end":{"line":291,"column":28}},"134":{"start":{"line":293,"column":30},"end":{"line":315,"column":6}},"135":{"start":{"line":294,"column":23},"end":{"line":294,"column":118}},"136":{"start":{"line":295,"column":24},"end":{"line":295,"column":123}},"137":{"start":{"line":297,"column":6},"end":{"line":305,"column":7}},"138":{"start":{"line":298,"column":8},"end":{"line":298,"column":31}},"139":{"start":{"line":299,"column":8},"end":{"line":299,"column":104}},"140":{"start":{"line":301,"column":25},"end":{"line":301,"column":77}},"141":{"start":{"line":302,"column":21},"end":{"line":302,"column":57}},"142":{"start":{"line":303,"column":8},"end":{"line":303,"column":58}},"143":{"start":{"line":304,"column":8},"end":{"line":304,"column":48}},"144":{"start":{"line":306,"column":6},"end":{"line":314,"column":8}},"145":{"start":{"line":316,"column":4},"end":{"line":316,"column":34}},"146":{"start":{"line":321,"column":0},"end":{"line":363,"column":2}},"147":{"start":{"line":322,"column":16},"end":{"line":328,"column":3}},"148":{"start":{"line":330,"column":2},"end":{"line":362,"column":5}},"149":{"start":{"line":331,"column":4},"end":{"line":334,"column":5}},"150":{"start":{"line":332,"column":6},"end":{"line":332,"column":79}},"151":{"start":{"line":333,"column":6},"end":{"line":333,"column":87}},"152":{"start":{"line":335,"column":4},"end":{"line":337,"column":5}},"153":{"start":{"line":336,"column":6},"end":{"line":336,"column":28}},"154":{"start":{"line":338,"column":30},"end":{"line":360,"column":6}},"155":{"start":{"line":339,"column":23},"end":{"line":339,"column":118}},"156":{"start":{"line":340,"column":24},"end":{"line":340,"column":123}},"157":{"start":{"line":342,"column":6},"end":{"line":350,"column":7}},"158":{"start":{"line":343,"column":8},"end":{"line":343,"column":31}},"159":{"start":{"line":344,"column":8},"end":{"line":344,"column":104}},"160":{"start":{"line":346,"column":25},"end":{"line":346,"column":77}},"161":{"start":{"line":347,"column":21},"end":{"line":347,"column":57}},"162":{"start":{"line":348,"column":8},"end":{"line":348,"column":58}},"163":{"start":{"line":349,"column":8},"end":{"line":349,"column":48}},"164":{"start":{"line":351,"column":6},"end":{"line":359,"column":8}},"165":{"start":{"line":361,"column":4},"end":{"line":361,"column":34}},"166":{"start":{"line":366,"column":0},"end":{"line":408,"column":2}},"167":{"start":{"line":367,"column":16},"end":{"line":373,"column":3}},"168":{"start":{"line":375,"column":2},"end":{"line":407,"column":5}},"169":{"start":{"line":376,"column":4},"end":{"line":379,"column":5}},"170":{"start":{"line":377,"column":6},"end":{"line":377,"column":79}},"171":{"start":{"line":378,"column":6},"end":{"line":378,"column":87}},"172":{"start":{"line":380,"column":4},"end":{"line":382,"column":5}},"173":{"start":{"line":381,"column":6},"end":{"line":381,"column":28}},"174":{"start":{"line":383,"column":30},"end":{"line":405,"column":6}},"175":{"start":{"line":384,"column":23},"end":{"line":384,"column":118}},"176":{"start":{"line":385,"column":24},"end":{"line":385,"column":123}},"177":{"start":{"line":387,"column":6},"end":{"line":395,"column":7}},"178":{"start":{"line":388,"column":8},"end":{"line":388,"column":31}},"179":{"start":{"line":389,"column":8},"end":{"line":389,"column":104}},"180":{"start":{"line":391,"column":25},"end":{"line":391,"column":77}},"181":{"start":{"line":392,"column":21},"end":{"line":392,"column":57}},"182":{"start":{"line":393,"column":8},"end":{"line":393,"column":58}},"183":{"start":{"line":394,"column":8},"end":{"line":394,"column":48}},"184":{"start":{"line":396,"column":6},"end":{"line":404,"column":8}},"185":{"start":{"line":406,"column":4},"end":{"line":406,"column":34}},"186":{"start":{"line":413,"column":0},"end":{"line":455,"column":2}},"187":{"start":{"line":414,"column":16},"end":{"line":421,"column":3}},"188":{"start":{"line":423,"column":2},"end":{"line":454,"column":5}},"189":{"start":{"line":424,"column":4},"end":{"line":427,"column":5}},"190":{"start":{"line":425,"column":6},"end":{"line":425,"column":70}},"191":{"start":{"line":426,"column":6},"end":{"line":426,"column":87}},"192":{"start":{"line":428,"column":4},"end":{"line":430,"column":5}},"193":{"start":{"line":429,"column":6},"end":{"line":429,"column":57}},"194":{"start":{"line":431,"column":30},"end":{"line":452,"column":6}},"195":{"start":{"line":432,"column":23},"end":{"line":432,"column":118}},"196":{"start":{"line":433,"column":24},"end":{"line":433,"column":123}},"197":{"start":{"line":435,"column":6},"end":{"line":443,"column":7}},"198":{"start":{"line":436,"column":8},"end":{"line":436,"column":31}},"199":{"start":{"line":437,"column":8},"end":{"line":437,"column":104}},"200":{"start":{"line":439,"column":25},"end":{"line":439,"column":77}},"201":{"start":{"line":440,"column":21},"end":{"line":440,"column":57}},"202":{"start":{"line":441,"column":8},"end":{"line":441,"column":58}},"203":{"start":{"line":442,"column":8},"end":{"line":442,"column":48}},"204":{"start":{"line":444,"column":6},"end":{"line":451,"column":8}},"205":{"start":{"line":453,"column":4},"end":{"line":453,"column":34}},"206":{"start":{"line":458,"column":0},"end":{"line":499,"column":2}},"207":{"start":{"line":459,"column":16},"end":{"line":465,"column":3}},"208":{"start":{"line":467,"column":2},"end":{"line":498,"column":5}},"209":{"start":{"line":468,"column":4},"end":{"line":471,"column":5}},"210":{"start":{"line":469,"column":6},"end":{"line":469,"column":82}},"211":{"start":{"line":470,"column":6},"end":{"line":470,"column":87}},"212":{"start":{"line":472,"column":4},"end":{"line":474,"column":5}},"213":{"start":{"line":473,"column":6},"end":{"line":473,"column":28}},"214":{"start":{"line":475,"column":30},"end":{"line":496,"column":6}},"215":{"start":{"line":476,"column":23},"end":{"line":476,"column":118}},"216":{"start":{"line":477,"column":24},"end":{"line":477,"column":123}},"217":{"start":{"line":479,"column":6},"end":{"line":487,"column":7}},"218":{"start":{"line":480,"column":8},"end":{"line":480,"column":31}},"219":{"start":{"line":481,"column":8},"end":{"line":481,"column":104}},"220":{"start":{"line":483,"column":25},"end":{"line":483,"column":77}},"221":{"start":{"line":484,"column":21},"end":{"line":484,"column":57}},"222":{"start":{"line":485,"column":8},"end":{"line":485,"column":58}},"223":{"start":{"line":486,"column":8},"end":{"line":486,"column":48}},"224":{"start":{"line":488,"column":6},"end":{"line":495,"column":8}},"225":{"start":{"line":497,"column":4},"end":{"line":497,"column":34}},"226":{"start":{"line":502,"column":0},"end":{"line":543,"column":2}},"227":{"start":{"line":503,"column":16},"end":{"line":509,"column":3}},"228":{"start":{"line":511,"column":2},"end":{"line":542,"column":5}},"229":{"start":{"line":512,"column":4},"end":{"line":515,"column":5}},"230":{"start":{"line":513,"column":6},"end":{"line":513,"column":86}},"231":{"start":{"line":514,"column":6},"end":{"line":514,"column":87}},"232":{"start":{"line":516,"column":4},"end":{"line":518,"column":5}},"233":{"start":{"line":517,"column":6},"end":{"line":517,"column":28}},"234":{"start":{"line":519,"column":30},"end":{"line":540,"column":6}},"235":{"start":{"line":520,"column":23},"end":{"line":520,"column":118}},"236":{"start":{"line":521,"column":24},"end":{"line":521,"column":123}},"237":{"start":{"line":523,"column":6},"end":{"line":531,"column":7}},"238":{"start":{"line":524,"column":8},"end":{"line":524,"column":31}},"239":{"start":{"line":525,"column":8},"end":{"line":525,"column":104}},"240":{"start":{"line":527,"column":25},"end":{"line":527,"column":77}},"241":{"start":{"line":528,"column":21},"end":{"line":528,"column":57}},"242":{"start":{"line":529,"column":8},"end":{"line":529,"column":58}},"243":{"start":{"line":530,"column":8},"end":{"line":530,"column":48}},"244":{"start":{"line":532,"column":6},"end":{"line":539,"column":8}},"245":{"start":{"line":541,"column":4},"end":{"line":541,"column":34}},"246":{"start":{"line":546,"column":0},"end":{"line":587,"column":2}},"247":{"start":{"line":547,"column":16},"end":{"line":553,"column":3}},"248":{"start":{"line":555,"column":2},"end":{"line":586,"column":5}},"249":{"start":{"line":556,"column":4},"end":{"line":559,"column":5}},"250":{"start":{"line":557,"column":6},"end":{"line":557,"column":82}},"251":{"start":{"line":558,"column":6},"end":{"line":558,"column":87}},"252":{"start":{"line":560,"column":4},"end":{"line":562,"column":5}},"253":{"start":{"line":561,"column":6},"end":{"line":561,"column":28}},"254":{"start":{"line":563,"column":30},"end":{"line":584,"column":6}},"255":{"start":{"line":564,"column":23},"end":{"line":564,"column":118}},"256":{"start":{"line":565,"column":24},"end":{"line":565,"column":123}},"257":{"start":{"line":567,"column":6},"end":{"line":575,"column":7}},"258":{"start":{"line":568,"column":8},"end":{"line":568,"column":31}},"259":{"start":{"line":569,"column":8},"end":{"line":569,"column":104}},"260":{"start":{"line":571,"column":25},"end":{"line":571,"column":77}},"261":{"start":{"line":572,"column":21},"end":{"line":572,"column":57}},"262":{"start":{"line":573,"column":8},"end":{"line":573,"column":58}},"263":{"start":{"line":574,"column":8},"end":{"line":574,"column":48}},"264":{"start":{"line":576,"column":6},"end":{"line":583,"column":8}},"265":{"start":{"line":585,"column":4},"end":{"line":585,"column":34}},"266":{"start":{"line":590,"column":0},"end":{"line":631,"column":2}},"267":{"start":{"line":591,"column":16},"end":{"line":597,"column":3}},"268":{"start":{"line":599,"column":2},"end":{"line":630,"column":5}},"269":{"start":{"line":600,"column":4},"end":{"line":603,"column":5}},"270":{"start":{"line":601,"column":6},"end":{"line":601,"column":79}},"271":{"start":{"line":602,"column":6},"end":{"line":602,"column":87}},"272":{"start":{"line":604,"column":4},"end":{"line":
[...]
nd":{"line":83,"column":55}},{"start":{"line":83,"column":59},"end":{"line":83,"column":60}}],"line":83},"18":{"loc":{"start":{"line":101,"column":2},"end":{"line":106,"column":3}},"type":"if","locations":[{"start":{"line":101,"column":2},"end":{"line":106,"column":3}},{"start":{},"end":{}}],"line":101},"19":{"loc":{"start":{"line":101,"column":6},"end":{"line":101,"column":29}},"type":"binary-expr","locations":[{"start":{"line":101,"column":6},"end":{"line":101,"column":14}},{"start":{"line":101,"column":18},"end":{"line":101,"column":29}}],"line":101},"20":{"loc":{"start":{"line":112,"column":2},"end":{"line":118,"column":3}},"type":"if","locations":[{"start":{"line":112,"column":2},"end":{"line":118,"column":3}},{"start":{"line":115,"column":9},"end":{"line":118,"column":3}}],"line":112},"21":{"loc":{"start":{"line":112,"column":6},"end":{"line":112,"column":32}},"type":"binary-expr","locations":[{"start":{"line":112,"column":6},"end":{"line":112,"column":13}},{"start":{"line":112,"column":17},"end":{"line":112,"column":32}}],"line":112},"22":{"loc":{"start":{"line":115,"column":9},"end":{"line":118,"column":3}},"type":"if","locations":[{"start":{"line":115,"column":9},"end":{"line":118,"column":3}},{"start":{},"end":{}}],"line":115},"23":{"loc":{"start":{"line":124,"column":4},"end":{"line":130,"column":5}},"type":"if","locations":[{"start":{"line":124,"column":4},"end":{"line":130,"column":5}},{"start":{},"end":{}}],"line":124},"24":{"loc":{"start":{"line":132,"column":4},"end":{"line":137,"column":5}},"type":"if","locations":[{"start":{"line":132,"column":4},"end":{"line":137,"column":5}},{"start":{},"end":{}}],"line":132},"25":{"loc":{"start":{"line":142,"column":4},"end":{"line":185,"column":5}},"type":"if","locations":[{"start":{"line":142,"column":4},"end":{"line":185,"column":5}},{"start":{"line":170,"column":11},"end":{"line":185,"column":5}}],"line":142},"26":{"loc":{"start":{"line":142,"column":8},"end":{"line":142,"column":29}},"type":"binary-expr","locations":[{"start":{"line":142,"column":8},"end":{"line":142,"column":17}},{"start":{"line":142,"column":21},"end":{"line":142,"column":29}}],"line":142},"27":{"loc":{"start":{"line":143,"column":26},"end":{"line":143,"column":41}},"type":"binary-expr","locations":[{"start":{"line":143,"column":26},"end":{"line":143,"column":35}},{"start":{"line":143,"column":39},"end":{"line":143,"column":41}}],"line":143},"28":{"loc":{"start":{"line":143,"column":45},"end":{"line":143,"column":59}},"type":"binary-expr","locations":[{"start":{"line":143,"column":45},"end":{"line":143,"column":53}},{"start":{"line":143,"column":57},"end":{"line":143,"column":59}}],"line":143},"29":{"loc":{"start":{"line":147,"column":8},"end":{"line":153,"column":9}},"type":"if","locations":[{"start":{"line":147,"column":8},"end":{"line":153,"column":9}},{"start":{},"end":{}}],"line":147},"30":{"loc":{"start":{"line":161,"column":23},"end":{"line":161,"column":38}},"type":"binary-expr","locations":[{"start":{"line":161,"column":23},"end":{"line":161,"column":32}},{"start":{"line":161,"column":36},"end":{"line":161,"column":38}}],"line":161},"31":{"loc":{"start":{"line":162,"column":22},"end":{"line":162,"column":36}},"type":"binary-expr","locations":[{"start":{"line":162,"column":22},"end":{"line":162,"column":30}},{"start":{"line":162,"column":34},"end":{"line":162,"column":36}}],"line":162},"32":{"loc":{"start":{"line":164,"column":19},"end":{"line":164,"column":30}},"type":"binary-expr","locations":[{"start":{"line":164,"column":19},"end":{"line":164,"column":24}},{"start":{"line":164,"column":28},"end":{"line":164,"column":30}}],"line":164},"33":{"loc":{"start":{"line":165,"column":25},"end":{"line":165,"column":42}},"type":"binary-expr","locations":[{"start":{"line":165,"column":25},"end":{"line":165,"column":36}},{"start":{"line":165,"column":40},"end":{"line":165,"column":42}}],"line":165},"34":{"loc":{"start":{"line":166,"column":21},"end":{"line":166,"column":34}},"type":"binary-expr","locations":[{"start":{"line":166,"column":21},"end":{"line":166,"column":28}},{"start":{"line":166,"column":32},"end":{"line":166,"column":34}}],"line":166},"35":{"loc":{"start":{"line":177,"column":21},"end":{"line":177,"column":36}},"type":"binary-expr","locations":[{"start":{"line":177,"column":21},"end":{"line":177,"column":30}},{"start":{"line":177,"column":34},"end":{"line":177,"column":36}}],"line":177},"36":{"loc":{"start":{"line":178,"column":20},"end":{"line":178,"column":34}},"type":"binary-expr","locations":[{"start":{"line":178,"column":20},"end":{"line":178,"column":28}},{"start":{"line":178,"column":32},"end":{"line":178,"column":34}}],"line":178},"37":{"loc":{"start":{"line":180,"column":17},"end":{"line":180,"column":28}},"type":"binary-expr","locations":[{"start":{"line":180,"column":17},"end":{"line":180,"column":22}},{"start":{"line":180,"column":26},"end":{"line":180,"column":28}}],"line":180},"38":{"loc":{"start":{"line":181,"column":23},"end":{"line":181,"column":40}},"type":"binary-expr","locations":[{"start":{"line":181,"column":23},"end":{"line":181,"column":34}},{"start":{"line":181,"column":38},"end":{"line":181,"column":40}}],"line":181},"39":{"loc":{"start":{"line":182,"column":19},"end":{"line":182,"column":32}},"type":"binary-expr","locations":[{"start":{"line":182,"column":19},"end":{"line":182,"column":26}},{"start":{"line":182,"column":30},"end":{"line":182,"column":32}}],"line":182}},"s":{"0":0,"1":0,"2":0,"3":0,"4":0,"5":0,"6":0,"7":0,"8":0,"9":0,"10":0,"11":0,"12":0,"13":0,"14":0,"15":0,"16":0,"17":0,"18":0,"19":0,"20":0,"21":0,"22":0,"23":0,"24":0,"25":0,"26":0,"27":0,"28":0,"29":0,"30":0,"31":0,"32":0,"33":0,"34":0,"35":0,"36":0,"37":0,"38":0,"39":0,"40":0,"41":0,"42":0,"43":0,"44":0,"45":0,"46":0,"47":0,"48":0,"49":0,"50":0,"51":0,"52":0,"53":0,"54":0,"55":0,"56":0,"57":0,"58":0,"59":0},"f":{"0":0,"1":0,"2":0,"3":0,"4":0,"5":0},"b":{"0":[0,0],"1":[0,0],"2":[0,0],"3":[0,0],"4":[0,0],"5":[0,0],"6":[0,0],"7":[0,0],"8":[0,0],"9":[0,0],"10":[0,0],"11":[0,0],"12":[0,0],"13":[0,0],"14":[0,0],"15":[0,0],"16":[0,0],"17":[0,0],"18":[0,0],"19":[0,0],"20":[0,0],"21":[0,0],"22":[0,0],"23":[0,0],"24":[0,0],"25":[0,0],"26":[0,0],"27":[0,0],"28":[0,0],"29":[0,0],"30":[0,0],"31":[0,0],"32":[0,0],"33":[0,0],"34":[0,0],"35":[0,0],"36":[0,0],"37":[0,0],"38":[0,0],"39":[0,0]}}
,"/Users/surakshanigade/Downloads/FayaazTravelsmain/FTnewproj/FT (1)/FT/backend/controllers/webhook.controller.js": {"path":"/Users/surakshanigade/Downloads/FayaazTravelsmain/FTnewproj/FT (1)/FT/backend/controllers/webhook.controller.js","statementMap":{"0":{"start":{"line":1,"column":15},"end":{"line":1,"column":32}},"1":{"start":{"line":2,"column":11},"end":{"line":2,"column":27}},"2":{"start":{"line":4,"column":0},"end":{"line":58,"column":2}},"3":{"start":{"line":5,"column":2},"end":{"line":57,"column":3}},"4":{"start":{"line":6,"column":4},"end":{"line":6,"column":57}},"5":{"start":{"line":7,"column":4},"end":{"line":7,"column":57}},"6":{"start":{"line":8,"column":4},"end":{"line":8,"column":59}},"7":{"start":{"line":9,"column":4},"end":{"line":9,"column":58}},"8":{"start":{"line":10,"column":4},"end":{"line":10,"column":79}},"9":{"start":{"line":11,"column":4},"end":{"line":11,"column":75}},"10":{"start":{"line":12,"column":4},"end":{"line":12,"column":79}},"11":{"start":{"line":13,"column":4},"end":{"line":13,"column":89}},"12":{"start":{"line":14,"column":4},"end":{"line":14,"column":57}},"13":{"start":{"line":17,"column":22},"end":{"line":17,"column":48}},"14":{"start":{"line":18,"column":22},"end":{"line":18,"column":48}},"15":{"start":{"line":20,"column":4},"end":{"line":31,"column":5}},"16":{"start":{"line":21,"column":19},"end":{"line":21,"column":43}},"17":{"start":{"line":22,"column":32},"end":{"line":25,"column":22}},"18":{"start":{"line":27,"column":6},"end":{"line":30,"column":7}},"19":{"start":{"line":28,"column":8},"end":{"line":28,"column":51}},"20":{"start":{"line":29,"column":8},"end":{"line":29,"column":70}},"21":{"start":{"line":33,"column":18},"end":{"line":33,"column":26}},"22":{"start":{"line":34,"column":4},"end":{"line":34,"column":81}},"23":{"start":{"line":36,"column":4},"end":{"line":51,"column":5}},"24":{"start":{"line":38,"column":8},"end":{"line":38,"column":48}},"25":{"start":{"line":39,"column":8},"end":{"line":39,"column":14}},"26":{"start":{"line":41,"column":8},"end":{"line":41,"column":48}},"27":{"start":{"line":42,"column":8},"end":{"line":42,"column":14}},"28":{"start":{"line":44,"column":8},"end":{"line":44,"column":50}},"29":{"start":{"line":45,"column":8},"end":{"line":45,"column":14}},"30":{"start":{"line":47,"column":8},"end":{"line":47,"column":56}},"31":{"start":{"line":48,"column":8},"end":{"line":48,"column":14}},"32":{"start":{"line":50,"column":8},"end":{"line":50,"column":60}},"33":{"start":{"line":53,"column":4},"end":{"line":53,"column":35}},"34":{"start":{"line":55,"column":4},"end":{"line":55,"column":55}},"35":{"start":{"line":56,"column":4},"end":{"line":56,"column":67}},"36":{"start":{"line":61,"column":2},"end":{"line":61,"column":66}},"37":{"start":{"line":64,"column":16},"end":{"line":71,"column":3}},"38":{"start":{"line":73,"column":2},"end":{"line":89,"column":5}},"39":{"start":{"line":74,"column":4},"end":{"line":88,"column":5}},"40":{"start":{"line":75,"column":6},"end":{"line":75,"column":84}},"41":{"start":{"line":76,"column":11},"end":{"line":88,"column":5}},"42":{"start":{"line":77,"column":6},"end":{"line":77,"column":80}},"43":{"start":{"line":79,"column":6},"end":{"line":79,"column":89}},"44":{"start":{"line":80,"column":6},"end":{"line":80,"column":88}},"45":{"start":{"line":81,"column":6},"end":{"line":81,"column":62}},"46":{"start":{"line":87,"column":6},"end":{"line":87,"column":53}},"47":{"start":{"line":93,"column":2},"end":{"line":93,"column":62}},"48":{"start":{"line":96,"column":16},"end":{"line":103,"column":3}},"49":{"start":{"line":105,"column":24},"end":{"line":105,"column":87}},"50":{"start":{"line":107,"column":2},"end":{"line":118,"column":5}},"51":{"start":{"line":108,"column":4},"end":{"line":117,"column":5}},"52":{"start":{"line":109,"column":6},"end":{"line":109,"column":80}},"53":{"start":{"line":110,"column":11},"end":{"line":117,"column":5}},"54":{"start":{"line":111,"column":6},"end":{"line":111,"column":78}},"55":{"start":{"line":113,"column":6},"end":{"line":113,"column":83}},"56":{"start":{"line":116,"column":6},"end":{"line":116,"column":70}},"57":{"start":{"line":122,"column":2},"end":{"line":122,"column":65}},"58":{"start":{"line":125,"column":16},"end":{"line":131,"column":3}},"59":{"start":{"line":133,"column":2},"end":{"line":139,"column":5}},"60":{"start":{"line":134,"column":4},"end":{"line":138,"column":5}},"61":{"start":{"line":135,"column":6},"end":{"line":135,"column":83}},"62":{"start":{"line":137,"column":6},"end":{"line":137,"column":79}},"63":{"start":{"line":143,"column":2},"end":{"line":143,"column":61}},"64":{"start":{"line":146,"column":16},"end":{"line":152,"column":3}},"65":{"start":{"line":154,"column":2},"end":{"line":163,"column":5}},"66":{"start":{"line":155,"column":4},"end":{"line":162,"column":5}},"67":{"start":{"line":156,"column":6},"end":{"line":156,"column":91}},"68":{"start":{"line":158,"column":6},"end":{"line":158,"column":71}},"69":{"start":{"line":161,"column":6},"end":{"line":161,"column":46}},"70":{"start":{"line":168,"column":16},"end":{"line":173,"column":3}},"71":{"start":{"line":175,"column":2},"end":{"line":194,"column":5}},"72":{"start":{"line":176,"column":4},"end":{"line":179,"column":5}},"73":{"start":{"line":177,"column":6},"end":{"line":177,"column":63}},"74":{"start":{"line":178,"column":6},"end":{"line":178,"column":13}},"75":{"start":{"line":181,"column":4},"end":{"line":184,"column":5}},"76":{"start":{"line":182,"column":6},"end":{"line":182,"column":81}},"77":{"start":{"line":183,"column":6},"end":{"line":183,"column":13}},"78":{"start":{"line":186,"column":20},"end":{"line":186,"column":30}},"79":{"start":{"line":187,"column":4},"end":{"line":187,"column":76}},"80":{"start":{"line":198,"column":2},"end":{"line":198,"column":98}},"81":{"start":{"line":207,"column":2},"end":{"line":207,"column":73}}},"fnMap":{"0":{"name":"(anonymous_0)","decl":{"start":{"line":4,"column":33},"end":{"line":4,"column":34}},"loc":{"start":{"line":4,"column":49},"end":{"line":58,"column":1}},"line":4},"1":{"name":"handlePaymentSuccess","decl":{"start":{"line":60,"column":9},"end":{"line":60,"column":29}},"loc":{"start":{"line":60,"column":45},"end":{"line":90,"column":1}},"line":60},"2":{"name":"(anonymous_2)","decl":{"start":{"line":73,"column":38},"end":{"line":73,"column":39}},"loc":{"start":{"line":73,"column":56},"end":{"line":89,"column":3}},"line":73},"3":{"name":"handlePaymentFailure","decl":{"start":{"line":92,"column":9},"end":{"line":92,"column":29}},"loc":{"start":{"line":92,"column":45},"end":{"line":119,"column":1}},"line":92},"4":{"name":"(anonymous_4)","decl":{"start":{"line":107,"column":53},"end":{"line":107,"column":54}},"loc":{"start":{"line":107,"column":71},"end":{"line":118,"column":3}},"line":107},"5":{"name":"handlePaymentCancelled","decl":{"start":{"line":121,"column":9},"end":{"line":121,"column":31}},"loc":{"start":{"line":121,"column":47},"end":{"line":140,"column":1}},"line":121},"6":{"name":"(anonymous_6)","decl":{"start":{"line":133,"column":38},"end":{"line":133,"column":39}},"loc":{"start":{"line":133,"column":56},"end":{"line":139,"column":3}},"line":133},"7":{"name":"handlePaymentRequiresCapture","decl":{"start":{"line":142,"column":9},"end":{"line":142,"column":37}},"loc":{"start":{"line":142,"column":53},"end":{"line":164,"column":1}},"line":142},"8":{"name":"(anonymous_8)","decl":{"start":{"line":154,"column":38},"end":{"line":154,"column":39}},"loc":{"start":{"line":154,"column":56},"end":{"line":163,"column":3}},"line":154},"9":{"name":"sendBookingConfirmationEmail","decl":{"start":{"line":166,"column":9},"end":{"line":166,"column":37}},"loc":{"start":{"line":166,"column":55},"end":{"line":195,"column":1}},"line":166},"10":{"name":"(anonymous_10)","decl":{"start":{"line":175,"column":37},"end":{"line":175,"column":38}},"loc":{"start":{"line":175,"column":55},"end":{"line":194,"column":3}},"line":175},"11":{"name":"sendPaymentFailureNotification","decl":{"start":{"line":197,"column":9},"end":{"line":197,"column":39}},"loc":{"start":{"line":197,"column":65},"end":{"line":204,"column":1}},"line":197},"12":{"name":"notifyAdminForCapture","decl":{"start":{"line":206,"column":9},"end":{"line":206,"column":30}},"loc":{"start":{"line":206,"column":48},"end":{"line":213,"column":1}},"line":206}},"branchMap":{"0":{"loc":{"start":{"line":9,"column":29},"end":{"line":9,"column":56}},"type":"binary-expr","locations":[{"start":{"line":9,"column":29},"end":{"line":9,"column":43}},{"start":{"line":9,"column":47},"end":{"line":9,"column":56}}],"line":9},"1":{"loc":{"start":{"line":10,"column":38},"end":{"line":10,"column":77}},"type":"binary-expr","locations":[{"start":{"line":10,"column":38},"end":{"line":10,"column":64}},{"start":{"line":10,"column":68},"end":{"line":10,"column":77}}],"line":10},"2":{"loc":{"start":{"line":11,"column":30},"end":{"line":11,"column":73}},"type":"binary-expr","locations":[{"start":{"line":11,"column":30},"end":{"line":11,"column":60}},{"start":{"line":11,"column":64},"end":{"line":11,"column":73}}],"line":11},"3":{"loc":{"start":{"line":12,"column":32},"end":{"line":12,"column":77}},"type":"binary-expr","locations":[{"start":{"line":12,"column":32},"end":{"line":12,"column":64}},{"start":{"line":12,"column":68},"end":{"line":12,"column":77}}],"line":12},"4":{"loc":{"start":{"line":13,"column":33},"end":{"line":13,"column":87}},"type":"cond-expr","locations":[{"start":{"line":13,"column":62},"end":{"line":13,"column":73}},{"start":{"line":13,"column":76},"end":{"line":13,"column":87}}],"line":13},"5":{"loc":{"start":{"line":20,"column":4},"end":{"line":31,"column":5}},"type":"if","locations":[{"start":{"line":20,"column":4},"end":{"line":31,"column":5}},{"start":{},"end":{}}],"line":20},"6":{"loc":{"start":{"line":20,"column":8},"end":{"line":20,"column":70}},"type":"binary-expr","locations":[{"start":{"line":20,"column":8},"end":{"line":20,"column":44}},{"start":{"line":20,"column":48},"end":{"line":20,"column":57}},{"start":{"line":20,"column":61},"end":{"line":20,"column":70}}],"line":20},"7":{"loc":{"start":{"line":27,"column":6},"end":{"line":30,"column":7}},"type":"if","locations":[{"start":{"line":27,"column":6},"end":{"line":30,"column":7}},{"start":{},"end":{}}],"line":27},"8":{"loc":{"start":{"line":36,"column":4},"end":{"line":51,"column":5}},"type":"switch","locations":[{"start":{"line":37,"column":6},"end":{"line":39,"column":14}},{"start":{"line":40,"column":6},"end":{"line":42,"column":14}},{"start":{"line":43,"column":6},"end":{"line":45,"column":14}},{"start":{"line":46,"column":6},"end":{"line":48,"column":14}},{"start":{"line":49,"column":6},"end":{"line":50,"column":60}}],"line":36},"9":{"loc":{"start":{"line":74,"column":4},"end":{"line":88,"column":5}},"type":"if","locations":[{"start":{"line":74,"column":4},"end":{"line":88,"column":5}},{"start":{"line":76,"column":11},"end":{"line":88,"column":5}}],"line":74},"10":{"loc":{"start":{"line":76,"column":11},"end":{"line":88,"column":5}},"type":"if","locations":[{"start":{"line":76,"column":11},"end":{"line":88,"column":5}},{"start":{"line":78,"column":11},"end":{"line":88,"column":5}}],"line":76},"11":{"loc":{"start":{"line":105,"column":24},"end":{"line":105,"column":87}},"type":"binary-expr","locations":[{"start":{"line":105,"column":24},"end":{"line":105,"column":67}},{"start":{"line":105,"column":71},"end":{"line":105,"column":87}}],"line":105},"12":{"loc":{"start":{"line":108,"column":4},"end":{"line":117,"column":5}},"type":"if","locations":[{"start":{"line":108,"column":4},"end":{"line":117,"column":5}},{"start":{"line":110,"column":11},"end":{"line":117,"column":5}}],"line":108},"13":{"loc":{"start":{"line":110,"column":11},"end":{"line":117,"column":5}},"type":"if","locations":[{"start":{"line":110,"column":11},"end":{"line":117,"column":5}},{"start":{"line":112,"column":11},"end":{"line":117,"column":5}}],"line":110},"14":{"loc":{"start":{"line":134,"column":4},"end":{"line":138,"column":5}},"type":"if","locations":[{"start":{"line":134,"column":4},"end":{"line":138,"column":5}},{"start":{"line":136,"column":11},"end":{"line":138,"column":5}}],"line":134},"15":{"loc":{"start":{"line":155,"column":4},"end":{"line":162,"column":5}},"type":"if","locations":[{"start":{"line":155,"column":4},"end":{"line":162,"column":5}},{"start":{"line":157,"column":11},"end":{"line":162,"column":5}}],"line":155},"16":{"loc":{"start":{"line":176,"column":4},"end":{"line":179,"column":5}},"type":"if","locations":[{"start":{"line":176,"column":4},"end":{"line":179,"column":5}},{"start":{},"end":{}}],"line":176},"17":{"loc":{"start":{"line":181,"column":4},"end":{"line":184,"column":5}},"type":"if","locations":[{"start":{"line":181,"column":4},"end":{"line":184,"column":5}},{"start":{},"end":{}}],"line":181}},"s":{"0":0,"1":0,"2":0,"3":0,"4":0,"5":0,"6":0,"7":0,"8":0,"9":0,"10":0,"11":0,"12":0,"13":0,"14":0,"15":0,"16":0,"17":0,"18":0,"19":0,"20":0,"21":0,"22":0,"23":0,"24":0,"25":0,"26":0,"27":0,"28":0,"29":0,"30":0,"31":0,"32":0,"33":0,"34":0,"35":0,"36":0,"37":0,"38":0,"39":0,"40":0,"41":0,"42":0,"43":0,"44":0,"45":0,"46":0,"47":0,"48":0,"49":0,"50":0,"51":0,"52":0,"53":0,"54":0,"55":0,"56":0,"57":0,"58":0,"59":0,"60":0,"61":0,"62":0,"63":0,"64":0,"65":0,"66":0,"67":0,"68":0,"69":0,"70":0,"71":0,"72":0,"73":0,"74":0,"75":0,"76":0,"77":0,"78":0,"79":0,"80":0,"81":0},"f":{"0":0,"1":0,"2":0,"3":0,"4":0,"5":0,"6":0,"7":0,"8":0,"9":0,"10":0,"11":0,"12":0},"b":{"0":[0,0],"1":[0,0],"2":[0,0],"3":[0,0],"4":[0,0],"5":[0,0],"6":[0,0,0],"7":[0,0],"8":[0,0,0,0,0],"9":[0,0],"10":[0,0],"11":[0,0],"12":[0,0],"13":[0,0],"14":[0,0],"15":[0,0],"16":[0,0],"17":[0,0]}}
}
