TN:
SF:controllers/auth.controller.js
FN:8,(anonymous_0)
FN:16,(anonymous_1)
FN:31,(anonymous_2)
FN:50,(anonymous_3)
FN:57,(anonymous_4)
FNF:5
FNH:0
FNDA:0,(anonymous_0)
FNDA:0,(anonymous_1)
FNDA:0,(anonymous_2)
FNDA:0,(anonymous_3)
FNDA:0,(anonymous_4)
DA:1,0
DA:2,0
DA:3,0
DA:5,0
DA:6,0
DA:8,0
DA:9,0
DA:11,0
DA:12,0
DA:16,0
DA:17,0
DA:18,0
DA:21,0
DA:22,0
DA:25,0
DA:27,0
DA:30,0
DA:31,0
DA:32,0
DA:33,0
DA:37,0
DA:39,0
DA:45,0
DA:50,0
DA:51,0
DA:53,0
DA:54,0
DA:57,0
DA:58,0
DA:59,0
DA:62,0
DA:63,0
DA:66,0
DA:68,0
DA:69,0
DA:71,0
DA:72,0
DA:76,0
DA:78,0
DA:83,0
LF:40
LH:0
BRDA:5,0,0,0
BRDA:5,0,1,0
BRDA:11,1,0,0
BRDA:11,1,1,0
BRDA:11,2,0,0
BRDA:11,2,1,0
BRDA:11,2,2,0
BRDA:17,3,0,0
BRDA:17,3,1,0
BRDA:21,4,0,0
BRDA:21,4,1,0
BRDA:32,5,0,0
BRDA:32,5,1,0
BRDA:53,6,0,0
BRDA:53,6,1,0
BRDA:53,7,0,0
BRDA:53,7,1,0
BRDA:58,8,0,0
BRDA:58,8,1,0
BRDA:62,9,0,0
BRDA:62,9,1,0
BRDA:71,10,0,0
BRDA:71,10,1,0
BRF:23
BRH:0
end_of_record
TN:
SF:controllers/booking.controller.js
FN:4,(anonymous_0)
FN:60,(anonymous_1)
FN:70,(anonymous_2)
FN:86,(anonymous_3)
FN:169,(anonymous_4)
FN:181,(anonymous_5)
FN:191,(anonymous_6)
FN:209,(anonymous_7)
FN:210,(anonymous_8)
FN:217,(anonymous_9)
FN:259,(anonymous_10)
FN:260,(anonymous_11)
FN:261,(anonymous_12)
FN:296,(anonymous_13)
FN:310,(anonymous_14)
FN:311,(anonymous_15)
FN:317,(anonymous_16)
FN:318,(anonymous_17)
FNF:18
FNH:0
FNDA:0,(anonymous_0)
FNDA:0,(anonymous_1)
FNDA:0,(anonymous_2)
FNDA:0,(anonymous_3)
FNDA:0,(anonymous_4)
FNDA:0,(anonymous_5)
FNDA:0,(anonymous_6)
FNDA:0,(anonymous_7)
FNDA:0,(anonymous_8)
FNDA:0,(anonymous_9)
FNDA:0,(anonymous_10)
FNDA:0,(anonymous_11)
FNDA:0,(anonymous_12)
FNDA:0,(anonymous_13)
FNDA:0,(anonymous_14)
FNDA:0,(anonymous_15)
FNDA:0,(anonymous_16)
FNDA:0,(anonymous_17)
DA:2,0
DA:4,0
DA:6,0
DA:8,0
DA:9,0
DA:16,0
DA:17,0
DA:19,0
DA:20,0
DA:21,0
DA:22,0
DA:23,0
DA:24,0
DA:27,0
DA:34,0
DA:60,0
DA:61,0
DA:62,0
DA:63,0
DA:70,0
DA:77,0
DA:86,0
DA:87,0
DA:90,0
DA:91,0
DA:97,0
DA:98,0
DA:101,0
DA:102,0
DA:103,0
DA:104,0
DA:105,0
DA:106,0
DA:109,0
DA:116,0
DA:117,0
DA:118,0
DA:119,0
DA:123,0
DA:124,0
DA:125,0
DA:126,0
DA:129,0
DA:158,0
DA:161,0
DA:169,0
DA:170,0
DA:171,0
DA:172,0
DA:178,0
DA:181,0
DA:182,0
DA:183,0
DA:184,0
DA:191,0
DA:197,0
DA:209,0
DA:210,0
DA:211,0
DA:212,0
DA:213,0
DA:217,0
DA:229,0
DA:232,0
DA:233,0
DA:239,0
DA:240,0
DA:241,0
DA:244,0
DA:245,0
DA:247,0
DA:248,0
DA:249,0
DA:251,0
DA:252,0
DA:255,0
DA:259,0
DA:260,0
DA:261,0
DA:264,0
DA:296,0
DA:297,0
DA:298,0
DA:299,0
DA:302,0
DA:310,0
DA:311,0
DA:312,0
DA:313,0
DA:317,0
DA:318,0
DA:319,0
DA:320,0
LF:93
LH:0
BRDA:8,0,0,0
BRDA:8,0,1,0
BRDA:8,1,0,0
BRDA:8,1,1,0
BRDA:19,2,0,0
BRDA:19,2,1,0
BRDA:19,3,0,0
BRDA:19,3,1,0
BRDA:22,4,0,0
BRDA:22,4,1,0
BRDA:61,5,0,0
BRDA:61,5,1,0
BRDA:73,6,0,0
BRDA:73,6,1,0
BRDA:74,7,0,0
BRDA:74,7,1,0
BRDA:87,8,0,0
BRDA:87,9,0,0
BRDA:90,10,0,0
BRDA:90,10,1,0
BRDA:90,11,0,0
BRDA:90,11,1,0
BRDA:101,12,0,0
BRDA:101,12,1,0
BRDA:101,13,0,0
BRDA:101,13,1,0
BRDA:104,14,0,0
BRDA:104,14,1,0
BRDA:116,15,0,0
BRDA:116,15,1,0
BRDA:116,16,0,0
BRDA:116,16,1,0
BRDA:119,17,0,0
BRDA:119,17,1,0
BRDA:123,18,0,0
BRDA:123,18,1,0
BRDA:170,19,0,0
BRDA:170,19,1,0
BRDA:182,20,0,0
BRDA:182,20,1,0
BRDA:193,21,0,0
BRDA:193,21,1,0
BRDA:194,22,0,0
BRDA:194,22,1,0
BRDA:211,23,0,0
BRDA:211,23,1,0
BRDA:212,24,0,0
BRDA:212,24,1,0
BRDA:232,25,0,0
BRDA:232,25,1,0
BRDA:232,26,0,0
BRDA:232,26,1,0
BRDA:232,26,2,0
BRDA:232,26,3,0
BRDA:232,26,4,0
BRDA:240,27,0,0
BRDA:240,27,1,0
BRDA:241,28,0,0
BRDA:241,28,1,0
BRDA:248,29,0,0
BRDA:248,29,1,0
BRDA:248,30,0,0
BRDA:248,30,1,0
BRDA:251,31,0,0
BRDA:251,31,1,0
BRDA:251,32,0,0
BRDA:251,32,1,0
BRDA:259,33,0,0
BRDA:259,33,1,0
BRDA:259,33,2,0
BRDA:260,34,0,0
BRDA:260,34,1,0
BRDA:261,35,0,0
BRDA:261,35,1,0
BRDA:267,36,0,0
BRDA:267,36,1,0
BRDA:278,37,0,0
BRDA:278,37,1,0
BRDA:279,38,0,0
BRDA:279,38,1,0
BRDA:284,39,0,0
BRDA:284,39,1,0
BRDA:289,40,0,0
BRDA:289,40,1,0
BRDA:290,41,0,0
BRDA:290,41,1,0
BRDA:297,42,0,0
BRDA:297,42,1,0
BRDA:312,43,0,0
BRDA:312,43,1,0
BRDA:319,44,0,0
BRDA:319,44,1,0
BRF:92
BRH:0
end_of_record
TN:
SF:controllers/bookingDetails.controller.js
FN:2,(anonymous_0)
FN:3,(anonymous_1)
FN:8,(anonymous_2)
FN:9,(anonymous_3)
FN:15,(anonymous_4)
FN:16,(anonymous_5)
FN:21,(anonymous_6)
FN:22,(anonymous_7)
FN:27,(anonymous_8)
FN:28,(anonymous_9)
FNF:10
FNH:0
FNDA:0,(anonymous_0)
FNDA:0,(anonymous_1)
FNDA:0,(anonymous_2)
FNDA:0,(anonymous_3)
FNDA:0,(anonymous_4)
FNDA:0,(anonymous_5)
FNDA:0,(anonymous_6)
FNDA:0,(anonymous_7)
FNDA:0,(anonymous_8)
FNDA:0,(anonymous_9)
DA:1,0
DA:2,0
DA:3,0
DA:4,0
DA:5,0
DA:8,0
DA:9,0
DA:10,0
DA:11,0
DA:12,0
DA:15,0
DA:16,0
DA:17,0
DA:18,0
DA:21,0
DA:22,0
DA:23,0
DA:24,0
DA:27,0
DA:28,0
DA:29,0
DA:30,0
LF:22
LH:0
BRDA:4,0,0,0
BRDA:4,0,1,0
BRDA:10,1,0,0
BRDA:10,1,1,0
BRDA:11,2,0,0
BRDA:11,2,1,0
BRDA:17,3,0,0
BRDA:17,3,1,0
BRDA:23,4,0,0
BRDA:23,4,1,0
BRDA:29,5,0,0
BRDA:29,5,1,0
BRF:12
BRH:0
end_of_record
TN:
SF:controllers/bookingRooms.controller.js
FN:2,(anonymous_0)
FN:3,(anonymous_1)
FN:8,(anonymous_2)
FN:9,(anonymous_3)
FN:15,(anonymous_4)
FN:16,(anonymous_5)
FN:21,(anonymous_6)
FN:22,(anonymous_7)
FN:27,(anonymous_8)
FN:28,(anonymous_9)
FNF:10
FNH:0
FNDA:0,(anonymous_0)
FNDA:0,(anonymous_1)
FNDA:0,(anonymous_2)
FNDA:0,(anonymous_3)
FNDA:0,(anonymous_4)
FNDA:0,(anonymous_5)
FNDA:0,(anonymous_6)
FNDA:0,(anonymous_7)
FNDA:0,(anonymous_8)
FNDA:0,(anonymous_9)
DA:1,0
DA:2,0
DA:3,0
DA:4,0
DA:5,0
DA:8,0
DA:9,0
DA:10,0
DA:11,0
DA:12,0
DA:15,0
DA:16,0
DA:17,0
DA:18,0
DA:21,0
DA:22,0
DA:23,0
DA:24,0
DA:27,0
DA:28,0
DA:29,0
DA:30,0
LF:22
LH:0
BRDA:4,0,0,0
BRDA:4,0,1,0
BRDA:10,1,0,0
BRDA:10,1,1,0
BRDA:11,2,0,0
BRDA:11,2,1,0
BRDA:17,3,0,0
BRDA:17,3,1,0
BRDA:23,4,0,0
BRDA:23,4,1,0
BRDA:29,5,0,0
BRDA:29,5,1,0
BRF:12
BRH:0
end_of_record
TN:
SF:controllers/categories.controller.js
FN:2,(anonymous_0)
FN:3,(anonymous_1)
FN:8,(anonymous_2)
FN:9,(anonymous_3)
FN:15,(anonymous_4)
FN:16,(anonymous_5)
FN:21,(anonymous_6)
FN:22,(anonymous_7)
FN:27,(anonymous_8)
FN:28,(anonymous_9)
FNF:10
FNH:0
FNDA:0,(anonymous_0)
FNDA:0,(anonymous_1)
FNDA:0,(anonymous_2)
FNDA:0,(anonymous_3)
FNDA:0,(anonymous_4)
FNDA:0,(anonymous_5)
FNDA:0,(anonymous_6)
FNDA:0,(anonymous_7)
FNDA:0,(anonymous_8)
FNDA:0,(anonymous_9)
DA:1,0
DA:2,0
DA:3,0
DA:4,0
DA:5,0
DA:8,0
DA:9,0
DA:10,0
DA:11,0
DA:12,0
DA:15,0
DA:16,0
DA:17,0
DA:18,0
DA:21,0
DA:22,0
DA:23,0
DA:24,0
DA:27,0
DA:28,0
DA:29,0
DA:30,0
LF:22
LH:0
BRDA:4,0,0,0
BRDA:4,0,1,0
BRDA:10,1,0,0
BRDA:10,1,1,0
BRDA:11,2,0,0
BRDA:11,2,1,0
BRDA:17,3,0,0
BRDA:17,3,1,0
BRDA:23,4,0,0
BRDA:23,4,1,0
BRDA:29,5,0,0
BRDA:29,5,1,0
BRF:12
BRH:0
end_of_record
TN:
SF:controllers/cities.controller.js
FN:2,(anonymous_0)
FN:3,(anonymous_1)
FN:9,(anonymous_2)
FN:23,(anonymous_3)
FN:24,(anonymous_4)
FN:30,(anonymous_5)
FN:31,(anonymous_6)
FN:36,(anonymous_7)
FN:37,(anonymous_8)
FN:42,(anonymous_9)
FN:43,(anonymous_10)
FNF:11
FNH:0
FNDA:0,(anonymous_0)
FNDA:0,(anonymous_1)
FNDA:0,(anonymous_2)
FNDA:0,(anonymous_3)
FNDA:0,(anonymous_4)
FNDA:0,(anonymous_5)
FNDA:0,(anonymous_6)
FNDA:0,(anonymous_7)
FNDA:0,(anonymous_8)
FNDA:0,(anonymous_9)
FNDA:0,(anonymous_10)
DA:1,0
DA:2,0
DA:3,0
DA:4,0
DA:5,0
DA:9,0
DA:11,0
DA:21,0
DA:23,0
DA:24,0
DA:25,0
DA:26,0
DA:27,0
DA:30,0
DA:31,0
DA:32,0
DA:33,0
DA:36,0
DA:37,0
DA:38,0
DA:39,0
DA:42,0
DA:43,0
DA:44,0
DA:45,0
LF:25
LH:0
BRDA:4,0,0,0
BRDA:4,0,1,0
BRDA:25,1,0,0
BRDA:25,1,1,0
BRDA:26,2,0,0
BRDA:26,2,1,0
BRDA:32,3,0,0
BRDA:32,3,1,0
BRDA:38,4,0,0
BRDA:38,4,1,0
BRDA:44,5,0,0
BRDA:44,5,1,0
BRF:12
BRH:0
end_of_record
TN:
SF:controllers/corporateEnquiry.controller.js
FN:6,(anonymous_0)
FN:37,(anonymous_1)
FNF:2
FNH:0
FNDA:0,(anonymous_0)
FNDA:0,(anonymous_1)
DA:2,0
DA:3,0
DA:6,0
DA:15,0
DA:18,0
DA:19,0
DA:24,0
DA:37,0
DA:38,0
DA:39,0
DA:40,0
DA:44,0
DA:45,0
DA:46,0
DA:48,0
DA:52,0
LF:16
LH:0
BRDA:18,0,0,0
BRDA:18,0,1,0
BRDA:18,1,0,0
BRDA:18,1,1,0
BRDA:18,1,2,0
BRDA:18,1,3,0
BRDA:28,2,0,0
BRDA:28,2,1,0
BRDA:29,3,0,0
BRDA:29,3,1,0
BRDA:30,4,0,0
BRDA:30,4,1,0
BRDA:31,5,0,0
BRDA:31,5,1,0
BRDA:38,6,0,0
BRDA:38,6,1,0
BRF:16
BRH:0
end_of_record
TN:
SF:controllers/deals.controller.js
FN:268,(anonymous_0)
FN:270,(anonymous_1)
FN:285,(anonymous_2)
FN:287,(anonymous_3)
FN:296,(anonymous_4)
FN:298,(anonymous_5)
FNF:6
FNH:0
FNDA:0,(anonymous_0)
FNDA:0,(anonymous_1)
FNDA:0,(anonymous_2)
FNDA:0,(anonymous_3)
FNDA:0,(anonymous_4)
FNDA:0,(anonymous_5)
DA:2,0
DA:5,0
DA:268,0
DA:270,0
DA:271,0
DA:272,0
DA:273,0
DA:274,0
DA:275,0
DA:278,0
DA:285,0
DA:287,0
DA:289,0
DA:296,0
DA:297,0
DA:298,0
DA:300,0
DA:301,0
DA:306,0
LF:19
LH:0
BRDA:271,0,0,0
BRDA:271,0,1,0
BRDA:271,1,0,0
BRDA:271,1,1,0
BRDA:272,2,0,0
BRDA:272,2,1,0
BRDA:272,3,0,0
BRDA:272,3,1,0
BRDA:273,4,0,0
BRDA:273,4,1,0
BRDA:273,5,0,0
BRDA:273,5,1,0
BRDA:274,6,0,0
BRDA:274,6,1,0
BRDA:274,7,0,0
BRDA:274,7,1,0
BRDA:300,8,0,0
BRDA:300,8,1,0
BRF:18
BRH:0
end_of_record
TN:
SF:controllers/destinations.controller.js
FN:5,(anonymous_0)
FN:13,(anonymous_1)
FN:17,(anonymous_2)
FN:19,(anonymous_3)
FN:63,(anonymous_4)
FN:64,(anonymous_5)
FN:70,(anonymous_6)
FN:71,(anonymous_7)
FN:78,(anonymous_8)
FN:79,(anonymous_9)
FN:87,(anonymous_10)
FN:91,(anonymous_11)
FN:108,(anonymous_12)
FN:120,(anonymous_13)
FN:134,(anonymous_14)
FN:141,(anonymous_15)
FN:150,(anonymous_16)
FN:158,(anonymous_17)
FN:186,(anonymous_18)
FN:195,(anonymous_19)
FN:203,(anonymous_20)
FN:231,(anonymous_21)
FN:240,(anonymous_22)
FN:248,(anonymous_23)
FN:276,(anonymous_24)
FN:285,(anonymous_25)
FN:293,(anonymous_26)
FN:321,(anonymous_27)
FN:330,(anonymous_28)
FN:338,(anonymous_29)
FN:366,(anonymous_30)
FN:375,(anonymous_31)
FN:383,(anonymous_32)
FN:413,(anonymous_33)
FN:423,(anonymous_34)
FN:431,(anonymous_35)
FN:458,(anonymous_36)
FN:467,(anonymous_37)
FN:475,(anonymous_38)
FN:502,(anonymous_39)
FN:511,(anonymous_40)
FN:519,(anonymous_41)
FN:546,(anonymous_42)
FN:555,(anonymous_43)
FN:563,(anonymous_44)
FN:590,(anonymous_45)
FN:599,(anonymous_46)
FN:607,(anonymous_47)
FN:636,(anonymous_48)
FN:646,(anonymous_49)
FN:649,(anonymous_50)
FN:658,(anonymous_51)
FN:668,(anonymous_52)
FN:676,(anonymous_53)
FN:703,(anonymous_54)
FN:713,(anonymous_55)
FN:721,(anonymous_56)
FN:748,(anonymous_57)
FN:760,(anonymous_58)
FN:763,(anonymous_59)
FN:772,(anonymous_60)
FN:787,(anonymous_61)
FN:790,(anonymous_62)
FN:799,(anonymous_63)
FN:815,(anonymous_64)
FN:818,(anonymous_65)
FN:827,(anonymous_66)
FN:843,(anonymous_67)
FN:846,(anonymous_68)
FN:855,(anonymous_69)
FN:871,(anonymous_70)
FN:874,(anonymous_71)
FN:883,(anonymous_72)
FN:894,(anonymous_73)
FN:902,(anonymous_74)
FN:929,(anonymous_75)
FN:938,(anonymous_76)
FN:945,(anonymous_77)
FN:954,(anonymous_78)
FN:961,(anonymous_79)
FN:971,(anonymous_80)
FN:979,(anonymous_81)
FN:1006,(anonymous_82)
FN:1016,(anonymous_83)
FN:1024,(anonymous_84)
FN:1051,(anonymous_85)
FN:1060,(anonymous_86)
FN:1067,(anonymous_87)
FN:1080,(anonymous_88)
FN:1083,(anonymous_89)
FN:1092,(anonymous_90)
FN:1104,(anonymous_91)
FN:1107,(anonymous_92)
FN:1116,(anonymous_93)
FN:1131,(anonymous_94)
FN:1134,(anonymous_95)
FN:1143,(anonymous_96)
FN:1159,(anonymous_97)
FN:1162,(anonymous_98)
FN:1171,(anonymous_99)
FN:1182,(anonymous_100)
FN:1190,(anonymous_101)
FN:1217,(anonymous_102)
FN:1233,(anonymous_103)
FN:1236,(anonymous_104)
FN:1245,(anonymous_105)
FN:1260,(anonymous_106)
FN:1263,(anonymous_107)
FN:1272,(anonymous_108)
FN:1288,(anonymous_109)
FN:1291,(anonymous_110)
FN:1300,(anonymous_111)
FN:1311,(anonymous_112)
FN:1318,(anonymous_113)
FN:1330,(anonymous_114)
FN:1337,(anonymous_115)
FN:1347,(anonymous_116)
FN:1354,(anonymous_117)
FN:1370,(anonymous_118)
FN:1372,(anonymous_119)
FN:1408,(anonymous_120)
FN:1420,(anonymous_121)
FN:1427,(anonymous_122)
FN:1443,(anonymous_123)
FN:1445,(anonymous_124)
FN:1481,(anonymous_125)
FN:1493,(anonymous_126)
FN:1500,(anonymous_127)
FN:1512,(anonymous_128)
FN:1519,(anonymous_129)
FN:1534,(anonymous_130)
FN:1536,(anonymous_131)
FN:1572,(anonymous_132)
FN:1587,(anonymous_133)
FN:1589,(anonymous_134)
FN:1625,(anonymous_135)
FN:1640,(anonymous_136)
FN:1642,(anonymous_137)
FN:1678,(anonymous_138)
FN:1693,(anonymous_139)
FN:1695,(anonymous_140)
FN:1731,(anonymous_141)
FN:1746,(anonymous_142)
FN:1748,(anonymous_143)
FN:1784,(anonymous_144)
FN:1800,(anonymous_145)
FN:1802,(anonymous_146)
FN:1838,(anonymous_147)
FN:1850,(anonymous_148)
FN:1857,(anonymous_149)
FN:1873,(anonymous_150)
FN:1875,(anonymous_151)
FN:1911,(anonymous_152)
FN:1927,(anonymous_153)
FN:1929,(anonymous_154)
FN:1965,(anonymous_155)
FN:1982,(anonymous_156)
FN:1984,(anonymous_157)
FN:2020,(anonymous_158)
FN:2036,(anonymous_159)
FN:2038,(anonymous_160)
FN:2074,(anonymous_161)
FN:2086,(anonymous_162)
FN:2093,(anonymous_163)
FN:2110,(anonymous_164)
FN:2112,(anonymous_165)
FN:2148,(anonymous_166)
FN:2163,(anonymous_167)
FN:2165,(anonymous_168)
FN:2201,(anonymous_169)
FN:2216,(anonymous_170)
FN:2218,(anonymous_171)
FN:2254,(anonymous_172)
FN:2269,(anonymous_173)
FN:2271,(anonymous_174)
FN:2307,(anonymous_175)
FN:2323,(anonymous_176)
FN:2325,(anonymous_177)
FN:2361,(anonymous_178)
FN:2378,(anonymous_179)
FN:2380,(anonymous_180)
FN:2416,(anonymous_181)
FN:2432,(anonymous_182)
FN:2434,(anonymous_183)
FN:2470,(anonymous_184)
FN:2486,(anonymous_185)
FN:2488,(anonymous_186)
FN:2524,(anonymous_187)
FN:2536,(anonymous_188)
FN:2543,(anonymous_189)
FN:2556,(anonymous_190)
FN:2563,(anonymous_191)
FN:2576,(anonymous_192)
FN:2583,(anonymous_193)
FN:2597,(anonymous_194)
FN:2604,(anonymous_195)
FN:2616,(anonymous_196)
FN:2626,(anonymous_197)
FN:2664,(anonymous_198)
FN:2675,(anonymous_199)
FN:2683,(anonymous_200)
FN:2710,(anonymous_201)
FN:2722,(anonymous_202)
FN:2730,(anonymous_203)
FN:2757,(anonymous_204)
FN:2773,(anonymous_205)
FN:2780,(anonymous_206)
FN:2796,(anonymous_207)
FN:2803,(anonymous_208)
FN:2820,(anonymous_209)
FN:2827,(anonymous_210)
FN:2842,(anonymous_211)
FN:2849,(anonymous_212)
FN:2865,(anonymous_213)
FN:2872,(anonymous_214)
FN:2888,(anonymous_215)
FN:2891,(anonymous_216)
FN:2901,(anonymous_217)
FN:2919,(anonymous_218)
FN:2921,(anonymous_219)
FN:2941,(anonymous_220)
FN:2958,(anonymous_221)
FN:2960,(anonymous_222)
FN:2980,(anonymous_223)
FN:2996,(anonymous_224)
FN:2998,(anonymous_225)
FN:3018,(anonymous_226)
FN:3032,(anonymous_227)
FN:3034,(anonymous_228)
FN:3054,(anonymous_229)
FN:3068,(anonymous_230)
FN:3070,(anonymous_231)
FN:3090,(anonymous_232)
FN:3104,(anonymous_233)
FN:3106,(anonymous_234)
FN:3126,(anonymous_235)
FN:3140,(anonymous_236)
FN:3142,(anonymous_237)
FN:3162,(anonymous_238)
FN:3176,(anonymous_239)
FN:3178,(anonymous_240)
FN:3198,(anonymous_241)
FN:3211,(anonymous_242)
FN:3222,(anonymous_243)
FN:3242,(anonymous_244)
FN:3259,(anonymous_245)
FN:3261,(anonymous_246)
FN:3281,(anonymous_247)
FN:3294,(anonymous_248)
FN:3305,(anonymous_249)
FN:3315,(anonymous_250)
FN:3332,(anonymous_251)
FN:3335,(anonymous_252)
FN:3345,(anonymous_253)
FN:3359,(anonymous_254)
FN:3361,(anonymous_255)
FN:3381,(anonymous_256)
FN:3395,(anonymous_257)
FN:3397,(anonymous_258)
FN:3417,(anonymous_259)
FN:3433,(anonymous_260)
FN:3435,(anonymous_261)
FN:3455,(anonymous_262)
FN:3479,(anonymous_263)
FN:3485,(anonymous_264)
FN:3524,(anonymous_265)
FN:3548,(anonymous_266)
FN:3554,(anonymous_267)
FN:3593,(anonymous_268)
FN:3612,(anonymous_269)
FN:3614,(anonymous_270)
FN:3634,(anonymous_271)
FN:3654,(anonymous_272)
FN:3656,(anonymous_273)
FN:3676,(anonymous_274)
FN:3696,(anonymous_275)
FN:3698,(anonymous_276)
FN:3718,(anonymous_277)
FN:3737,(anonymous_278)
FN:3739,(anonymous_279)
FN:3759,(anonymous_280)
FN:3775,(anonymous_281)
FN:3777,(anonymous_282)
FN:3797,(anonymous_283)
FN:3816,(anonymous_284)
FN:3818,(anonymous_285)
FN:3838,(anonymous_286)
FN:3857,(anonymous_287)
FN:3859,(anonymous_288)
FN:3879,(anonymous_289)
FN:3893,(anonymous_290)
FN:3895,(anonymous_291)
FN:3915,(anonymous_292)
FN:3930,(anonymous_293)
FN:3932,(anonymous_294)
FN:3952,(anonymous_295)
FN:3966,(anonymous_296)
FN:3968,(anonymous_297)
FN:3988,(anonymous_298)
FN:4005,(anonymous_299)
FN:4007,(anonymous_300)
FN:4027,(anonymous_301)
FN:4049,(anonymous_302)
FN:4055,(anonymous_303)
FN:4094,(anonymous_304)
FN:4114,(anonymous_305)
FN:4120,(anonymous_306)
FN:4159,(anonymous_307)
FN:4180,(anonymous_308)
FN:4186,(anonymous_309)
FN:4225,(anonymous_310)
FN:4246,(anonymous_311)
FN:4252,(anonymous_312)
FN:4291,(anonymous_313)
FN:4312,(anonymous_314)
FN:4318,(anonymous_315)
FN:4357,(anonymous_316)
FN:4379,(anonymous_317)
FN:4386,(anonymous_318)
FN:4429,(anonymous_319)
FN:4448,(anonymous_320)
FN:4454,(anonymous_321)
FN:4493,(anonymous_322)
FN:4514,(anonymous_323)
FN:4520,(anonymous_324)
FN:4559,(anonymous_325)
FN:4581,(anonymous_326)
FN:4587,(anonymous_327)
FN:4626,(anonymous_328)
FN:4641,(anonymous_329)
FN:4648,(anonymous_330)
FN:4663,(anonymous_331)
FN:4670,(anonymous_332)
FN:4685,(anonymous_333)
FN:4692,(anonymous_334)
FN:4712,(anonymous_335)
FN:4714,(anonymous_336)
FN:4750,(anonymous_337)
FN:4772,(anonymous_338)
FN:4774,(anonymous_339)
FN:4810,(anonymous_340)
FN:4833,(anonymous_341)
FN:4835,(anonymous_342)
FN:4871,(anonymous_343)
FN:4895,(anonymous_344)
FN:4897,(anonymous_345)
FN:4933,(anonymous_346)
FN:4958,(anonymous_347)
FN:4960,(anonymous_348)
FN:4996,(anonymous_349)
FN:5021,(anonymous_350)
FN:5023,(anonymous_351)
FN:5059,(anonymous_352)
FN:5084,(anonymous_353)
FN:5086,(anonymous_354)
FN:5122,(anonymous_355)
FN:5152,(anonymous_356)
FN:5154,(anonymous_357)
FN:5190,(anonymous_358)
FN:5200,(anonymous_359)
FN:5208,(anonymous_360)
FN:5236,(anonymous_361)
FN:5246,(anonymous_362)
FN:5254,(anonymous_363)
FN:5282,(anonymous_364)
FN:5292,(anonymous_365)
FN:5300,(anonymous_366)
FN:5328,(anonymous_367)
FN:5338,(anonymous_368)
FN:5346,(anonymous_369)
FN:5374,(anonymous_370)
FN:5384,(anonymous_371)
FN:5392,(anonymous_372)
FN:5420,(anonymous_373)
FN:5441,(anonymous_374)
FN:5445,(anonymous_375)
FN:5456,(anonymous_376)
FN:5466,(anonymous_377)
FN:5474,(anonymous_378)
FN:5502,(anonymous_379)
FN:5514,(anonymous_380)
FN:5526,(anonymous_381)
FN:5535,(anonymous_382)
FN:5555,(anonymous_383)
FN:5558,(anonymous_384)
FN:5567,(anonymous_385)
FN:5581,(anonymous_386)
FN:5593,(anonymous_387)
FNF:388
FNH:0
FNDA:0,(anonymous_0)
FNDA:0,(anonymous_1)
FNDA:0,(anonymous_2)
FNDA:0,(anonymous_3)
FNDA:0,(anonymous_4)
FNDA:0,(anonymous_5)
FNDA:0,(anonymous_6)
FNDA:0,(anonymous_7)
FNDA:0,(anonymous_8)
FNDA:0,(anonymous_9)
FNDA:0,(anonymous_10)
FNDA:0,(anonymous_11)
FNDA:0,(anonymous_12)
FNDA:0,(anonymous_13)
FNDA:0,(anonymous_14)
FNDA:0,(anonymous_15)
FNDA:0,(anonymous_16)
FNDA:0,(anonymous_17)
FNDA:0,(anonymous_18)
FNDA:0,(anonymous_19)
FNDA:0,(anonymous_20)
FNDA:0,(anonymous_21)
FNDA:0,(anonymous_22)
FNDA:0,(anonymous_23)
FNDA:0,(anonymous_24)
FNDA:0,(anonymous_25)
FNDA:0,(anonymous_26)
FNDA:0,(anonymous_27)
FNDA:0,(anonymous_28)
FNDA:0,(anonymous_29)
FNDA:0,(anonymous_30)
FNDA:0,(anonymous_31)
FNDA:0,(anonymous_32)
FNDA:0,(anonymous_33)
FNDA:0,(anonymous_34)
FNDA:0,(anonymous_35)
FNDA:0,(anonymous_36)
FNDA:0,(anonymous_37)
FNDA:0,(anonymous_38)
FNDA:0,(anonymous_39)
FNDA:0,(anonymous_40)
FNDA:0,(anonymous_41)
FNDA:0,(anonymous_42)
FNDA:0,(anonymous_43)
FNDA:0,(anonymous_44)
FNDA:0,(anonymous_45)
FNDA:0,(anonymous_46)
FNDA:0,(anonymous_47)
FNDA:0,(anonymous_48)
FNDA:0,(anonymous_49)
FNDA:0,(anonymous_50)
FNDA:0,(anonymous_51)
FNDA:0,(anonymous_52)
FNDA:0,(anonymous_53)
FNDA:0,(anonymous_54)
FNDA:0,(anonymous_55)
FNDA:0,(anonymous_56)
FNDA:0,(anonymous_57)
FNDA:0,(anonymous_58)
FNDA:0,(anonymous_59)
FNDA:0,(anonymous_60)
FNDA:0,(anonymous_61)
FNDA:0,(anonymous_62)
FNDA:0,(anonymous_63)
FNDA:0,(anonymous_64)
FNDA:0,(anonymous_65)
FNDA:0,(anonymous_66)
FNDA:0,(anonymous_67)
FNDA:0,(anonymous_68)
FNDA:0,(anonymous_69)
FNDA:0,(anonymous_70)
FNDA:0,(anonymous_71)
FNDA:0,(anonymous_72)
FNDA:0,(anonymous_73)
FNDA:0,(anonymous_74)
FNDA:0,(anonymous_75)
FNDA:0,(anonymous_76)
FNDA:0,(anonymous_77)
FNDA:0,(anonymous_78)
FNDA:0,(anonymous_79)
FNDA:0,(anonymous_80)
FNDA:0,(anonymous_81)
FNDA:0,(anonymous_82)
FNDA:0,(anonymous_83)
FNDA:0,(anonymous_84)
FNDA:0,(anonymous_85)
FNDA:0,(anonymous_86)
FNDA:0,(anonymous_87)
FNDA:0,(anonymous_88)
FNDA:0,(anonymous_89)
FNDA:0,(anonymous_90)
FNDA:0,(anonymous_91)
FNDA:0,(anonymous_92)
FNDA:0,(anonymous_93)
FNDA:0,(anonymous_94)
FNDA:0,(anonymous_95)
FNDA:0,(anonymous_96)
FNDA:0,(anonymous_97)
FNDA:0,(anonymous_98)
FNDA:0,(anonymous_99)
FNDA:0,(anonymous_100)
FNDA:0,(anonymous_101)
FNDA:0,(anonymous_102)
FNDA:0,(anonymous_103)
FNDA:0,(anonymous_104)
FNDA:0,(anonymous_105)
FNDA:0,(anonymous_106)
FNDA:0,(anonymous_107)
FNDA:0,(anonymous_108)
FNDA:0,(anonymous_109)
FNDA:0,(anonymous_110)
FNDA:0,(anonymous_111)
FNDA:0,(anonymous_112)
FNDA:0,(anonymous_113)
FNDA:0,(anonymous_114)
FNDA:0,(anonymous_115)
FNDA:0,(anonymous_116)
FNDA:0,(anonymous_117)
FNDA:0,(anonymous_118)
FNDA:0,(anonymous_119)
FNDA:0,(anonymous_120)
FNDA:0,(anonymous_121)
FNDA:0,(anonymous_122)
FNDA:0,(anonymous_123)
FNDA:0,(anonymous_124)
FNDA:0,(anonymous_125)
FNDA:0,(anonymous_126)
FNDA:0,(anonymous_127)
FNDA:0,(anonymous_128)
FNDA:0,(anonymous_129)
FNDA:0,(anonymous_130)
FNDA:0,(anonymous_131)
FNDA:0,(anonymous_132)
FNDA:0,(anonymous_133)
FNDA:0,(anonymous_134)
FNDA:0,(anonymous_135)
FNDA:0,(anonymous_136)
FNDA:0,(anonymous_137)
FNDA:0,(anonymous_138)
FNDA:0,(anonymous_139)
FNDA:0,(anonymous_140)
FNDA:0,(anonymous_141)
FNDA:0,(anonymous_142)
FNDA:0,(anonymous_143)
FNDA:0,(anonymous_144)
FNDA:0,(anonymous_145)
FNDA:0,(anonymous_146)
FNDA:0,(anonymous_147)
FNDA:0,(anonymous_148)
FNDA:0,(anonymous_149)
FNDA:0,(anonymous_150)
FNDA:0,(anonymous_151)
FNDA:0,(anonymous_152)
FNDA:0,(anonymous_153)
FNDA:0,(anonymous_154)
FNDA:0,(anonymous_155)
FNDA:0,(anonymous_156)
FNDA:0,(anonymous_157)
FNDA:0,(anonymous_158)
FNDA:0,(anonymous_159)
FNDA:0,(anonymous_160)
FNDA:0,(anonymous_161)
FNDA:0,(anonymous_162)
FNDA:0,(anonymous_163)
FNDA:0,(anonymous_164)
FNDA:0,(anonymous_165)
FNDA:0,(anonymous_166)
FNDA:0,(anonymous_167)
FNDA:0,(anonymous_168)
FNDA:0,(anonymous_169)
FNDA:0,(anonymous_170)
FNDA:0,(anonymous_171)
FNDA:0,(anonymous_172)
FNDA:0,(anonymous_173)
FNDA:0,(anonymous_174)
FNDA:0,(anonymous_175)
FNDA:0,(anonymous_176)
FNDA:0,(anonymous_177)
FNDA:0,(anonymous_178)
FNDA:0,(anonymous_179)
FNDA:0,(anonymous_180)
FNDA:0,(anonymous_181)
FNDA:0,(anonymous_182)
FNDA:0,(anonymous_183)
FNDA:0,(anonymous_184)
FNDA:0,(anonymous_185)
FNDA:0,(anonymous_186)
FNDA:0,(anonymous_187)
FNDA:0,(anonymous_188)
FNDA:0,(anonymous_189)
FNDA:0,(anonymous_190)
FNDA:0,(anonymous_191)
FNDA:0,(anonymous_192)
FNDA:0,(anonymous_193)
FNDA:0,(anonymous_194)
FNDA:0,(anonymous_195)
FNDA:0,(anonymous_196)
FNDA:0,(anonymous_197)
FNDA:0,(anonymous_198)
FNDA:0,(anonymous_199)
FNDA:0,(anonymous_200)
FNDA:0,(anonymous_201)
FNDA:0,(anonymous_202)
FNDA:0,(anonymous_203)
FNDA:0,(anonymous_204)
FNDA:0,(anonymous_205)
FNDA:0,(anonymous_206)
FNDA:0,(anonymous_207)
FNDA:0,(anonymous_208)
FNDA:0,(anonymous_209)
FNDA:0,(anonymous_210)
FNDA:0,(anonymous_211)
FNDA:0,(anonymous_212)
FNDA:0,(anonymous_213)
FNDA:0,(anonymous_214)
FNDA:0,(anonymous_215)
FNDA:0,(anonymous_216)
FNDA:0,(anonymous_217)
FNDA:0,(anonymous_218)
FNDA:0,(anonymous_219)
FNDA:0,(anonymous_220)
FNDA:0,(anonymous_221)
FNDA:0,(anonymous_222)
FNDA:0,(anonymous_223)
FNDA:0,(anonymous_224)
FNDA:0,(anonymous_225)
FNDA:0,(anonymous_226)
FNDA:0,(anonymous_227)
FNDA:0,(anonymous_228)
FNDA:0,(anonymous_229)
FNDA:0,(anonymous_230)
FNDA:0,(anonymous_231)
FNDA:0,(anonymous_232)
FNDA:0,(anonymous_233)
FNDA:0,(anonymous_234)
FNDA:0,(anonymous_235)
FNDA:0,(anonymous_236)
FNDA:0,(anonymous_237)
FNDA:0,(anonymous_238)
FNDA:0,(anonymous_239)
FNDA:0,(anonymous_240)
FNDA:0,(anonymous_241)
FNDA:0,(anonymous_242)
FNDA:0,(anonymous_243)
FNDA:0,(anonymous_244)
FNDA:0,(anonymous_245)
FNDA:0,(anonymous_246)
FNDA:0,(anonymous_247)
FNDA:0,(anonymous_248)
FNDA:0,(anonymous_249)
FNDA:0,(anonymous_250)
FNDA:0,(anonymous_251)
FNDA:0,(anonymous_252)
FNDA:0,(anonymous_253)
FNDA:0,(anonymous_254)
FNDA:0,(anonymous_255)
FNDA:0,(anonymous_256)
FNDA:0,(anonymous_257)
FNDA:0,(anonymous_258)
FNDA:0,(anonymous_259)
FNDA:0,(anonymous_260)
FNDA:0,(anonymous_261)
FNDA:0,(anonymous_262)
FNDA:0,(anonymous_263)
FNDA:0,(anonymous_264)
FNDA:0,(anonymous_265)
FNDA:0,(anonymous_266)
FNDA:0,(anonymous_267)
FNDA:0,(anonymous_268)
FNDA:0,(anonymous_269)
FNDA:0,(anonymous_270)
FNDA:0,(anonymous_271)
FNDA:0,(anonymous_272)
FNDA:0,(anonymous_273)
FNDA:0,(anonymous_274)
FNDA:0,(anonymous_275)
FNDA:0,(anonymous_276)
FNDA:0,(anonymous_277)
FNDA:0,(anonymous_278)
FNDA:0,(anonymous_279)
FNDA:0,(anonymous_280)
FNDA:0,(anonymous_281)
FNDA:0,(anonymous_282)
FNDA:0,(anonymous_283)
FNDA:0,(anonymous_284)
FNDA:0,(anonymous_285)
FNDA:0,(anonymous_286)
FNDA:0,(anonymous_287)
FNDA:0,(anonymous_288)
FNDA:0,(anonymous_289)
FNDA:0,(anonymous_290)
FNDA:0,(anonymous_291)
FNDA:0,(anonymous_292)
FNDA:0,(anonymous_293)
FNDA:0,(anonymous_294)
FNDA:0,(anonymous_295)
FNDA:0,(anonymous_296)
FNDA:0,(anonymous_297)
FNDA:0,(anonymous_298)
FNDA:0,(anonymous_299)
FNDA:0,(anonymous_300)
FNDA:0,(anonymous_301)
FNDA:0,(anonymous_302)
FNDA:0,(anonymous_303)
FNDA:0,(anonymous_304)
FNDA:0,(anonymous_305)
FNDA:0,(anonymous_306)
FNDA:0,(anonymous_307)
FNDA:0,(anonymous_308)
FNDA:0,(anonymous_309)
FNDA:0,(anonymous_310)
FNDA:0,(anonymous_311)
FNDA:0,(anonymous_312)
FNDA:0,(anonymous_313)
FNDA:0,(anonymous_314)
FNDA:0,(anonymous_315)
FNDA:0,(anonymous_316)
FNDA:0,(anonymous_317)
FNDA:0,(anonymous_318)
FNDA:0,(anonymous_319)
FNDA:0,(anonymous_320)
FNDA:0,(anonymous_321)
FNDA:0,(anonymous_322)
FNDA:0,(anonymous_323)
FNDA:0,(anonymous_324)
FNDA:0,(anonymous_325)
FNDA:0,(anonymous_326)
FNDA:0,(anonymous_327)
FNDA:0,(anonymous_328)
FNDA:0,(anonymous_329)
FNDA:0,(anonymous_330)
FNDA:0,(anonymous_331)
FNDA:0,(anonymous_332)
FNDA:0,(anonymous_333)
FNDA:0,(anonymous_334)
FNDA:0,(anonymous_335)
FNDA:0,(anonymous_336)
FNDA:0,(anonymous_337)
FNDA:0,(anonymous_338)
FNDA:0,(anonymous_339)
FNDA:0,(anonymous_340)
FNDA:0,(anonymous_341)
FNDA:0,(anonymous_342)
FNDA:0,(anonymous_343)
FNDA:0,(anonymous_344)
FNDA:0,(anonymous_345)
FNDA:0,(anonymous_346)
FNDA:0,(anonymous_347)
FNDA:0,(anonymous_348)
FNDA:0,(anonymous_349)
FNDA:0,(anonymous_350)
FNDA:0,(anonymous_351)
FNDA:0,(anonymous_352)
FNDA:0,(anonymous_353)
FNDA:0,(anonymous_354)
FNDA:0,(anonymous_355)
FNDA:0,(anonymous_356)
FNDA:0,(anonymous_357)
FNDA:0,(anonymous_358)
FNDA:0,(anonymous_359)
FNDA:0,(anonymous_360)
FNDA:0,(anonymous_361)
FNDA:0,(anonymous_362)
FNDA:0,(anonymous_363)
FNDA:0,(anonymous_364)
FNDA:0,(anonymous_365)
FNDA:0,(anonymous_366)
FNDA:0,(anonymous_367)
FNDA:0,(anonymous_368)
FNDA:0,(anonymous_369)
FNDA:0,(anonymous_370)
FNDA:0,(anonymous_371)
FNDA:0,(anonymous_372)
FNDA:0,(anonymous_373)
FNDA:0,(anonymous_374)
FNDA:0,(anonymous_375)
FNDA:0,(anonymous_376)
FNDA:0,(anonymous_377)
FNDA:0,(anonymous_378)
FNDA:0,(anonymous_379)
FNDA:0,(anonymous_380)
FNDA:0,(anonymous_381)
FNDA:0,(anonymous_382)
FNDA:0,(anonymous_383)
FNDA:0,(anonymous_384)
FNDA:0,(anonymous_385)
FNDA:0,(anonymous_386)
FNDA:0,(anonymous_387)
DA:2,0
DA:5,0
DA:6,0
DA:7,0
DA:10,0
DA:11,0
DA:13,0
DA:14,0
DA:19,0
DA:20,0
DA:21,0
DA:22,0
DA:26,0
DA:27,0
DA:28,0
DA:32,0
DA:33,0
DA:34,0
DA:37,0
DA:38,0
DA:39,0
DA:40,0
DA:44,0
DA:54,0
DA:55,0
DA:56,0
DA:63,0
DA:64,0
DA:65,0
DA:66,0
DA:70,0
DA:71,0
DA:72,0
DA:73,0
DA:74,0
DA:78,0
DA:79,0
DA:80,0
DA:81,0
DA:82,0
DA:87,0
DA:88,0
DA:91,0
DA:92,0
DA:93,0
DA:95,0
DA:99,0
DA:106,0
DA:108,0
DA:109,0
DA:111,0
DA:120,0
DA:122,0
DA:134,0
DA:135,0
DA:136,0
DA:141,0
DA:142,0
DA:150,0
DA:151,0
DA:152,0
DA:153,0
DA:155,0
DA:156,0
DA:158,0
DA:159,0
DA:160,0
DA:162,0
DA:163,0
DA:164,0
DA:166,0
DA:167,0
DA:168,0
DA:169,0
DA:171,0
DA:181,0
DA:186,0
DA:187,0
DA:195,0
DA:196,0
DA:197,0
DA:198,0
DA:200,0
DA:201,0
DA:203,0
DA:204,0
DA:205,0
DA:207,0
DA:208,0
DA:209,0
DA:211,0
DA:212,0
DA:213,0
DA:214,0
DA:216,0
DA:226,0
DA:231,0
DA:232,0
DA:240,0
DA:241,0
DA:242,0
DA:243,0
DA:245,0
DA:246,0
DA:248,0
DA:249,0
DA:250,0
DA:252,0
DA:253,0
DA:254,0
DA:256,0
DA:257,0
DA:258,0
DA:259,0
DA:261,0
DA:271,0
DA:276,0
DA:277,0
DA:285,0
DA:286,0
DA:287,0
DA:288,0
DA:290,0
DA:291,0
DA:293,0
DA:294,0
DA:295,0
DA:297,0
DA:298,0
DA:299,0
DA:301,0
DA:302,0
DA:303,0
DA:304,0
DA:306,0
DA:316,0
DA:321,0
DA:322,0
DA:330,0
DA:331,0
DA:332,0
DA:333,0
DA:335,0
DA:336,0
DA:338,0
DA:339,0
DA:340,0
DA:342,0
DA:343,0
DA:344,0
DA:346,0
DA:347,0
DA:348,0
DA:349,0
DA:351,0
DA:361,0
DA:366,0
DA:367,0
DA:375,0
DA:376,0
DA:377,0
DA:378,0
DA:380,0
DA:381,0
DA:383,0
DA:384,0
DA:385,0
DA:387,0
DA:388,0
DA:389,0
DA:391,0
DA:392,0
DA:393,0
DA:394,0
DA:396,0
DA:406,0
DA:413,0
DA:414,0
DA:423,0
DA:424,0
DA:425,0
DA:426,0
DA:428,0
DA:429,0
DA:431,0
DA:432,0
DA:433,0
DA:435,0
DA:436,0
DA:437,0
DA:439,0
DA:440,0
DA:441,0
DA:442,0
DA:444,0
DA:453,0
DA:458,0
DA:459,0
DA:467,0
DA:468,0
DA:469,0
DA:470,0
DA:472,0
DA:473,0
DA:475,0
DA:476,0
DA:477,0
DA:479,0
DA:480,0
DA:481,0
DA:483,0
DA:484,0
DA:485,0
DA:486,0
DA:488,0
DA:497,0
DA:502,0
DA:503,0
DA:511,0
DA:512,0
DA:513,0
DA:514,0
DA:516,0
DA:517,0
DA:519,0
DA:520,0
DA:521,0
DA:523,0
DA:524,0
DA:525,0
DA:527,0
DA:528,0
DA:529,0
DA:530,0
DA:532,0
DA:541,0
DA:546,0
DA:547,0
DA:555,0
DA:556,0
DA:557,0
DA:558,0
DA:560,0
DA:561,0
DA:563,0
DA:564,0
DA:565,0
DA:567,0
DA:568,0
DA:569,0
DA:571,0
DA:572,0
DA:573,0
DA:574,0
DA:576,0
DA:585,0
DA:590,0
DA:591,0
DA:599,0
DA:600,0
DA:601,0
DA:602,0
DA:604,0
DA:605,0
DA:607,0
DA:608,0
DA:609,0
DA:611,0
DA:612,0
DA:613,0
DA:615,0
DA:616,0
DA:617,0
DA:618,0
DA:620,0
DA:629,0
DA:636,0
DA:637,0
DA:646,0
DA:647,0
DA:649,0
DA:653,0
DA:658,0
DA:659,0
DA:668,0
DA:669,0
DA:670,0
DA:671,0
DA:673,0
DA:674,0
DA:676,0
DA:677,0
DA:678,0
DA:680,0
DA:681,0
DA:682,0
DA:684,0
DA:685,0
DA:686,0
DA:687,0
DA:689,0
DA:698,0
DA:703,0
DA:704,0
DA:713,0
DA:714,0
DA:715,0
DA:716,0
DA:718,0
DA:719,0
DA:721,0
DA:722,0
DA:723,0
DA:725,0
DA:726,0
DA:727,0
DA:729,0
DA:730,0
DA:731,0
DA:732,0
DA:734,0
DA:743,0
DA:748,0
DA:749,0
DA:760,0
DA:761,0
DA:763,0
DA:767,0
DA:772,0
DA:773,0
DA:787,0
DA:788,0
DA:790,0
DA:794,0
DA:799,0
DA:800,0
DA:815,0
DA:816,0
DA:818,0
DA:822,0
DA:827,0
DA:828,0
DA:843,0
DA:844,0
DA:846,0
DA:850,0
DA:855,0
DA:856,0
DA:871,0
DA:872,0
DA:874,0
DA:878,0
DA:883,0
DA:884,0
DA:894,0
DA:895,0
DA:896,0
DA:897,0
DA:899,0
DA:900,0
DA:902,0
DA:903,0
DA:904,0
DA:906,0
DA:907,0
DA:908,0
DA:910,0
DA:911,0
DA:912,0
DA:913,0
DA:915,0
DA:924,0
DA:929,0
DA:930,0
DA:938,0
DA:939,0
DA:940,0
DA:945,0
DA:946,0
DA:954,0
DA:955,0
DA:956,0
DA:961,0
DA:962,0
DA:971,0
DA:972,0
DA:973,0
DA:974,0
DA:976,0
DA:977,0
DA:979,0
DA:980,0
DA:981,0
DA:983,0
DA:984,0
DA:985,0
DA:987,0
DA:988,0
DA:989,0
DA:990,0
DA:992,0
DA:1001,0
DA:1006,0
DA:1007,0
DA:1016,0
DA:1017,0
DA:1018,0
DA:1019,0
DA:1021,0
DA:1022,0
DA:1024,0
DA:1025,0
DA:1026,0
DA:1028,0
DA:1029,0
DA:1030,0
DA:1032,0
DA:1033,0
DA:1034,0
DA:1035,0
DA:1037,0
DA:1046,0
DA:1051,0
DA:1052,0
DA:1060,0
DA:1061,0
DA:1062,0
DA:1067,0
DA:1068,0
DA:1080,0
DA:1081,0
DA:1083,0
DA:1087,0
DA:1092,0
DA:1093,0
DA:1104,0
DA:1105,0
DA:1107,0
DA:1111,0
DA:1116,0
DA:1117,0
DA:1131,0
DA:1132,0
DA:1134,0
DA:1138,0
DA:1143,0
DA:1144,0
DA:1159,0
DA:1160,0
DA:1162,0
DA:1166,0
DA:1171,0
DA:1172,0
DA:1182,0
DA:1183,0
DA:1184,0
DA:1185,0
DA:1187,0
DA:1188,0
DA:1190,0
DA:1191,0
DA:1192,0
DA:1194,0
DA:1195,0
DA:1196,0
DA:1198,0
DA:1199,0
DA:1200,0
DA:1201,0
DA:1203,0
DA:1212,0
DA:1217,0
DA:1218,0
DA:1233,0
DA:1234,0
DA:1236,0
DA:1240,0
DA:1245,0
DA:1246,0
DA:1260,0
DA:1261,0
DA:1263,0
DA:1267,0
DA:1272,0
DA:1273,0
DA:1288,0
DA:1289,0
DA:1291,0
DA:1295,0
DA:1300,0
DA:1301,0
DA:1311,0
DA:1312,0
DA:1313,0
DA:1318,0
DA:1319,0
DA:1330,0
DA:1331,0
DA:1332,0
DA:1337,0
DA:1338,0
DA:1347,0
DA:1348,0
DA:1349,0
DA:1354,0
DA:1355,0
DA:1370,0
DA:1371,0
DA:1372,0
DA:1373,0
DA:1374,0
DA:1376,0
DA:1377,0
DA:1378,0
DA:1380,0
DA:1381,0
DA:1382,0
DA:1383,0
DA:1385,0
DA:1403,0
DA:1408,0
DA:1409,0
DA:1420,0
DA:1421,0
DA:1422,0
DA:1427,0
DA:1428,0
DA:1443,0
DA:1444,0
DA:1445,0
DA:1446,0
DA:1447,0
DA:1449,0
DA:1450,0
DA:1451,0
DA:1453,0
DA:1454,0
DA:1455,0
DA:1456,0
DA:1458,0
DA:1476,0
DA:1481,0
DA:1482,0
DA:1493,0
DA:1494,0
DA:1495,0
DA:1500,0
DA:1501,0
DA:1512,0
DA:1513,0
DA:1514,0
DA:1519,0
DA:1520,0
DA:1534,0
DA:1535,0
DA:1536,0
DA:1537,0
DA:1538,0
DA:1540,0
DA:1541,0
DA:1542,0
DA:1544,0
DA:1545,0
DA:1546,0
DA:1547,0
DA:1549,0
DA:1567,0
DA:1572,0
DA:1573,0
DA:1587,0
DA:1588,0
DA:1589,0
DA:1590,0
DA:1591,0
DA:1593,0
DA:1594,0
DA:1595,0
DA:1597,0
DA:1598,0
DA:1599,0
DA:1600,0
DA:1602,0
DA:1620,0
DA:1625,0
DA:1626,0
DA:1640,0
DA:1641,0
DA:1642,0
DA:1643,0
DA:1644,0
DA:1646,0
DA:1647,0
DA:1648,0
DA:1650,0
DA:1651,0
DA:1652,0
DA:1653,0
DA:1655,0
DA:1673,0
DA:1678,0
DA:1679,0
DA:1693,0
DA:1694,0
DA:1695,0
DA:1696,0
DA:1697,0
DA:1699,0
DA:1700,0
DA:1701,0
DA:1703,0
DA:1704,0
DA:1705,0
DA:1706,0
DA:1708,0
DA:1726,0
DA:1731,0
DA:1732,0
DA:1746,0
DA:1747,0
DA:1748,0
DA:1749,0
DA:1750,0
DA:1752,0
DA:1753,0
DA:1754,0
DA:1756,0
DA:1757,0
DA:1758,0
DA:1759,0
DA:1761,0
DA:1779,0
DA:1784,0
DA:1785,0
DA:1800,0
DA:1801,0
DA:1802,0
DA:1803,0
DA:1804,0
DA:1806,0
DA:1807,0
DA:1808,0
DA:1810,0
DA:1811,0
DA:1812,0
DA:1813,0
DA:1815,0
DA:1833,0
DA:1838,0
DA:1839,0
DA:1850,0
DA:1851,0
DA:1852,0
DA:1857,0
DA:1858,0
DA:1873,0
DA:1874,0
DA:1875,0
DA:1876,0
DA:1877,0
DA:1879,0
DA:1880,0
DA:1881,0
DA:1883,0
DA:1884,0
DA:1885,0
DA:1886,0
DA:1888,0
DA:1906,0
DA:1911,0
DA:1912,0
DA:1927,0
DA:1928,0
DA:1929,0
DA:1930,0
DA:1931,0
DA:1933,0
DA:1934,0
DA:1935,0
DA:1937,0
DA:1938,0
DA:1939,0
DA:1940,0
DA:1942,0
DA:1960,0
DA:1965,0
DA:1966,0
DA:1982,0
DA:1983,0
DA:1984,0
DA:1985,0
DA:1986,0
DA:1988,0
DA:1989,0
DA:1990,0
DA:1992,0
DA:1993,0
DA:1994,0
DA:1995,0
DA:1997,0
DA:2015,0
DA:2020,0
DA:2021,0
DA:2036,0
DA:2037,0
DA:2038,0
DA:2039,0
DA:2040,0
DA:2042,0
DA:2043,0
DA:2044,0
DA:2046,0
DA:2047,0
DA:2048,0
DA:2049,0
DA:2051,0
DA:2069,0
DA:2074,0
DA:2075,0
DA:2086,0
DA:2087,0
DA:2088,0
DA:2093,0
DA:2094,0
DA:2110,0
DA:2111,0
DA:2112,0
DA:2113,0
DA:2114,0
DA:2116,0
DA:2117,0
DA:2118,0
DA:2120,0
DA:2121,0
DA:2122,0
DA:2123,0
DA:2125,0
DA:2143,0
DA:2148,0
DA:2149,0
DA:2163,0
DA:2164,0
DA:2165,0
DA:2166,0
DA:2167,0
DA:2169,0
DA:2170,0
DA:2171,0
DA:2173,0
DA:2174,0
DA:2175,0
DA:2176,0
DA:2178,0
DA:2196,0
DA:2201,0
DA:2202,0
DA:2216,0
DA:2217,0
DA:2218,0
DA:2219,0
DA:2220,0
DA:2222,0
DA:2223,0
DA:2224,0
DA:2226,0
DA:2227,0
DA:2228,0
DA:2229,0
DA:2231,0
DA:2249,0
DA:2254,0
DA:2255,0
DA:2269,0
DA:2270,0
DA:2271,0
DA:2272,0
DA:2273,0
DA:2275,0
DA:2276,0
DA:2277,0
DA:2279,0
DA:2280,0
DA:2281,0
DA:2282,0
DA:2284,0
DA:2302,0
DA:2307,0
DA:2308,0
DA:2323,0
DA:2324,0
DA:2325,0
DA:2326,0
DA:2327,0
DA:2329,0
DA:2330,0
DA:2331,0
DA:2333,0
DA:2334,0
DA:2335,0
DA:2336,0
DA:2338,0
DA:2356,0
DA:2361,0
DA:2362,0
DA:2378,0
DA:2379,0
DA:2380,0
DA:2381,0
DA:2382,0
DA:2384,0
DA:2385,0
DA:2386,0
DA:2388,0
DA:2389,0
DA:2390,0
DA:2391,0
DA:2393,0
DA:2411,0
DA:2416,0
DA:2417,0
DA:2432,0
DA:2433,0
DA:2434,0
DA:2435,0
DA:2436,0
DA:2438,0
DA:2439,0
DA:2440,0
DA:2442,0
DA:2443,0
DA:2444,0
DA:2445,0
DA:2447,0
DA:2465,0
DA:2470,0
DA:2471,0
DA:2486,0
DA:2487,0
DA:2488,0
DA:2489,0
DA:2490,0
DA:2492,0
DA:2493,0
DA:2494,0
DA:2496,0
DA:2497,0
DA:2498,0
DA:2499,0
DA:2501,0
DA:2519,0
DA:2524,0
DA:2525,0
DA:2536,0
DA:2537,0
DA:2538,0
DA:2543,0
DA:2544,0
DA:2556,0
DA:2557,0
DA:2558,0
DA:2563,0
DA:2564,0
DA:2576,0
DA:2577,0
DA:2578,0
DA:2583,0
DA:2584,0
DA:2597,0
DA:2598,0
DA:2599,0
DA:2604,0
DA:2605,0
DA:2616,0
DA:2617,0
DA:2618,0
DA:2619,0
DA:2622,0
DA:2623,0
DA:2626,0
DA:2627,0
DA:2628,0
DA:2631,0
DA:2632,0
DA:2633,0
DA:2635,0
DA:2636,0
DA:2637,0
DA:2638,0
DA:2641,0
DA:2659,0
DA:2664,0
DA:2665,0
DA:2675,0
DA:2676,0
DA:2677,0
DA:2678,0
DA:2680,0
DA:2681,0
DA:2683,0
DA:2684,0
DA:2685,0
DA:2687,0
DA:2688,0
DA:2689,0
DA:2691,0
DA:2692,0
DA:2693,0
DA:2694,0
DA:2696,0
DA:2705,0
DA:2710,0
DA:2711,0
DA:2722,0
DA:2723,0
DA:2724,0
DA:2725,0
DA:2727,0
DA:2728,0
DA:2730,0
DA:2731,0
DA:2732,0
DA:2734,0
DA:2735,0
DA:2736,0
DA:2738,0
DA:2739,0
DA:2740,0
DA:2741,0
DA:2743,0
DA:2752,0
DA:2757,0
DA:2758,0
DA:2773,0
DA:2774,0
DA:2775,0
DA:2780,0
DA:2781,0
DA:2796,0
DA:2797,0
DA:2798,0
DA:2803,0
DA:2804,0
DA:2820,0
DA:2821,0
DA:2822,0
DA:2827,0
DA:2828,0
DA:2842,0
DA:2843,0
DA:2844,0
DA:2849,0
DA:2850,0
DA:2865,0
DA:2866,0
DA:2867,0
DA:2872,0
DA:2873,0
DA:2888,0
DA:2889,0
DA:2891,0
DA:2896,0
DA:2901,0
DA:2902,0
DA:2919,0
DA:2920,0
DA:2921,0
DA:2922,0
DA:2923,0
DA:2925,0
DA:2926,0
DA:2927,0
DA:2929,0
DA:2930,0
DA:2931,0
DA:2932,0
DA:2934,0
DA:2936,0
DA:2941,0
DA:2942,0
DA:2958,0
DA:2959,0
DA:2960,0
DA:2961,0
DA:2962,0
DA:2964,0
DA:2965,0
DA:2966,0
DA:2968,0
DA:2969,0
DA:2970,0
DA:2971,0
DA:2973,0
DA:2975,0
DA:2980,0
DA:2981,0
DA:2996,0
DA:2997,0
DA:2998,0
DA:2999,0
DA:3000,0
DA:3002,0
DA:3003,0
DA:3004,0
DA:3006,0
DA:3007,0
DA:3008,0
DA:3009,0
DA:3011,0
DA:3013,0
DA:3018,0
DA:3019,0
DA:3032,0
DA:3033,0
DA:3034,0
DA:3035,0
DA:3036,0
DA:3038,0
DA:3039,0
DA:3040,0
DA:3042,0
DA:3043,0
DA:3044,0
DA:3045,0
DA:3047,0
DA:3049,0
DA:3054,0
DA:3055,0
DA:3068,0
DA:3069,0
DA:3070,0
DA:3071,0
DA:3072,0
DA:3074,0
DA:3075,0
DA:3076,0
DA:3078,0
DA:3079,0
DA:3080,0
DA:3081,0
DA:3083,0
DA:3085,0
DA:3090,0
DA:3091,0
DA:3104,0
DA:3105,0
DA:3106,0
DA:3107,0
DA:3108,0
DA:3110,0
DA:3111,0
DA:3112,0
DA:3114,0
DA:3115,0
DA:3116,0
DA:3117,0
DA:3119,0
DA:3121,0
DA:3126,0
DA:3127,0
DA:3140,0
DA:3141,0
DA:3142,0
DA:3143,0
DA:3144,0
DA:3146,0
DA:3147,0
DA:3148,0
DA:3150,0
DA:3151,0
DA:3152,0
DA:3153,0
DA:3155,0
DA:3157,0
DA:3162,0
DA:3163,0
DA:3176,0
DA:3177,0
DA:3178,0
DA:3179,0
DA:3180,0
DA:3182,0
DA:3183,0
DA:3184,0
DA:3186,0
DA:3187,0
DA:3188,0
DA:3189,0
DA:3191,0
DA:3193,0
DA:3198,0
DA:3199,0
DA:3211,0
DA:3212,0
DA:3213,0
DA:3214,0
DA:3218,0
DA:3219,0
DA:3222,0
DA:3223,0
DA:3224,0
DA:3226,0
DA:3227,0
DA:3228,0
DA:3230,0
DA:3231,0
DA:3232,0
DA:3233,0
DA:3235,0
DA:3237,0
DA:3242,0
DA:3243,0
DA:3259,0
DA:3260,0
DA:3261,0
DA:3262,0
DA:3263,0
DA:3265,0
DA:3266,0
DA:3267,0
DA:3269,0
DA:3270,0
DA:3271,0
DA:3272,0
DA:3274,0
DA:3276,0
DA:3281,0
DA:3282,0
DA:3294,0
DA:3295,0
DA:3296,0
DA:3297,0
DA:3301,0
DA:3302,0
DA:3305,0
DA:3310,0
DA:3315,0
DA:3316,0
DA:3332,0
DA:3333,0
DA:3335,0
DA:3340,0
DA:3345,0
DA:3346,0
DA:3359,0
DA:3360,0
DA:3361,0
DA:3362,0
DA:3363,0
DA:3365,0
DA:3366,0
DA:3367,0
DA:3369,0
DA:3370,0
DA:3371,0
DA:3372,0
DA:3374,0
DA:3376,0
DA:3381,0
DA:3382,0
DA:3395,0
DA:3396,0
DA:3397,0
DA:3398,0
DA:3399,0
DA:3401,0
DA:3402,0
DA:3403,0
DA:3405,0
DA:3406,0
DA:3407,0
DA:3408,0
DA:3410,0
DA:3412,0
DA:3417,0
DA:3418,0
DA:3433,0
DA:3434,0
DA:3435,0
DA:3436,0
DA:3437,0
DA:3439,0
DA:3440,0
DA:3441,0
DA:3443,0
DA:3444,0
DA:3445,0
DA:3446,0
DA:3448,0
DA:3450,0
DA:3455,0
DA:3456,0
DA:3479,0
DA:3480,0
DA:3481,0
DA:3482,0
DA:3485,0
DA:3486,0
DA:3487,0
DA:3490,0
DA:3491,0
DA:3492,0
DA:3494,0
DA:3495,0
DA:3496,0
DA:3497,0
DA:3500,0
DA:3519,0
DA:3524,0
DA:3525,0
DA:3548,0
DA:3549,0
DA:3550,0
DA:3551,0
DA:3554,0
DA:3555,0
DA:3556,0
DA:3559,0
DA:3560,0
DA:3561,0
DA:3563,0
DA:3564,0
DA:3565,0
DA:3566,0
DA:3569,0
DA:3588,0
DA:3593,0
DA:3594,0
DA:3612,0
DA:3613,0
DA:3614,0
DA:3615,0
DA:3616,0
DA:3618,0
DA:3619,0
DA:3620,0
DA:3622,0
DA:3623,0
DA:3624,0
DA:3625,0
DA:3627,0
DA:3629,0
DA:3634,0
DA:3635,0
DA:3654,0
DA:3655,0
DA:3656,0
DA:3657,0
DA:3658,0
DA:3660,0
DA:3661,0
DA:3662,0
DA:3664,0
DA:3665,0
DA:3666,0
DA:3667,0
DA:3669,0
DA:3671,0
DA:3676,0
DA:3677,0
DA:3696,0
DA:3697,0
DA:3698,0
DA:3699,0
DA:3700,0
DA:3702,0
DA:3703,0
DA:3704,0
DA:3706,0
DA:3707,0
DA:3708,0
DA:3709,0
DA:3711,0
DA:3713,0
DA:3718,0
DA:3719,0
DA:3737,0
DA:3738,0
DA:3739,0
DA:3740,0
DA:3741,0
DA:3743,0
DA:3744,0
DA:3745,0
DA:3747,0
DA:3748,0
DA:3749,0
DA:3750,0
DA:3752,0
DA:3754,0
DA:3759,0
DA:3760,0
DA:3775,0
DA:3776,0
DA:3777,0
DA:3778,0
DA:3779,0
DA:3781,0
DA:3782,0
DA:3783,0
DA:3785,0
DA:3786,0
DA:3787,0
DA:3788,0
DA:3790,0
DA:3792,0
DA:3797,0
DA:3798,0
DA:3816,0
DA:3817,0
DA:3818,0
DA:3819,0
DA:3820,0
DA:3822,0
DA:3823,0
DA:3824,0
DA:3826,0
DA:3827,0
DA:3828,0
DA:3829,0
DA:3831,0
DA:3833,0
DA:3838,0
DA:3839,0
DA:3857,0
DA:3858,0
DA:3859,0
DA:3860,0
DA:3861,0
DA:3863,0
DA:3864,0
DA:3865,0
DA:3867,0
DA:3868,0
DA:3869,0
DA:3870,0
DA:3872,0
DA:3874,0
DA:3879,0
DA:3880,0
DA:3893,0
DA:3894,0
DA:3895,0
DA:3896,0
DA:3897,0
DA:3899,0
DA:3900,0
DA:3901,0
DA:3903,0
DA:3904,0
DA:3905,0
DA:3906,0
DA:3908,0
DA:3910,0
DA:3915,0
DA:3916,0
DA:3930,0
DA:3931,0
DA:3932,0
DA:3933,0
DA:3934,0
DA:3936,0
DA:3937,0
DA:3938,0
DA:3940,0
DA:3941,0
DA:3942,0
DA:3943,0
DA:3945,0
DA:3947,0
DA:3952,0
DA:3953,0
DA:3966,0
DA:3967,0
DA:3968,0
DA:3969,0
DA:3970,0
DA:3972,0
DA:3973,0
DA:3974,0
DA:3976,0
DA:3977,0
DA:3978,0
DA:3979,0
DA:3981,0
DA:3983,0
DA:3988,0
DA:3989,0
DA:4005,0
DA:4006,0
DA:4007,0
DA:4008,0
DA:4009,0
DA:4011,0
DA:4012,0
DA:4013,0
DA:4015,0
DA:4016,0
DA:4017,0
DA:4018,0
DA:4020,0
DA:4022,0
DA:4027,0
DA:4028,0
DA:4049,0
DA:4050,0
DA:4051,0
DA:4052,0
DA:4055,0
DA:4056,0
DA:4057,0
DA:4060,0
DA:4061,0
DA:4062,0
DA:4064,0
DA:4065,0
DA:4066,0
DA:4067,0
DA:4070,0
DA:4089,0
DA:4094,0
DA:4095,0
DA:4114,0
DA:4115,0
DA:4116,0
DA:4117,0
DA:4120,0
DA:4121,0
DA:4122,0
DA:4125,0
DA:4126,0
DA:4127,0
DA:4129,0
DA:4130,0
DA:4131,0
DA:4132,0
DA:4135,0
DA:4154,0
DA:4159,0
DA:4160,0
DA:4180,0
DA:4181,0
DA:4182,0
DA:4183,0
DA:4186,0
DA:4187,0
DA:4188,0
DA:4191,0
DA:4192,0
DA:4193,0
DA:4195,0
DA:4196,0
DA:4197,0
DA:4198,0
DA:4201,0
DA:4220,0
DA:4225,0
DA:4226,0
DA:4246,0
DA:4247,0
DA:4248,0
DA:4249,0
DA:4252,0
DA:4253,0
DA:4254,0
DA:4257,0
DA:4258,0
DA:4259,0
DA:4261,0
DA:4262,0
DA:4263,0
DA:4264,0
DA:4267,0
DA:4286,0
DA:4291,0
DA:4292,0
DA:4312,0
DA:4313,0
DA:4314,0
DA:4315,0
DA:4318,0
DA:4319,0
DA:4320,0
DA:4323,0
DA:4324,0
DA:4325,0
DA:4327,0
DA:4328,0
DA:4329,0
DA:4330,0
DA:4333,0
DA:4352,0
DA:4357,0
DA:4358,0
DA:4379,0
DA:4380,0
DA:4381,0
DA:4382,0
DA:4386,0
DA:4388,0
DA:4389,0
DA:4393,0
DA:4394,0
DA:4395,0
DA:4398,0
DA:4399,0
DA:4400,0
DA:4401,0
DA:4404,0
DA:4424,0
DA:4429,0
DA:4430,0
DA:4448,0
DA:4449,0
DA:4450,0
DA:4451,0
DA:4454,0
DA:4455,0
DA:4456,0
DA:4459,0
DA:4460,0
DA:4461,0
DA:4463,0
DA:4464,0
DA:4465,0
DA:4466,0
DA:4469,0
DA:4488,0
DA:4493,0
DA:4494,0
DA:4514,0
DA:4515,0
DA:4516,0
DA:4517,0
DA:4520,0
DA:4521,0
DA:4522,0
DA:4525,0
DA:4526,0
DA:4527,0
DA:4529,0
DA:4530,0
DA:4531,0
DA:4532,0
DA:4535,0
DA:4554,0
DA:4559,0
DA:4560,0
DA:4581,0
DA:4582,0
DA:4583,0
DA:4584,0
DA:4587,0
DA:4588,0
DA:4589,0
DA:4592,0
DA:4593,0
DA:4594,0
DA:4596,0
DA:4597,0
DA:4598,0
DA:4599,0
DA:4602,0
DA:4621,0
DA:4626,0
DA:4627,0
DA:4641,0
DA:4642,0
DA:4643,0
DA:4648,0
DA:4649,0
DA:4663,0
DA:4664,0
DA:4665,0
DA:4670,0
DA:4671,0
DA:4685,0
DA:4686,0
DA:4687,0
DA:4692,0
DA:4693,0
DA:4712,0
DA:4713,0
DA:4714,0
DA:4715,0
DA:4716,0
DA:4718,0
DA:4719,0
DA:4720,0
DA:4722,0
DA:4723,0
DA:4724,0
DA:4725,0
DA:4727,0
DA:4745,0
DA:4750,0
DA:4751,0
DA:4772,0
DA:4773,0
DA:4774,0
DA:4775,0
DA:4776,0
DA:4778,0
DA:4779,0
DA:4780,0
DA:4782,0
DA:4783,0
DA:4784,0
DA:4785,0
DA:4787,0
DA:4805,0
DA:4810,0
DA:4811,0
DA:4833,0
DA:4834,0
DA:4835,0
DA:4836,0
DA:4837,0
DA:4839,0
DA:4840,0
DA:4841,0
DA:4843,0
DA:4844,0
DA:4845,0
DA:4846,0
DA:4848,0
DA:4866,0
DA:4871,0
DA:4872,0
DA:4895,0
DA:4896,0
DA:4897,0
DA:4898,0
DA:4899,0
DA:4901,0
DA:4902,0
DA:4903,0
DA:4905,0
DA:4906,0
DA:4907,0
DA:4908,0
DA:4910,0
DA:4928,0
DA:4933,0
DA:4934,0
DA:4958,0
DA:4959,0
DA:4960,0
DA:4961,0
DA:4962,0
DA:4964,0
DA:4965,0
DA:4966,0
DA:4968,0
DA:4969,0
DA:4970,0
DA:4971,0
DA:4973,0
DA:4991,0
DA:4996,0
DA:4997,0
DA:5021,0
DA:5022,0
DA:5023,0
DA:5024,0
DA:5025,0
DA:5027,0
DA:5028,0
DA:5029,0
DA:5031,0
DA:5032,0
DA:5033,0
DA:5034,0
DA:5036,0
DA:5054,0
DA:5059,0
DA:5060,0
DA:5084,0
DA:5085,0
DA:5086,0
DA:5087,0
DA:5088,0
DA:5090,0
DA:5091,0
DA:5092,0
DA:5094,0
DA:5095,0
DA:5096,0
DA:5097,0
DA:5099,0
DA:5117,0
DA:5122,0
DA:5123,0
DA:5152,0
DA:5153,0
DA:5154,0
DA:5155,0
DA:5156,0
DA:5158,0
DA:5159,0
DA:5160,0
DA:5162,0
DA:5163,0
DA:5164,0
DA:5165,0
DA:5167,0
DA:5185,0
DA:5190,0
DA:5191,0
DA:5200,0
DA:5201,0
DA:5202,0
DA:5203,0
DA:5205,0
DA:5206,0
DA:5208,0
DA:5209,0
DA:5210,0
DA:5212,0
DA:5213,0
DA:5214,0
DA:5216,0
DA:5217,0
DA:5218,0
DA:5219,0
DA:5221,0
DA:5230,0
DA:5236,0
DA:5237,0
DA:5246,0
DA:5247,0
DA:5248,0
DA:5249,0
DA:5251,0
DA:5252,0
DA:5254,0
DA:5255,0
DA:5256,0
DA:5258,0
DA:5259,0
DA:5260,0
DA:5262,0
DA:5263,0
DA:5264,0
DA:5265,0
DA:5267,0
DA:5276,0
DA:5282,0
DA:5283,0
DA:5292,0
DA:5293,0
DA:5294,0
DA:5295,0
DA:5297,0
DA:5298,0
DA:5300,0
DA:5301,0
DA:5302,0
DA:5304,0
DA:5305,0
DA:5306,0
DA:5308,0
DA:5309,0
DA:5310,0
DA:5311,0
DA:5313,0
DA:5322,0
DA:5328,0
DA:5329,0
DA:5338,0
DA:5339,0
DA:5340,0
DA:5341,0
DA:5343,0
DA:5344,0
DA:5346,0
DA:5347,0
DA:5348,0
DA:5350,0
DA:5351,0
DA:5352,0
DA:5354,0
DA:5355,0
DA:5356,0
DA:5357,0
DA:5359,0
DA:5368,0
DA:5374,0
DA:5375,0
DA:5384,0
DA:5385,0
DA:5386,0
DA:5387,0
DA:5389,0
DA:5390,0
DA:5392,0
DA:5393,0
DA:5394,0
DA:5396,0
DA:5397,0
DA:5398,0
DA:5400,0
DA:5401,0
DA:5402,0
DA:5403,0
DA:5405,0
DA:5414,0
DA:5420,0
DA:5421,0
DA:5441,0
DA:5442,0
DA:5445,0
DA:5446,0
DA:5447,0
DA:5448,0
DA:5450,0
DA:5456,0
DA:5457,0
DA:5466,0
DA:5467,0
DA:5468,0
DA:5469,0
DA:5471,0
DA:5472,0
DA:5474,0
DA:5475,0
DA:5476,0
DA:5478,0
DA:5479,0
DA:5480,0
DA:5482,0
DA:5483,0
DA:5484,0
DA:5485,0
DA:5487,0
DA:5496,0
DA:5502,0
DA:5503,0
DA:5514,0
DA:5515,0
DA:5516,0
DA:5517,0
DA:5521,0
DA:5522,0
DA:5526,0
DA:5530,0
DA:5535,0
DA:5536,0
DA:5555,0
DA:5556,0
DA:5558,0
DA:5562,0
DA:5567,0
DA:5568,0
DA:5581,0
DA:5582,0
DA:5583,0
DA:5584,0
DA:5588,0
DA:5589,0
DA:5593,0
DA:5597,0
LF:1860
LH:0
BRDA:6,0,0,0
BRDA:6,0,1,0
BRDA:6,1,0,0
BRDA:6,1,1,0
BRDA:20,2,0,0
BRDA:20,2,1,0
BRDA:20,3,0,0
BRDA:20,3,1,0
BRDA:20,3,2,0
BRDA:22,4,0,0
BRDA:22,4,1,0
BRDA:26,5,0,0
BRDA:26,5,1,0
BRDA:26,6,0,0
BRDA:26,6,1,0
BRDA:27,7,0,0
BRDA:27,7,1,0
BRDA:27,8,0,0
BRDA:27,8,1,0
BRDA:28,9,0,0
BRDA:28,9,1,0
BRDA:28,10,0,0
BRDA:28,10,1,0
BRDA:32,11,0,0
BRDA:32,11,1,0
BRDA:34,12,0,0
BRDA:34,12,1,0
BRDA:34,13,0,0
BRDA:34,13,1,0
BRDA:37,14,0,0
BRDA:37,14,1,0
BRDA:38,15,0,0
BRDA:38,15,1,0
BRDA:51,16,0,0
BRDA:51,16,1,0
BRDA:55,17,0,0
BRDA:55,17,1,0
BRDA:65,18,0,0
BRDA:65,18,1,0
BRDA:72,19,0,0
BRDA:72,19,1,0
BRDA:73,20,0,0
BRDA:73,20,1,0
BRDA:80,21,0,0
BRDA:80,21,1,0
BRDA:81,22,0,0
BRDA:81,22,1,0
BRDA:92,23,0,0
BRDA:92,23,1,0
BRDA:93,24,0,0
BRDA:93,24,1,0
BRDA:109,25,0,0
BRDA:109,25,1,0
BRDA:135,26,0,0
BRDA:135,26,1,0
BRDA:151,27,0,0
BRDA:151,27,1,0
BRDA:155,28,0,0
BRDA:155,28,1,0
BRDA:155,29,0,0
BRDA:155,29,1,0
BRDA:159,30,0,0
BRDA:159,30,1,0
BRDA:159,31,0,0
BRDA:159,31,1,0
BRDA:159,31,2,0
BRDA:160,32,0,0
BRDA:160,32,1,0
BRDA:160,33,0,0
BRDA:160,33,1,0
BRDA:160,33,2,0
BRDA:162,34,0,0
BRDA:162,34,1,0
BRDA:164,35,0,0
BRDA:164,35,1,0
BRDA:164,36,0,0
BRDA:164,36,1,0
BRDA:166,37,0,0
BRDA:166,37,1,0
BRDA:167,38,0,0
BRDA:167,38,1,0
BRDA:172,39,0,0
BRDA:172,39,1,0
BRDA:173,40,0,0
BRDA:173,40,1,0
BRDA:174,41,0,0
BRDA:174,41,1,0
BRDA:175,42,0,0
BRDA:175,42,1,0
BRDA:175,43,0,0
BRDA:175,43,1,0
BRDA:176,44,0,0
BRDA:176,44,1,0
BRDA:177,45,0,0
BRDA:177,45,1,0
BRDA:196,46,0,0
BRDA:196,46,1,0
BRDA:200,47,0,0
BRDA:200,47,1,0
BRDA:200,48,0,0
BRDA:200,48,1,0
BRDA:204,49,0,0
BRDA:204,49,1,0
BRDA:204,50,0,0
BRDA:204,50,1,0
BRDA:204,50,2,0
BRDA:205,51,0,0
BRDA:205,51,1,0
BRDA:205,52,0,0
BRDA:205,52,1,0
BRDA:205,52,2,0
BRDA:207,53,0,0
BRDA:207,53,1,0
BRDA:209,54,0,0
BRDA:209,54,1,0
BRDA:209,55,0,0
BRDA:209,55,1,0
BRDA:211,56,0,0
BRDA:211,56,1,0
BRDA:212,57,0,0
BRDA:212,57,1,0
BRDA:217,58,0,0
BRDA:217,58,1,0
BRDA:218,59,0,0
BRDA:218,59,1,0
BRDA:219,60,0,0
BRDA:219,60,1,0
BRDA:220,61,0,0
BRDA:220,61,1,0
BRDA:220,62,0,0
BRDA:220,62,1,0
BRDA:221,63,0,0
BRDA:221,63,1,0
BRDA:222,64,0,0
BRDA:222,64,1,0
BRDA:241,65,0,0
BRDA:241,65,1,0
BRDA:245,66,0,0
BRDA:245,66,1,0
BRDA:245,67,0,0
BRDA:245,67,1,0
BRDA:249,68,0,0
BRDA:249,68,1,0
BRDA:249,69,0,0
BRDA:249,69,1,0
BRDA:249,69,2,0
BRDA:250,70,0,0
BRDA:250,70,1,0
BRDA:250,71,0,0
BRDA:250,71,1,0
BRDA:250,71,2,0
BRDA:252,72,0,0
BRDA:252,72,1,0
BRDA:254,73,0,0
BRDA:254,73,1,0
BRDA:254,74,0,0
BRDA:254,74,1,0
BRDA:256,75,0,0
BRDA:256,75,1,0
BRDA:257,76,0,0
BRDA:257,76,1,0
BRDA:262,77,0,0
BRDA:262,77,1,0
BRDA:263,78,0,0
BRDA:263,78,1,0
BRDA:264,79,0,0
BRDA:264,79,1,0
BRDA:265,80,0,0
BRDA:265,80,1,0
BRDA:265,81,0,0
BRDA:265,81,1,0
BRDA:266,82,0,0
BRDA:266,82,1,0
BRDA:267,83,0,0
BRDA:267,83,1,0
BRDA:286,84,0,0
BRDA:286,84,1,0
BRDA:290,85,0,0
BRDA:290,85,1,0
BRDA:290,86,0,0
BRDA:290,86,1,0
BRDA:294,87,0,0
BRDA:294,87,1,0
BRDA:294,88,0,0
BRDA:294,88,1,0
BRDA:294,88,2,0
BRDA:295,89,0,0
BRDA:295,89,1,0
BRDA:295,90,0,0
BRDA:295,90,1,0
BRDA:295,90,2,0
BRDA:297,91,0,0
BRDA:297,91,1,0
BRDA:299,92,0,0
BRDA:299,92,1,0
BRDA:299,93,0,0
BRDA:299,93,1,0
BRDA:301,94,0,0
BRDA:301,94,1,0
BRDA:302,95,0,0
BRDA:302,95,1,0
BRDA:307,96,0,0
BRDA:307,96,1,0
BRDA:308,97,0,0
BRDA:308,97,1,0
BRDA:309,98,0,0
BRDA:309,98,1,0
BRDA:310,99,0,0
BRDA:310,99,1,0
BRDA:310,100,0,0
BRDA:310,100,1,0
BRDA:311,101,0,0
BRDA:311,101,1,0
BRDA:312,102,0,0
BRDA:312,102,1,0
BRDA:331,103,0,0
BRDA:331,103,1,0
BRDA:335,104,0,0
BRDA:335,104,1,0
BRDA:335,105,0,0
BRDA:335,105,1,0
BRDA:339,106,0,0
BRDA:339,106,1,0
BRDA:339,107,0,0
BRDA:339,107,1,0
BRDA:339,107,2,0
BRDA:340,108,0,0
BRDA:340,108,1,0
BRDA:340,109,0,0
BRDA:340,109,1,0
BRDA:340,109,2,0
BRDA:342,110,0,0
BRDA:342,110,1,0
BRDA:344,111,0,0
BRDA:344,111,1,0
BRDA:344,112,0,0
BRDA:344,112,1,0
BRDA:346,113,0,0
BRDA:346,113,1,0
BRDA:347,114,0,0
BRDA:347,114,1,0
BRDA:352,115,0,0
BRDA:352,115,1,0
BRDA:353,116,0,0
BRDA:353,116,1,0
BRDA:354,117,0,0
BRDA:354,117,1,0
BRDA:355,118,0,0
BRDA:355,118,1,0
BRDA:355,119,0,0
BRDA:355,119,1,0
BRDA:356,120,0,0
BRDA:356,120,1,0
BRDA:357,121,0,0
BRDA:357,121,1,0
BRDA:376,122,0,0
BRDA:376,122,1,0
BRDA:380,123,0,0
BRDA:380,123,1,0
BRDA:380,124,0,0
BRDA:380,124,1,0
BRDA:384,125,0,0
BRDA:384,125,1,0
BRDA:384,126,0,0
BRDA:384,126,1,0
BRDA:384,126,2,0
BRDA:385,127,0,0
BRDA:385,127,1,0
BRDA:385,128,0,0
BRDA:385,128,1,0
BRDA:385,128,2,0
BRDA:387,129,0,0
BRDA:387,129,1,0
BRDA:389,130,0,0
BRDA:389,130,1,0
BRDA:389,131,0,0
BRDA:389,131,1,0
BRDA:391,132,0,0
BRDA:391,132,1,0
BRDA:392,133,0,0
BRDA:392,133,1,0
BRDA:397,134,0,0
BRDA:397,134,1,0
BRDA:398,135,0,0
BRDA:398,135,1,0
BRDA:399,136,0,0
BRDA:399,136,1,0
BRDA:400,137,0,0
BRDA:400,137,1,0
BRDA:400,138,0,0
BRDA:400,138,1,0
BRDA:401,139,0,0
BRDA:401,139,1,0
BRDA:402,140,0,0
BRDA:402,140,1,0
BRDA:424,141,0,0
BRDA:424,141,1,0
BRDA:428,142,0,0
BRDA:428,142,1,0
BRDA:428,143,0,0
BRDA:428,143,1,0
BRDA:432,144,0,0
BRDA:432,144,1,0
BRDA:432,145,0,0
BRDA:432,145,1,0
BRDA:432,145,2,0
BRDA:433,146,0,0
BRDA:433,146,1,0
BRDA:433,147,0,0
BRDA:433,147,1,0
BRDA:433,147,2,0
BRDA:435,148,0,0
BRDA:435,148,1,0
BRDA:437,149,0,0
BRDA:437,149,1,0
BRDA:437,150,0,0
BRDA:437,150,1,0
BRDA:439,151,0,0
BRDA:439,151,1,0
BRDA:440,152,0,0
BRDA:440,152,1,0
BRDA:445,153,0,0
BRDA:445,153,1,0
BRDA:446,154,0,0
BRDA:446,154,1,0
BRDA:447,155,0,0
BRDA:447,155,1,0
BRDA:448,156,0,0
BRDA:448,156,1,0
BRDA:448,157,0,0
BRDA:448,157,1,0
BRDA:449,158,0,0
BRDA:449,158,1,0
BRDA:450,159,0,0
BRDA:450,159,1,0
BRDA:468,160,0,0
BRDA:468,160,1,0
BRDA:472,161,0,0
BRDA:472,161,1,0
BRDA:472,162,0,0
BRDA:472,162,1,0
BRDA:476,163,0,0
BRDA:476,163,1,0
BRDA:476,164,0,0
BRDA:476,164,1,0
BRDA:476,164,2,0
BRDA:477,165,0,0
BRDA:477,165,1,0
BRDA:477,166,0,0
BRDA:477,166,1,0
BRDA:477,166,2,0
BRDA:479,167,0,0
BRDA:479,167,1,0
BRDA:481,168,0,0
BRDA:481,168,1,0
BRDA:481,169,0,0
BRDA:481,169,1,0
BRDA:483,170,0,0
BRDA:483,170,1,0
BRDA:484,171,0,0
BRDA:484,171,1,0
BRDA:489,172,0,0
BRDA:489,172,1,0
BRDA:490,173,0,0
BRDA:490,173,1,0
BRDA:491,174,0,0
BRDA:491,174,1,0
BRDA:492,175,0,0
BRDA:492,175,1,0
BRDA:492,176,0,0
BRDA:492,176,1,0
BRDA:493,177,0,0
BRDA:493,177,1,0
BRDA:494,178,0,0
BRDA:494,178,1,0
BRDA:512,179,0,0
BRDA:512,179,1,0
BRDA:516,180,0,0
BRDA:516,180,1,0
BRDA:516,181,0,0
BRDA:516,181,1,0
BRDA:520,182,0,0
BRDA:520,182,1,0
BRDA:520,183,0,0
BRDA:520,183,1,0
BRDA:520,183,2,0
BRDA:521,184,0,0
BRDA:521,184,1,0
BRDA:521,185,0,0
BRDA:521,185,1,0
BRDA:521,185,2,0
BRDA:523,186,0,0
BRDA:523,186,1,0
BRDA:525,187,0,0
BRDA:525,187,1,0
BRDA:525,188,0,0
BRDA:525,188,1,0
BRDA:527,189,0,0
BRDA:527,189,1,0
BRDA:528,190,0,0
BRDA:528,190,1,0
BRDA:533,191,0,0
BRDA:533,191,1,0
BRDA:534,192,0,0
BRDA:534,192,1,0
BRDA:535,193,0,0
BRDA:535,193,1,0
BRDA:536,194,0,0
BRDA:536,194,1,0
BRDA:536,195,0,0
BRDA:536,195,1,0
BRDA:537,196,0,0
BRDA:537,196,1,0
BRDA:538,197,0,0
BRDA:538,197,1,0
BRDA:556,198,0,0
BRDA:556,198,1,0
BRDA:560,199,0,0
BRDA:560,199,1,0
BRDA:560,200,0,0
BRDA:560,200,1,0
BRDA:564,201,0,0
BRDA:564,201,1,0
BRDA:564,202,0,0
BRDA:564,202,1,0
BRDA:564,202,2,0
BRDA:565,203,0,0
BRDA:565,203,1,0
BRDA:565,204,0,0
BRDA:565,204,1,0
BRDA:565,204,2,0
BRDA:567,205,0,0
BRDA:567,205,1,0
BRDA:569,206,0,0
BRDA:569,206,1,0
BRDA:569,207,0,0
BRDA:569,207,1,0
BRDA:571,208,0,0
BRDA:571,208,1,0
BRDA:572,209,0,0
BRDA:572,209,1,0
BRDA:577,210,0,0
BRDA:577,210,1,0
BRDA:578,211,0,0
BRDA:578,211,1,0
BRDA:579,212,0,0
BRDA:579,212,1,0
BRDA:580,213,0,0
BRDA:580,213,1,0
BRDA:580,214,0,0
BRDA:580,214,1,0
BRDA:581,215,0,0
BRDA:581,215,1,0
BRDA:582,216,0,0
BRDA:582,216,1,0
BRDA:600,217,0,0
BRDA:600,217,1,0
BRDA:604,218,0,0
BRDA:604,218,1,0
BRDA:604,219,0,0
BRDA:604,219,1,0
BRDA:608,220,0,0
BRDA:608,220,1,0
BRDA:608,221,0,0
BRDA:608,221,1,0
BRDA:608,221,2,0
BRDA:609,222,0,0
BRDA:609,222,1,0
BRDA:609,223,0,0
BRDA:609,223,1,0
BRDA:609,223,2,0
BRDA:611,224,0,0
BRDA:611,224,1,0
BRDA:613,225,0,0
BRDA:613,225,1,0
BRDA:613,226,0,0
BRDA:613,226,1,0
BRDA:615,227,0,0
BRDA:615,227,1,0
BRDA:616,228,0,0
BRDA:616,228,1,0
BRDA:621,229,0,0
BRDA:621,229,1,0
BRDA:622,230,0,0
BRDA:622,230,1,0
BRDA:623,231,0,0
BRDA:623,231,1,0
BRDA:624,232,0,0
BRDA:624,232,1,0
BRDA:624,233,0,0
BRDA:624,233,1,0
BRDA:625,234,0,0
BRDA:625,234,1,0
BRDA:626,235,0,0
BRDA:626,235,1,0
BRDA:647,236,0,0
BRDA:647,236,1,0
BRDA:651,237,0,0
BRDA:651,237,1,0
BRDA:669,238,0,0
BRDA:669,238,1,0
BRDA:673,239,0,0
BRDA:673,239,1,0
BRDA:673,240,0,0
BRDA:673,240,1,0
BRDA:677,241,0,0
BRDA:677,241,1,0
BRDA:677,242,0,0
BRDA:677,242,1,0
BRDA:677,242,2,0
BRDA:678,243,0,0
BRDA:678,243,1,0
BRDA:678,244,0,0
BRDA:678,244,1,0
BRDA:678,244,2,0
BRDA:680,245,0,0
BRDA:680,245,1,0
BRDA:682,246,0,0
BRDA:682,246,1,0
BRDA:682,247,0,0
BRDA:682,247,1,0
BRDA:684,248,0,0
BRDA:684,248,1,0
BRDA:685,249,0,0
BRDA:685,249,1,0
BRDA:690,250,0,0
BRDA:690,250,1,0
BRDA:691,251,0,0
BRDA:691,251,1,0
BRDA:692,252,0,0
BRDA:692,252,1,0
BRDA:693,253,0,0
BRDA:693,253,1,0
BRDA:693,254,0,0
BRDA:693,254,1,0
BRDA:694,255,0,0
BRDA:694,255,1,0
BRDA:695,256,0,0
BRDA:695,256,1,0
BRDA:714,257,0,0
BRDA:714,257,1,0
BRDA:718,258,0,0
BRDA:718,258,1,0
BRDA:718,259,0,0
BRDA:718,259,1,0
BRDA:722,260,0,0
BRDA:722,260,1,0
BRDA:722,261,0,0
BRDA:722,261,1,0
BRDA:722,261,2,0
BRDA:723,262,0,0
BRDA:723,262,1,0
BRDA:723,263,0,0
BRDA:723,263,1,0
BRDA:723,263,2,0
BRDA:725,264,0,0
BRDA:725,264,1,0
BRDA:727,265,0,0
BRDA:727,265,1,0
BRDA:727,266,0,0
BRDA:727,266,1,0
BRDA:729,267,0,0
BRDA:729,267,1,0
BRDA:730,268,0,0
BRDA:730,268,1,0
BRDA:735,269,0,0
BRDA:735,269,1,0
BRDA:736,270,0,0
BRDA:736,270,1,0
BRDA:737,271,0,0
BRDA:737,271,1,0
BRDA:738,272,0,0
BRDA:738,272,1,0
BRDA:738,273,0,0
BRDA:738,273,1,0
BRDA:739,274,0,0
BRDA:739,274,1,0
BRDA:740,275,0,0
BRDA:740,275,1,0
BRDA:761,276,0,0
BRDA:761,276,1,0
BRDA:765,277,0,0
BRDA:765,277,1,0
BRDA:788,278,0,0
BRDA:788,278,1,0
BRDA:792,279,0,0
BRDA:792,279,1,0
BRDA:816,280,0,0
BRDA:816,280,1,0
BRDA:820,281,0,0
BRDA:820,281,1,0
BRDA:844,282,0,0
BRDA:844,282,1,0
BRDA:848,283,0,0
BRDA:848,283,1,0
BRDA:872,284,0,0
BRDA:872,284,1,0
BRDA:876,285,0,0
BRDA:876,285,1,0
BRDA:895,286,0,0
BRDA:895,286,1,0
BRDA:899,287,0,0
BRDA:899,287,1,0
BRDA:899,288,0,0
BRDA:899,288,1,0
BRDA:903,289,0,0
BRDA:903,289,1,0
BRDA:903,290,0,0
BRDA:903,290,1,0
BRDA:903,290,2,0
BRDA:904,291,0,0
BRDA:904,291,1,0
BRDA:904,292,0,0
BRDA:904,292,1,0
BRDA:904,292,2,0
BRDA:906,293,0,0
BRDA:906,293,1,0
BRDA:908,294,0,0
BRDA:908,294,1,0
BRDA:908,295,0,0
BRDA:908,295,1,0
BRDA:910,296,0,0
BRDA:910,296,1,0
BRDA:911,297,0,0
BRDA:911,297,1,0
BRDA:916,298,0,0
BRDA:916,298,1,0
BRDA:917,299,0,0
BRDA:917,299,1,0
BRDA:918,300,0,0
BRDA:918,300,1,0
BRDA:919,301,0,0
BRDA:919,301,1,0
BRDA:919,302,0,0
BRDA:919,302,1,0
BRDA:920,303,0,0
BRDA:920,303,1,0
BRDA:921,304,0,0
BRDA:921,304,1,0
BRDA:939,305,0,0
BRDA:939,305,1,0
BRDA:955,306,0,0
BRDA:955,306,1,0
BRDA:972,307,0,0
BRDA:972,307,1,0
BRDA:976,308,0,0
BRDA:976,308,1,0
BRDA:976,309,0,0
BRDA:976,309,1,0
BRDA:980,310,0,0
BRDA:980,310,1,0
BRDA:980,311,0,0
BRDA:980,311,1,0
BRDA:980,311,2,0
BRDA:981,312,0,0
BRDA:981,312,1,0
BRDA:981,313,0,0
BRDA:981,313,1,0
BRDA:981,313,2,0
BRDA:983,314,0,0
BRDA:983,314,1,0
BRDA:985,315,0,0
BRDA:985,315,1,0
BRDA:985,316,0,0
BRDA:985,316,1,0
BRDA:987,317,0,0
BRDA:987,317,1,0
BRDA:988,318,0,0
BRDA:988,318,1,0
BRDA:993,319,0,0
BRDA:993,319,1,0
BRDA:994,320,0,0
BRDA:994,320,1,0
BRDA:995,321,0,0
BRDA:995,321,1,0
BRDA:996,322,0,0
BRDA:996,322,1,0
BRDA:996,323,0,0
BRDA:996,323,1,0
BRDA:997,324,0,0
BRDA:997,324,1,0
BRDA:998,325,0,0
BRDA:998,325,1,0
BRDA:1017,326,0,0
BRDA:1017,326,1,0
BRDA:1021,327,0,0
BRDA:1021,327,1,0
BRDA:1021,328,0,0
BRDA:1021,328,1,0
BRDA:1025,329,0,0
BRDA:1025,329,1,0
BRDA:1025,330,0,0
BRDA:1025,330,1,0
BRDA:1025,330,2,0
BRDA:1026,331,0,0
BRDA:1026,331,1,0
BRDA:1026,332,0,0
BRDA:1026,332,1,0
BRDA:1026,332,2,0
BRDA:1028,333,0,0
BRDA:1028,333,1,0
BRDA:1030,334,0,0
BRDA:1030,334,1,0
BRDA:1030,335,0,0
BRDA:1030,335,1,0
BRDA:1032,336,0,0
BRDA:1032,336,1,0
BRDA:1033,337,0,0
BRDA:1033,337,1,0
BRDA:1038,338,0,0
BRDA:1038,338,1,0
BRDA:1039,339,0,0
BRDA:1039,339,1,0
BRDA:1040,340,0,0
BRDA:1040,340,1,0
BRDA:1041,341,0,0
BRDA:1041,341,1,0
BRDA:1041,342,0,0
BRDA:1041,342,1,0
BRDA:1042,343,0,0
BRDA:1042,343,1,0
BRDA:1043,344,0,0
BRDA:1043,344,1,0
BRDA:1061,345,0,0
BRDA:1061,345,1,0
BRDA:1081,346,0,0
BRDA:1081,346,1,0
BRDA:1085,347,0,0
BRDA:1085,347,1,0
BRDA:1105,348,0,0
BRDA:1105,348,1,0
BRDA:1109,349,0,0
BRDA:1109,349,1,0
BRDA:1132,350,0,0
BRDA:1132,350,1,0
BRDA:1136,351,0,0
BRDA:1136,351,1,0
BRDA:1160,352,0,0
BRDA:1160,352,1,0
BRDA:1164,353,0,0
BRDA:1164,353,1,0
BRDA:1183,354,0,0
BRDA:1183,354,1,0
BRDA:1187,355,0,0
BRDA:1187,355,1,0
BRDA:1187,356,0,0
BRDA:1187,356,1,0
BRDA:1191,357,0,0
BRDA:1191,357,1,0
BRDA:1191,358,0,0
BRDA:1191,358,1,0
BRDA:1191,358,2,0
BRDA:1192,359,0,0
BRDA:1192,359,1,0
BRDA:1192,360,0,0
BRDA:1192,360,1,0
BRDA:1192,360,2,0
BRDA:1194,361,0,0
BRDA:1194,361,1,0
BRDA:1196,362,0,0
BRDA:1196,362,1,0
BRDA:1196,363,0,0
BRDA:1196,363,1,0
BRDA:1198,364,0,0
BRDA:1198,364,1,0
BRDA:1199,365,0,0
BRDA:1199,365,1,0
BRDA:1204,366,0,0
BRDA:1204,366,1,0
BRDA:1205,367,0,0
BRDA:1205,367,1,0
BRDA:1206,368,0,0
BRDA:1206,368,1,0
BRDA:1207,369,0,0
BRDA:1207,369,1,0
BRDA:1207,370,0,0
BRDA:1207,370,1,0
BRDA:1208,371,0,0
BRDA:1208,371,1,0
BRDA:1209,372,0,0
BRDA:1209,372,1,0
BRDA:1234,373,0,0
BRDA:1234,373,1,0
BRDA:1238,374,0,0
BRDA:1238,374,1,0
BRDA:1261,375,0,0
BRDA:1261,375,1,0
BRDA:1265,376,0,0
BRDA:1265,376,1,0
BRDA:1289,377,0,0
BRDA:1289,377,1,0
BRDA:1293,378,0,0
BRDA:1293,378,1,0
BRDA:1312,379,0,0
BRDA:1312,379,1,0
BRDA:1331,380,0,0
BRDA:1331,380,1,0
BRDA:1348,381,0,0
BRDA:1348,381,1,0
BRDA:1371,382,0,0
BRDA:1371,382,1,0
BRDA:1373,383,0,0
BRDA:1373,383,1,0
BRDA:1373,384,0,0
BRDA:1373,384,1,0
BRDA:1373,384,2,0
BRDA:1374,385,0,0
BRDA:1374,385,1,0
BRDA:1374,386,0,0
BRDA:1374,386,1,0
BRDA:1374,386,2,0
BRDA:1376,387,0,0
BRDA:1376,387,1,0
BRDA:1378,388,0,0
BRDA:1378,388,1,0
BRDA:1378,389,0,0
BRDA:1378,389,1,0
BRDA:1380,390,0,0
BRDA:1380,390,1,0
BRDA:1381,391,0,0
BRDA:1381,391,1,0
BRDA:1389,392,0,0
BRDA:1389,392,1,0
BRDA:1391,393,0,0
BRDA:1391,393,1,0
BRDA:1394,394,0,0
BRDA:1394,394,1,0
BRDA:1395,395,0,0
BRDA:1395,395,1,0
BRDA:1398,396,0,0
BRDA:1398,396,1,0
BRDA:1421,397,0,0
BRDA:1421,397,1,0
BRDA:1444,398,0,0
BRDA:1444,398,1,0
BRDA:1446,399,0,0
BRDA:1446,399,1,0
BRDA:1446,400,0,0
BRDA:1446,400,1,0
BRDA:1446,400,2,0
BRDA:1447,401,0,0
BRDA:1447,401,1,0
BRDA:1447,402,0,0
BRDA:1447,402,1,0
BRDA:1447,402,2,0
BRDA:1449,403,0,0
BRDA:1449,403,1,0
BRDA:1451,404,0,0
BRDA:1451,404,1,0
BRDA:1451,405,0,0
BRDA:1451,405,1,0
BRDA:1453,406,0,0
BRDA:1453,406,1,0
BRDA:1454,407,0,0
BRDA:1454,407,1,0
BRDA:1462,408,0,0
BRDA:1462,408,1,0
BRDA:1464,409,0,0
BRDA:1464,409,1,0
BRDA:1467,410,0,0
BRDA:1467,410,1,0
BRDA:1468,411,0,0
BRDA:1468,411,1,0
BRDA:1471,412,0,0
BRDA:1471,412,1,0
BRDA:1494,413,0,0
BRDA:1494,413,1,0
BRDA:1513,414,0,0
BRDA:1513,414,1,0
BRDA:1535,415,0,0
BRDA:1535,415,1,0
BRDA:1537,416,0,0
BRDA:1537,416,1,0
BRDA:1537,417,0,0
BRDA:1537,417,1,0
BRDA:1537,417,2,0
BRDA:1538,418,0,0
BRDA:1538,418,1,0
BRDA:1538,419,0,0
BRDA:1538,419,1,0
BRDA:1538,419,2,0
BRDA:1540,420,0,0
BRDA:1540,420,1,0
BRDA:1542,421,0,0
BRDA:1542,421,1,0
BRDA:1542,422,0,0
BRDA:1542,422,1,0
BRDA:1544,423,0,0
BRDA:1544,423,1,0
BRDA:1545,424,0,0
BRDA:1545,424,1,0
BRDA:1553,425,0,0
BRDA:1553,425,1,0
BRDA:1555,426,0,0
BRDA:1555,426,1,0
BRDA:1558,427,0,0
BRDA:1558,427,1,0
BRDA:1559,428,0,0
BRDA:1559,428,1,0
BRDA:1562,429,0,0
BRDA:1562,429,1,0
BRDA:1588,430,0,0
BRDA:1588,430,1,0
BRDA:1590,431,0,0
BRDA:1590,431,1,0
BRDA:1590,432,0,0
BRDA:1590,432,1,0
BRDA:1590,432,2,0
BRDA:1591,433,0,0
BRDA:1591,433,1,0
BRDA:1591,434,0,0
BRDA:1591,434,1,0
BRDA:1591,434,2,0
BRDA:1593,435,0,0
BRDA:1593,435,1,0
BRDA:1595,436,0,0
BRDA:1595,436,1,0
BRDA:1595,437,0,0
BRDA:1595,437,1,0
BRDA:1597,438,0,0
BRDA:1597,438,1,0
BRDA:1598,439,0,0
BRDA:1598,439,1,0
BRDA:1606,440,0,0
BRDA:1606,440,1,0
BRDA:1608,441,0,0
BRDA:1608,441,1,0
BRDA:1611,442,0,0
BRDA:1611,442,1,0
BRDA:1612,443,0,0
BRDA:1612,443,1,0
BRDA:1615,444,0,0
BRDA:1615,444,1,0
BRDA:1641,445,0,0
BRDA:1641,445,1,0
BRDA:1643,446,0,0
BRDA:1643,446,1,0
BRDA:1643,447,0,0
BRDA:1643,447,1,0
BRDA:1643,447,2,0
BRDA:1644,448,0,0
BRDA:1644,448,1,0
BRDA:1644,449,0,0
BRDA:1644,449,1,0
BRDA:1644,449,2,0
BRDA:1646,450,0,0
BRDA:1646,450,1,0
BRDA:1648,451,0,0
BRDA:1648,451,1,0
BRDA:1648,452,0,0
BRDA:1648,452,1,0
BRDA:1650,453,0,0
BRDA:1650,453,1,0
BRDA:1651,454,0,0
BRDA:1651,454,1,0
BRDA:1659,455,0,0
BRDA:1659,455,1,0
BRDA:1661,456,0,0
BRDA:1661,456,1,0
BRDA:1664,457,0,0
BRDA:1664,457,1,0
BRDA:1665,458,0,0
BRDA:1665,458,1,0
BRDA:1668,459,0,0
BRDA:1668,459,1,0
BRDA:1694,460,0,0
BRDA:1694,460,1,0
BRDA:1696,461,0,0
BRDA:1696,461,1,0
BRDA:1696,462,0,0
BRDA:1696,462,1,0
BRDA:1696,462,2,0
BRDA:1697,463,0,0
BRDA:1697,463,1,0
BRDA:1697,464,0,0
BRDA:1697,464,1,0
BRDA:1697,464,2,0
BRDA:1699,465,0,0
BRDA:1699,465,1,0
BRDA:1701,466,0,0
BRDA:1701,466,1,0
BRDA:1701,467,0,0
BRDA:1701,467,1,0
BRDA:1703,468,0,0
BRDA:1703,468,1,0
BRDA:1704,469,0,0
BRDA:1704,469,1,0
BRDA:1712,470,0,0
BRDA:1712,470,1,0
BRDA:1714,471,0,0
BRDA:1714,471,1,0
BRDA:1717,472,0,0
BRDA:1717,472,1,0
BRDA:1718,473,0,0
BRDA:1718,473,1,0
BRDA:1721,474,0,0
BRDA:1721,474,1,0
BRDA:1747,475,0,0
BRDA:1747,475,1,0
BRDA:1749,476,0,0
BRDA:1749,476,1,0
BRDA:1749,477,0,0
BRDA:1749,477,1,0
BRDA:1749,477,2,0
BRDA:1750,478,0,0
BRDA:1750,478,1,0
BRDA:1750,479,0,0
BRDA:1750,479,1,0
BRDA:1750,479,2,0
BRDA:1752,480,0,0
BRDA:1752,480,1,0
BRDA:1754,481,0,0
BRDA:1754,481,1,0
BRDA:1754,482,0,0
BRDA:1754,482,1,0
BRDA:1756,483,0,0
BRDA:1756,483,1,0
BRDA:1757,484,0,0
BRDA:1757,484,1,0
BRDA:1765,485,0,0
BRDA:1765,485,1,0
BRDA:1767,486,0,0
BRDA:1767,486,1,0
BRDA:1770,487,0,0
BRDA:1770,487,1,0
BRDA:1771,488,0,0
BRDA:1771,488,1,0
BRDA:1774,489,0,0
BRDA:1774,489,1,0
BRDA:1801,490,0,0
BRDA:1801,490,1,0
BRDA:1803,491,0,0
BRDA:1803,491,1,0
BRDA:1803,492,0,0
BRDA:1803,492,1,0
BRDA:1803,492,2,0
BRDA:1804,493,0,0
BRDA:1804,493,1,0
BRDA:1804,494,0,0
BRDA:1804,494,1,0
BRDA:1804,494,2,0
BRDA:1806,495,0,0
BRDA:1806,495,1,0
BRDA:1808,496,0,0
BRDA:1808,496,1,0
BRDA:1808,497,0,0
BRDA:1808,497,1,0
BRDA:1810,498,0,0
BRDA:1810,498,1,0
BRDA:1811,499,0,0
BRDA:1811,499,1,0
BRDA:1819,500,0,0
BRDA:1819,500,1,0
BRDA:1821,501,0,0
BRDA:1821,501,1,0
BRDA:1824,502,0,0
BRDA:1824,502,1,0
BRDA:1825,503,0,0
BRDA:1825,503,1,0
BRDA:1828,504,0,0
BRDA:1828,504,1,0
BRDA:1851,505,0,0
BRDA:1851,505,1,0
BRDA:1874,506,0,0
BRDA:1874,506,1,0
BRDA:1876,507,0,0
BRDA:1876,507,1,0
BRDA:1876,508,0,0
BRDA:1876,508,1,0
BRDA:1876,508,2,0
BRDA:1877,509,0,0
BRDA:1877,509,1,0
BRDA:1877,510,0,0
BRDA:1877,510,1,0
BRDA:1877,510,2,0
BRDA:1879,511,0,0
BRDA:1879,511,1,0
BRDA:1881,512,0,0
BRDA:1881,512,1,0
BRDA:1881,513,0,0
BRDA:1881,513,1,0
BRDA:1883,514,0,0
BRDA:1883,514,1,0
BRDA:1884,515,0,0
BRDA:1884,515,1,0
BRDA:1892,516,0,0
BRDA:1892,516,1,0
BRDA:1894,517,0,0
BRDA:1894,517,1,0
BRDA:1897,518,0,0
BRDA:1897,518,1,0
BRDA:1898,519,0,0
BRDA:1898,519,1,0
BRDA:1901,520,0,0
BRDA:1901,520,1,0
BRDA:1928,521,0,0
BRDA:1928,521,1,0
BRDA:1930,522,0,0
BRDA:1930,522,1,0
BRDA:1930,523,0,0
BRDA:1930,523,1,0
BRDA:1930,523,2,0
BRDA:1931,524,0,0
BRDA:1931,524,1,0
BRDA:1931,525,0,0
BRDA:1931,525,1,0
BRDA:1931,525,2,0
BRDA:1933,526,0,0
BRDA:1933,526,1,0
BRDA:1935,527,0,0
BRDA:1935,527,1,0
BRDA:1935,528,0,0
BRDA:1935,528,1,0
BRDA:1937,529,0,0
BRDA:1937,529,1,0
BRDA:1938,530,0,0
BRDA:1938,530,1,0
BRDA:1946,531,0,0
BRDA:1946,531,1,0
BRDA:1948,532,0,0
BRDA:1948,532,1,0
BRDA:1951,533,0,0
BRDA:1951,533,1,0
BRDA:1952,534,0,0
BRDA:1952,534,1,0
BRDA:1955,535,0,0
BRDA:1955,535,1,0
BRDA:1983,536,0,0
BRDA:1983,536,1,0
BRDA:1985,537,0,0
BRDA:1985,537,1,0
BRDA:1985,538,0,0
BRDA:1985,538,1,0
BRDA:1985,538,2,0
BRDA:1986,539,0,0
BRDA:1986,539,1,0
BRDA:1986,540,0,0
BRDA:1986,540,1,0
BRDA:1986,540,2,0
BRDA:1988,541,0,0
BRDA:1988,541,1,0
BRDA:1990,542,0,0
BRDA:1990,542,1,0
BRDA:1990,543,0,0
BRDA:1990,543,1,0
BRDA:1992,544,0,0
BRDA:1992,544,1,0
BRDA:1993,545,0,0
BRDA:1993,545,1,0
BRDA:2001,546,0,0
BRDA:2001,546,1,0
BRDA:2003,547,0,0
BRDA:2003,547,1,0
BRDA:2006,548,0,0
BRDA:2006,548,1,0
BRDA:2007,549,0,0
BRDA:2007,549,1,0
BRDA:2010,550,0,0
BRDA:2010,550,1,0
BRDA:2037,551,0,0
BRDA:2037,551,1,0
BRDA:2039,552,0,0
BRDA:2039,552,1,0
BRDA:2039,553,0,0
BRDA:2039,553,1,0
BRDA:2039,553,2,0
BRDA:2040,554,0,0
BRDA:2040,554,1,0
BRDA:2040,555,0,0
BRDA:2040,555,1,0
BRDA:2040,555,2,0
BRDA:2042,556,0,0
BRDA:2042,556,1,0
BRDA:2044,557,0,0
BRDA:2044,557,1,0
BRDA:2044,558,0,0
BRDA:2044,558,1,0
BRDA:2046,559,0,0
BRDA:2046,559,1,0
BRDA:2047,560,0,0
BRDA:2047,560,1,0
BRDA:2055,561,0,0
BRDA:2055,561,1,0
BRDA:2057,562,0,0
BRDA:2057,562,1,0
BRDA:2060,563,0,0
BRDA:2060,563,1,0
BRDA:2061,564,0,0
BRDA:2061,564,1,0
BRDA:2064,565,0,0
BRDA:2064,565,1,0
BRDA:2087,566,0,0
BRDA:2087,566,1,0
BRDA:2111,567,0,0
BRDA:2111,567,1,0
BRDA:2113,568,0,0
BRDA:2113,568,1,0
BRDA:2113,569,0,0
BRDA:2113,569,1,0
BRDA:2113,569,2,0
BRDA:2114,570,0,0
BRDA:2114,570,1,0
BRDA:2114,571,0,0
BRDA:2114,571,1,0
BRDA:2114,571,2,0
BRDA:2116,572,0,0
BRDA:2116,572,1,0
BRDA:2118,573,0,0
BRDA:2118,573,1,0
BRDA:2118,574,0,0
BRDA:2118,574,1,0
BRDA:2120,575,0,0
BRDA:2120,575,1,0
BRDA:2121,576,0,0
BRDA:2121,576,1,0
BRDA:2129,577,0,0
BRDA:2129,577,1,0
BRDA:2131,578,0,0
BRDA:2131,578,1,0
BRDA:2134,579,0,0
BRDA:2134,579,1,0
BRDA:2135,580,0,0
BRDA:2135,580,1,0
BRDA:2138,581,0,0
BRDA:2138,581,1,0
BRDA:2164,582,0,0
BRDA:2164,582,1,0
BRDA:2166,583,0,0
BRDA:2166,583,1,0
BRDA:2166,584,0,0
BRDA:2166,584,1,0
BRDA:2166,584,2,0
BRDA:2167,585,0,0
BRDA:2167,585,1,0
BRDA:2167,586,0,0
BRDA:2167,586,1,0
BRDA:2167,586,2,0
BRDA:2169,587,0,0
BRDA:2169,587,1,0
BRDA:2171,588,0,0
BRDA:2171,588,1,0
BRDA:2171,589,0,0
BRDA:2171,589,1,0
BRDA:2173,590,0,0
BRDA:2173,590,1,0
BRDA:2174,591,0,0
BRDA:2174,591,1,0
BRDA:2182,592,0,0
BRDA:2182,592,1,0
BRDA:2184,593,0,0
BRDA:2184,593,1,0
BRDA:2187,594,0,0
BRDA:2187,594,1,0
BRDA:2188,595,0,0
BRDA:2188,595,1,0
BRDA:2191,596,0,0
BRDA:2191,596,1,0
BRDA:2217,597,0,0
BRDA:2217,597,1,0
BRDA:2219,598,0,0
BRDA:2219,598,1,0
BRDA:2219,599,0,0
BRDA:2219,599,1,0
BRDA:2219,599,2,0
BRDA:2220,600,0,0
BRDA:2220,600,1,0
BRDA:2220,601,0,0
BRDA:2220,601,1,0
BRDA:2220,601,2,0
BRDA:2222,602,0,0
BRDA:2222,602,1,0
BRDA:2224,603,0,0
BRDA:2224,603,1,0
BRDA:2224,604,0,0
BRDA:2224,604,1,0
BRDA:2226,605,0,0
BRDA:2226,605,1,0
BRDA:2227,606,0,0
BRDA:2227,606,1,0
BRDA:2235,607,0,0
BRDA:2235,607,1,0
BRDA:2237,608,0,0
BRDA:2237,608,1,0
BRDA:2240,609,0,0
BRDA:2240,609,1,0
BRDA:2241,610,0,0
BRDA:2241,610,1,0
BRDA:2244,611,0,0
BRDA:2244,611,1,0
BRDA:2270,612,0,0
BRDA:2270,612,1,0
BRDA:2272,613,0,0
BRDA:2272,613,1,0
BRDA:2272,614,0,0
BRDA:2272,614,1,0
BRDA:2272,614,2,0
BRDA:2273,615,0,0
BRDA:2273,615,1,0
BRDA:2273,616,0,0
BRDA:2273,616,1,0
BRDA:2273,616,2,0
BRDA:2275,617,0,0
BRDA:2275,617,1,0
BRDA:2277,618,0,0
BRDA:2277,618,1,0
BRDA:2277,619,0,0
BRDA:2277,619,1,0
BRDA:2279,620,0,0
BRDA:2279,620,1,0
BRDA:2280,621,0,0
BRDA:2280,621,1,0
BRDA:2288,622,0,0
BRDA:2288,622,1,0
BRDA:2290,623,0,0
BRDA:2290,623,1,0
BRDA:2293,624,0,0
BRDA:2293,624,1,0
BRDA:2294,625,0,0
BRDA:2294,625,1,0
BRDA:2297,626,0,0
BRDA:2297,626,1,0
BRDA:2324,627,0,0
BRDA:2324,627,1,0
BRDA:2326,628,0,0
BRDA:2326,628,1,0
BRDA:2326,629,0,0
BRDA:2326,629,1,0
BRDA:2326,629,2,0
BRDA:2327,630,0,0
BRDA:2327,630,1,0
BRDA:2327,631,0,0
BRDA:2327,631,1,0
BRDA:2327,631,2,0
BRDA:2329,632,0,0
BRDA:2329,632,1,0
BRDA:2331,633,0,0
BRDA:2331,633,1,0
BRDA:2331,634,0,0
BRDA:2331,634,1,0
BRDA:2333,635,0,0
BRDA:2333,635,1,0
BRDA:2334,636,0,0
BRDA:2334,636,1,0
BRDA:2342,637,0,0
BRDA:2342,637,1,0
BRDA:2344,638,0,0
BRDA:2344,638,1,0
BRDA:2347,639,0,0
BRDA:2347,639,1,0
BRDA:2348,640,0,0
BRDA:2348,640,1,0
BRDA:2351,641,0,0
BRDA:2351,641,1,0
BRDA:2379,642,0,0
BRDA:2379,642,1,0
BRDA:2381,643,0,0
BRDA:2381,643,1,0
BRDA:2381,644,0,0
BRDA:2381,644,1,0
BRDA:2381,644,2,0
BRDA:2382,645,0,0
BRDA:2382,645,1,0
BRDA:2382,646,0,0
BRDA:2382,646,1,0
BRDA:2382,646,2,0
BRDA:2384,647,0,0
BRDA:2384,647,1,0
BRDA:2386,648,0,0
BRDA:2386,648,1,0
BRDA:2386,649,0,0
BRDA:2386,649,1,0
BRDA:2388,650,0,0
BRDA:2388,650,1,0
BRDA:2389,651,0,0
BRDA:2389,651,1,0
BRDA:2397,652,0,0
BRDA:2397,652,1,0
BRDA:2399,653,0,0
BRDA:2399,653,1,0
BRDA:2402,654,0,0
BRDA:2402,654,1,0
BRDA:2403,655,0,0
BRDA:2403,655,1,0
BRDA:2406,656,0,0
BRDA:2406,656,1,0
BRDA:2433,657,0,0
BRDA:2433,657,1,0
BRDA:2435,658,0,0
BRDA:2435,658,1,0
BRDA:2435,659,0,0
BRDA:2435,659,1,0
BRDA:2435,659,2,0
BRDA:2436,660,0,0
BRDA:2436,660,1,0
BRDA:2436,661,0,0
BRDA:2436,661,1,0
BRDA:2436,661,2,0
BRDA:2438,662,0,0
BRDA:2438,662,1,0
BRDA:2440,663,0,0
BRDA:2440,663,1,0
BRDA:2440,664,0,0
BRDA:2440,664,1,0
BRDA:2442,665,0,0
BRDA:2442,665,1,0
BRDA:2443,666,0,0
BRDA:2443,666,1,0
BRDA:2451,667,0,0
BRDA:2451,667,1,0
BRDA:2453,668,0,0
BRDA:2453,668,1,0
BRDA:2456,669,0,0
BRDA:2456,669,1,0
BRDA:2457,670,0,0
BRDA:2457,670,1,0
BRDA:2460,671,0,0
BRDA:2460,671,1,0
BRDA:2487,672,0,0
BRDA:2487,672,1,0
BRDA:2489,673,0,0
BRDA:2489,673,1,0
BRDA:2489,674,0,0
BRDA:2489,674,1,0
BRDA:2489,674,2,0
BRDA:2490,675,0,0
BRDA:2490,675,1,0
BRDA:2490,676,0,0
BRDA:2490,676,1,0
BRDA:2490,676,2,0
BRDA:2492,677,0,0
BRDA:2492,677,1,0
BRDA:2494,678,0,0
BRDA:2494,678,1,0
BRDA:2494,679,0,0
BRDA:2494,679,1,0
BRDA:2496,680,0,0
BRDA:2496,680,1,0
BRDA:2497,681,0,0
BRDA:2497,681,1,0
BRDA:2505,682,0,0
BRDA:2505,682,1,0
BRDA:2507,683,0,0
BRDA:2507,683,1,0
BRDA:2510,684,0,0
BRDA:2510,684,1,0
BRDA:2511,685,0,0
BRDA:2511,685,1,0
BRDA:2514,686,0,0
BRDA:2514,686,1,0
BRDA:2537,687,0,0
BRDA:2537,687,1,0
BRDA:2557,688,0,0
BRDA:2557,688,1,0
BRDA:2577,689,0,0
BRDA:2577,689,1,0
BRDA:2598,690,0,0
BRDA:2598,690,1,0
BRDA:2617,691,0,0
BRDA:2617,691,1,0
BRDA:2622,692,0,0
BRDA:2622,692,1,0
BRDA:2622,693,0,0
BRDA:2622,693,1,0
BRDA:2627,694,0,0
BRDA:2627,694,1,0
BRDA:2627,695,0,0
BRDA:2627,695,1,0
BRDA:2627,695,2,0
BRDA:2628,696,0,0
BRDA:2628,696,1,0
BRDA:2628,697,0,0
BRDA:2628,697,1,0
BRDA:2628,697,2,0
BRDA:2631,698,0,0
BRDA:2631,698,1,0
BRDA:2633,699,0,0
BRDA:2633,699,1,0
BRDA:2633,700,0,0
BRDA:2633,700,1,0
BRDA:2635,701,0,0
BRDA:2635,701,1,0
BRDA:2636,702,0,0
BRDA:2636,702,1,0
BRDA:2644,703,0,0
BRDA:2644,703,1,0
BRDA:2645,704,0,0
BRDA:2645,704,1,0
BRDA:2647,705,0,0
BRDA:2647,705,1,0
BRDA:2650,706,0,0
BRDA:2650,706,1,0
BRDA:2651,707,0,0
BRDA:2651,707,1,0
BRDA:2652,708,0,0
BRDA:2652,708,1,0
BRDA:2654,709,0,0
BRDA:2654,709,1,0
BRDA:2676,710,0,0
BRDA:2676,710,1,0
BRDA:2680,711,0,0
BRDA:2680,711,1,0
BRDA:2680,712,0,0
BRDA:2680,712,1,0
BRDA:2684,713,0,0
BRDA:2684,713,1,0
BRDA:2684,714,0,0
BRDA:2684,714,1,0
BRDA:2684,714,2,0
BRDA:2685,715,0,0
BRDA:2685,715,1,0
BRDA:2685,716,0,0
BRDA:2685,716,1,0
BRDA:2685,716,2,0
BRDA:2687,717,0,0
BRDA:2687,717,1,0
BRDA:2689,718,0,0
BRDA:2689,718,1,0
BRDA:2689,719,0,0
BRDA:2689,719,1,0
BRDA:2691,720,0,0
BRDA:2691,720,1,0
BRDA:2692,721,0,0
BRDA:2692,721,1,0
BRDA:2697,722,0,0
BRDA:2697,722,1,0
BRDA:2698,723,0,0
BRDA:2698,723,1,0
BRDA:2699,724,0,0
BRDA:2699,724,1,0
BRDA:2700,725,0,0
BRDA:2700,725,1,0
BRDA:2700,726,0,0
BRDA:2700,726,1,0
BRDA:2701,727,0,0
BRDA:2701,727,1,0
BRDA:2702,728,0,0
BRDA:2702,728,1,0
BRDA:2723,729,0,0
BRDA:2723,729,1,0
BRDA:2727,730,0,0
BRDA:2727,730,1,0
BRDA:2727,731,0,0
BRDA:2727,731,1,0
BRDA:2731,732,0,0
BRDA:2731,732,1,0
BRDA:2731,733,0,0
BRDA:2731,733,1,0
BRDA:2731,733,2,0
BRDA:2732,734,0,0
BRDA:2732,734,1,0
BRDA:2732,735,0,0
BRDA:2732,735,1,0
BRDA:2732,735,2,0
BRDA:2734,736,0,0
BRDA:2734,736,1,0
BRDA:2736,737,0,0
BRDA:2736,737,1,0
BRDA:2736,738,0,0
BRDA:2736,738,1,0
BRDA:2738,739,0,0
BRDA:2738,739,1,0
BRDA:2739,740,0,0
BRDA:2739,740,1,0
BRDA:2744,741,0,0
BRDA:2744,741,1,0
BRDA:2745,742,0,0
BRDA:2745,742,1,0
BRDA:2746,743,0,0
BRDA:2746,743,1,0
BRDA:2747,744,0,0
BRDA:2747,744,1,0
BRDA:2747,745,0,0
BRDA:2747,745,1,0
BRDA:2748,746,0,0
BRDA:2748,746,1,0
BRDA:2749,747,0,0
BRDA:2749,747,1,0
BRDA:2774,748,0,0
BRDA:2774,748,1,0
BRDA:2797,749,0,0
BRDA:2797,749,1,0
BRDA:2821,750,0,0
BRDA:2821,750,1,0
BRDA:2843,751,0,0
BRDA:2843,751,1,0
BRDA:2866,752,0,0
BRDA:2866,752,1,0
BRDA:2889,753,0,0
BRDA:2889,753,1,0
BRDA:2893,754,0,0
BRDA:2893,754,1,0
BRDA:2920,755,0,0
BRDA:2920,755,1,0
BRDA:2922,756,0,0
BRDA:2922,756,1,0
BRDA:2922,757,0,0
BRDA:2922,757,1,0
BRDA:2922,757,2,0
BRDA:2923,758,0,0
BRDA:2923,758,1,0
BRDA:2923,759,0,0
BRDA:2923,759,1,0
BRDA:2923,759,2,0
BRDA:2925,760,0,0
BRDA:2925,760,1,0
BRDA:2927,761,0,0
BRDA:2927,761,1,0
BRDA:2927,762,0,0
BRDA:2927,762,1,0
BRDA:2929,763,0,0
BRDA:2929,763,1,0
BRDA:2930,764,0,0
BRDA:2930,764,1,0
BRDA:2934,765,0,0
BRDA:2934,765,1,0
BRDA:2934,766,0,0
BRDA:2934,766,1,0
BRDA:2934,767,0,0
BRDA:2934,767,1,0
BRDA:2934,768,0,0
BRDA:2934,768,1,0
BRDA:2934,769,0,0
BRDA:2934,769,1,0
BRDA:2959,770,0,0
BRDA:2959,770,1,0
BRDA:2961,771,0,0
BRDA:2961,771,1,0
BRDA:2961,772,0,0
BRDA:2961,772,1,0
BRDA:2961,772,2,0
BRDA:2962,773,0,0
BRDA:2962,773,1,0
BRDA:2962,774,0,0
BRDA:2962,774,1,0
BRDA:2962,774,2,0
BRDA:2964,775,0,0
BRDA:2964,775,1,0
BRDA:2966,776,0,0
BRDA:2966,776,1,0
BRDA:2966,777,0,0
BRDA:2966,777,1,0
BRDA:2968,778,0,0
BRDA:2968,778,1,0
BRDA:2969,779,0,0
BRDA:2969,779,1,0
BRDA:2973,780,0,0
BRDA:2973,780,1,0
BRDA:2973,781,0,0
BRDA:2973,781,1,0
BRDA:2973,782,0,0
BRDA:2973,782,1,0
BRDA:2973,783,0,0
BRDA:2973,783,1,0
BRDA:2973,784,0,0
BRDA:2973,784,1,0
BRDA:2997,785,0,0
BRDA:2997,785,1,0
BRDA:2999,786,0,0
BRDA:2999,786,1,0
BRDA:2999,787,0,0
BRDA:2999,787,1,0
BRDA:2999,787,2,0
BRDA:3000,788,0,0
BRDA:3000,788,1,0
BRDA:3000,789,0,0
BRDA:3000,789,1,0
BRDA:3000,789,2,0
BRDA:3002,790,0,0
BRDA:3002,790,1,0
BRDA:3004,791,0,0
BRDA:3004,791,1,0
BRDA:3004,792,0,0
BRDA:3004,792,1,0
BRDA:3006,793,0,0
BRDA:3006,793,1,0
BRDA:3007,794,0,0
BRDA:3007,794,1,0
BRDA:3011,795,0,0
BRDA:3011,795,1,0
BRDA:3011,796,0,0
BRDA:3011,796,1,0
BRDA:3011,797,0,0
BRDA:3011,797,1,0
BRDA:3011,798,0,0
BRDA:3011,798,1,0
BRDA:3011,799,0,0
BRDA:3011,799,1,0
BRDA:3033,800,0,0
BRDA:3033,800,1,0
BRDA:3035,801,0,0
BRDA:3035,801,1,0
BRDA:3035,802,0,0
BRDA:3035,802,1,0
BRDA:3035,802,2,0
BRDA:3036,803,0,0
BRDA:3036,803,1,0
BRDA:3036,804,0,0
BRDA:3036,804,1,0
BRDA:3036,804,2,0
BRDA:3038,805,0,0
BRDA:3038,805,1,0
BRDA:3040,806,0,0
BRDA:3040,806,1,0
BRDA:3040,807,0,0
BRDA:3040,807,1,0
BRDA:3042,808,0,0
BRDA:3042,808,1,0
BRDA:3043,809,0,0
BRDA:3043,809,1,0
BRDA:3047,810,0,0
BRDA:3047,810,1,0
BRDA:3047,811,0,0
BRDA:3047,811,1,0
BRDA:3047,812,0,0
BRDA:3047,812,1,0
BRDA:3047,813,0,0
BRDA:3047,813,1,0
BRDA:3047,814,0,0
BRDA:3047,814,1,0
BRDA:3069,815,0,0
BRDA:3069,815,1,0
BRDA:3071,816,0,0
BRDA:3071,816,1,0
BRDA:3071,817,0,0
BRDA:3071,817,1,0
BRDA:3071,817,2,0
BRDA:3072,818,0,0
BRDA:3072,818,1,0
BRDA:3072,819,0,0
BRDA:3072,819,1,0
BRDA:3072,819,2,0
BRDA:3074,820,0,0
BRDA:3074,820,1,0
BRDA:3076,821,0,0
BRDA:3076,821,1,0
BRDA:3076,822,0,0
BRDA:3076,822,1,0
BRDA:3078,823,0,0
BRDA:3078,823,1,0
BRDA:3079,824,0,0
BRDA:3079,824,1,0
BRDA:3083,825,0,0
BRDA:3083,825,1,0
BRDA:3083,826,0,0
BRDA:3083,826,1,0
BRDA:3083,827,0,0
BRDA:3083,827,1,0
BRDA:3083,828,0,0
BRDA:3083,828,1,0
BRDA:3083,829,0,0
BRDA:3083,829,1,0
BRDA:3105,830,0,0
BRDA:3105,830,1,0
BRDA:3107,831,0,0
BRDA:3107,831,1,0
BRDA:3107,832,0,0
BRDA:3107,832,1,0
BRDA:3107,832,2,0
BRDA:3108,833,0,0
BRDA:3108,833,1,0
BRDA:3108,834,0,0
BRDA:3108,834,1,0
BRDA:3108,834,2,0
BRDA:3110,835,0,0
BRDA:3110,835,1,0
BRDA:3112,836,0,0
BRDA:3112,836,1,0
BRDA:3112,837,0,0
BRDA:3112,837,1,0
BRDA:3114,838,0,0
BRDA:3114,838,1,0
BRDA:3115,839,0,0
BRDA:3115,839,1,0
BRDA:3119,840,0,0
BRDA:3119,840,1,0
BRDA:3119,841,0,0
BRDA:3119,841,1,0
BRDA:3119,842,0,0
BRDA:3119,842,1,0
BRDA:3119,843,0,0
BRDA:3119,843,1,0
BRDA:3119,844,0,0
BRDA:3119,844,1,0
BRDA:3141,845,0,0
BRDA:3141,845,1,0
BRDA:3143,846,0,0
BRDA:3143,846,1,0
BRDA:3143,847,0,0
BRDA:3143,847,1,0
BRDA:3143,847,2,0
BRDA:3144,848,0,0
BRDA:3144,848,1,0
BRDA:3144,849,0,0
BRDA:3144,849,1,0
BRDA:3144,849,2,0
BRDA:3146,850,0,0
BRDA:3146,850,1,0
BRDA:3148,851,0,0
BRDA:3148,851,1,0
BRDA:3148,852,0,0
BRDA:3148,852,1,0
BRDA:3150,853,0,0
BRDA:3150,853,1,0
BRDA:3151,854,0,0
BRDA:3151,854,1,0
BRDA:3155,855,0,0
BRDA:3155,855,1,0
BRDA:3155,856,0,0
BRDA:3155,856,1,0
BRDA:3155,857,0,0
BRDA:3155,857,1,0
BRDA:3155,858,0,0
BRDA:3155,858,1,0
BRDA:3155,859,0,0
BRDA:3155,859,1,0
BRDA:3177,860,0,0
BRDA:3177,860,1,0
BRDA:3179,861,0,0
BRDA:3179,861,1,0
BRDA:3179,862,0,0
BRDA:3179,862,1,0
BRDA:3179,862,2,0
BRDA:3180,863,0,0
BRDA:3180,863,1,0
BRDA:3180,864,0,0
BRDA:3180,864,1,0
BRDA:3180,864,2,0
BRDA:3182,865,0,0
BRDA:3182,865,1,0
BRDA:3184,866,0,0
BRDA:3184,866,1,0
BRDA:3184,867,0,0
BRDA:3184,867,1,0
BRDA:3186,868,0,0
BRDA:3186,868,1,0
BRDA:3187,869,0,0
BRDA:3187,869,1,0
BRDA:3191,870,0,0
BRDA:3191,870,1,0
BRDA:3191,871,0,0
BRDA:3191,871,1,0
BRDA:3191,872,0,0
BRDA:3191,872,1,0
BRDA:3191,873,0,0
BRDA:3191,873,1,0
BRDA:3191,874,0,0
BRDA:3191,874,1,0
BRDA:3212,875,0,0
BRDA:3212,875,1,0
BRDA:3218,876,0,0
BRDA:3218,876,1,0
BRDA:3218,877,0,0
BRDA:3218,877,1,0
BRDA:3223,878,0,0
BRDA:3223,878,1,0
BRDA:3223,879,0,0
BRDA:3223,879,1,0
BRDA:3223,879,2,0
BRDA:3224,880,0,0
BRDA:3224,880,1,0
BRDA:3224,881,0,0
BRDA:3224,881,1,0
BRDA:3224,881,2,0
BRDA:3226,882,0,0
BRDA:3226,882,1,0
BRDA:3228,883,0,0
BRDA:3228,883,1,0
BRDA:3228,884,0,0
BRDA:3228,884,1,0
BRDA:3230,885,0,0
BRDA:3230,885,1,0
BRDA:3231,886,0,0
BRDA:3231,886,1,0
BRDA:3235,887,0,0
BRDA:3235,887,1,0
BRDA:3235,888,0,0
BRDA:3235,888,1,0
BRDA:3235,889,0,0
BRDA:3235,889,1,0
BRDA:3235,890,0,0
BRDA:3235,890,1,0
BRDA:3235,891,0,0
BRDA:3235,891,1,0
BRDA:3260,892,0,0
BRDA:3260,892,1,0
BRDA:3262,893,0,0
BRDA:3262,893,1,0
BRDA:3262,894,0,0
BRDA:3262,894,1,0
BRDA:3262,894,2,0
BRDA:3263,895,0,0
BRDA:3263,895,1,0
BRDA:3263,896,0,0
BRDA:3263,896,1,0
BRDA:3263,896,2,0
BRDA:3265,897,0,0
BRDA:3265,897,1,0
BRDA:3267,898,0,0
BRDA:3267,898,1,0
BRDA:3267,899,0,0
BRDA:3267,899,1,0
BRDA:3269,900,0,0
BRDA:3269,900,1,0
BRDA:3270,901,0,0
BRDA:3270,901,1,0
BRDA:3274,902,0,0
BRDA:3274,902,1,0
BRDA:3274,903,0,0
BRDA:3274,903,1,0
BRDA:3274,904,0,0
BRDA:3274,904,1,0
BRDA:3274,905,0,0
BRDA:3274,905,1,0
BRDA:3274,906,0,0
BRDA:3274,906,1,0
BRDA:3295,907,0,0
BRDA:3295,907,1,0
BRDA:3301,908,0,0
BRDA:3301,908,1,0
BRDA:3301,909,0,0
BRDA:3301,909,1,0
BRDA:3307,910,0,0
BRDA:3307,910,1,0
BRDA:3333,911,0,0
BRDA:3333,911,1,0
BRDA:3337,912,0,0
BRDA:3337,912,1,0
BRDA:3360,913,0,0
BRDA:3360,913,1,0
BRDA:3362,914,0,0
BRDA:3362,914,1,0
BRDA:3362,915,0,0
BRDA:3362,915,1,0
BRDA:3362,915,2,0
BRDA:3363,916,0,0
BRDA:3363,916,1,0
BRDA:3363,917,0,0
BRDA:3363,917,1,0
BRDA:3363,917,2,0
BRDA:3365,918,0,0
BRDA:3365,918,1,0
BRDA:3367,919,0,0
BRDA:3367,919,1,0
BRDA:3367,920,0,0
BRDA:3367,920,1,0
BRDA:3369,921,0,0
BRDA:3369,921,1,0
BRDA:3370,922,0,0
BRDA:3370,922,1,0
BRDA:3374,923,0,0
BRDA:3374,923,1,0
BRDA:3374,924,0,0
BRDA:3374,924,1,0
BRDA:3374,925,0,0
BRDA:3374,925,1,0
BRDA:3374,926,0,0
BRDA:3374,926,1,0
BRDA:3374,927,0,0
BRDA:3374,927,1,0
BRDA:3396,928,0,0
BRDA:3396,928,1,0
BRDA:3398,929,0,0
BRDA:3398,929,1,0
BRDA:3398,930,0,0
BRDA:3398,930,1,0
BRDA:3398,930,2,0
BRDA:3399,931,0,0
BRDA:3399,931,1,0
BRDA:3399,932,0,0
BRDA:3399,932,1,0
BRDA:3399,932,2,0
BRDA:3401,933,0,0
BRDA:3401,933,1,0
BRDA:3403,934,0,0
BRDA:3403,934,1,0
BRDA:3403,935,0,0
BRDA:3403,935,1,0
BRDA:3405,936,0,0
BRDA:3405,936,1,0
BRDA:3406,937,0,0
BRDA:3406,937,1,0
BRDA:3410,938,0,0
BRDA:3410,938,1,0
BRDA:3410,939,0,0
BRDA:3410,939,1,0
BRDA:3410,940,0,0
BRDA:3410,940,1,0
BRDA:3410,941,0,0
BRDA:3410,941,1,0
BRDA:3410,942,0,0
BRDA:3410,942,1,0
BRDA:3434,943,0,0
BRDA:3434,943,1,0
BRDA:3436,944,0,0
BRDA:3436,944,1,0
BRDA:3436,945,0,0
BRDA:3436,945,1,0
BRDA:3436,945,2,0
BRDA:3437,946,0,0
BRDA:3437,946,1,0
BRDA:3437,947,0,0
BRDA:3437,947,1,0
BRDA:3437,947,2,0
BRDA:3439,948,0,0
[...]
BRDA:4968,1359,1,0
BRDA:4969,1360,0,0
BRDA:4969,1360,1,0
BRDA:4977,1361,0,0
BRDA:4977,1361,1,0
BRDA:4979,1362,0,0
BRDA:4979,1362,1,0
BRDA:4982,1363,0,0
BRDA:4982,1363,1,0
BRDA:4983,1364,0,0
BRDA:4983,1364,1,0
BRDA:4986,1365,0,0
BRDA:4986,1365,1,0
BRDA:5022,1366,0,0
BRDA:5022,1366,1,0
BRDA:5024,1367,0,0
BRDA:5024,1367,1,0
BRDA:5024,1368,0,0
BRDA:5024,1368,1,0
BRDA:5024,1368,2,0
BRDA:5025,1369,0,0
BRDA:5025,1369,1,0
BRDA:5025,1370,0,0
BRDA:5025,1370,1,0
BRDA:5025,1370,2,0
BRDA:5027,1371,0,0
BRDA:5027,1371,1,0
BRDA:5029,1372,0,0
BRDA:5029,1372,1,0
BRDA:5029,1373,0,0
BRDA:5029,1373,1,0
BRDA:5031,1374,0,0
BRDA:5031,1374,1,0
BRDA:5032,1375,0,0
BRDA:5032,1375,1,0
BRDA:5040,1376,0,0
BRDA:5040,1376,1,0
BRDA:5042,1377,0,0
BRDA:5042,1377,1,0
BRDA:5045,1378,0,0
BRDA:5045,1378,1,0
BRDA:5046,1379,0,0
BRDA:5046,1379,1,0
BRDA:5049,1380,0,0
BRDA:5049,1380,1,0
BRDA:5085,1381,0,0
BRDA:5085,1381,1,0
BRDA:5087,1382,0,0
BRDA:5087,1382,1,0
BRDA:5087,1383,0,0
BRDA:5087,1383,1,0
BRDA:5087,1383,2,0
BRDA:5088,1384,0,0
BRDA:5088,1384,1,0
BRDA:5088,1385,0,0
BRDA:5088,1385,1,0
BRDA:5088,1385,2,0
BRDA:5090,1386,0,0
BRDA:5090,1386,1,0
BRDA:5092,1387,0,0
BRDA:5092,1387,1,0
BRDA:5092,1388,0,0
BRDA:5092,1388,1,0
BRDA:5094,1389,0,0
BRDA:5094,1389,1,0
BRDA:5095,1390,0,0
BRDA:5095,1390,1,0
BRDA:5103,1391,0,0
BRDA:5103,1391,1,0
BRDA:5105,1392,0,0
BRDA:5105,1392,1,0
BRDA:5108,1393,0,0
BRDA:5108,1393,1,0
BRDA:5109,1394,0,0
BRDA:5109,1394,1,0
BRDA:5112,1395,0,0
BRDA:5112,1395,1,0
BRDA:5153,1396,0,0
BRDA:5153,1396,1,0
BRDA:5155,1397,0,0
BRDA:5155,1397,1,0
BRDA:5155,1398,0,0
BRDA:5155,1398,1,0
BRDA:5155,1398,2,0
BRDA:5156,1399,0,0
BRDA:5156,1399,1,0
BRDA:5156,1400,0,0
BRDA:5156,1400,1,0
BRDA:5156,1400,2,0
BRDA:5158,1401,0,0
BRDA:5158,1401,1,0
BRDA:5160,1402,0,0
BRDA:5160,1402,1,0
BRDA:5160,1403,0,0
BRDA:5160,1403,1,0
BRDA:5162,1404,0,0
BRDA:5162,1404,1,0
BRDA:5163,1405,0,0
BRDA:5163,1405,1,0
BRDA:5171,1406,0,0
BRDA:5171,1406,1,0
BRDA:5173,1407,0,0
BRDA:5173,1407,1,0
BRDA:5176,1408,0,0
BRDA:5176,1408,1,0
BRDA:5177,1409,0,0
BRDA:5177,1409,1,0
BRDA:5180,1410,0,0
BRDA:5180,1410,1,0
BRDA:5201,1411,0,0
BRDA:5201,1411,1,0
BRDA:5205,1412,0,0
BRDA:5205,1412,1,0
BRDA:5205,1413,0,0
BRDA:5205,1413,1,0
BRDA:5209,1414,0,0
BRDA:5209,1414,1,0
BRDA:5209,1415,0,0
BRDA:5209,1415,1,0
BRDA:5209,1415,2,0
BRDA:5210,1416,0,0
BRDA:5210,1416,1,0
BRDA:5210,1417,0,0
BRDA:5210,1417,1,0
BRDA:5210,1417,2,0
BRDA:5212,1418,0,0
BRDA:5212,1418,1,0
BRDA:5214,1419,0,0
BRDA:5214,1419,1,0
BRDA:5214,1420,0,0
BRDA:5214,1420,1,0
BRDA:5216,1421,0,0
BRDA:5216,1421,1,0
BRDA:5217,1422,0,0
BRDA:5217,1422,1,0
BRDA:5222,1423,0,0
BRDA:5222,1423,1,0
BRDA:5223,1424,0,0
BRDA:5223,1424,1,0
BRDA:5224,1425,0,0
BRDA:5224,1425,1,0
BRDA:5225,1426,0,0
BRDA:5225,1426,1,0
BRDA:5225,1427,0,0
BRDA:5225,1427,1,0
BRDA:5226,1428,0,0
BRDA:5226,1428,1,0
BRDA:5227,1429,0,0
BRDA:5227,1429,1,0
BRDA:5247,1430,0,0
BRDA:5247,1430,1,0
BRDA:5251,1431,0,0
BRDA:5251,1431,1,0
BRDA:5251,1432,0,0
BRDA:5251,1432,1,0
BRDA:5255,1433,0,0
BRDA:5255,1433,1,0
BRDA:5255,1434,0,0
BRDA:5255,1434,1,0
BRDA:5255,1434,2,0
BRDA:5256,1435,0,0
BRDA:5256,1435,1,0
BRDA:5256,1436,0,0
BRDA:5256,1436,1,0
BRDA:5256,1436,2,0
BRDA:5258,1437,0,0
BRDA:5258,1437,1,0
BRDA:5260,1438,0,0
BRDA:5260,1438,1,0
BRDA:5260,1439,0,0
BRDA:5260,1439,1,0
BRDA:5262,1440,0,0
BRDA:5262,1440,1,0
BRDA:5263,1441,0,0
BRDA:5263,1441,1,0
BRDA:5268,1442,0,0
BRDA:5268,1442,1,0
BRDA:5269,1443,0,0
BRDA:5269,1443,1,0
BRDA:5270,1444,0,0
BRDA:5270,1444,1,0
BRDA:5271,1445,0,0
BRDA:5271,1445,1,0
BRDA:5271,1446,0,0
BRDA:5271,1446,1,0
BRDA:5272,1447,0,0
BRDA:5272,1447,1,0
BRDA:5273,1448,0,0
BRDA:5273,1448,1,0
BRDA:5293,1449,0,0
BRDA:5293,1449,1,0
BRDA:5297,1450,0,0
BRDA:5297,1450,1,0
BRDA:5297,1451,0,0
BRDA:5297,1451,1,0
BRDA:5301,1452,0,0
BRDA:5301,1452,1,0
BRDA:5301,1453,0,0
BRDA:5301,1453,1,0
BRDA:5301,1453,2,0
BRDA:5302,1454,0,0
BRDA:5302,1454,1,0
BRDA:5302,1455,0,0
BRDA:5302,1455,1,0
BRDA:5302,1455,2,0
BRDA:5304,1456,0,0
BRDA:5304,1456,1,0
BRDA:5306,1457,0,0
BRDA:5306,1457,1,0
BRDA:5306,1458,0,0
BRDA:5306,1458,1,0
BRDA:5308,1459,0,0
BRDA:5308,1459,1,0
BRDA:5309,1460,0,0
BRDA:5309,1460,1,0
BRDA:5314,1461,0,0
BRDA:5314,1461,1,0
BRDA:5315,1462,0,0
BRDA:5315,1462,1,0
BRDA:5316,1463,0,0
BRDA:5316,1463,1,0
BRDA:5317,1464,0,0
BRDA:5317,1464,1,0
BRDA:5317,1465,0,0
BRDA:5317,1465,1,0
BRDA:5318,1466,0,0
BRDA:5318,1466,1,0
BRDA:5319,1467,0,0
BRDA:5319,1467,1,0
BRDA:5339,1468,0,0
BRDA:5339,1468,1,0
BRDA:5343,1469,0,0
BRDA:5343,1469,1,0
BRDA:5343,1470,0,0
BRDA:5343,1470,1,0
BRDA:5347,1471,0,0
BRDA:5347,1471,1,0
BRDA:5347,1472,0,0
BRDA:5347,1472,1,0
BRDA:5347,1472,2,0
BRDA:5348,1473,0,0
BRDA:5348,1473,1,0
BRDA:5348,1474,0,0
BRDA:5348,1474,1,0
BRDA:5348,1474,2,0
BRDA:5350,1475,0,0
BRDA:5350,1475,1,0
BRDA:5352,1476,0,0
BRDA:5352,1476,1,0
BRDA:5352,1477,0,0
BRDA:5352,1477,1,0
BRDA:5354,1478,0,0
BRDA:5354,1478,1,0
BRDA:5355,1479,0,0
BRDA:5355,1479,1,0
BRDA:5360,1480,0,0
BRDA:5360,1480,1,0
BRDA:5361,1481,0,0
BRDA:5361,1481,1,0
BRDA:5362,1482,0,0
BRDA:5362,1482,1,0
BRDA:5363,1483,0,0
BRDA:5363,1483,1,0
BRDA:5363,1484,0,0
BRDA:5363,1484,1,0
BRDA:5364,1485,0,0
BRDA:5364,1485,1,0
BRDA:5365,1486,0,0
BRDA:5365,1486,1,0
BRDA:5385,1487,0,0
BRDA:5385,1487,1,0
BRDA:5389,1488,0,0
BRDA:5389,1488,1,0
BRDA:5389,1489,0,0
BRDA:5389,1489,1,0
BRDA:5393,1490,0,0
BRDA:5393,1490,1,0
BRDA:5393,1491,0,0
BRDA:5393,1491,1,0
BRDA:5393,1491,2,0
BRDA:5394,1492,0,0
BRDA:5394,1492,1,0
BRDA:5394,1493,0,0
BRDA:5394,1493,1,0
BRDA:5394,1493,2,0
BRDA:5396,1494,0,0
BRDA:5396,1494,1,0
BRDA:5398,1495,0,0
BRDA:5398,1495,1,0
BRDA:5398,1496,0,0
BRDA:5398,1496,1,0
BRDA:5400,1497,0,0
BRDA:5400,1497,1,0
BRDA:5401,1498,0,0
BRDA:5401,1498,1,0
BRDA:5406,1499,0,0
BRDA:5406,1499,1,0
BRDA:5407,1500,0,0
BRDA:5407,1500,1,0
BRDA:5408,1501,0,0
BRDA:5408,1501,1,0
BRDA:5409,1502,0,0
BRDA:5409,1502,1,0
BRDA:5409,1503,0,0
BRDA:5409,1503,1,0
BRDA:5410,1504,0,0
BRDA:5410,1504,1,0
BRDA:5411,1505,0,0
BRDA:5411,1505,1,0
BRDA:5442,1506,0,0
BRDA:5442,1506,1,0
BRDA:5446,1507,0,0
BRDA:5446,1507,1,0
BRDA:5467,1508,0,0
BRDA:5467,1508,1,0
BRDA:5471,1509,0,0
BRDA:5471,1509,1,0
BRDA:5471,1510,0,0
BRDA:5471,1510,1,0
BRDA:5475,1511,0,0
BRDA:5475,1511,1,0
BRDA:5475,1512,0,0
BRDA:5475,1512,1,0
BRDA:5475,1512,2,0
BRDA:5476,1513,0,0
BRDA:5476,1513,1,0
BRDA:5476,1514,0,0
BRDA:5476,1514,1,0
BRDA:5476,1514,2,0
BRDA:5478,1515,0,0
BRDA:5478,1515,1,0
BRDA:5480,1516,0,0
BRDA:5480,1516,1,0
BRDA:5480,1517,0,0
BRDA:5480,1517,1,0
BRDA:5482,1518,0,0
BRDA:5482,1518,1,0
BRDA:5483,1519,0,0
BRDA:5483,1519,1,0
BRDA:5488,1520,0,0
BRDA:5488,1520,1,0
BRDA:5489,1521,0,0
BRDA:5489,1521,1,0
BRDA:5490,1522,0,0
BRDA:5490,1522,1,0
BRDA:5491,1523,0,0
BRDA:5491,1523,1,0
BRDA:5491,1524,0,0
BRDA:5491,1524,1,0
BRDA:5492,1525,0,0
BRDA:5492,1525,1,0
BRDA:5493,1526,0,0
BRDA:5493,1526,1,0
BRDA:5515,1527,0,0
BRDA:5515,1527,1,0
BRDA:5521,1528,0,0
BRDA:5521,1528,1,0
BRDA:5521,1529,0,0
BRDA:5521,1529,1,0
BRDA:5528,1530,0,0
BRDA:5528,1530,1,0
BRDA:5528,1531,0,0
BRDA:5528,1531,1,0
BRDA:5556,1532,0,0
BRDA:5556,1532,1,0
BRDA:5560,1533,0,0
BRDA:5560,1533,1,0
BRDA:5582,1534,0,0
BRDA:5582,1534,1,0
BRDA:5588,1535,0,0
BRDA:5588,1535,1,0
BRDA:5588,1536,0,0
BRDA:5588,1536,1,0
BRDA:5595,1537,0,0
BRDA:5595,1537,1,0
BRDA:5595,1538,0,0
BRDA:5595,1538,1,0
BRF:3257
BRH:0
end_of_record
TN:
SF:controllers/email.controller.js
FN:5,(anonymous_0)
FN:39,(anonymous_1)
FN:75,(anonymous_2)
FN:104,(anonymous_3)
FN:121,(anonymous_4)
FNF:5
FNH:0
FNDA:0,(anonymous_0)
FNDA:0,(anonymous_1)
FNDA:0,(anonymous_2)
FNDA:0,(anonymous_3)
FNDA:0,(anonymous_4)
DA:2,0
DA:5,0
DA:6,0
DA:7,0
DA:10,0
DA:11,0
DA:18,0
DA:28,0
DA:30,0
DA:31,0
DA:39,0
DA:40,0
DA:41,0
DA:44,0
DA:47,0
DA:60,0
DA:65,0
DA:75,0
DA:76,0
DA:77,0
DA:79,0
DA:83,0
DA:91,0
DA:93,0
DA:95,0
DA:96,0
DA:104,0
DA:105,0
DA:106,0
DA:108,0
DA:110,0
DA:112,0
DA:113,0
DA:121,0
DA:122,0
DA:123,0
DA:125,0
DA:127,0
DA:129,0
DA:130,0
LF:40
LH:0
BRDA:10,0,0,0
BRDA:10,0,1,0
BRDA:10,1,0,0
BRDA:10,1,1,0
BRDA:10,1,2,0
BRDA:23,2,0,0
BRDA:23,2,1,0
BRDA:24,3,0,0
BRDA:24,3,1,0
BRDA:28,4,0,0
BRDA:28,4,1,0
BRDA:33,5,0,0
BRDA:33,5,1,0
BRDA:48,6,0,0
BRDA:48,6,1,0
BRDA:49,7,0,0
BRDA:49,7,1,0
BRDA:50,8,0,0
BRDA:50,8,1,0
BRDA:53,9,0,0
BRDA:53,9,1,0
BRDA:56,10,0,0
BRDA:56,10,1,0
BRDA:57,11,0,0
BRDA:57,11,1,0
BRDA:68,12,0,0
BRDA:68,12,1,0
BRDA:69,13,0,0
BRDA:69,13,1,0
BRDA:70,14,0,0
BRDA:70,14,1,0
BRDA:76,15,0,0
BRDA:76,15,1,0
BRDA:93,16,0,0
BRDA:93,16,1,0
BRDA:98,17,0,0
BRDA:98,17,1,0
BRDA:110,18,0,0
BRDA:110,18,1,0
BRDA:115,19,0,0
BRDA:115,19,1,0
BRDA:127,20,0,0
BRDA:127,20,1,0
BRDA:132,21,0,0
BRDA:132,21,1,0
BRF:45
BRH:0
end_of_record
TN:
SF:controllers/enquiry.controller.js
FN:6,(anonymous_0)
FN:23,(anonymous_1)
FNF:2
FNH:0
FNDA:0,(anonymous_0)
FNDA:0,(anonymous_1)
DA:2,0
DA:3,0
DA:6,0
DA:7,0
DA:8,0
DA:9,0
DA:12,0
DA:23,0
DA:24,0
DA:25,0
DA:26,0
DA:30,0
DA:31,0
DA:32,0
DA:34,0
DA:38,0
LF:16
LH:0
BRDA:8,0,0,0
BRDA:8,0,1,0
BRDA:8,1,0,0
BRDA:8,1,1,0
BRDA:8,1,2,0
BRDA:15,2,0,0
BRDA:15,2,1,0
BRDA:16,3,0,0
BRDA:16,3,1,0
BRDA:17,4,0,0
BRDA:17,4,1,0
BRDA:24,5,0,0
BRDA:24,5,1,0
BRF:13
BRH:0
end_of_record
TN:
SF:controllers/enquiryDashboard.controller.js
FN:5,(anonymous_0)
FN:88,(anonymous_1)
FN:123,(anonymous_2)
FNF:3
FNH:0
FNDA:0,(anonymous_0)
FNDA:0,(anonymous_1)
FNDA:0,(anonymous_2)
DA:2,0
DA:5,0
DA:6,0
DA:7,0
DA:8,0
DA:10,0
DA:11,0
DA:13,0
DA:14,0
DA:15,0
DA:18,0
DA:19,0
DA:20,0
DA:24,0
DA:44,0
DA:46,0
DA:47,0
DA:48,0
DA:51,0
DA:63,0
DA:65,0
DA:79,0
DA:80,0
DA:88,0
DA:89,0
DA:90,0
DA:91,0
DA:93,0
DA:94,0
DA:95,0
DA:101,0
DA:107,0
DA:109,0
DA:114,0
DA:115,0
DA:123,0
DA:124,0
DA:125,0
DA:137,0
DA:148,0
DA:149,0
DA:151,0
DA:159,0
DA:160,0
LF:44
LH:0
BRDA:7,0,0,0
BRDA:7,1,0,0
BRDA:13,2,0,0
BRDA:13,2,1,0
BRDA:18,3,0,0
BRDA:18,3,1,0
BRDA:94,4,0,0
BRDA:94,4,1,0
BRDA:107,5,0,0
BRDA:107,5,1,0
BRF:10
BRH:0
end_of_record
TN:
SF:controllers/payment.controller.js
FN:12,(anonymous_0)
FN:135,(anonymous_1)
FN:136,(anonymous_2)
FN:178,(anonymous_3)
FN:224,(anonymous_4)
FN:233,(anonymous_5)
FN:264,(anonymous_6)
FN:273,(anonymous_7)
FN:306,(anonymous_8)
FNF:9
FNH:0
FNDA:0,(anonymous_0)
FNDA:0,(anonymous_1)
FNDA:0,(anonymous_2)
FNDA:0,(anonymous_3)
FNDA:0,(anonymous_4)
FNDA:0,(anonymous_5)
FNDA:0,(anonymous_6)
FNDA:0,(anonymous_7)
FNDA:0,(anonymous_8)
DA:1,0
DA:2,0
DA:5,0
DA:12,0
DA:13,0
DA:27,0
DA:30,0
DA:31,0
DA:38,0
DA:39,0
DA:40,0
DA:47,0
DA:49,0
DA:57,0
DA:75,0
DA:79,0
DA:80,0
DA:82,0
DA:88,0
DA:95,0
DA:104,0
DA:105,0
DA:135,0
DA:136,0
DA:137,0
DA:138,0
DA:139,0
DA:141,0
DA:142,0
DA:147,0
DA:158,0
DA:161,0
DA:162,0
DA:170,0
DA:178,0
DA:179,0
DA:180,0
DA:182,0
DA:183,0
DA:188,0
DA:192,0
DA:193,0
DA:195,0
DA:201,0
DA:207,0
DA:215,0
DA:222,0
DA:223,0
DA:224,0
DA:225,0
DA:233,0
DA:234,0
DA:235,0
DA:236,0
DA:237,0
DA:238,0
DA:239,0
DA:241,0
DA:242,0
DA:247,0
DA:248,0
DA:255,0
DA:256,0
DA:262,0
DA:264,0
DA:265,0
DA:273,0
DA:274,0
DA:275,0
DA:279,0
DA:287,0
DA:298,0
DA:299,0
DA:306,0
DA:307,0
DA:308,0
DA:310,0
DA:311,0
DA:317,0
DA:318,0
DA:320,0
DA:326,0
DA:331,0
DA:339,0
DA:350,0
DA:351,0
LF:86
LH:0
BRDA:6,0,0,0
BRDA:6,0,1,0
BRDA:7,1,0,0
BRDA:7,1,1,0
BRDA:30,2,0,0
BRDA:30,2,1,0
BRDA:30,3,0,0
BRDA:30,3,1,0
BRDA:30,3,2,0
BRDA:30,3,3,0
BRDA:30,3,4,0
BRDA:39,4,0,0
BRDA:39,4,1,0
BRDA:39,5,0,0
BRDA:39,5,1,0
BRDA:66,6,0,0
BRDA:66,6,1,0
BRDA:67,7,0,0
BRDA:67,7,1,0
BRDA:68,8,0,0
BRDA:68,8,1,0
BRDA:69,9,0,0
BRDA:69,9,1,0
BRDA:69,10,0,0
BRDA:69,10,1,0
BRDA:69,11,0,0
BRDA:69,11,1,0
BRDA:70,12,0,0
BRDA:70,12,1,0
BRDA:98,13,0,0
BRDA:98,13,1,0
BRDA:99,14,0,0
BRDA:99,14,1,0
BRDA:111,15,0,0
BRDA:111,15,1,0
BRDA:112,16,0,0
BRDA:112,16,1,0
BRDA:113,17,0,0
BRDA:113,17,1,0
BRDA:115,18,0,0
BRDA:115,18,1,0
BRDA:116,19,0,0
BRDA:116,19,1,0
BRDA:118,20,0,0
BRDA:118,20,1,0
BRDA:121,21,0,0
BRDA:121,21,1,0
BRDA:125,22,0,0
BRDA:125,22,1,0
BRDA:126,23,0,0
BRDA:126,23,1,0
BRDA:137,24,0,0
BRDA:137,24,1,0
BRDA:161,25,0,0
BRDA:161,25,1,0
BRDA:166,26,0,0
BRDA:166,26,1,0
BRDA:172,27,0,0
BRDA:172,27,1,0
BRDA:182,28,0,0
BRDA:182,28,1,0
BRDA:211,29,0,0
BRDA:211,29,1,0
BRDA:222,30,0,0
BRDA:222,30,1,0
BRDA:222,31,0,0
BRDA:222,31,1,0
BRDA:234,32,0,0
BRDA:234,32,1,0
BRDA:237,33,0,0
BRDA:237,33,1,0
BRDA:255,34,0,0
BRDA:255,34,1,0
BRDA:255,35,0,0
BRDA:255,35,1,0
BRDA:262,36,0,0
BRDA:262,36,1,0
BRDA:262,37,0,0
BRDA:262,37,1,0
BRDA:274,38,0,0
BRDA:274,38,1,0
BRDA:301,39,0,0
BRDA:301,39,1,0
BRDA:310,40,0,0
BRDA:310,40,1,0
BRDA:335,41,0,0
BRDA:335,41,1,0
BRF:87
BRH:0
end_of_record
TN:
SF:controllers/subscription.controller.js
FN:5,(anonymous_0)
FN:8,(anonymous_1)
FNF:2
FNH:0
FNDA:0,(anonymous_0)
FNDA:0,(anonymous_1)
DA:2,0
DA:5,0
DA:6,0
DA:7,0
DA:8,0
DA:9,0
DA:10,0
DA:11,0
DA:13,0
LF:9
LH:0
BRDA:7,0,0,0
BRDA:7,0,1,0
BRDA:9,1,0,0
BRDA:9,1,1,0
BRDA:10,2,0,0
BRDA:10,2,1,0
BRF:6
BRH:0
end_of_record
TN:
SF:controllers/tracking.controller.js
FN:5,(anonymous_0)
FN:26,(anonymous_1)
FN:74,(anonymous_2)
FN:110,(anonymous_3)
FN:130,(anonymous_4)
FN:137,(anonymous_5)
FN:138,(anonymous_6)
FN:148,(anonymous_7)
FN:152,(anonymous_8)
FNF:9
FNH:0
FNDA:0,(anonymous_0)
FNDA:0,(anonymous_1)
FNDA:0,(anonymous_2)
FNDA:0,(anonymous_3)
FNDA:0,(anonymous_4)
FNDA:0,(anonymous_5)
FNDA:0,(anonymous_6)
FNDA:0,(anonymous_7)
FNDA:0,(anonymous_8)
DA:2,0
DA:5,0
DA:6,0
DA:7,0
DA:9,0
DA:10,0
DA:14,0
DA:19,0
DA:26,0
DA:27,0
DA:28,0
DA:30,0
DA:35,0
DA:37,0
DA:39,0
DA:40,0
DA:42,0
DA:43,0
DA:45,0
DA:46,0
DA:48,0
DA:49,0
DA:51,0
DA:55,0
DA:57,0
DA:58,0
DA:61,0
DA:65,0
DA:66,0
DA:74,0
DA:75,0
DA:76,0
DA:79,0
DA:80,0
DA:82,0
DA:83,0
DA:84,0
DA:87,0
DA:88,0
DA:89,0
DA:92,0
DA:93,0
DA:94,0
DA:98,0
DA:110,0
DA:111,0
DA:112,0
DA:113,0
DA:117,0
DA:130,0
DA:131,0
DA:132,0
DA:133,0
DA:137,0
DA:138,0
DA:139,0
DA:141,0
DA:148,0
DA:153,0
DA:154,0
DA:162,0
DA:163,0
LF:62
LH:0
BRDA:9,0,0,0
BRDA:9,0,1,0
BRDA:21,1,0,0
BRDA:21,1,1,0
BRDA:22,2,0,0
BRDA:22,2,1,0
BRDA:23,3,0,0
BRDA:23,3,1,0
BRDA:27,4,0,0
BRDA:27,4,1,0
BRDA:37,5,0,0
BRDA:37,5,1,0
BRDA:37,5,2,0
BRDA:37,5,3,0
BRDA:37,5,4,0
BRDA:55,6,0,0
BRDA:55,6,1,0
BRDA:55,7,0,0
BRDA:55,7,1,0
BRDA:82,8,0,0
BRDA:82,8,1,0
BRDA:87,9,0,0
BRDA:87,9,1,0
BRDA:92,10,0,0
BRDA:92,10,1,0
BRDA:111,11,0,0
BRDA:111,11,1,0
BRDA:131,12,0,0
BRDA:131,12,1,0
BRDA:139,13,0,0
BRDA:139,13,1,0
BRDA:153,14,0,0
BRDA:153,14,1,0
BRF:33
BRH:0
end_of_record
TN:
SF:controllers/user.controller.js
FN:5,(anonymous_0)
FN:44,(anonymous_1)
FN:79,(anonymous_2)
FN:116,(anonymous_3)
FN:140,(anonymous_4)
FN:177,(anonymous_5)
FNF:6
FNH:0
FNDA:0,(anonymous_0)
FNDA:0,(anonymous_1)
FNDA:0,(anonymous_2)
FNDA:0,(anonymous_3)
FNDA:0,(anonymous_4)
FNDA:0,(anonymous_5)
DA:2,0
DA:5,0
DA:6,0
DA:8,0
DA:9,0
DA:16,0
DA:17,0
DA:19,0
DA:20,0
DA:21,0
DA:22,0
DA:23,0
DA:24,0
DA:26,0
DA:32,0
DA:44,0
DA:45,0
DA:46,0
DA:47,0
DA:53,0
DA:54,0
DA:60,0
DA:63,0
DA:64,0
DA:65,0
DA:68,0
DA:77,0
DA:79,0
DA:80,0
DA:81,0
DA:85,0
DA:92,0
DA:107,0
DA:116,0
DA:117,0
DA:119,0
DA:120,0
DA:127,0
DA:128,0
DA:130,0
DA:131,0
DA:132,0
DA:133,0
DA:134,0
DA:135,0
DA:138,0
DA:140,0
DA:141,0
DA:142,0
DA:143,0
DA:149,0
DA:150,0
DA:156,0
DA:159,0
DA:175,0
DA:177,0
DA:178,0
DA:179,0
DA:182,0
DA:185,0
DA:186,0
DA:201,0
LF:62
LH:0
BRDA:8,0,0,0
BRDA:8,0,1,0
BRDA:8,1,0,0
BRDA:8,1,1,0
BRDA:19,2,0,0
BRDA:19,2,1,0
BRDA:19,3,0,0
BRDA:19,3,1,0
BRDA:22,4,0,0
BRDA:22,4,1,0
BRDA:45,5,0,0
BRDA:45,5,1,0
BRDA:53,6,0,0
BRDA:53,6,1,0
BRDA:63,7,0,0
BRDA:63,7,1,0
BRDA:64,8,0,0
BRDA:64,8,1,0
BRDA:65,9,0,0
BRDA:65,9,1,0
BRDA:80,10,0,0
BRDA:80,10,1,0
BRDA:85,11,0,0
BRDA:85,11,1,0
BRDA:85,12,0,0
BRDA:85,12,1,0
BRDA:100,13,0,0
BRDA:100,13,1,0
BRDA:119,14,0,0
BRDA:119,14,1,0
BRDA:119,15,0,0
BRDA:119,15,1,0
BRDA:130,16,0,0
BRDA:130,16,1,0
BRDA:130,17,0,0
BRDA:130,17,1,0
BRDA:133,18,0,0
BRDA:133,18,1,0
BRDA:141,19,0,0
BRDA:141,19,1,0
BRDA:149,20,0,0
BRDA:149,20,1,0
BRDA:178,21,0,0
BRDA:178,21,1,0
BRDA:182,22,0,0
BRDA:182,22,1,0
BRDA:182,23,0,0
BRDA:182,23,1,0
BRDA:185,24,0,0
BRDA:185,24,1,0
BRDA:188,25,0,0
BRDA:188,25,1,0
BRDA:188,25,2,0
BRDA:189,26,0,0
BRDA:189,26,1,0
BRDA:189,26,2,0
BRDA:191,27,0,0
BRDA:191,27,1,0
BRDA:193,28,0,0
BRDA:193,28,1,0
BRDA:194,29,0,0
BRDA:194,29,1,0
BRDA:195,30,0,0
BRDA:195,30,1,0
BRDA:196,31,0,0
BRDA:196,31,1,0
BRF:66
BRH:0
end_of_record
TN:
SF:controllers/userUpdate.controller.js
FN:5,(anonymous_0)
FN:30,(anonymous_1)
FN:64,(anonymous_2)
FN:97,(anonymous_3)
FN:123,(anonymous_4)
FN:146,(anonymous_5)
FNF:6
FNH:0
FNDA:0,(anonymous_0)
FNDA:0,(anonymous_1)
FNDA:0,(anonymous_2)
FNDA:0,(anonymous_3)
FNDA:0,(anonymous_4)
FNDA:0,(anonymous_5)
DA:2,0
DA:5,0
DA:6,0
DA:8,0
DA:9,0
DA:16,0
DA:17,0
DA:19,0
DA:20,0
DA:21,0
DA:22,0
DA:23,0
DA:24,0
DA:28,0
DA:30,0
DA:31,0
DA:32,0
DA:33,0
DA:39,0
DA:40,0
DA:46,0
DA:49,0
DA:62,0
DA:64,0
DA:65,0
DA:66,0
DA:69,0
DA:72,0
DA:73,0
DA:88,0
DA:97,0
DA:98,0
DA:99,0
DA:101,0
DA:102,0
DA:109,0
DA:110,0
DA:112,0
DA:113,0
DA:114,0
DA:115,0
DA:116,0
DA:117,0
DA:121,0
DA:123,0
DA:124,0
DA:125,0
DA:126,0
DA:132,0
DA:133,0
DA:139,0
DA:142,0
DA:143,0
DA:144,0
DA:146,0
DA:147,0
DA:148,0
DA:149,0
DA:156,0
DA:172,0
LF:60
LH:0
BRDA:8,0,0,0
BRDA:8,0,1,0
BRDA:8,1,0,0
BRDA:8,1,1,0
BRDA:19,2,0,0
BRDA:19,2,1,0
BRDA:19,3,0,0
BRDA:19,3,1,0
BRDA:22,4,0,0
BRDA:22,4,1,0
BRDA:31,5,0,0
BRDA:31,5,1,0
BRDA:39,6,0,0
BRDA:39,6,1,0
BRDA:65,7,0,0
BRDA:65,7,1,0
BRDA:69,8,0,0
BRDA:69,8,1,0
BRDA:69,9,0,0
BRDA:69,9,1,0
BRDA:72,10,0,0
BRDA:72,10,1,0
BRDA:75,11,0,0
BRDA:75,11,1,0
BRDA:76,12,0,0
BRDA:76,12,1,0
BRDA:78,13,0,0
BRDA:78,13,1,0
BRDA:80,14,0,0
BRDA:80,14,1,0
BRDA:81,15,0,0
BRDA:81,15,1,0
BRDA:82,16,0,0
BRDA:82,16,1,0
BRDA:83,17,0,0
BRDA:83,17,1,0
BRDA:101,18,0,0
BRDA:101,18,1,0
BRDA:101,19,0,0
BRDA:101,19,1,0
BRDA:112,20,0,0
BRDA:112,20,1,0
BRDA:112,21,0,0
BRDA:112,21,1,0
BRDA:115,22,0,0
BRDA:115,22,1,0
BRDA:124,23,0,0
BRDA:124,23,1,0
BRDA:132,24,0,0
BRDA:132,24,1,0
BRDA:142,25,0,0
BRDA:142,25,1,0
BRDA:142,26,0,0
BRDA:142,26,1,0
BRDA:143,27,0,0
BRDA:143,27,1,0
BRDA:143,28,0,0
BRDA:143,28,1,0
BRDA:147,29,0,0
BRDA:147,29,1,0
BRDA:161,30,0,0
BRDA:161,30,1,0
BRDA:162,31,0,0
BRDA:162,31,1,0
BRDA:164,32,0,0
BRDA:164,32,1,0
BRDA:165,33,0,0
BRDA:165,33,1,0
BRDA:166,34,0,0
BRDA:166,34,1,0
BRDA:177,35,0,0
BRDA:177,35,1,0
BRDA:178,36,0,0
BRDA:178,36,1,0
BRDA:180,37,0,0
BRDA:180,37,1,0
BRDA:181,38,0,0
BRDA:181,38,1,0
BRDA:182,39,0,0
BRDA:182,39,1,0
BRF:80
BRH:0
end_of_record
TN:
SF:controllers/webhook.controller.js
FN:4,(anonymous_0)
FN:60,handlePaymentSuccess
FN:73,(anonymous_2)
FN:92,handlePaymentFailure
FN:107,(anonymous_4)
FN:121,handlePaymentCancelled
FN:133,(anonymous_6)
FN:142,handlePaymentRequiresCapture
FN:154,(anonymous_8)
FN:166,sendBookingConfirmationEmail
FN:175,(anonymous_10)
FN:197,sendPaymentFailureNotification
FN:206,notifyAdminForCapture
FNF:13
FNH:0
FNDA:0,(anonymous_0)
FNDA:0,handlePaymentSuccess
FNDA:0,(anonymous_2)
FNDA:0,handlePaymentFailure
FNDA:0,(anonymous_4)
FNDA:0,handlePaymentCancelled
FNDA:0,(anonymous_6)
FNDA:0,handlePaymentRequiresCapture
FNDA:0,(anonymous_8)
FNDA:0,sendBookingConfirmationEmail
FNDA:0,(anonymous_10)
FNDA:0,sendPaymentFailureNotification
FNDA:0,notifyAdminForCapture
DA:1,0
DA:2,0
DA:4,0
DA:5,0
DA:6,0
DA:7,0
DA:8,0
DA:9,0
DA:10,0
DA:11,0
DA:12,0
DA:13,0
DA:14,0
DA:17,0
DA:18,0
DA:20,0
DA:21,0
DA:22,0
DA:27,0
DA:28,0
DA:29,0
DA:33,0
DA:34,0
DA:36,0
DA:38,0
DA:39,0
DA:41,0
DA:42,0
DA:44,0
DA:45,0
DA:47,0
DA:48,0
DA:50,0
DA:53,0
DA:55,0
DA:56,0
DA:61,0
DA:64,0
DA:73,0
DA:74,0
DA:75,0
DA:76,0
DA:77,0
DA:79,0
DA:80,0
DA:81,0
DA:87,0
DA:93,0
DA:96,0
DA:105,0
DA:107,0
DA:108,0
DA:109,0
DA:110,0
DA:111,0
DA:113,0
DA:116,0
DA:122,0
DA:125,0
DA:133,0
DA:134,0
DA:135,0
DA:137,0
DA:143,0
DA:146,0
DA:154,0
DA:155,0
DA:156,0
DA:158,0
DA:161,0
DA:168,0
DA:175,0
DA:176,0
DA:177,0
DA:178,0
DA:181,0
DA:182,0
DA:183,0
DA:186,0
DA:187,0
DA:198,0
DA:207,0
LF:82
LH:0
BRDA:9,0,0,0
BRDA:9,0,1,0
BRDA:10,1,0,0
BRDA:10,1,1,0
BRDA:11,2,0,0
BRDA:11,2,1,0
BRDA:12,3,0,0
BRDA:12,3,1,0
BRDA:13,4,0,0
BRDA:13,4,1,0
BRDA:20,5,0,0
BRDA:20,5,1,0
BRDA:20,6,0,0
BRDA:20,6,1,0
BRDA:20,6,2,0
BRDA:27,7,0,0
BRDA:27,7,1,0
BRDA:36,8,0,0
BRDA:36,8,1,0
BRDA:36,8,2,0
BRDA:36,8,3,0
BRDA:36,8,4,0
BRDA:74,9,0,0
BRDA:74,9,1,0
BRDA:76,10,0,0
BRDA:76,10,1,0
BRDA:105,11,0,0
BRDA:105,11,1,0
BRDA:108,12,0,0
BRDA:108,12,1,0
BRDA:110,13,0,0
BRDA:110,13,1,0
BRDA:134,14,0,0
BRDA:134,14,1,0
BRDA:155,15,0,0
BRDA:155,15,1,0
BRDA:176,16,0,0
BRDA:176,16,1,0
BRDA:181,17,0,0
BRDA:181,17,1,0
BRF:40
BRH:0
end_of_record
